[[33mWarning [0m] warning: there were 5 feature warnings; re-run with -feature for details
[[34m  Info  [0m] Output written on leon.out
[[34m  Info  [0m] Output written on leon.out
Warning: Cannot find a non-placeholder in equivalence class Set(P@12) for fundef: 
 def new@tStreamT00[T11, P@12](cc0 : tStreamT0@0[T11], st@9 : Set[MemoFuns@0[P@12]]): tStreamT0@0[T11] = cc0
[[34m  Info  [0m] Output written on leon.out
[[34m  Info  [0m] Output written on leon.out
[[34m  Info  [0m] Output written on leon.out
instfuncs: rotate,enqueue,dequeue,eval@tStreamT0@,tail-mem instFuncTypes: 
[[34m  Info  [0m] Output written on leon.out
[[34m  Info  [0m] Output written on leon.out
[[34m  Info  [0m] Output written on leon.out
[[34m  Info  [0m]  - Now considering 'postcondition' VC for isConcrete4 @?:?...
[[34m  Info  [0m]  => VALID
[[34m  Info  [0m]  - Now considering 'precond. (call c.tail-mem3(uiState2[T]))' VC for isConcrete4 @?:?...
[[34m  Info  [0m]  => VALID
[[34m  Info  [0m]  - Now considering 'match exhaustiveness' VC for isConcrete4 @?:?...
[[34m  Info  [0m]  => VALID
[[34m  Info  [0m]  - Now considering 'postcondition' VC for rotate6 @?:?...
[[34m  Info  [0m]  => VALID
[[34m  Info  [0m]  - Now considering 'precond. (call c.tail-mem3(st@))' VC for rotate6 @?:?...
[[34m  Info  [0m]  => VALID
[[34m  Info  [0m]  - Now considering 'match exhaustiveness' VC for rotate6 @?:?...
[[34m  Info  [0m]  => VALID
[[34m  Info  [0m]  - Now considering 'postcondition' VC for RotateL@rotatePre1 @?:?...
[[34m  Info  [0m]  => VALID
[[34m  Info  [0m]  - Now considering 'precond. (call c.tail-mem3(st@))' VC for RotateL@rotatePre1 @?:?...
[[34m  Info  [0m]  => VALID
[[34m  Info  [0m]  - Now considering 'postcondition' VC for firstUnevaluated4 @?:?...
[[34m  Info  [0m]  => VALID
[[34m  Info  [0m]  - Now considering 'precond. (call c.tail-mem3(uiState2[T]))' VC for firstUnevaluated4 @?:?...
[[34m  Info  [0m]  => VALID
[[34m  Info  [0m]  - Now considering 'precond. (call c.tail-mem3(st@))' VC for firstUnevaluated4 @?:?...
[[34m  Info  [0m]  => VALID
[[34m  Info  [0m]  - Now considering 'match exhaustiveness' VC for firstUnevaluated4 @?:?...
[[34m  Info  [0m]  => VALID
[[34m  Info  [0m]  - Now considering 'match exhaustiveness' VC for firstUnevaluated4 @?:?...
[[34m  Info  [0m]  => VALID
[[34m  Info  [0m]  - Now considering 'postcondition' VC for empty6 @?:?...
[[34m  Info  [0m]  => VALID
[[34m  Info  [0m]  - Now considering 'postcondition' VC for head6 @?:?...
[[34m  Info  [0m]  => VALID
[[34m  Info  [0m]  - Now considering 'match exhaustiveness' VC for head6 @?:?...
[[34m  Info  [0m]  => VALID
[[34m  Info  [0m]  - Now considering 'postcondition' VC for enqueue4 @?:?...
[[34m  Info  [0m]  => VALID
[[34m  Info  [0m]  - Now considering 'precond. (call c.tail-mem3(st@))' VC for enqueue4 @?:?...
[[34m  Info  [0m]  => VALID
[[34m  Info  [0m]  - Now considering 'precond. (call rotate6[T](a33, a32, SNil[T](), st@))' VC for enqueue4 @?:?...
[[34m  Info  [0m]  => VALID
[[34m  Info  [0m]  - Now considering 'precond. (call funeMonotone4[T](q.f, q.s, st@, res78._2 ...)' VC for enqueue4 @?:?...
[[34m  Info  [0m]  => VALID
[[34m  Info  [0m]  - Now considering 'match exhaustiveness' VC for enqueue4 @?:?...
[[34m  Info  [0m]  => VALID
[[34m  Info  [0m]  - Now considering 'postcondition' VC for dequeue4 @?:?...
[[34m  Info  [0m]  => VALID
[[34m  Info  [0m]  - Now considering 'precond. (call c.tail-mem3(st@))' VC for dequeue4 @?:?...
[[34m  Info  [0m]  => VALID
[[34m  Info  [0m]  - Now considering 'precond. (call c.tail-mem3(a215._2))' VC for dequeue4 @?:?...
[[34m  Info  [0m]  => VALID
[[34m  Info  [0m]  - Now considering 'precond. (call rotate6[T](dres10._1, a37, SNil[T](), a2 ...)' VC for dequeue4 @?:?...
[[34m  Info  [0m]  => VALID
[[34m  Info  [0m]  - Now considering 'precond. (call funeMonotone4[T](q.f, q.s, st@, res79._2 ...)' VC for dequeue4 @?:?...
[[34m  Info  [0m]  => VALID
[[34m  Info  [0m]  - Now considering 'match exhaustiveness' VC for dequeue4 @?:?...
[[34m  Info  [0m]  => VALID
[[34m  Info  [0m]  - Now considering 'match exhaustiveness' VC for dequeue4 @?:?...
[[34m  Info  [0m]  => VALID
[[34m  Info  [0m]  - Now considering 'tact (postcondition)' VC for funeCompose4 @?:?...
[[34m  Info  [0m]  => VALID
[[34m  Info  [0m]  - Now considering 'tact (precond. (call funeCompose-VCTact[T](c.tail-mem3(uiStat ...))' VC for funeCompose4 @?:?...
[[34m  Info  [0m]  => VALID
[[34m  Info  [0m]  - Now considering 'tact (precond. (call c.tail-mem3(uiState2[T])))' VC for funeCompose4 @?:?...
[[34m  Info  [0m]  => VALID
[[34m  Info  [0m]  - Now considering 'tact (match exhaustiveness)' VC for funeCompose4 @?:?...
[[34m  Info  [0m]  => VALID
[[34m  Info  [0m]  - Now considering 'postcondition' VC for funeMonotone4 @?:?...
[[34m  Info  [0m]  => VALID
[[34m  Info  [0m]  - Now considering 'precond. (call funeCompose4[T](l1, st1, st2))' VC for funeMonotone4 @?:?...
[[34m  Info  [0m]  => VALID
[[34m  Info  [0m]  - Now considering 'precond. (call funeCompose4[T](l2, st1, st2))' VC for funeMonotone4 @?:?...
[[34m  Info  [0m]  => VALID
[[34m  Info  [0m]  - Now considering 'postcondition' VC for size7 @?:?...
[[34m  Info  [0m]  => VALID
[[34m  Info  [0m]  - Now considering 'precond. (call c.tail-mem3(uiState2[T]))' VC for size7 @?:?...
[[34m  Info  [0m]  => VALID
[[34m  Info  [0m]  - Now considering 'match exhaustiveness' VC for size7 @?:?...
[[34m  Info  [0m]  => VALID
[[34m  Info  [0m]  - Now considering 'postcondition' VC for tail-mem3 @?:?...
[[34m  Info  [0m]  => VALID
[[34m  Info  [0m]  - Now considering 'match exhaustiveness' VC for tail-mem3 @?:?...
[[34m  Info  [0m]  => VALID
[[34m  Info  [0m]  - Now considering 'postcondition' VC for valid5 @?:?...
[[34m  Info  [0m]  => VALID
  â”Œâ”€â”€â”€â”€â”€â”€â”€â”€â”€â”€â”€â”€â”€â”€â”€â”€â”€â”€â”€â”€â”€â”€â”
â•”â•â•¡ Verification Summary â•â•â•â•â•â•â•â•â•â•â•â•â•â•â•â•â•â•â•â•â•â•â•â•â•â•â•â•â•â•â•â•â•â•â•â•â•â•â•â•â•â•â•â•â•â•â•â•â•â•â•â•â•â•â•â•â•â•â•â•â•â•â•â•â•â•â•â•â•â•â•â•â•â•â•â•â•â•â•â•â•â•â•â•â•â•â•â•â•â•â•â•â•â•â•â•â•â•â•â•â•â•â•â•â•â•â•â•â•â•â•â•â•—
â•‘ â””â”€â”€â”€â”€â”€â”€â”€â”€â”€â”€â”€â”€â”€â”€â”€â”€â”€â”€â”€â”€â”€â”€â”˜                                                                                                               â•‘
â•‘ RealTimeQueue.RotateL@rotatePre1  postcondition                                                        ?:?  valid  U:smt-z3      0.244 â•‘
â•‘ RealTimeQueue.RotateL@rotatePre1  precond. (call c.tail-mem3(st@))                                     ?:?  valid  U:smt-z3      0.019 â•‘
â•‘ RealTimeQueue.dequeue4            match exhaustiveness                                                 ?:?  valid  U:smt-z3      0.016 â•‘
â•‘ RealTimeQueue.dequeue4            match exhaustiveness                                                 ?:?  valid  U:smt-z3      0.012 â•‘
â•‘ RealTimeQueue.dequeue4            postcondition                                                        ?:?  valid  U:smt-z3      1.504 â•‘
â•‘ RealTimeQueue.dequeue4            precond. (call c.tail-mem3(a215._2))                                 ?:?  valid  U:smt-cvc4    0.029 â•‘
â•‘ RealTimeQueue.dequeue4            precond. (call c.tail-mem3(st@))                                     ?:?  valid  U:smt-z3      0.014 â•‘
â•‘ RealTimeQueue.dequeue4            precond. (call funeMonotone4[T](q.f, q.s, st@, res79._2 ...)         ?:?  valid  U:smt-z3      0.077 â•‘
â•‘ RealTimeQueue.dequeue4            precond. (call rotate6[T](dres10._1, a37, SNil[T](), a2 ...)         ?:?  valid  U:smt-z3      0.313 â•‘
â•‘ RealTimeQueue.empty6              postcondition                                                        ?:?  valid  U:smt-cvc4    0.011 â•‘
â•‘ RealTimeQueue.enqueue4            match exhaustiveness                                                 ?:?  valid  U:smt-z3      0.014 â•‘
â•‘ RealTimeQueue.enqueue4            postcondition                                                        ?:?  valid  U:smt-z3      0.585 â•‘
â•‘ RealTimeQueue.enqueue4            precond. (call c.tail-mem3(st@))                                     ?:?  valid  U:smt-z3      0.017 â•‘
â•‘ RealTimeQueue.enqueue4            precond. (call funeMonotone4[T](q.f, q.s, st@, res78._2 ...)         ?:?  valid  U:smt-z3      0.067 â•‘
â•‘ RealTimeQueue.enqueue4            precond. (call rotate6[T](a33, a32, SNil[T](), st@))                 ?:?  valid  U:smt-z3      0.052 â•‘
â•‘ RealTimeQueue.firstUnevaluated4   match exhaustiveness                                                 ?:?  valid  U:smt-z3      0.016 â•‘
â•‘ RealTimeQueue.firstUnevaluated4   match exhaustiveness                                                 ?:?  valid  U:smt-z3      0.011 â•‘
â•‘ RealTimeQueue.firstUnevaluated4   postcondition                                                        ?:?  valid  U:smt-z3      0.075 â•‘
â•‘ RealTimeQueue.firstUnevaluated4   precond. (call c.tail-mem3(st@))                                     ?:?  valid  U:smt-z3      0.020 â•‘
â•‘ RealTimeQueue.firstUnevaluated4   precond. (call c.tail-mem3(uiState2[T]))                             ?:?  valid  U:smt-cvc4    0.015 â•‘
â•‘ RealTimeQueue.funeCompose4        tact (match exhaustiveness)                                          ?:?  valid  U:smt-z3      0.011 â•‘
â•‘ RealTimeQueue.funeCompose4        tact (postcondition)                                                 ?:?  valid  U:smt-z3      0.073 â•‘
â•‘ RealTimeQueue.funeCompose4        tact (precond. (call c.tail-mem3(uiState2[T])))                      ?:?  valid  U:smt-z3      0.013 â•‘
â•‘ RealTimeQueue.funeCompose4        tact (precond. (call funeCompose-VCTact[T](c.tail-mem3(uiStat ...))  ?:?  valid  U:smt-z3      0.016 â•‘
â•‘ RealTimeQueue.funeMonotone4       postcondition                                                        ?:?  valid  U:smt-z3      0.054 â•‘
â•‘ RealTimeQueue.funeMonotone4       precond. (call funeCompose4[T](l1, st1, st2))                        ?:?  valid  U:smt-cvc4    0.011 â•‘
â•‘ RealTimeQueue.funeMonotone4       precond. (call funeCompose4[T](l2, st1, st2))                        ?:?  valid  U:smt-z3      0.011 â•‘
â•‘ RealTimeQueue.head6               match exhaustiveness                                                 ?:?  valid  U:smt-z3      0.018 â•‘
â•‘ RealTimeQueue.head6               postcondition                                                        ?:?  valid  U:smt-z3      0.035 â•‘
â•‘ RealTimeQueue.isConcrete4         match exhaustiveness                                                 ?:?  valid  U:smt-cvc4    0.014 â•‘
â•‘ RealTimeQueue.isConcrete4         postcondition                                                        ?:?  valid  U:smt-cvc4    0.539 â•‘
â•‘ RealTimeQueue.isConcrete4         precond. (call c.tail-mem3(uiState2[T]))                             ?:?  valid  U:smt-z3      0.031 â•‘
â•‘ RealTimeQueue.rotate6             match exhaustiveness                                                 ?:?  valid  U:smt-z3      0.034 â•‘
â•‘ RealTimeQueue.rotate6             postcondition                                                        ?:?  valid  U:smt-cvc4    9.831 â•‘
â•‘ RealTimeQueue.rotate6             precond. (call c.tail-mem3(st@))                                     ?:?  valid  U:smt-z3      0.021 â•‘
â•‘ Stream.size7                      match exhaustiveness                                                 ?:?  valid  U:smt-z3      0.010 â•‘
â•‘ Stream.size7                      postcondition                                                        ?:?  valid  U:smt-z3      0.030 â•‘
â•‘ Stream.size7                      precond. (call c.tail-mem3(uiState2[T]))                             ?:?  valid  U:smt-cvc4    0.012 â•‘
â•‘ Stream.tail-mem3                  match exhaustiveness                                                 ?:?  valid  U:smt-z3      0.009 â•‘
â•‘ Stream.tail-mem3                  postcondition                                                        ?:?  valid  U:smt-z3      0.027 â•‘
â•‘ Queue.valid5                      postcondition                                                        ?:?  valid  U:smt-z3      0.010 â•‘
â•Ÿâ”„â”„â”„â”„â”„â”„â”„â”„â”„â”„â”„â”„â”„â”„â”„â”„â”„â”„â”„â”„â”„â”„â”„â”„â”„â”„â”„â”„â”„â”„â”„â”„â”„â”„â”„â”„â”„â”„â”„â”„â”„â”„â”„â”„â”„â”„â”„â”„â”„â”„â”„â”„â”„â”„â”„â”„â”„â”„â”„â”„â”„â”„â”„â”„â”„â”„â”„â”„â”„â”„â”„â”„â”„â”„â”„â”„â”„â”„â”„â”„â”„â”„â”„â”„â”„â”„â”„â”„â”„â”„â”„â”„â”„â”„â”„â”„â”„â”„â”„â”„â”„â”„â”„â”„â”„â”„â”„â”„â”„â”„â”„â”„â”„â”„â”„â”„â”„â”„â”„â”„â”„â”„â”„â”„â”„â”„â”„â”„â”„â”„â”„â”„â”„â”„â”„â”„â•¢
â•‘ total: 41     valid: 41     invalid: 0      unknown 0                                                                           13.921 â•‘
â•šâ•â•â•â•â•â•â•â•â•â•â•â•â•â•â•â•â•â•â•â•â•â•â•â•â•â•â•â•â•â•â•â•â•â•â•â•â•â•â•â•â•â•â•â•â•â•â•â•â•â•â•â•â•â•â•â•â•â•â•â•â•â•â•â•â•â•â•â•â•â•â•â•â•â•â•â•â•â•â•â•â•â•â•â•â•â•â•â•â•â•â•â•â•â•â•â•â•â•â•â•â•â•â•â•â•â•â•â•â•â•â•â•â•â•â•â•â•â•â•â•â•â•â•â•â•â•â•â•â•â•â•â•â•â•â•â•â•
instfuncs:  instFuncTypes: 
[[34m  Info  [0m] - considering function rotate-time...
[[34m  Info  [0m] Candidate invariants
[[34m  Info  [0m] rotate-time-->res81._2 <= 0
[[34m  Info  [0m] checked VC inst... in 0.039s
[[34m  Info  [0m] Function: rotate-time--Found candidate invariant is not a real invariant! 
[[34m  Info  [0m] # of atomic predicates: 9 + 1
[[34m  Info  [0m] solving...
[[34m  Info  [0m] solved... in 0.035s
[[34m  Info  [0m] Candidate invariants
[[34m  Info  [0m] rotate-time-->res81._2 + -12 <= 0
[[34m  Info  [0m] checked VC inst... in 0.019s
[[34m  Info  [0m] Function: rotate-time--Found candidate invariant is not a real invariant! 
[[34m  Info  [0m] # of atomic predicates: 9 + 10
[[34m  Info  [0m] solving...
[[34m  Info  [0m] solved... in 0.013s
[[34m  Info  [0m] - More unrollings for invariant inference
[[34m  Info  [0m] Candidate invariants
[[34m  Info  [0m] rotate-time-->res81._2 <= 0
[[34m  Info  [0m] checked VC inst... in 0.014s
[[34m  Info  [0m] Function: rotate-time--Found candidate invariant is not a real invariant! 
[[34m  Info  [0m] # of atomic predicates: 6 + 1
[[34m  Info  [0m] solving...
[[34m  Info  [0m] solved... in 0.008s
[[34m  Info  [0m] Candidate invariants
[[34m  Info  [0m] rotate-time-->res81._2 + -12 <= 0
[[34m  Info  [0m] checked VC inst... in 0.01s
[[34m  Info  [0m] Function: rotate-time--Found candidate invariant is not a real invariant! 
[[34m  Info  [0m] # of atomic predicates: 10 + 7
[[34m  Info  [0m] solving...
[[34m  Info  [0m] solved... in 0.008s
[[34m  Info  [0m] Candidate invariants
[[34m  Info  [0m] rotate-time-->res81._2 + -23 <= 0
[[34m  Info  [0m] checked VC inst... in 0.003s
[[34m  Info  [0m] minimizing...
[[34m  Info  [0m] Candidate invariants
[[34m  Info  [0m] rotate-time-->res81._2 + -22 <= 0
[[34m  Info  [0m] checked VC inst... in 0.002s
[[34m  Info  [0m] - Found inductive invariant: rotate-time --> time + BigInt(-22) <= BigInt(0)
[[34m  Info  [0m] - Verifying Invariants... 
[[34m  Info  [0m] - Invariant verified
[[34m  Info  [0m] - considering function tail-mem-time...
[[34m  Info  [0m] - considering function dequeue-time...
[[34m  Info  [0m] Candidate invariants
[[34m  Info  [0m] dequeue-time-->res83._2 <= 0
[[34m  Info  [0m] checked VC inst... in 0.019s
[[34m  Info  [0m] Function: dequeue-time--Found candidate invariant is not a real invariant! 
[[34m  Info  [0m] # of atomic predicates: 6 + 1
[[34m  Info  [0m] solving...
[[34m  Info  [0m] solved... in 0.009s
[[34m  Info  [0m] Candidate invariants
[[34m  Info  [0m] dequeue-time-->res83._2 + -17 <= 0
[[34m  Info  [0m] checked VC inst... in 0.019s
[[34m  Info  [0m] Function: dequeue-time--Found candidate invariant is not a real invariant! 
[[34m  Info  [0m] # of atomic predicates: 6 + 7
[[34m  Info  [0m] solving...
[[34m  Info  [0m] solved... in 0.009s
[[34m  Info  [0m] - More unrollings for invariant inference
[[34m  Info  [0m] Candidate invariants
[[34m  Info  [0m] dequeue-time-->res83._2 <= 0
[[34m  Info  [0m] checked VC inst... in 0.034s
[[34m  Info  [0m] Function: dequeue-time--Found candidate invariant is not a real invariant! 
[[34m  Info  [0m] # of atomic predicates: 8 + 1
[[34m  Info  [0m] solving...
[[34m  Info  [0m] solved... in 0.008s
[[34m  Info  [0m] Candidate invariants
[[34m  Info  [0m] dequeue-time-->res83._2 + -17 <= 0
[[34m  Info  [0m] checked VC inst... in 0.033s
[[34m  Info  [0m] Function: dequeue-time--Found candidate invariant is not a real invariant! 
[[34m  Info  [0m] # of atomic predicates: 8 + 9
[[34m  Info  [0m] solving...
[[34m  Info  [0m] solved... in 0.007s
[[34m  Info  [0m] - More unrollings for invariant inference
[[34m  Info  [0m] Candidate invariants
[[34m  Info  [0m] dequeue-time-->res83._2 <= 0
[[34m  Info  [0m] checked VC inst... in 0.222s
[[34m  Info  [0m] Function: dequeue-time--Found candidate invariant is not a real invariant! 
[[34m  Info  [0m] # of atomic predicates: 12 + 1
[[34m  Info  [0m] solving...
[[34m  Info  [0m] solved... in 0.008s
[[34m  Info  [0m] Candidate invariants
[[34m  Info  [0m] dequeue-time-->res83._2 + -42 <= 0
[[34m  Info  [0m] checked VC inst... in 0.238s
[[34m  Info  [0m] Function: dequeue-time--Found candidate invariant is not a real invariant! 
[[34m  Info  [0m] # of atomic predicates: 12 + 13
[[34m  Info  [0m] solving...
[[34m  Info  [0m] solved... in 0.009s
[[34m  Info  [0m] Candidate invariants
[[34m  Info  [0m] dequeue-time-->res83._2 + -47 <= 0
[[34m  Info  [0m] checked VC inst... in 0.19s
[[34m  Info  [0m] Function: dequeue-time--Found candidate invariant is not a real invariant! 
[[34m  Info  [0m] # of atomic predicates: 14 + 25
[[34m  Info  [0m] solving...
[[34m  Info  [0m] solved... in 0.009s
[[34m  Info  [0m] Candidate invariants
[[34m  Info  [0m] dequeue-time-->res83._2 + -69 <= 0
[[34m  Info  [0m] checked VC inst... in 0.812s
[[34m  Info  [0m] Function: dequeue-time--Found candidate invariant is not a real invariant! 
[[34m  Info  [0m] # of atomic predicates: 12 + 39
[[34m  Info  [0m] solving...
[[34m  Info  [0m] solved... in 0.011s
[[34m  Info  [0m] Candidate invariants
[[34m  Info  [0m] dequeue-time-->res83._2 + -72 <= 0
[[34m  Info  [0m] checked VC inst... in 0.041s
[[34m  Info  [0m] minimizing...
[[34m  Info  [0m] Candidate invariants
[[34m  Info  [0m] dequeue-time-->res83._2 + -71 <= 0
[[34m  Info  [0m] checked VC inst... in 0.02s
[[34m  Info  [0m] - Found inductive invariant: dequeue-time --> time + BigInt(-71) <= BigInt(0)
[[34m  Info  [0m] - Verifying Invariants... 
[[34m  Info  [0m] - Invariant verified
[[34m  Info  [0m] - considering function enqueue-time...
[[34m  Info  [0m] Candidate invariants
[[34m  Info  [0m] enqueue-time-->res82._2 <= 0
[[34m  Info  [0m] checked VC inst... in 0.009s
[[34m  Info  [0m] Function: enqueue-time--Found candidate invariant is not a real invariant! 
[[34m  Info  [0m] # of atomic predicates: 7 + 1
[[34m  Info  [0m] solving...
[[34m  Info  [0m] solved... in 0.008s
[[34m  Info  [0m] Candidate invariants
[[34m  Info  [0m] enqueue-time-->res82._2 + -38 <= 0
[[34m  Info  [0m] checked VC inst... in 0.008s
[[34m  Info  [0m] Function: enqueue-time--Found candidate invariant is not a real invariant! 
[[34m  Info  [0m] # of atomic predicates: 6 + 8
[[34m  Info  [0m] solving...
[[34m  Info  [0m] solved... in 0.007s
[[34m  Info  [0m] - More unrollings for invariant inference
[[34m  Info  [0m] Candidate invariants
[[34m  Info  [0m] enqueue-time-->res82._2 <= 0
[[34m  Info  [0m] checked VC inst... in 0.038s
[[34m  Info  [0m] Function: enqueue-time--Found candidate invariant is not a real invariant! 
[[34m  Info  [0m] # of atomic predicates: 11 + 1
[[34m  Info  [0m] solving...
[[34m  Info  [0m] solved... in 0.007s
[[34m  Info  [0m] Candidate invariants
[[34m  Info  [0m] enqueue-time-->res82._2 + -13 <= 0
[[34m  Info  [0m] checked VC inst... in 0.028s
[[34m  Info  [0m] Function: enqueue-time--Found candidate invariant is not a real invariant! 
[[34m  Info  [0m] # of atomic predicates: 11 + 12
[[34m  Info  [0m] solving...
[[34m  Info  [0m] solved... in 0.007s
[[34m  Info  [0m] - More unrollings for invariant inference
[[34m  Info  [0m] Candidate invariants
[[34m  Info  [0m] enqueue-time-->res82._2 <= 0
[[34m  Info  [0m] checked VC inst... in 0.114s
[[34m  Info  [0m] Function: enqueue-time--Found candidate invariant is not a real invariant! 
[[34m  Info  [0m] # of atomic predicates: 7 + 1
[[34m  Info  [0m] solving...
[[34m  Info  [0m] solved... in 0.007s
[[34m  Info  [0m] Candidate invariants
[[34m  Info  [0m] enqueue-time-->res82._2 + -38 <= 0
[[34m  Info  [0m] checked VC inst... in 0.329s
[[34m  Info  [0m] Function: enqueue-time--Found candidate invariant is not a real invariant! 
[[34m  Info  [0m] # of atomic predicates: 11 + 8
[[34m  Info  [0m] solving...
[[34m  Info  [0m] solved... in 0.008s
[[34m  Info  [0m] Candidate invariants
[[34m  Info  [0m] enqueue-time-->res82._2 + -40 <= 0
[[34m  Info  [0m] checked VC inst... in 0.015s
[[34m  Info  [0m] minimizing...
[[34m  Info  [0m] Candidate invariants
[[34m  Info  [0m] enqueue-time-->res82._2 + -39 <= 0
[[34m  Info  [0m] checked VC inst... in 0.007s
[[34m  Info  [0m] - Found inductive invariant: enqueue-time --> time + BigInt(-39) <= BigInt(0)
[[34m  Info  [0m] - Verifying Invariants... 
[[34m  Info  [0m] - Invariant verified
Resource Verification Results: 
. â”Œâ”€â”€â”€â”€â”€â”€â”€â”€â”€â”
â•”â•â•¡ Summary â•â•â•â•â•â•â•â•â•â•â•â•â•â•â•â•â•â•â•â•â•â•â•â•â•â•â•â•â•â•â•â•â•â•â•â•â•â•â•â•â•â•â•â•â•â•â•—
â•‘ â””â”€â”€â”€â”€â”€â”€â”€â”€â”€â”˜                                             â•‘
â•‘ dequeue-        time <= 71    2.609                     â•‘
â•‘ enqueue-        time <= 39    1.226                     â•‘
â•‘ rotate-         time <= 22    1.089                     â•‘
â•Ÿâ”„â”„â”„â”„â”„â”„â”„â”„â”„â”„â”„â”„â”„â”„â”„â”„â”„â”„â”„â”„â”„â”„â”„â”„â”„â”„â”„â”„â”„â”„â”„â”„â”„â”„â”„â”„â”„â”„â”„â”„â”„â”„â”„â”„â”„â”„â”„â”„â”„â”„â”„â”„â”„â”„â”„â”„â”„â•¢
â•‘ total: 3     inferred: 3     unknown: 0     time: 4.924 â•‘
â•šâ•â•â•â•â•â•â•â•â•â•â•â•â•â•â•â•â•â•â•â•â•â•â•â•â•â•â•â•â•â•â•â•â•â•â•â•â•â•â•â•â•â•â•â•â•â•â•â•â•â•â•â•â•â•â•â•â•â•
[[34m  Info  [0m] Stats dumped to file: RealTimeQueue-stats.txt
