[[33mWarning [0m] warning: there were two feature warnings; re-run with -feature for details
[[34m  Info  [0m]  - Now considering 'postcondition' VC for ham-mem$3 @?:?...
[[34m  Info  [0m]  => VALID
[[34m  Info  [0m]  - Now considering 'precond. (call depsEval$5(n - BigInt(1), st@))' VC for ham-mem$3 @?:?...
[[34m  Info  [0m]  => VALID
[[34m  Info  [0m]  - Now considering 'precond. (call ham-mem$3(a$178, st@))' VC for ham-mem$3 @?:?...
[[34m  Info  [0m]  => VALID
[[34m  Info  [0m]  - Now considering 'precond. (call ham-mem$3(i2, x$1$30._2))' VC for ham-mem$3 @?:?...
[[34m  Info  [0m]  => VALID
[[34m  Info  [0m]  - Now considering 'precond. (call ham-mem$3(i3, a$180._2))' VC for ham-mem$3 @?:?...
[[34m  Info  [0m]  => VALID
[[34m  Info  [0m]  - Now considering 'precond. (call ham-mem$3(i5, a$184._2))' VC for ham-mem$3 @?:?...
[[34m  Info  [0m]  => VALID
[[34m  Info  [0m]  - Now considering 'precond. (call depsLem$5(res._1.i2, n, res._2))' VC for ham-mem$3 @?:?...
[[34m  Info  [0m]  => VALID
[[34m  Info  [0m]  - Now considering 'precond. (call depsLem$5(res._1.i3, n, res._2))' VC for ham-mem$3 @?:?...
[[34m  Info  [0m]  => VALID
[[34m  Info  [0m]  - Now considering 'precond. (call depsLem$5(res._1.i5, n, res._2))' VC for ham-mem$3 @?:?...
[[34m  Info  [0m]  => VALID
[[34m  Info  [0m]  - Now considering 'match exhaustiveness' VC for ham-mem$3 @?:?...
[[34m  Info  [0m]  => VALID
[[34m  Info  [0m]  - Now considering 'match exhaustiveness' VC for ham-mem$3 @?:?...
[[34m  Info  [0m]  => VALID
[[34m  Info  [0m]  - Now considering 'postcondition' VC for depsEval$5 @?:?...
[[34m  Info  [0m]  => VALID
[[34m  Info  [0m]  - Now considering 'precond. (call depsEval$5(i - BigInt(1), st@))' VC for depsEval$5 @?:?...
[[34m  Info  [0m]  => VALID
[[34m  Info  [0m]  - Now considering 'tact (postcondition)' VC for depsEvalMono$5 @?:?...
[[34m  Info  [0m]  => VALID
[[34m  Info  [0m]  - Now considering 'tact (precond. (call depsEvalMono-VCTact(i - BigInt(1), st1,  ...))' VC for depsEvalMono$5 @?:?...
[[34m  Info  [0m]  => VALID
[[34m  Info  [0m]  - Now considering 'tact (precond. (call depsEval$5(i, st1)))' VC for depsEvalMono$5 @?:?...
[[34m  Info  [0m]  => VALID
[[34m  Info  [0m]  - Now considering 'tact (precond. (call depsEval$5(i, st2)))' VC for depsEvalMono$5 @?:?...
[[34m  Info  [0m]  => VALID
[[34m  Info  [0m]  - Now considering 'precond. (call depsEval$5(i, st1))' VC for depsEvalMono$5 @?:?...
[[34m  Info  [0m]  => VALID
[[34m  Info  [0m]  - Now considering 'precond. (call depsEval$5(i, st2))' VC for depsEvalMono$5 @?:?...
[[34m  Info  [0m]  => VALID
[[34m  Info  [0m]  - Now considering 'tact (postcondition)' VC for depsLem$5 @?:?...
[[34m  Info  [0m]  => VALID
[[34m  Info  [0m]  - Now considering 'tact (precond. (call depsLem-VCTact(x, y - BigInt(1), st@)))' VC for depsLem$5 @?:?...
[[34m  Info  [0m]  => VALID
[[34m  Info  [0m]  - Now considering 'tact (precond. (call depsEval$5(y, st@)))' VC for depsLem$5 @?:?...
[[34m  Info  [0m]  => VALID
[[34m  Info  [0m]  - Now considering 'tact (precond. (call depsEval$5(x, st@)))' VC for depsLem$5 @?:?...
[[34m  Info  [0m]  => VALID
[[34m  Info  [0m]  - Now considering 'precond. (call depsEval$5(y, st@))' VC for depsLem$5 @?:?...
[[34m  Info  [0m]  => VALID
[[34m  Info  [0m]  - Now considering 'precond. (call depsEval$5(x, st@))' VC for depsLem$5 @?:?...
[[34m  Info  [0m]  => VALID
[[34m  Info  [0m]  - Now considering 'postcondition' VC for invoke$5 @?:?...
[[34m  Info  [0m]  => VALID
[[34m  Info  [0m]  - Now considering 'precond. (call depsEval$5(n - BigInt(1), st@))' VC for invoke$5 @?:?...
[[34m  Info  [0m]  => VALID
[[34m  Info  [0m]  - Now considering 'precond. (call ham-mem$3(n, st@))' VC for invoke$5 @?:?...
[[34m  Info  [0m]  => VALID
[[34m  Info  [0m]  - Now considering 'precond. (call depsEvalMono$5(n - BigInt(1), st@, res._ ...)' VC for invoke$5 @?:?...
[[34m  Info  [0m]  => VALID
[[34m  Info  [0m]  - Now considering 'postcondition' VC for hammingList$5 @?:?...
[[34m  Info  [0m]  => VALID
[[34m  Info  [0m]  - Now considering 'precond. (call invoke$5(n, st@))' VC for hammingList$5 @?:?...
[[34m  Info  [0m]  => VALID
[[34m  Info  [0m]  - Now considering 'precond. (call hammingList$5(n - BigInt(1), st@))' VC for hammingList$5 @?:?...
[[34m  Info  [0m]  => VALID
[[34m  Info  [0m]  - Now considering 'precond. (call invoke$5(n, tailRes$1._2))' VC for hammingList$5 @?:?...
[[34m  Info  [0m]  => VALID
[[34m  Info  [0m]  - Now considering 'precond. (call depsEval$5(n, x$3$10._2))' VC for hammingList$5 @?:?...
[[34m  Info  [0m]  => VALID
  â”Œâ”€â”€â”€â”€â”€â”€â”€â”€â”€â”€â”€â”€â”€â”€â”€â”€â”€â”€â”€â”€â”€â”€â”
â•”â•â•¡ Verification Summary â•â•â•â•â•â•â•â•â•â•â•â•â•â•â•â•â•â•â•â•â•â•â•â•â•â•â•â•â•â•â•â•â•â•â•â•â•â•â•â•â•â•â•â•â•â•â•â•â•â•â•â•â•â•â•â•â•â•â•â•â•â•â•â•â•â•â•â•â•â•â•â•â•â•â•â•â•â•â•â•â•â•â•â•â•â•â•â•â•â•â•â•â•â•â•â•â•â•â•â•â•â•â•â•â•â•â•â•â•â•â•—
â•‘ â””â”€â”€â”€â”€â”€â”€â”€â”€â”€â”€â”€â”€â”€â”€â”€â”€â”€â”€â”€â”€â”€â”€â”˜                                                                                                             â•‘
â•‘ Hamming.depsEval$5      postcondition                                                        ?:?  valid  U:orb-smt-z3          0.037 â•‘
â•‘ Hamming.depsEval$5      precond. (call depsEval$5(i - BigInt(1), st@))                       ?:?  valid  U:orb-smt-z3          0.030 â•‘
â•‘ Hamming.depsEvalMono$5  precond. (call depsEval$5(i, st1))                                   ?:?  valid  U:orb-smt-z3          0.031 â•‘
â•‘ Hamming.depsEvalMono$5  precond. (call depsEval$5(i, st2))                                   ?:?  valid  U:orb-smt-z3          0.032 â•‘
â•‘ Hamming.depsEvalMono$5  tact (postcondition)                                                 ?:?  valid  U:orb-smt-z3          0.068 â•‘
â•‘ Hamming.depsEvalMono$5  tact (precond. (call depsEval$5(i, st1)))                            ?:?  valid  U:orb-smt-z3          0.039 â•‘
â•‘ Hamming.depsEvalMono$5  tact (precond. (call depsEval$5(i, st2)))                            ?:?  valid  U:orb-smt-z3          0.043 â•‘
â•‘ Hamming.depsEvalMono$5  tact (precond. (call depsEvalMono-VCTact(i - BigInt(1), st1,  ...))  ?:?  valid  U:orb-smt-z3          0.045 â•‘
â•‘ Hamming.depsLem$5       precond. (call depsEval$5(x, st@))                                   ?:?  valid  U:orb-smt-z3          0.052 â•‘
â•‘ Hamming.depsLem$5       precond. (call depsEval$5(y, st@))                                   ?:?  valid  U:orb-smt-z3          0.039 â•‘
â•‘ Hamming.depsLem$5       tact (postcondition)                                                 ?:?  valid  U:orb-smt-z3          0.072 â•‘
â•‘ Hamming.depsLem$5       tact (precond. (call depsEval$5(x, st@)))                            ?:?  valid  U:orb-smt-z3          0.043 â•‘
â•‘ Hamming.depsLem$5       tact (precond. (call depsEval$5(y, st@)))                            ?:?  valid  U:orb-smt-z3          0.039 â•‘
â•‘ Hamming.depsLem$5       tact (precond. (call depsLem-VCTact(x, y - BigInt(1), st@)))         ?:?  valid  U:orb-smt-z3          0.029 â•‘
â•‘ Hamming.ham-mem$3       match exhaustiveness                                                 ?:?  valid  U:orb-smt-z3          0.027 â•‘
â•‘ Hamming.ham-mem$3       match exhaustiveness                                                 ?:?  valid  U:orb-smt-z3          0.085 â•‘
â•‘ Hamming.ham-mem$3       postcondition                                                        ?:?  valid  U:orb-smt-z3          2.579 â•‘
â•‘ Hamming.ham-mem$3       precond. (call depsEval$5(n - BigInt(1), st@))                       ?:?  valid  U:orb-smt-z3          0.032 â•‘
â•‘ Hamming.ham-mem$3       precond. (call depsLem$5(res._1.i2, n, res._2))                      ?:?  valid  U:orb-smt-z3          0.186 â•‘
â•‘ Hamming.ham-mem$3       precond. (call depsLem$5(res._1.i3, n, res._2))                      ?:?  valid  U:orb-smt-z3          0.174 â•‘
â•‘ Hamming.ham-mem$3       precond. (call depsLem$5(res._1.i5, n, res._2))                      ?:?  valid  U:orb-smt-z3          0.180 â•‘
â•‘ Hamming.ham-mem$3       precond. (call ham-mem$3(a$178, st@))                                ?:?  valid  U:orb-smt-z3          0.081 â•‘
â•‘ Hamming.ham-mem$3       precond. (call ham-mem$3(i2, x$1$30._2))                             ?:?  valid  U:orb-smt-orb-cvc4    9.823 â•‘
â•‘ Hamming.ham-mem$3       precond. (call ham-mem$3(i3, a$180._2))                              ?:?  valid  U:orb-smt-orb-cvc4    6.816 â•‘
â•‘ Hamming.ham-mem$3       precond. (call ham-mem$3(i5, a$184._2))                              ?:?  valid  U:orb-smt-orb-cvc4    3.181 â•‘
â•‘ Hamming.hammingList$5   postcondition                                                        ?:?  valid  U:orb-smt-z3          0.317 â•‘
â•‘ Hamming.hammingList$5   precond. (call depsEval$5(n, x$3$10._2))                             ?:?  valid  U:orb-smt-z3          0.093 â•‘
â•‘ Hamming.hammingList$5   precond. (call hammingList$5(n - BigInt(1), st@))                    ?:?  valid  U:orb-smt-z3          0.040 â•‘
â•‘ Hamming.hammingList$5   precond. (call invoke$5(n, st@))                                     ?:?  valid  U:orb-smt-z3          0.037 â•‘
â•‘ Hamming.hammingList$5   precond. (call invoke$5(n, tailRes$1._2))                            ?:?  valid  U:orb-smt-z3          0.201 â•‘
â•‘ Hamming.invoke$5        postcondition                                                        ?:?  valid  U:orb-smt-z3          0.473 â•‘
â•‘ Hamming.invoke$5        precond. (call depsEval$5(n - BigInt(1), st@))                       ?:?  valid  U:orb-smt-z3          0.030 â•‘
â•‘ Hamming.invoke$5        precond. (call depsEvalMono$5(n - BigInt(1), st@, res._ ...)         ?:?  valid  U:orb-smt-z3          0.067 â•‘
â•‘ Hamming.invoke$5        precond. (call ham-mem$3(n, st@))                                    ?:?  valid  U:orb-smt-z3          0.036 â•‘
â•Ÿâ”„â”„â”„â”„â”„â”„â”„â”„â”„â”„â”„â”„â”„â”„â”„â”„â”„â”„â”„â”„â”„â”„â”„â”„â”„â”„â”„â”„â”„â”„â”„â”„â”„â”„â”„â”„â”„â”„â”„â”„â”„â”„â”„â”„â”„â”„â”„â”„â”„â”„â”„â”„â”„â”„â”„â”„â”„â”„â”„â”„â”„â”„â”„â”„â”„â”„â”„â”„â”„â”„â”„â”„â”„â”„â”„â”„â”„â”„â”„â”„â”„â”„â”„â”„â”„â”„â”„â”„â”„â”„â”„â”„â”„â”„â”„â”„â”„â”„â”„â”„â”„â”„â”„â”„â”„â”„â”„â”„â”„â”„â”„â”„â”„â”„â”„â”„â”„â”„â”„â”„â”„â”„â”„â”„â”„â”„â”„â”„â”„â”„â”„â”„â”„â”„â•¢
â•‘ total: 34     valid: 34     invalid: 0      unknown 0                                                                         25.057 â•‘
â•šâ•â•â•â•â•â•â•â•â•â•â•â•â•â•â•â•â•â•â•â•â•â•â•â•â•â•â•â•â•â•â•â•â•â•â•â•â•â•â•â•â•â•â•â•â•â•â•â•â•â•â•â•â•â•â•â•â•â•â•â•â•â•â•â•â•â•â•â•â•â•â•â•â•â•â•â•â•â•â•â•â•â•â•â•â•â•â•â•â•â•â•â•â•â•â•â•â•â•â•â•â•â•â•â•â•â•â•â•â•â•â•â•â•â•â•â•â•â•â•â•â•â•â•â•â•â•â•â•â•â•â•â•â•â•â•
[[34m  Info  [0m] - considering function ham-mem-steps...
[[34m  Info  [0m] Candidate invariants
[[34m  Info  [0m] ham-mem-steps-->1 * res$203._2 + 0 <= 0
[[34m  Info  [0m] checked VC inst... in 0.047s
[[34m  Info  [0m] Function: ham-mem-steps--Found candidate invariant is not a real invariant! 
[[34m  Info  [0m] # of atomic predicates: 6 + 1
[[34m  Info  [0m] Candidate invariants
[[34m  Info  [0m] ham-mem-steps-->1 * res$203._2 + -5 <= 0
[[34m  Info  [0m] checked VC inst... in 0.034s
[[34m  Info  [0m] Function: ham-mem-steps--Found candidate invariant is not a real invariant! 
[[34m  Info  [0m] # of atomic predicates: 8 + 7
[[34m  Info  [0m] Candidate invariants
[[34m  Info  [0m] ham-mem-steps-->1 * res$203._2 + -39 <= 0
[[34m  Info  [0m] checked VC inst... in 0.105s
[[34m  Info  [0m] Function: ham-mem-steps--Found candidate invariant is not a real invariant! 
[[34m  Info  [0m] # of atomic predicates: 10 + 15
[[34m  Info  [0m] Candidate invariants
[[34m  Info  [0m] ham-mem-steps-->1 * res$203._2 + -53 <= 0
[[34m  Info  [0m] checked VC inst... in 0.049s
[[34m  Info  [0m] Function: ham-mem-steps--Found candidate invariant is not a real invariant! 
[[34m  Info  [0m] # of atomic predicates: 13 + 25
[[34m  Info  [0m] Candidate invariants
[[34m  Info  [0m] ham-mem-steps-->1 * res$203._2 + -57 <= 0
[[34m  Info  [0m] checked VC inst... in 0.092s
[[34m  Info  [0m] Function: ham-mem-steps--Found candidate invariant is not a real invariant! 
[[34m  Info  [0m] # of atomic predicates: 9 + 38
[[34m  Info  [0m] - More unrollings for invariant inference
[[34m  Info  [0m] Candidate invariants
[[34m  Info  [0m] ham-mem-steps-->1 * res$203._2 + 0 <= 0
[[34m  Info  [0m] checked VC inst... in 0.069s
[[34m  Info  [0m] Function: ham-mem-steps--Found candidate invariant is not a real invariant! 
[[34m  Info  [0m] # of atomic predicates: 6 + 1
[[34m  Info  [0m] Candidate invariants
[[34m  Info  [0m] ham-mem-steps-->1 * res$203._2 + -5 <= 0
[[34m  Info  [0m] checked VC inst... in 0.033s
[[34m  Info  [0m] Function: ham-mem-steps--Found candidate invariant is not a real invariant! 
[[34m  Info  [0m] # of atomic predicates: 17 + 7
[[34m  Info  [0m] Candidate invariants
[[34m  Info  [0m] ham-mem-steps-->1 * res$203._2 + -39 <= 0
[[34m  Info  [0m] checked VC inst... in 0.056s
[[34m  Info  [0m] Function: ham-mem-steps--Found candidate invariant is not a real invariant! 
[[34m  Info  [0m] # of atomic predicates: 18 + 24
[[34m  Info  [0m] Candidate invariants
[[34m  Info  [0m] ham-mem-steps-->1 * res$203._2 + -53 <= 0
[[34m  Info  [0m] checked VC inst... in 0.043s
[[34m  Info  [0m] Function: ham-mem-steps--Found candidate invariant is not a real invariant! 
[[34m  Info  [0m] # of atomic predicates: 21 + 42
[[34m  Info  [0m] Candidate invariants
[[34m  Info  [0m] ham-mem-steps-->1 * res$203._2 + -57 <= 0
[[34m  Info  [0m] checked VC inst... in 0.145s
[[34m  Info  [0m] Function: ham-mem-steps--Found candidate invariant is not a real invariant! 
[[34m  Info  [0m] # of atomic predicates: 18 + 63
[[34m  Info  [0m] - More unrollings for invariant inference
[[34m  Info  [0m] Candidate invariants
[[34m  Info  [0m] ham-mem-steps-->1 * res$203._2 + 0 <= 0
[[34m  Info  [0m] checked VC inst... in 0.098s
[[34m  Info  [0m] Function: ham-mem-steps--Found candidate invariant is not a real invariant! 
[[34m  Info  [0m] # of atomic predicates: 6 + 1
[[34m  Info  [0m] Candidate invariants
[[34m  Info  [0m] ham-mem-steps-->1 * res$203._2 + -5 <= 0
[[34m  Info  [0m] checked VC inst... in 0.728s
[[34m  Info  [0m] Function: ham-mem-steps--Found candidate invariant is not a real invariant! 
[[34m  Info  [0m] # of atomic predicates: 17 + 7
[[34m  Info  [0m] Candidate invariants
[[34m  Info  [0m] ham-mem-steps-->1 * res$203._2 + -39 <= 0
[[34m  Info  [0m] checked VC inst... in 0.773s
[[34m  Info  [0m] Function: ham-mem-steps--Found candidate invariant is not a real invariant! 
[[34m  Info  [0m] # of atomic predicates: 18 + 24
[[34m  Info  [0m] Candidate invariants
[[34m  Info  [0m] ham-mem-steps-->1 * res$203._2 + -53 <= 0
[[34m  Info  [0m] checked VC inst... in 0.785s
[[34m  Info  [0m] Function: ham-mem-steps--Found candidate invariant is not a real invariant! 
[[34m  Info  [0m] # of atomic predicates: 21 + 42
[[34m  Info  [0m] Candidate invariants
[[34m  Info  [0m] ham-mem-steps-->1 * res$203._2 + -57 <= 0
[[34m  Info  [0m] checked VC inst... in 0.809s
[[34m  Info  [0m] minimizing...
[[34m  Info  [0m] Candidate invariants
[[34m  Info  [0m] ham-mem-steps-->1 * res$203._2 + -56 <= 0
[[34m  Info  [0m] checked VC inst... in 0.765s
[[34m  Info  [0m] - Found inductive invariant: ham-mem-steps --> steps + BigInt(-56) <= BigInt(0)
[[34m  Info  [0m] - Verifying Invariants... 
[[34m  Info  [0m] - Invariant verified
[[34m  Info  [0m] - considering function invoke-steps...
[[34m  Info  [0m] Candidate invariants
[[34m  Info  [0m] invoke-steps-->1 * res$204._2 + 0 <= 0
[[34m  Info  [0m] checked VC inst... in 0.005s
[[34m  Info  [0m] Function: invoke-steps--Found candidate invariant is not a real invariant! 
[[34m  Info  [0m] # of atomic predicates: 17 + 1
[[34m  Info  [0m] Candidate invariants
[[34m  Info  [0m] invoke-steps-->1 * res$204._2 + -4 <= 0
[[34m  Info  [0m] checked VC inst... in 0.003s
[[34m  Info  [0m] Function: invoke-steps--Found candidate invariant is not a real invariant! 
[[34m  Info  [0m] # of atomic predicates: 16 + 18
[[34m  Info  [0m] Candidate invariants
[[34m  Info  [0m] invoke-steps-->1 * res$204._2 + -61 <= 0
[[34m  Info  [0m] checked VC inst... in 0.001s
[[34m  Info  [0m] minimizing...
[[34m  Info  [0m] Candidate invariants
[[34m  Info  [0m] invoke-steps-->1 * res$204._2 + -60 <= 0
[[34m  Info  [0m] checked VC inst... in 0.002s
[[34m  Info  [0m] - Found inductive invariant: invoke-steps --> steps + BigInt(-60) <= BigInt(0)
[[34m  Info  [0m] - Verifying Invariants... 
[[34m  Info  [0m] - Invariant verified
[[34m  Info  [0m] - considering function hammingList-steps...
[[34m  Info  [0m] Candidate invariants
[[34m  Info  [0m] hammingList-steps-->(0 * n + 1 * x$3$11._2) + 0 <= 0
[[34m  Info  [0m] checked VC inst... in 0.016s
[[34m  Info  [0m] Function: hammingList-steps--Found candidate invariant is not a real invariant! 
[[34m  Info  [0m] # of atomic predicates: 9 + 1
[[34m  Info  [0m] Candidate invariants
[[34m  Info  [0m] hammingList-steps-->(0 * n + 1 * x$3$11._2) + -67 <= 0
[[34m  Info  [0m] checked VC inst... in 0.009s
[[34m  Info  [0m] Function: hammingList-steps--Found candidate invariant is not a real invariant! 
[[34m  Info  [0m] # of atomic predicates: 11 + 10
[[34m  Info  [0m] - More unrollings for invariant inference
[[34m  Info  [0m] Candidate invariants
[[34m  Info  [0m] hammingList-steps-->(0 * n + 1 * x$3$11._2) + 0 <= 0
[[34m  Info  [0m] checked VC inst... in 0.035s
[[34m  Info  [0m] Function: hammingList-steps--Found candidate invariant is not a real invariant! 
[[34m  Info  [0m] # of atomic predicates: 19 + 1
[[34m  Info  [0m] Candidate invariants
[[34m  Info  [0m] hammingList-steps-->(0 * n + 1 * x$3$11._2) + -9 <= 0
[[34m  Info  [0m] checked VC inst... in 0.07s
[[34m  Info  [0m] Function: hammingList-steps--Found candidate invariant is not a real invariant! 
[[34m  Info  [0m] # of atomic predicates: 18 + 20
[[34m  Info  [0m] Candidate invariants
[[34m  Info  [0m] hammingList-steps-->(0 * n + 1 * x$3$11._2) + -66 <= 0
[[34m  Info  [0m] checked VC inst... in 0.048s
[[34m  Info  [0m] Function: hammingList-steps--Found candidate invariant is not a real invariant! 
[[34m  Info  [0m] # of atomic predicates: 26 + 38
[[34m  Info  [0m] Candidate invariants
[[34m  Info  [0m] hammingList-steps-->(-13 * n + 1 * x$3$11._2) + -66 <= 0
[[34m  Info  [0m] checked VC inst... in 0.239s
[[34m  Info  [0m] Function: hammingList-steps--Found candidate invariant is not a real invariant! 
[[34m  Info  [0m] # of atomic predicates: 25 + 64
[[34m  Info  [0m] Candidate invariants
[[34m  Info  [0m] hammingList-steps-->(-67 * n + 1 * x$3$11._2) + -66 <= 0
[[34m  Info  [0m] checked VC inst... in 0.007s
[[34m  Info  [0m] minimizing...
[[34m  Info  [0m] Candidate invariants
[[34m  Info  [0m] hammingList-steps-->(-66 * n + 1 * x$3$11._2) + -65 <= 0
[[34m  Info  [0m] checked VC inst... in 0.006s
[[34m  Info  [0m] - Found inductive invariant: hammingList-steps --> (BigInt(-66) * n + steps) + BigInt(-65) <= BigInt(0)
[[34m  Info  [0m] - Verifying Invariants... 
[[34m  Info  [0m] - Invariant verified
Resource Verification Results: 
. â”Œâ”€â”€â”€â”€â”€â”€â”€â”€â”€â”
â•”â•â•¡ Summary â•â•â•â•â•â•â•â•â•â•â•â•â•â•â•â•â•â•â•â•â•â•â•â•â•â•â•â•â•â•â•â•â•â•â•â•â•â•â•â•â•â•â•â•â•â•â•â•—
â•‘ â””â”€â”€â”€â”€â”€â”€â”€â”€â”€â”˜                                              â•‘
â•‘ ham             steps <= 56             10.661           â•‘
â•‘ hammingList     steps <= 66 * n + 65    1.418            â•‘
â•‘ invoke          steps <= 60             0.651            â•‘
â•Ÿâ”„â”„â”„â”„â”„â”„â”„â”„â”„â”„â”„â”„â”„â”„â”„â”„â”„â”„â”„â”„â”„â”„â”„â”„â”„â”„â”„â”„â”„â”„â”„â”„â”„â”„â”„â”„â”„â”„â”„â”„â”„â”„â”„â”„â”„â”„â”„â”„â”„â”„â”„â”„â”„â”„â”„â”„â”„â”„â•¢
â•‘ total: 3     inferred: 3     unknown: 0     time: 12.730 â•‘
â•šâ•â•â•â•â•â•â•â•â•â•â•â•â•â•â•â•â•â•â•â•â•â•â•â•â•â•â•â•â•â•â•â•â•â•â•â•â•â•â•â•â•â•â•â•â•â•â•â•â•â•â•â•â•â•â•â•â•â•â•
[[34m  Info  [0m] Stats dumped to file: HammingMemoized-stats.txt
