[[33mWarning [0m] warning: there was one feature warning; re-run with -feature for details
[[34m  Info  [0m] Output written on leon.out
[[33mWarning [0m] Inlining recursive functions only once 'size'!
[[34m  Info  [0m] Output written on leon.out
[[34m  Info  [0m]  - Now considering 'postcondition' VC for pullMin$5 @?:?...
[[34m  Info  [0m]  => VALID
[[34m  Info  [0m]  - Now considering 'match exhaustiveness' VC for pullMin$5 @?:?...
[[34m  Info  [0m]  => VALID
[[34m  Info  [0m]  - Now considering 'match exhaustiveness' VC for pullMin$5 @?:?...
[[34m  Info  [0m]  => VALID
[[34m  Info  [0m]  - Now considering 'postcondition' VC for sort$5 @?:?...
[[34m  Info  [0m]  => VALID
[[34m  Info  [0m]  - Now considering 'match exhaustiveness' VC for sort$5 @?:?...
[[34m  Info  [0m]  => VALID
[[34m  Info  [0m]  - Now considering 'postcondition' VC for concat$7 @?:?...
[[34m  Info  [0m]  => VALID
[[34m  Info  [0m]  - Now considering 'match exhaustiveness' VC for concat$7 @?:?...
[[34m  Info  [0m]  => VALID
[[34m  Info  [0m]  - Now considering 'postcondition' VC for kthMin$5 @?:?...
[[34m  Info  [0m]  => VALID
[[34m  Info  [0m]  - Now considering 'precond. (call kthMin$5(xs$43, k - BigInt(1), scr._2))' VC for kthMin$5 @?:?...
[[34m  Info  [0m]  => VALID
[[34m  Info  [0m]  - Now considering 'match exhaustiveness' VC for kthMin$5 @?:?...
[[34m  Info  [0m]  => VALID
[[34m  Info  [0m]  - Now considering 'postcondition' VC for size$16 @?:?...
[[34m  Info  [0m]  => VALID
[[34m  Info  [0m]  - Now considering 'match exhaustiveness' VC for size$16 @?:?...
[[34m  Info  [0m]  => VALID
[[34m  Info  [0m]  - Now considering 'postcondition' VC for list-mem$3 @?:?...
[[34m  Info  [0m]  => VALID
  â”Œâ”€â”€â”€â”€â”€â”€â”€â”€â”€â”€â”€â”€â”€â”€â”€â”€â”€â”€â”€â”€â”€â”€â”
â•”â•â•¡ Verification Summary â•žâ•â•â•â•â•â•â•â•â•â•â•â•â•â•â•â•â•â•â•â•â•â•â•â•â•â•â•â•â•â•â•â•â•â•â•â•â•â•â•â•â•â•â•â•â•â•â•â•â•â•â•â•â•â•â•â•â•â•â•â•â•â•â•â•â•â•â•â•â•â•â•â•â•â•â•â•â•â•â•â•â•â•â•â•â•â•â•â•â•â•â•â•â•â•â•â•â•â•â•—
â•‘ â””â”€â”€â”€â”€â”€â”€â”€â”€â”€â”€â”€â”€â”€â”€â”€â”€â”€â”€â”€â”€â”€â”€â”˜                                                                                                  â•‘
â•‘ SortingnConcat.concat$7   match exhaustiveness                                    ?:?  valid  U:orb-smt-z3          0.034 â•‘
â•‘ SortingnConcat.concat$7   postcondition                                           ?:?  valid  U:orb-smt-z3          0.042 â•‘
â•‘ SortingnConcat.kthMin$5   match exhaustiveness                                    ?:?  valid  U:orb-smt-z3          0.066 â•‘
â•‘ SortingnConcat.kthMin$5   postcondition                                           ?:?  valid  U:orb-smt-orb-cvc4    0.129 â•‘
â•‘ SortingnConcat.kthMin$5   precond. (call kthMin$5(xs$43, k - BigInt(1), scr._2))  ?:?  valid  U:orb-smt-z3          0.056 â•‘
â•‘ Stream.list-mem$3         postcondition                                           ?:?  valid  U:orb-smt-z3          0.061 â•‘
â•‘ SortingnConcat.pullMin$5  match exhaustiveness                                    ?:?  valid  U:orb-smt-z3          0.055 â•‘
â•‘ SortingnConcat.pullMin$5  match exhaustiveness                                    ?:?  valid  U:orb-smt-z3          0.040 â•‘
â•‘ SortingnConcat.pullMin$5  postcondition                                           ?:?  valid  U:orb-smt-z3          0.730 â•‘
â•‘ LList.size$16             match exhaustiveness                                    ?:?  valid  U:orb-smt-z3          0.040 â•‘
â•‘ LList.size$16             postcondition                                           ?:?  valid  U:orb-smt-z3          0.063 â•‘
â•‘ SortingnConcat.sort$5     match exhaustiveness                                    ?:?  valid  U:orb-smt-z3          0.040 â•‘
â•‘ SortingnConcat.sort$5     postcondition                                           ?:?  valid  U:orb-smt-orb-cvc4    0.302 â•‘
â•Ÿâ”„â”„â”„â”„â”„â”„â”„â”„â”„â”„â”„â”„â”„â”„â”„â”„â”„â”„â”„â”„â”„â”„â”„â”„â”„â”„â”„â”„â”„â”„â”„â”„â”„â”„â”„â”„â”„â”„â”„â”„â”„â”„â”„â”„â”„â”„â”„â”„â”„â”„â”„â”„â”„â”„â”„â”„â”„â”„â”„â”„â”„â”„â”„â”„â”„â”„â”„â”„â”„â”„â”„â”„â”„â”„â”„â”„â”„â”„â”„â”„â”„â”„â”„â”„â”„â”„â”„â”„â”„â”„â”„â”„â”„â”„â”„â”„â”„â”„â”„â”„â”„â”„â”„â”„â”„â”„â”„â”„â”„â”„â”„â”„â”„â”„â”„â”„â”„â”„â”„â”„â”„â”„â”„â•¢
â•‘ total: 13     valid: 13     invalid: 0      unknown 0                                                               1.658 â•‘
â•šâ•â•â•â•â•â•â•â•â•â•â•â•â•â•â•â•â•â•â•â•â•â•â•â•â•â•â•â•â•â•â•â•â•â•â•â•â•â•â•â•â•â•â•â•â•â•â•â•â•â•â•â•â•â•â•â•â•â•â•â•â•â•â•â•â•â•â•â•â•â•â•â•â•â•â•â•â•â•â•â•â•â•â•â•â•â•â•â•â•â•â•â•â•â•â•â•â•â•â•â•â•â•â•â•â•â•â•â•â•â•â•â•â•â•â•â•â•â•â•â•â•â•â•â•
[[34m  Info  [0m] Output written on leon.out
[[34m  Info  [0m] - considering function pullMin-steps...
[[34m  Info  [0m] Candidate invariants
[[34m  Info  [0m] pullMin-steps-->(0 * l.size + 1 * res$212._2) + 0 <= 0
[[34m  Info  [0m] checked VC inst... in 0.013s
[[34m  Info  [0m] Function: pullMin-steps--Found candidate invariant is not a real invariant! 
[[34m  Info  [0m] # of atomic predicates: 1 + 1
[[34m  Info  [0m] - More unrollings for invariant inference
[[34m  Info  [0m] Candidate invariants
[[34m  Info  [0m] pullMin-steps-->(0 * l.size + 1 * res$212._2) + 0 <= 0
[[34m  Info  [0m] checked VC inst... in 0.024s
[[34m  Info  [0m] Function: pullMin-steps--Found candidate invariant is not a real invariant! 
[[34m  Info  [0m] # of atomic predicates: 12 + 1
[[34m  Info  [0m] - More unrollings for invariant inference
[[34m  Info  [0m] Candidate invariants
[[34m  Info  [0m] pullMin-steps-->(0 * l.size + 1 * res$212._2) + 0 <= 0
[[34m  Info  [0m] checked VC inst... in 0.024s
[[34m  Info  [0m] Function: pullMin-steps--Found candidate invariant is not a real invariant! 
[[34m  Info  [0m] # of atomic predicates: 12 + 1
[[34m  Info  [0m] - More unrollings for invariant inference
[[34m  Info  [0m] Candidate invariants
[[34m  Info  [0m] pullMin-steps-->(0 * l.size + 1 * res$212._2) + 0 <= 0
[[34m  Info  [0m] checked VC inst... in 0.072s
[[34m  Info  [0m] Function: pullMin-steps--Found candidate invariant is not a real invariant! 
[[34m  Info  [0m] # of atomic predicates: 9 + 1
[[34m  Info  [0m] Candidate invariants
[[34m  Info  [0m] pullMin-steps-->(0 * l.size + 1 * res$212._2) + -4 <= 0
[[34m  Info  [0m] checked VC inst... in 0.051s
[[34m  Info  [0m] Function: pullMin-steps--Found candidate invariant is not a real invariant! 
[[34m  Info  [0m] # of atomic predicates: 12 + 10
[[34m  Info  [0m] Candidate invariants
[[34m  Info  [0m] pullMin-steps-->(-12 * l.size + 1 * res$212._2) + -3 <= 0
[[34m  Info  [0m] checked VC inst... in 0.05s
[[34m  Info  [0m] Function: pullMin-steps--Found candidate invariant is not a real invariant! 
[[34m  Info  [0m] # of atomic predicates: 12 + 22
[[34m  Info  [0m] Candidate invariants
[[34m  Info  [0m] pullMin-steps-->(-61 * l.size + 4 * res$212._2) + -12 <= 0
[[34m  Info  [0m] checked VC inst... in 0.042s
[[34m  Info  [0m] minimizing...
[[34m  Info  [0m] Candidate invariants
[[34m  Info  [0m] pullMin-steps-->(-14 * l.size + 1 * res$212._2) + -2 <= 0
[[34m  Info  [0m] checked VC inst... in 0.057s
[[34m  Info  [0m] Function: pullMin-steps--Found candidate invariant is not a real invariant! 
[[34m  Info  [0m] # of atomic predicates: 14 + 34
[[34m  Info  [0m] Candidate invariants
[[34m  Info  [0m] pullMin-steps-->(-15 * l.size + 1 * res$212._2) + -3 <= 0
[[34m  Info  [0m] checked VC inst... in 0.049s
[[34m  Info  [0m] minimizing...
[[34m  Info  [0m] Candidate invariants
[[34m  Info  [0m] pullMin-steps-->(-15 * l.size + 1 * res$212._2) + -2 <= 0
[[34m  Info  [0m] checked VC inst... in 0.036s
[[34m  Info  [0m] - Found inductive invariant: pullMin-steps --> (BigInt(-15) * l.size + steps) + BigInt(-2) <= BigInt(0)
[[34m  Info  [0m] - Verifying Invariants... 
[[34m  Info  [0m] - Invariant verified
[[34m  Info  [0m] - considering function sort-steps...
[[34m  Info  [0m] Candidate invariants
[[34m  Info  [0m] sort-steps-->(0 * l.size + 1 * res$211._2) + 0 <= 0
[[34m  Info  [0m] checked VC inst... in 0.006s
[[34m  Info  [0m] Function: sort-steps--Found candidate invariant is not a real invariant! 
[[34m  Info  [0m] # of atomic predicates: 1 + 1
[[34m  Info  [0m] - More unrollings for invariant inference
[[34m  Info  [0m] Candidate invariants
[[34m  Info  [0m] sort-steps-->(0 * l.size + 1 * res$211._2) + 0 <= 0
[[34m  Info  [0m] checked VC inst... in 0.019s
[[34m  Info  [0m] Function: sort-steps--Found candidate invariant is not a real invariant! 
[[34m  Info  [0m] # of atomic predicates: 8 + 1
[[34m  Info  [0m] Candidate invariants
[[34m  Info  [0m] sort-steps-->(0 * l.size + 1 * res$211._2) + -8 <= 0
[[34m  Info  [0m] checked VC inst... in 0.014s
[[34m  Info  [0m] Function: sort-steps--Found candidate invariant is not a real invariant! 
[[34m  Info  [0m] # of atomic predicates: 1 + 9
[[34m  Info  [0m] - More unrollings for invariant inference
[[34m  Info  [0m] Candidate invariants
[[34m  Info  [0m] sort-steps-->(0 * l.size + 1 * res$211._2) + 0 <= 0
[[34m  Info  [0m] checked VC inst... in 0.035s
[[34m  Info  [0m] Function: sort-steps--Found candidate invariant is not a real invariant! 
[[34m  Info  [0m] # of atomic predicates: 8 + 1
[[34m  Info  [0m] Candidate invariants
[[34m  Info  [0m] sort-steps-->(0 * l.size + 1 * res$211._2) + -8 <= 0
[[34m  Info  [0m] checked VC inst... in 0.024s
[[34m  Info  [0m] Function: sort-steps--Found candidate invariant is not a real invariant! 
[[34m  Info  [0m] # of atomic predicates: 1 + 9
[[34m  Info  [0m] - More unrollings for invariant inference
[[34m  Info  [0m] Candidate invariants
[[34m  Info  [0m] sort-steps-->(0 * l.size + 1 * res$211._2) + 0 <= 0
[[34m  Info  [0m] checked VC inst... in 0.04s
[[34m  Info  [0m] Function: sort-steps--Found candidate invariant is not a real invariant! 
[[34m  Info  [0m] # of atomic predicates: 8 + 1
[[34m  Info  [0m] Candidate invariants
[[34m  Info  [0m] sort-steps-->(0 * l.size + 1 * res$211._2) + -8 <= 0
[[34m  Info  [0m] checked VC inst... in 0.041s
[[34m  Info  [0m] Function: sort-steps--Found candidate invariant is not a real invariant! 
[[34m  Info  [0m] # of atomic predicates: 14 + 9
[[34m  Info  [0m] Candidate invariants
[[34m  Info  [0m] sort-steps-->(-18 * l.size + 1 * res$211._2) + -7 <= 0
[[34m  Info  [0m] checked VC inst... in 0.015s
[[34m  Info  [0m] minimizing...
[[34m  Info  [0m] Candidate invariants
[[34m  Info  [0m] sort-steps-->(99 * l.size + 1 * res$211._2) + -119 <= 0
[[34m  Info  [0m] checked VC inst... in 0.024s
[[34m  Info  [0m] Function: sort-steps--Found candidate invariant is not a real invariant! 
[[34m  Info  [0m] # of atomic predicates: 15 + 23
[[34m  Info  [0m] Candidate invariants
[[34m  Info  [0m] sort-steps-->(-18 * l.size + 1 * res$211._2) + -7 <= 0
[[34m  Info  [0m] checked VC inst... in 0.012s
[[34m  Info  [0m] minimizing...
[[34m  Info  [0m] Candidate invariants
[[34m  Info  [0m] sort-steps-->(-15 * l.size + 1 * res$211._2) + -9 <= 0
[[34m  Info  [0m] checked VC inst... in 0.026s
[[34m  Info  [0m] Function: sort-steps--Found candidate invariant is not a real invariant! 
[[34m  Info  [0m] # of atomic predicates: 14 + 38
[[34m  Info  [0m] Candidate invariants
[[34m  Info  [0m] sort-steps-->(-18 * l.size + 1 * res$211._2) + -7 <= 0
[[34m  Info  [0m] checked VC inst... in 0.013s
[[34m  Info  [0m] minimizing...
[[34m  Info  [0m] Candidate invariants
[[34m  Info  [0m] sort-steps-->(-15 * l.size + 1 * res$211._2) + -10 <= 0
[[34m  Info  [0m] checked VC inst... in 0.015s
[[34m  Info  [0m] - Found inductive invariant: sort-steps --> (BigInt(-15) * l.size + steps) + BigInt(-10) <= BigInt(0)
[[34m  Info  [0m] - Verifying Invariants... 
[[34m  Info  [0m] - Invariant verified
[[34m  Info  [0m] - considering function concat-steps...
[[34m  Info  [0m] Candidate invariants
[[34m  Info  [0m] concat-steps-->1 * res$213._2 + 0 <= 0
[[34m  Info  [0m] checked VC inst... in 0.004s
[[34m  Info  [0m] Function: concat-steps--Found candidate invariant is not a real invariant! 
[[34m  Info  [0m] # of atomic predicates: 6 + 1
[[34m  Info  [0m] Candidate invariants
[[34m  Info  [0m] concat-steps-->1 * res$213._2 + -9 <= 0
[[34m  Info  [0m] checked VC inst... in 0.002s
[[34m  Info  [0m] minimizing...
[[34m  Info  [0m] Candidate invariants
[[34m  Info  [0m] concat-steps-->1 * res$213._2 + -7 <= 0
[[34m  Info  [0m] checked VC inst... in 0.002s
[[34m  Info  [0m] - Found inductive invariant: concat-steps --> steps + BigInt(-7) <= BigInt(0)
[[34m  Info  [0m] - Verifying Invariants... 
[[34m  Info  [0m] - Invariant verified
[[34m  Info  [0m] - considering function list-mem-steps...
[[34m  Info  [0m] - considering function kthMin-steps...
[[34m  Info  [0m] Candidate invariants
[[34m  Info  [0m] kthMin-steps-->((1 * x$2$20._2 + 0 * k) + 0 * mult(k, l.list-mem-steps(uiState)._1._1.size)) + 0 <= 0
[[34m  Info  [0m] checked VC inst... in 0.021s
[[34m  Info  [0m] Function: kthMin-steps--Found candidate invariant is not a real invariant! 
[[34m  Info  [0m] # of atomic predicates: 9 + 1
[[34m  Info  [0m] Candidate invariants
[[34m  Info  [0m] kthMin-steps-->((8 * x$2$20._2 + -1 * k) + 0 * mult(k, l.list-mem-steps(uiState)._1._1.size)) + -71 <= 0
[[34m  Info  [0m] checked VC inst... in 0.018s
[[34m  Info  [0m] Function: kthMin-steps--Found candidate invariant is not a real invariant! 
[[34m  Info  [0m] # of atomic predicates: 9 + 10
[[34m  Info  [0m] - More unrollings for invariant inference
[[34m  Info  [0m] Candidate invariants
[[34m  Info  [0m] kthMin-steps-->((1 * x$2$20._2 + 0 * k) + 0 * mult(k, l.list-mem-steps(uiState)._1._1.size)) + 0 <= 0
[[34m  Info  [0m] checked VC inst... in 0.022s
[[34m  Info  [0m] Function: kthMin-steps--Found candidate invariant is not a real invariant! 
[[34m  Info  [0m] # of atomic predicates: 16 + 1
[[34m  Info  [0m] Candidate invariants
[[34m  Info  [0m] kthMin-steps-->((8 * x$2$20._2 + -16 * k) + -8 * mult(k, l.list-mem-steps(uiState)._1._1.size)) + -65 <= 0
[[34m  Info  [0m] checked VC inst... in 0.025s
[[34m  Info  [0m] Function: kthMin-steps--Found candidate invariant is not a real invariant! 
[[34m  Info  [0m] # of atomic predicates: 15 + 17
[[34m  Info  [0m] - More unrollings for invariant inference
[[34m  Info  [0m] Candidate invariants
[[34m  Info  [0m] kthMin-steps-->((1 * x$2$20._2 + 0 * k) + 0 * mult(k, l.list-mem-steps(uiState)._1._1.size)) + 0 <= 0
[[34m  Info  [0m] checked VC inst... in 0.04s
[[34m  Info  [0m] Function: kthMin-steps--Found candidate invariant is not a real invariant! 
[[34m  Info  [0m] # of atomic predicates: 13 + 1
[[34m  Info  [0m] Candidate invariants
[[34m  Info  [0m] kthMin-steps-->((1 * x$2$20._2 + -2 * k) + 0 * mult(k, l.list-mem-steps(uiState)._1._1.size)) + -15 <= 0
[[34m  Info  [0m] checked VC inst... in 0.038s
[[34m  Info  [0m] Function: kthMin-steps--Found candidate invariant is not a real invariant! 
[[34m  Info  [0m] # of atomic predicates: 12 + 14
[[34m  Info  [0m] Candidate invariants
[[34m  Info  [0m] kthMin-steps-->((8 * x$2$20._2 + -168 * k) + 0 * mult(k, l.list-mem-steps(uiState)._1._1.size)) + -1 <= 0
[[34m  Info  [0m] checked VC inst... in 0.044s
[[34m  Info  [0m] Function: kthMin-steps--Found candidate invariant is not a real invariant! 
[[34m  Info  [0m] # of atomic predicates: 18 + 26
[[34m  Info  [0m] Candidate invariants
[[34m  Info  [0m] kthMin-steps-->((8 * x$2$20._2 + -168 * k) + -368 * mult(k, l.list-mem-steps(uiState)._1._1.size)) + -1 <= 0
[[34m  Info  [0m] checked VC inst... in 0.045s
[[34m  Info  [0m] Function: kthMin-steps--Found candidate invariant is not a real invariant! 
[[34m  Info  [0m] # of atomic predicates: 26 + 44
[[34m  Info  [0m] Candidate invariants
[[34m  Info  [0m] kthMin-steps-->((8 * x$2$20._2 + -320 * k) + -216 * mult(k, l.list-mem-steps(uiState)._1._1.size)) + -1 <= 0
[[34m  Info  [0m] checked VC inst... in 0.057s
[[34m  Info  [0m] Function: kthMin-steps--Found candidate invariant is not a real invariant! 
[[34m  Info  [0m] # of atomic predicates: 32 + 70
[[34m  Info  [0m] - More unrollings for invariant inference
[[34m  Info  [0m] Candidate invariants
[[34m  Info  [0m] kthMin-steps-->((1 * x$2$20._2 + 0 * k) + 0 * mult(k, l.list-mem-steps(uiState)._1._1.size)) + 0 <= 0
[[34m  Info  [0m] checked VC inst... in 0.103s
[[34m  Info  [0m] Function: kthMin-steps--Found candidate invariant is not a real invariant! 
[[34m  Info  [0m] # of atomic predicates: 13 + 1
[[34m  Info  [0m] Candidate invariants
[[34m  Info  [0m] kthMin-steps-->((1 * x$2$20._2 + -2 * k) + 0 * mult(k, l.list-mem-steps(uiState)._1._1.size)) + -12 <= 0
[[34m  Info  [0m] checked VC inst... in 0.099s
[[34m  Info  [0m] Function: kthMin-steps--Found candidate invariant is not a real invariant! 
[[34m  Info  [0m] # of atomic predicates: 12 + 14
[[34m  Info  [0m] Candidate invariants
[[34m  Info  [0m] kthMin-steps-->((8 * x$2$20._2 + -144 * k) + 0 * mult(k, l.list-mem-steps(uiState)._1._1.size)) + -1 <= 0
[[34m  Info  [0m] checked VC inst... in 0.115s
[[34m  Info  [0m] Function: kthMin-steps--Found candidate invariant is not a real invariant! 
[[34m  Info  [0m] # of atomic predicates: 32 + 26
[[34m  Info  [0m] Candidate invariants
[[34m  Info  [0m] kthMin-steps-->((8 * x$2$20._2 + -144 * k) + -112 * mult(k, l.list-mem-steps(uiState)._1._1.size)) + -1 <= 0
[[34m  Info  [0m] checked VC inst... in 0.134s
[[34m  Info  [0m] Function: kthMin-steps--Found candidate invariant is not a real invariant! 
[[34m  Info  [0m] # of atomic predicates: 19 + 58
[[34m  Info  [0m] Candidate invariants
[[34m  Info  [0m] kthMin-steps-->((8 * x$2$20._2 + -144 * k) + -376 * mult(k, l.list-mem-steps(uiState)._1._1.size)) + -1 <= 0
[[34m  Info  [0m] checked VC inst... in 0.067s
[[34m  Info  [0m] minimizing...
[[34m  Info  [0m] Candidate invariants
[[34m  Info  [0m] kthMin-steps-->((1 * x$2$20._2 + -20 * k) + 0 * mult(k, l.list-mem-steps(uiState)._1._1.size)) + -16 <= 0
[[34m  Info  [0m] checked VC inst... in 0.145s
[[34m  Info  [0m] Function: kthMin-steps--Found candidate invariant is not a real invariant! 
[[34m  Info  [0m] # of atomic predicates: 23 + 77
[[34m  Info  [0m] Candidate invariants
[[34m  Info  [0m] kthMin-steps-->((8 * x$2$20._2 + -128 * k) + -376 * mult(k, l.list-mem-steps(uiState)._1._1.size)) + -1 <= 0
[[34m  Info  [0m] checked VC inst... in 0.063s
[[34m  Info  [0m] minimizing...
[[34m  Info  [0m] Candidate invariants
[[34m  Info  [0m] kthMin-steps-->((1 * x$2$20._2 + -20 * k) + 0 * mult(k, l.list-mem-steps(uiState)._1._1.size)) + -31 <= 0
[[34m  Info  [0m] checked VC inst... in 0.099s
[[34m  Info  [0m] Function: kthMin-steps--Found candidate invariant is not a real invariant! 
[[34m  Info  [0m] # of atomic predicates: 32 + 100
[[34m  Info  [0m] Candidate invariants
[[34m  Info  [0m] kthMin-steps-->((8 * x$2$20._2 + -128 * k) + -168 * mult(k, l.list-mem-steps(uiState)._1._1.size)) + -1 <= 0
[[34m  Info  [0m] checked VC inst... in 0.069s
[[34m  Info  [0m] minimizing...
[[34m  Info  [0m] Candidate invariants
[[34m  Info  [0m] kthMin-steps-->((1 * x$2$20._2 + -38 * k) + 0 * mult(k, l.list-mem-steps(uiState)._1._1.size)) + -13 <= 0
[[34m  Info  [0m] checked VC inst... in 0.132s
[[34m  Info  [0m] Function: kthMin-steps--Found candidate invariant is not a real invariant! 
[[34m  Info  [0m] # of atomic predicates: 39 + 132
[[34m  Info  [0m] Candidate invariants
[[34m  Info  [0m] kthMin-steps-->((16 * x$2$20._2 + -832 * k) + -8 * mult(k, l.list-mem-steps(uiState)._1._1.size)) + -2 <= 0
[[34m  Info  [0m] checked VC inst... in 0.197s
[[34m  Info  [0m] Function: kthMin-steps--Found candidate invariant is not a real invariant! 
[[34m  Info  [0m] # of atomic predicates: 32 + 171
[[34m  Info  [0m] Candidate invariants
[[34m  Info  [0m] kthMin-steps-->((8 * x$2$20._2 + -168 * k) + -128 * mult(k, l.list-mem-steps(uiState)._1._1.size)) + -1 <= 0
[[34m  Info  [0m] checked VC inst... in 0.044s
[[34m  Info  [0m] minimizing...
[[34m  Info  [0m] Candidate invariants
[[34m  Info  [0m] kthMin-steps-->((1 * x$2$20._2 + -8 * k) + -15 * mult(k, l.list-mem-steps(uiState)._1._1.size)) + -13 <= 0
[[34m  Info  [0m] checked VC inst... in 0.051s
[[34m  Info  [0m] - Found inductive invariant: kthMin-steps --> ((steps + BigInt(-8) * k) + BigInt(-15) * (k * l.list-mem-steps(uiState)._1._1.size)) + BigInt(-13) <= BigInt(0)
[[34m  Info  [0m] - Verifying Invariants... 
[[34m  Info  [0m] - Invariant verified
Resource Verification Results: 
. â”Œâ”€â”€â”€â”€â”€â”€â”€â”€â”€â”
â•”â•â•¡ Summary â•žâ•â•â•â•â•â•â•â•â•â•â•â•â•â•â•â•â•â•â•â•â•â•â•â•â•â•â•â•â•â•â•â•â•â•â•â•â•â•â•â•â•â•â•â•â•â•â•â•â•â•â•â•â•â•â•â•â•—
â•‘ â””â”€â”€â”€â”€â”€â”€â”€â”€â”€â”˜                                                        â•‘
â•‘ concat          steps <= 7                                   0.202 â•‘
â•‘ kthMin          steps <= (15 * (k * l.size) + 8 * k) + 13    7.978 â•‘
â•‘ pullMin         steps <= 15 * l.size + 2                     1.980 â•‘
â•‘ sort            steps <= 15 * l.size + 10                    1.502 â•‘
â•Ÿâ”„â”„â”„â”„â”„â”„â”„â”„â”„â”„â”„â”„â”„â”„â”„â”„â”„â”„â”„â”„â”„â”„â”„â”„â”„â”„â”„â”„â”„â”„â”„â”„â”„â”„â”„â”„â”„â”„â”„â”„â”„â”„â”„â”„â”„â”„â”„â”„â”„â”„â”„â”„â”„â”„â”„â”„â”„â”„â”„â”„â”„â”„â”„â”„â”„â”„â”„â”„â•¢
â•‘ total: 4     inferred: 4     unknown: 0     time: 11.662           â•‘
â•šâ•â•â•â•â•â•â•â•â•â•â•â•â•â•â•â•â•â•â•â•â•â•â•â•â•â•â•â•â•â•â•â•â•â•â•â•â•â•â•â•â•â•â•â•â•â•â•â•â•â•â•â•â•â•â•â•â•â•â•â•â•â•â•â•â•â•â•â•â•
[[34m  Info  [0m] Stats dumped to file: LazySelectionSort-stats.txt
