[[33mWarning [0m] warning: there were 5 feature warnings; re-run with -feature for details
[[34m  Info  [0m] Output written on leon.out
[[34m  Info  [0m] Output written on leon.out
[[34m  Info  [0m]  - Now considering 'postcondition' VC for isConcrete$5 @?:?...
[[34m  Info  [0m]  => VALID
[[34m  Info  [0m]  - Now considering 'precond. (call c$23.tail-mem$3(uiState$2[T]))' VC for isConcrete$5 @?:?...
[[34m  Info  [0m]  => VALID
[[34m  Info  [0m]  - Now considering 'match exhaustiveness' VC for isConcrete$5 @?:?...
[[34m  Info  [0m]  => VALID
[[34m  Info  [0m]  - Now considering 'postcondition' VC for rotate$7 @?:?...
[[34m  Info  [0m]  => VALID
[[34m  Info  [0m]  - Now considering 'precond. (call c$24.tail-mem$3(st@))' VC for rotate$7 @?:?...
[[34m  Info  [0m]  => VALID
[[34m  Info  [0m]  - Now considering 'match exhaustiveness' VC for rotate$7 @?:?...
[[34m  Info  [0m]  => VALID
[[34m  Info  [0m]  - Now considering 'postcondition' VC for RotateL@rotatePre$1 @?:?...
[[34m  Info  [0m]  => VALID
[[34m  Info  [0m]  - Now considering 'precond. (call c$24.tail-mem$3(st@))' VC for RotateL@rotatePre$1 @?:?...
[[34m  Info  [0m]  => VALID
[[34m  Info  [0m]  - Now considering 'postcondition' VC for firstUnevaluated$5 @?:?...
[[34m  Info  [0m]  => VALID
[[34m  Info  [0m]  - Now considering 'precond. (call c$25.tail-mem$3(uiState$2[T]))' VC for firstUnevaluated$5 @?:?...
[[34m  Info  [0m]  => VALID
[[34m  Info  [0m]  - Now considering 'precond. (call c$26.tail-mem$3(st@))' VC for firstUnevaluated$5 @?:?...
[[34m  Info  [0m]  => VALID
[[34m  Info  [0m]  - Now considering 'match exhaustiveness' VC for firstUnevaluated$5 @?:?...
[[34m  Info  [0m]  => VALID
[[34m  Info  [0m]  - Now considering 'match exhaustiveness' VC for firstUnevaluated$5 @?:?...
[[34m  Info  [0m]  => VALID
[[34m  Info  [0m]  - Now considering 'postcondition' VC for empty$8 @?:?...
[[34m  Info  [0m]  => VALID
[[34m  Info  [0m]  - Now considering 'postcondition' VC for head$15 @?:?...
[[34m  Info  [0m]  => VALID
[[34m  Info  [0m]  - Now considering 'match exhaustiveness' VC for head$15 @?:?...
[[34m  Info  [0m]  => VALID
[[34m  Info  [0m]  - Now considering 'postcondition' VC for enqueue$5 @?:?...
[[34m  Info  [0m]  => VALID
[[34m  Info  [0m]  - Now considering 'precond. (call c$27.tail-mem$3(st@))' VC for enqueue$5 @?:?...
[[34m  Info  [0m]  => VALID
[[34m  Info  [0m]  - Now considering 'precond. (call rotate$7[T](q.f, a$229, SNil[T](), st@))' VC for enqueue$5 @?:?...
[[34m  Info  [0m]  => VALID
[[34m  Info  [0m]  - Now considering 'precond. (call funeMonotone$5[T](q.f, q.s, st@, res$216 ...)' VC for enqueue$5 @?:?...
[[34m  Info  [0m]  => VALID
[[34m  Info  [0m]  - Now considering 'match exhaustiveness' VC for enqueue$5 @?:?...
[[34m  Info  [0m]  => VALID
[[34m  Info  [0m]  - Now considering 'postcondition' VC for dequeue$5 @?:?...
[[34m  Info  [0m]  => VALID
[[34m  Info  [0m]  - Now considering 'precond. (call c$28.tail-mem$3(st@))' VC for dequeue$5 @?:?...
[[34m  Info  [0m]  => VALID
[[34m  Info  [0m]  - Now considering 'precond. (call c$29.tail-mem$3(a$233._2))' VC for dequeue$5 @?:?...
[[34m  Info  [0m]  => VALID
[[34m  Info  [0m]  - Now considering 'precond. (call rotate$7[T](dres$10._1, q.r, SNil[T](),  ...)' VC for dequeue$5 @?:?...
[[34m  Info  [0m]  => VALID
[[34m  Info  [0m]  - Now considering 'precond. (call funeMonotone$5[T](q.f, q.s, st@, res$217 ...)' VC for dequeue$5 @?:?...
[[34m  Info  [0m]  => VALID
[[34m  Info  [0m]  - Now considering 'match exhaustiveness' VC for dequeue$5 @?:?...
[[34m  Info  [0m]  => VALID
[[34m  Info  [0m]  - Now considering 'match exhaustiveness' VC for dequeue$5 @?:?...
[[34m  Info  [0m]  => VALID
[[34m  Info  [0m]  - Now considering 'tact (postcondition)' VC for funeCompose$5 @?:?...
[[34m  Info  [0m]  => VALID
[[34m  Info  [0m]  - Now considering 'tact (precond. (call funeCompose-VCTact[T](c.tail-mem$3(uiSta ...))' VC for funeCompose$5 @?:?...
[[34m  Info  [0m]  => VALID
[[34m  Info  [0m]  - Now considering 'tact (precond. (call c.tail-mem$3(uiState$2[T])))' VC for funeCompose$5 @?:?...
[[34m  Info  [0m]  => VALID
[[34m  Info  [0m]  - Now considering 'tact (match exhaustiveness)' VC for funeCompose$5 @?:?...
[[34m  Info  [0m]  => VALID
[[34m  Info  [0m]  - Now considering 'postcondition' VC for funeMonotone$5 @?:?...
[[34m  Info  [0m]  => VALID
[[34m  Info  [0m]  - Now considering 'precond. (call funeCompose$5[T](l1, st1, st2))' VC for funeMonotone$5 @?:?...
[[34m  Info  [0m]  => VALID
[[34m  Info  [0m]  - Now considering 'precond. (call funeCompose$5[T](l2, st1, st2))' VC for funeMonotone$5 @?:?...
[[34m  Info  [0m]  => VALID
[[34m  Info  [0m]  - Now considering 'postcondition' VC for size$10 @?:?...
[[34m  Info  [0m]  => VALID
[[34m  Info  [0m]  - Now considering 'precond. (call c$30.tail-mem$3(uiState$2[T]))' VC for size$10 @?:?...
[[34m  Info  [0m]  => VALID
[[34m  Info  [0m]  - Now considering 'match exhaustiveness' VC for size$10 @?:?...
[[34m  Info  [0m]  => VALID
[[34m  Info  [0m]  - Now considering 'postcondition' VC for tail-mem$3 @?:?...
[[34m  Info  [0m]  => VALID
[[34m  Info  [0m]  - Now considering 'match exhaustiveness' VC for tail-mem$3 @?:?...
[[34m  Info  [0m]  => VALID
[[34m  Info  [0m]  - Now considering 'postcondition' VC for valid$6 @?:?...
[[34m  Info  [0m]  => VALID
  â”Œâ”€â”€â”€â”€â”€â”€â”€â”€â”€â”€â”€â”€â”€â”€â”€â”€â”€â”€â”€â”€â”€â”€â”
â•”â•â•¡ Verification Summary â•â•â•â•â•â•â•â•â•â•â•â•â•â•â•â•â•â•â•â•â•â•â•â•â•â•â•â•â•â•â•â•â•â•â•â•â•â•â•â•â•â•â•â•â•â•â•â•â•â•â•â•â•â•â•â•â•â•â•â•â•â•â•â•â•â•â•â•â•â•â•â•â•â•â•â•â•â•â•â•â•â•â•â•â•â•â•â•â•â•â•â•â•â•â•â•â•â•â•â•â•â•â•â•â•â•â•â•â•â•â•â•â•â•â•â•â•â•â•â•â•â•—
â•‘ â””â”€â”€â”€â”€â”€â”€â”€â”€â”€â”€â”€â”€â”€â”€â”€â”€â”€â”€â”€â”€â”€â”€â”˜                                                                                                                        â•‘
â•‘ RealTimeQueue.RotateL@rotatePre$1  postcondition                                                        ?:?  valid  U:orb-smt-z3          0.353 â•‘
â•‘ RealTimeQueue.RotateL@rotatePre$1  precond. (call c$24.tail-mem$3(st@))                                 ?:?  valid  U:orb-smt-z3          0.098 â•‘
â•‘ RealTimeQueue.dequeue$5            match exhaustiveness                                                 ?:?  valid  U:orb-smt-z3          0.050 â•‘
â•‘ RealTimeQueue.dequeue$5            match exhaustiveness                                                 ?:?  valid  U:orb-smt-z3          0.052 â•‘
â•‘ RealTimeQueue.dequeue$5            postcondition                                                        ?:?  valid  U:orb-smt-z3          2.003 â•‘
â•‘ RealTimeQueue.dequeue$5            precond. (call c$28.tail-mem$3(st@))                                 ?:?  valid  U:orb-smt-z3          0.092 â•‘
â•‘ RealTimeQueue.dequeue$5            precond. (call c$29.tail-mem$3(a$233._2))                            ?:?  valid  U:orb-smt-z3          0.060 â•‘
â•‘ RealTimeQueue.dequeue$5            precond. (call funeMonotone$5[T](q.f, q.s, st@, res$217 ...)         ?:?  valid  U:orb-smt-z3          0.163 â•‘
â•‘ RealTimeQueue.dequeue$5            precond. (call rotate$7[T](dres$10._1, q.r, SNil[T](),  ...)         ?:?  valid  U:orb-smt-orb-cvc4    0.461 â•‘
â•‘ RealTimeQueue.empty$8              postcondition                                                        ?:?  valid  U:orb-smt-z3          0.030 â•‘
â•‘ RealTimeQueue.enqueue$5            match exhaustiveness                                                 ?:?  valid  U:orb-smt-z3          0.051 â•‘
â•‘ RealTimeQueue.enqueue$5            postcondition                                                        ?:?  valid  U:orb-smt-orb-cvc4    1.238 â•‘
â•‘ RealTimeQueue.enqueue$5            precond. (call c$27.tail-mem$3(st@))                                 ?:?  valid  U:orb-smt-z3          0.071 â•‘
â•‘ RealTimeQueue.enqueue$5            precond. (call funeMonotone$5[T](q.f, q.s, st@, res$216 ...)         ?:?  valid  U:orb-smt-z3          0.177 â•‘
â•‘ RealTimeQueue.enqueue$5            precond. (call rotate$7[T](q.f, a$229, SNil[T](), st@))              ?:?  valid  U:orb-smt-z3          0.090 â•‘
â•‘ RealTimeQueue.firstUnevaluated$5   match exhaustiveness                                                 ?:?  valid  U:orb-smt-z3          0.059 â•‘
â•‘ RealTimeQueue.firstUnevaluated$5   match exhaustiveness                                                 ?:?  valid  U:orb-smt-z3          0.040 â•‘
â•‘ RealTimeQueue.firstUnevaluated$5   postcondition                                                        ?:?  valid  U:orb-smt-z3          0.215 â•‘
â•‘ RealTimeQueue.firstUnevaluated$5   precond. (call c$25.tail-mem$3(uiState$2[T]))                        ?:?  valid  U:orb-smt-z3          0.040 â•‘
â•‘ RealTimeQueue.firstUnevaluated$5   precond. (call c$26.tail-mem$3(st@))                                 ?:?  valid  U:orb-smt-z3          0.066 â•‘
â•‘ RealTimeQueue.funeCompose$5        tact (match exhaustiveness)                                          ?:?  valid  U:orb-smt-z3          0.042 â•‘
â•‘ RealTimeQueue.funeCompose$5        tact (postcondition)                                                 ?:?  valid  U:orb-smt-orb-cvc4    0.168 â•‘
â•‘ RealTimeQueue.funeCompose$5        tact (precond. (call c.tail-mem$3(uiState$2[T])))                    ?:?  valid  U:orb-smt-z3          0.045 â•‘
â•‘ RealTimeQueue.funeCompose$5        tact (precond. (call funeCompose-VCTact[T](c.tail-mem$3(uiSta ...))  ?:?  valid  U:orb-smt-z3          0.037 â•‘
â•‘ RealTimeQueue.funeMonotone$5       postcondition                                                        ?:?  valid  U:orb-smt-z3          0.127 â•‘
â•‘ RealTimeQueue.funeMonotone$5       precond. (call funeCompose$5[T](l1, st1, st2))                       ?:?  valid  U:orb-smt-z3          0.056 â•‘
â•‘ RealTimeQueue.funeMonotone$5       precond. (call funeCompose$5[T](l2, st1, st2))                       ?:?  valid  U:orb-smt-z3          0.059 â•‘
â•‘ RealTimeQueue.head$15              match exhaustiveness                                                 ?:?  valid  U:orb-smt-z3          0.069 â•‘
â•‘ RealTimeQueue.head$15              postcondition                                                        ?:?  valid  U:orb-smt-z3          0.102 â•‘
â•‘ RealTimeQueue.isConcrete$5         match exhaustiveness                                                 ?:?  valid  U:orb-smt-z3          0.039 â•‘
â•‘ RealTimeQueue.isConcrete$5         postcondition                                                        ?:?  valid  U:orb-smt-z3          0.279 â•‘
â•‘ RealTimeQueue.isConcrete$5         precond. (call c$23.tail-mem$3(uiState$2[T]))                        ?:?  valid  U:orb-smt-z3          0.048 â•‘
â•‘ RealTimeQueue.rotate$7             match exhaustiveness                                                 ?:?  valid  U:orb-smt-z3          0.108 â•‘
â•‘ RealTimeQueue.rotate$7             postcondition                                                        ?:?  valid  U:orb-smt-orb-cvc4   11.037 â•‘
â•‘ RealTimeQueue.rotate$7             precond. (call c$24.tail-mem$3(st@))                                 ?:?  valid  U:orb-smt-z3          0.075 â•‘
â•‘ Stream.size$10                     match exhaustiveness                                                 ?:?  valid  U:orb-smt-z3          0.030 â•‘
â•‘ Stream.size$10                     postcondition                                                        ?:?  valid  U:orb-smt-z3          0.073 â•‘
â•‘ Stream.size$10                     precond. (call c$30.tail-mem$3(uiState$2[T]))                        ?:?  valid  U:orb-smt-orb-cvc4    0.031 â•‘
â•‘ Stream.tail-mem$3                  match exhaustiveness                                                 ?:?  valid  U:orb-smt-orb-cvc4    0.029 â•‘
â•‘ Stream.tail-mem$3                  postcondition                                                        ?:?  valid  U:orb-smt-z3          0.073 â•‘
â•‘ Queue.valid$6                      postcondition                                                        ?:?  valid  U:orb-smt-z3          0.048 â•‘
â•Ÿâ”„â”„â”„â”„â”„â”„â”„â”„â”„â”„â”„â”„â”„â”„â”„â”„â”„â”„â”„â”„â”„â”„â”„â”„â”„â”„â”„â”„â”„â”„â”„â”„â”„â”„â”„â”„â”„â”„â”„â”„â”„â”„â”„â”„â”„â”„â”„â”„â”„â”„â”„â”„â”„â”„â”„â”„â”„â”„â”„â”„â”„â”„â”„â”„â”„â”„â”„â”„â”„â”„â”„â”„â”„â”„â”„â”„â”„â”„â”„â”„â”„â”„â”„â”„â”„â”„â”„â”„â”„â”„â”„â”„â”„â”„â”„â”„â”„â”„â”„â”„â”„â”„â”„â”„â”„â”„â”„â”„â”„â”„â”„â”„â”„â”„â”„â”„â”„â”„â”„â”„â”„â”„â”„â”„â”„â”„â”„â”„â”„â”„â”„â”„â”„â”„â”„â”„â”„â”„â”„â”„â”„â”„â”„â”„â”„â•¢
â•‘ total: 41     valid: 41     invalid: 0      unknown 0                                                                                    17.984 â•‘
â•šâ•â•â•â•â•â•â•â•â•â•â•â•â•â•â•â•â•â•â•â•â•â•â•â•â•â•â•â•â•â•â•â•â•â•â•â•â•â•â•â•â•â•â•â•â•â•â•â•â•â•â•â•â•â•â•â•â•â•â•â•â•â•â•â•â•â•â•â•â•â•â•â•â•â•â•â•â•â•â•â•â•â•â•â•â•â•â•â•â•â•â•â•â•â•â•â•â•â•â•â•â•â•â•â•â•â•â•â•â•â•â•â•â•â•â•â•â•â•â•â•â•â•â•â•â•â•â•â•â•â•â•â•â•â•â•â•â•â•â•â•â•â•â•â•â•â•
[[34m  Info  [0m] Output written on leon.out
[[34m  Info  [0m] - considering function rotate-steps...
[[34m  Info  [0m] Candidate invariants
[[34m  Info  [0m] rotate-steps-->1 * res$219._2 + 0 <= 0
[[34m  Info  [0m] checked VC inst... in 0.009s
[[34m  Info  [0m] Function: rotate-steps--Found candidate invariant is not a real invariant! 
[[34m  Info  [0m] # of atomic predicates: 9 + 1
[[34m  Info  [0m] Candidate invariants
[[34m  Info  [0m] rotate-steps-->1 * res$219._2 + -13 <= 0
[[34m  Info  [0m] checked VC inst... in 0.009s
[[34m  Info  [0m] Function: rotate-steps--Found candidate invariant is not a real invariant! 
[[34m  Info  [0m] # of atomic predicates: 9 + 10
[[34m  Info  [0m] - More unrollings for invariant inference
[[34m  Info  [0m] Candidate invariants
[[34m  Info  [0m] rotate-steps-->1 * res$219._2 + 0 <= 0
[[34m  Info  [0m] checked VC inst... in 0.015s
[[34m  Info  [0m] Function: rotate-steps--Found candidate invariant is not a real invariant! 
[[34m  Info  [0m] # of atomic predicates: 6 + 1
[[34m  Info  [0m] Candidate invariants
[[34m  Info  [0m] rotate-steps-->1 * res$219._2 + -13 <= 0
[[34m  Info  [0m] checked VC inst... in 0.01s
[[34m  Info  [0m] Function: rotate-steps--Found candidate invariant is not a real invariant! 
[[34m  Info  [0m] # of atomic predicates: 10 + 7
[[34m  Info  [0m] Candidate invariants
[[34m  Info  [0m] rotate-steps-->1 * res$219._2 + -23 <= 0
[[34m  Info  [0m] checked VC inst... in 0.003s
[[34m  Info  [0m] minimizing...
[[34m  Info  [0m] Candidate invariants
[[34m  Info  [0m] rotate-steps-->1 * res$219._2 + -22 <= 0
[[34m  Info  [0m] checked VC inst... in 0.002s
[[34m  Info  [0m] - Found inductive invariant: rotate-steps --> steps + BigInt(-22) <= BigInt(0)
[[34m  Info  [0m] - Verifying Invariants... 
[[34m  Info  [0m] - Invariant verified
[[34m  Info  [0m] - considering function tail-mem-steps...
[[34m  Info  [0m] - considering function enqueue-steps...
[[34m  Info  [0m] Candidate invariants
[[34m  Info  [0m] enqueue-steps-->1 * res$220._2 + 0 <= 0
[[34m  Info  [0m] checked VC inst... in 0.013s
[[34m  Info  [0m] Function: enqueue-steps--Found candidate invariant is not a real invariant! 
[[34m  Info  [0m] # of atomic predicates: 6 + 1
[[34m  Info  [0m] Candidate invariants
[[34m  Info  [0m] enqueue-steps-->1 * res$220._2 + -10 <= 0
[[34m  Info  [0m] checked VC inst... in 0.01s
[[34m  Info  [0m] Function: enqueue-steps--Found candidate invariant is not a real invariant! 
[[34m  Info  [0m] # of atomic predicates: 6 + 7
[[34m  Info  [0m] - More unrollings for invariant inference
[[34m  Info  [0m] Candidate invariants
[[34m  Info  [0m] enqueue-steps-->1 * res$220._2 + 0 <= 0
[[34m  Info  [0m] checked VC inst... in 0.025s
[[34m  Info  [0m] Function: enqueue-steps--Found candidate invariant is not a real invariant! 
[[34m  Info  [0m] # of atomic predicates: 14 + 1
[[34m  Info  [0m] Candidate invariants
[[34m  Info  [0m] enqueue-steps-->1 * res$220._2 + -35 <= 0
[[34m  Info  [0m] checked VC inst... in 0.02s
[[34m  Info  [0m] Function: enqueue-steps--Found candidate invariant is not a real invariant! 
[[34m  Info  [0m] # of atomic predicates: 12 + 15
[[34m  Info  [0m] - More unrollings for invariant inference
[[34m  Info  [0m] Candidate invariants
[[34m  Info  [0m] enqueue-steps-->1 * res$220._2 + 0 <= 0
[[34m  Info  [0m] checked VC inst... in 0.331s
[[34m  Info  [0m] Function: enqueue-steps--Found candidate invariant is not a real invariant! 
[[34m  Info  [0m] # of atomic predicates: 9 + 1
[[34m  Info  [0m] Candidate invariants
[[34m  Info  [0m] enqueue-steps-->1 * res$220._2 + -10 <= 0
[[34m  Info  [0m] checked VC inst... in 0.316s
[[34m  Info  [0m] Function: enqueue-steps--Found candidate invariant is not a real invariant! 
[[34m  Info  [0m] # of atomic predicates: 10 + 10
[[34m  Info  [0m] Candidate invariants
[[34m  Info  [0m] enqueue-steps-->1 * res$220._2 + -16 <= 0
[[34m  Info  [0m] checked VC inst... in 0.314s
[[34m  Info  [0m] Function: enqueue-steps--Found candidate invariant is not a real invariant! 
[[34m  Info  [0m] # of atomic predicates: 12 + 20
[[34m  Info  [0m] Candidate invariants
[[34m  Info  [0m] enqueue-steps-->1 * res$220._2 + -38 <= 0
[[34m  Info  [0m] checked VC inst... in 0.018s
[[34m  Info  [0m] minimizing...
[[34m  Info  [0m] Candidate invariants
[[34m  Info  [0m] enqueue-steps-->1 * res$220._2 + -37 <= 0
[[34m  Info  [0m] checked VC inst... in 0.016s
[[34m  Info  [0m] - Found inductive invariant: enqueue-steps --> steps + BigInt(-37) <= BigInt(0)
[[34m  Info  [0m] - Verifying Invariants... 
[[34m  Info  [0m] - Invariant verified
[[34m  Info  [0m] - considering function dequeue-steps...
[[34m  Info  [0m] Candidate invariants
[[34m  Info  [0m] dequeue-steps-->1 * res$224._2 + 0 <= 0
[[34m  Info  [0m] checked VC inst... in 0.015s
[[34m  Info  [0m] Function: dequeue-steps--Found candidate invariant is not a real invariant! 
[[34m  Info  [0m] # of atomic predicates: 6 + 1
[[34m  Info  [0m] Candidate invariants
[[34m  Info  [0m] dequeue-steps-->1 * res$224._2 + -13 <= 0
[[34m  Info  [0m] checked VC inst... in 0.015s
[[34m  Info  [0m] Function: dequeue-steps--Found candidate invariant is not a real invariant! 
[[34m  Info  [0m] # of atomic predicates: 6 + 7
[[34m  Info  [0m] - More unrollings for invariant inference
[[34m  Info  [0m] Candidate invariants
[[34m  Info  [0m] dequeue-steps-->1 * res$224._2 + 0 <= 0
[[34m  Info  [0m] checked VC inst... in 0.042s
[[34m  Info  [0m] Function: dequeue-steps--Found candidate invariant is not a real invariant! 
[[34m  Info  [0m] # of atomic predicates: 16 + 1
[[34m  Info  [0m] Candidate invariants
[[34m  Info  [0m] dequeue-steps-->1 * res$224._2 + -38 <= 0
[[34m  Info  [0m] checked VC inst... in 0.062s
[[34m  Info  [0m] Function: dequeue-steps--Found candidate invariant is not a real invariant! 
[[34m  Info  [0m] # of atomic predicates: 16 + 17
[[34m  Info  [0m] - More unrollings for invariant inference
[[34m  Info  [0m] Candidate invariants
[[34m  Info  [0m] dequeue-steps-->1 * res$224._2 + 0 <= 0
[[34m  Info  [0m] checked VC inst... in 0.382s
[[34m  Info  [0m] Function: dequeue-steps--Found candidate invariant is not a real invariant! 
[[34m  Info  [0m] # of atomic predicates: 7 + 1
[[34m  Info  [0m] Candidate invariants
[[34m  Info  [0m] dequeue-steps-->1 * res$224._2 + -38 <= 0
[[34m  Info  [0m] checked VC inst... in 0.514s
[[34m  Info  [0m] Function: dequeue-steps--Found candidate invariant is not a real invariant! 
[[34m  Info  [0m] # of atomic predicates: 10 + 8
[[34m  Info  [0m] - More unrollings for invariant inference
[[34m  Info  [0m] Candidate invariants
[[34m  Info  [0m] dequeue-steps-->1 * res$224._2 + 0 <= 0
[[34m  Info  [0m] checked VC inst... in 3.002s
[[34m  Info  [0m] Function: dequeue-steps--Found candidate invariant is not a real invariant! 
[[34m  Info  [0m] # of atomic predicates: 9 + 1
[[34m  Info  [0m] Candidate invariants
[[34m  Info  [0m] dequeue-steps-->1 * res$224._2 + -38 <= 0
[[34m  Info  [0m] checked VC inst... in 15.032s
[[34m  Info  [0m] VC solving failed!...retrying with a bigger model...
[[34m  Info  [0m] # of atomic predicates: 2 + 10
[[34m  Info  [0m] Candidate invariants
[[34m  Info  [0m] dequeue-steps-->1 * res$224._2 + -77 <= 0
[[34m  Info  [0m] checked VC inst... in 0.204s
[[34m  Info  [0m] minimizing...
[[34m  Info  [0m] Candidate invariants
[[34m  Info  [0m] dequeue-steps-->1 * res$224._2 + -39 <= 0
[[34m  Info  [0m] checked VC inst... in 15.021s
[[34m  Info  [0m] VC solving failed during minimization!...continuing search with bigger model...
[[34m  Info  [0m] # of atomic predicates: 2 + 11
[[34m  Info  [0m] Candidate invariants
[[34m  Info  [0m] dequeue-steps-->1 * res$224._2 + -59 <= 0
[[34m  Info  [0m] checked VC inst... in 0.165s
[[34m  Info  [0m] minimizing...
[[34m  Info  [0m] Candidate invariants
[[34m  Info  [0m] dequeue-steps-->1 * res$224._2 + -40 <= 0
[[34m  Info  [0m] checked VC inst... in 0.1s
[[34m  Info  [0m] - Found inductive invariant: dequeue-steps --> steps + BigInt(-40) <= BigInt(0)
[[34m  Info  [0m] - Verifying Invariants... 
[[34m  Info  [0m] - Invariant verified
Resource Verification Results: 
. â”Œâ”€â”€â”€â”€â”€â”€â”€â”€â”€â”
â•”â•â•¡ Summary â•â•â•â•â•â•â•â•â•â•â•â•â•â•â•â•â•â•â•â•â•â•â•â•â•â•â•â•â•â•â•â•â•â•â•â•â•â•â•â•â•â•â•â•â•â•â•â•—
â•‘ â””â”€â”€â”€â”€â”€â”€â”€â”€â”€â”˜                                              â•‘
â•‘ dequeue         steps <= 40    36.630                    â•‘
â•‘ enqueue         steps <= 37    2.309                     â•‘
â•‘ rotate          steps <= 22    0.653                     â•‘
â•Ÿâ”„â”„â”„â”„â”„â”„â”„â”„â”„â”„â”„â”„â”„â”„â”„â”„â”„â”„â”„â”„â”„â”„â”„â”„â”„â”„â”„â”„â”„â”„â”„â”„â”„â”„â”„â”„â”„â”„â”„â”„â”„â”„â”„â”„â”„â”„â”„â”„â”„â”„â”„â”„â”„â”„â”„â”„â”„â”„â•¢
â•‘ total: 3     inferred: 3     unknown: 0     time: 39.592 â•‘
â•šâ•â•â•â•â•â•â•â•â•â•â•â•â•â•â•â•â•â•â•â•â•â•â•â•â•â•â•â•â•â•â•â•â•â•â•â•â•â•â•â•â•â•â•â•â•â•â•â•â•â•â•â•â•â•â•â•â•â•â•
[[34m  Info  [0m] Stats dumped to file: RealTimeQueue-stats.txt
