[[33mWarning [0m] warning: there were two feature warnings; re-run with -feature for details
[[34m  Info  [0m]  - Now considering 'postcondition' VC for deps$5 @?:?...
[[34m  Info  [0m]  => VALID
[[34m  Info  [0m]  - Now considering 'precond. (call deps$5(i, j - BigInt(1), st@))' VC for deps$5 @?:?...
[[34m  Info  [0m]  => VALID
[[34m  Info  [0m]  - Now considering 'precond. (call deps$5(i - BigInt(1), j, st@))' VC for deps$5 @?:?...
[[34m  Info  [0m]  => VALID
[[34m  Info  [0m]  - Now considering 'precond. (call deps$5(i - BigInt(1), j, st@))' VC for deps$5 @?:?...
[[34m  Info  [0m]  => VALID
[[34m  Info  [0m]  - Now considering 'precond. (call deps$5(i, j - BigInt(1), st@))' VC for deps$5 @?:?...
[[34m  Info  [0m]  => VALID
[[34m  Info  [0m]  - Now considering 'tact (postcondition)' VC for depsMono$5 @?:?...
[[34m  Info  [0m]  => VALID
[[34m  Info  [0m]  - Now considering 'tact (precond. (call depsMono-VCTact(i, j - BigInt(1), st1, s ...))' VC for depsMono$5 @?:?...
[[34m  Info  [0m]  => VALID
[[34m  Info  [0m]  - Now considering 'tact (precond. (call depsMono-VCTact(i - BigInt(1), j, st1, s ...))' VC for depsMono$5 @?:?...
[[34m  Info  [0m]  => VALID
[[34m  Info  [0m]  - Now considering 'tact (precond. (call depsMono-VCTact(i - BigInt(1), j, st1, s ...))' VC for depsMono$5 @?:?...
[[34m  Info  [0m]  => VALID
[[34m  Info  [0m]  - Now considering 'tact (precond. (call depsMono-VCTact(i, j - BigInt(1), st1, s ...))' VC for depsMono$5 @?:?...
[[34m  Info  [0m]  => VALID
[[34m  Info  [0m]  - Now considering 'tact (precond. (call deps$5(i, j, st1)))' VC for depsMono$5 @?:?...
[[34m  Info  [0m]  => VALID
[[34m  Info  [0m]  - Now considering 'tact (precond. (call deps$5(i, j, st2)))' VC for depsMono$5 @?:?...
[[34m  Info  [0m]  => VALID
[[34m  Info  [0m]  - Now considering 'precond. (call deps$5(i, j, st1))' VC for depsMono$5 @?:?...
[[34m  Info  [0m]  => VALID
[[34m  Info  [0m]  - Now considering 'precond. (call deps$5(i, j, st2))' VC for depsMono$5 @?:?...
[[34m  Info  [0m]  => VALID
[[34m  Info  [0m]  - Now considering 'tact (postcondition)' VC for depsLem$5 @?:?...
[[34m  Info  [0m]  => VALID
[[34m  Info  [0m]  - Now considering 'tact (precond. (call depsLem-VCTact(i, j, m, n - BigInt(1), s ...))' VC for depsLem$5 @?:?...
[[34m  Info  [0m]  => VALID
[[34m  Info  [0m]  - Now considering 'tact (precond. (call depsLem-VCTact(i, j, m - BigInt(1), n, s ...))' VC for depsLem$5 @?:?...
[[34m  Info  [0m]  => VALID
[[34m  Info  [0m]  - Now considering 'tact (precond. (call depsLem-VCTact(i, j, m - BigInt(1), n, s ...))' VC for depsLem$5 @?:?...
[[34m  Info  [0m]  => VALID
[[34m  Info  [0m]  - Now considering 'tact (precond. (call depsLem-VCTact(i, j, m, n - BigInt(1), s ...))' VC for depsLem$5 @?:?...
[[34m  Info  [0m]  => VALID
[[34m  Info  [0m]  - Now considering 'tact (precond. (call deps$5(m, n, st@)))' VC for depsLem$5 @?:?...
[[34m  Info  [0m]  => VALID
[[34m  Info  [0m]  - Now considering 'tact (precond. (call deps$5(i, j, st@)))' VC for depsLem$5 @?:?...
[[34m  Info  [0m]  => VALID
[[34m  Info  [0m]  - Now considering 'precond. (call deps$5(m, n, st@))' VC for depsLem$5 @?:?...
[[34m  Info  [0m]  => VALID
[[34m  Info  [0m]  - Now considering 'precond. (call deps$5(i, j, st@))' VC for depsLem$5 @?:?...
[[34m  Info  [0m]  => VALID
[[34m  Info  [0m]  - Now considering 'postcondition' VC for lcs-mem$3 @?:?...
[[34m  Info  [0m]  => VALID
[[34m  Info  [0m]  - Now considering 'precond. (call deps$5(i - BigInt(1), j, st@))' VC for lcs-mem$3 @?:?...
[[34m  Info  [0m]  => VALID
[[34m  Info  [0m]  - Now considering 'precond. (call deps$5(i, j - BigInt(1), st@))' VC for lcs-mem$3 @?:?...
[[34m  Info  [0m]  => VALID
[[34m  Info  [0m]  - Now considering 'precond. (call lcs-mem$3(a$179, a$178, st@))' VC for lcs-mem$3 @?:?...
[[34m  Info  [0m]  => VALID
[[34m  Info  [0m]  - Now considering 'precond. (call lcs-mem$3(a$175, j, st@))' VC for lcs-mem$3 @?:?...
[[34m  Info  [0m]  => VALID
[[34m  Info  [0m]  - Now considering 'precond. (call lcs-mem$3(i, a$176, dres$0._2 ++ Set[Mem ...)' VC for lcs-mem$3 @?:?...
[[34m  Info  [0m]  => VALID
[[34m  Info  [0m]  - Now considering 'match exhaustiveness' VC for lcs-mem$3 @?:?...
[[34m  Info  [0m]  => VALID
[[34m  Info  [0m]  - Now considering 'postcondition' VC for invoke$5 @?:?...
[[34m  Info  [0m]  => VALID
[[34m  Info  [0m]  - Now considering 'precond. (call deps$5(i - BigInt(1), j, st@))' VC for invoke$5 @?:?...
[[34m  Info  [0m]  => VALID
[[34m  Info  [0m]  - Now considering 'precond. (call deps$5(i, j - BigInt(1), st@))' VC for invoke$5 @?:?...
[[34m  Info  [0m]  => VALID
[[34m  Info  [0m]  - Now considering 'precond. (call lcs-mem$3(i, j, st@))' VC for invoke$5 @?:?...
[[34m  Info  [0m]  => VALID
[[34m  Info  [0m]  - Now considering 'precond. (call depsMono$5(i - BigInt(1), j, st@, out$1))' VC for invoke$5 @?:?...
[[34m  Info  [0m]  => VALID
[[34m  Info  [0m]  - Now considering 'precond. (call depsMono$5(i - BigInt(1), n, st@, out$1))' VC for invoke$5 @?:?...
[[34m  Info  [0m]  => VALID
[[34m  Info  [0m]  - Now considering 'precond. (call depsMono$5(i, j - BigInt(1), st@, out$1))' VC for invoke$5 @?:?...
[[34m  Info  [0m]  => VALID
[[34m  Info  [0m]  - Now considering 'precond. (call deps$5(i, j, res._2))' VC for invoke$5 @?:?...
[[34m  Info  [0m]  => VALID
[[34m  Info  [0m]  - Now considering 'postcondition' VC for bottomup$5 @?:?...
[[34m  Info  [0m]  => VALID
[[34m  Info  [0m]  - Now considering 'precond. (call invoke$5(m, j, n, st@))' VC for bottomup$5 @?:?...
[[34m  Info  [0m]  => VALID
[[34m  Info  [0m]  - Now considering 'precond. (call bottomup$5(m - BigInt(1), n, n, st@))' VC for bottomup$5 @?:?...
[[34m  Info  [0m]  => VALID
[[34m  Info  [0m]  - Now considering 'precond. (call invoke$5(m, j, n, tail$18._2))' VC for bottomup$5 @?:?...
[[34m  Info  [0m]  => VALID
[[34m  Info  [0m]  - Now considering 'precond. (call bottomup$5(m, j - BigInt(1), n, st@))' VC for bottomup$5 @?:?...
[[34m  Info  [0m]  => VALID
[[34m  Info  [0m]  - Now considering 'precond. (call invoke$5(m, j, n, tail$17._2))' VC for bottomup$5 @?:?...
[[34m  Info  [0m]  => VALID
[[34m  Info  [0m]  - Now considering 'precond. (call bottomUpPost$5(m, j, n, x$4$7._2))' VC for bottomup$5 @?:?...
[[34m  Info  [0m]  => VALID
[[34m  Info  [0m]  - Now considering 'postcondition' VC for bottomUpPost$5 @?:?...
[[34m  Info  [0m]  => VALID
[[34m  Info  [0m]  - Now considering 'precond. (call deps$5(m - BigInt(1), n, st@))' VC for bottomUpPost$5 @?:?...
[[34m  Info  [0m]  => VALID
[[34m  Info  [0m]  - Now considering 'precond. (call depsLem$5(m - BigInt(1), j + BigInt(1),  ...)' VC for bottomUpPost$5 @?:?...
[[34m  Info  [0m]  => VALID
[[34m  Info  [0m]  - Now considering 'precond. (call deps$5(m, j, st@))' VC for bottomUpPost$5 @?:?...
[[34m  Info  [0m]  => VALID
[[34m  Info  [0m]  - Now considering 'precond. (call depsLem$5(m, BigInt(0), m, j, st@))' VC for bottomUpPost$5 @?:?...
[[34m  Info  [0m]  => VALID
[[34m  Info  [0m]  - Now considering 'postcondition' VC for lcsSols$5 @?:?...
[[34m  Info  [0m]  => VALID
[[34m  Info  [0m]  - Now considering 'precond. (call bottomup$5(m, n, n, st@))' VC for lcsSols$5 @?:?...
[[34m  Info  [0m]  => VALID
  ????????????????????????
??? Verification Summary ????????????????????????????????????????????????????????????????????????????????????????????????????????????????????????????????
? ????????????????????????                                                                                                                              ?
? LongestCommonSubsequence.bottomUpPost$5  postcondition                                                        ?:?  valid  U:orb-smt-z3          0.056 ?
? LongestCommonSubsequence.bottomUpPost$5  precond. (call deps$5(m - BigInt(1), n, st@))                        ?:?  valid  U:orb-smt-z3          0.044 ?
? LongestCommonSubsequence.bottomUpPost$5  precond. (call deps$5(m, j, st@))                                    ?:?  valid  U:orb-smt-z3          0.065 ?
? LongestCommonSubsequence.bottomUpPost$5  precond. (call depsLem$5(m - BigInt(1), j + BigInt(1),  ...)         ?:?  valid  U:orb-smt-z3          0.073 ?
? LongestCommonSubsequence.bottomUpPost$5  precond. (call depsLem$5(m, BigInt(0), m, j, st@))                   ?:?  valid  U:orb-smt-z3          0.047 ?
? LongestCommonSubsequence.bottomup$5      postcondition                                                        ?:?  valid  U:orb-smt-z3          0.267 ?
? LongestCommonSubsequence.bottomup$5      precond. (call bottomUpPost$5(m, j, n, x$4$7._2))                    ?:?  valid  U:orb-smt-z3          0.124 ?
? LongestCommonSubsequence.bottomup$5      precond. (call bottomup$5(m - BigInt(1), n, n, st@))                 ?:?  valid  U:orb-smt-z3          0.031 ?
? LongestCommonSubsequence.bottomup$5      precond. (call bottomup$5(m, j - BigInt(1), n, st@))                 ?:?  valid  U:orb-smt-z3          0.032 ?
? LongestCommonSubsequence.bottomup$5      precond. (call invoke$5(m, j, n, st@))                               ?:?  valid  U:orb-smt-z3          0.040 ?
? LongestCommonSubsequence.bottomup$5      precond. (call invoke$5(m, j, n, tail$17._2))                        ?:?  valid  U:orb-smt-z3          0.849 ?
? LongestCommonSubsequence.bottomup$5      precond. (call invoke$5(m, j, n, tail$18._2))                        ?:?  valid  U:orb-smt-orb-cvc4    1.184 ?
? LongestCommonSubsequence.deps$5          postcondition                                                        ?:?  valid  U:orb-smt-z3          0.439 ?
? LongestCommonSubsequence.deps$5          precond. (call deps$5(i - BigInt(1), j, st@))                        ?:?  valid  U:orb-smt-orb-cvc4    0.044 ?
? LongestCommonSubsequence.deps$5          precond. (call deps$5(i - BigInt(1), j, st@))                        ?:?  valid  U:orb-smt-orb-cvc4    0.045 ?
? LongestCommonSubsequence.deps$5          precond. (call deps$5(i, j - BigInt(1), st@))                        ?:?  valid  U:orb-smt-z3          0.040 ?
? LongestCommonSubsequence.deps$5          precond. (call deps$5(i, j - BigInt(1), st@))                        ?:?  valid  U:orb-smt-z3          0.054 ?
? LongestCommonSubsequence.depsLem$5       precond. (call deps$5(i, j, st@))                                    ?:?  valid  U:orb-smt-orb-cvc4    0.036 ?
? LongestCommonSubsequence.depsLem$5       precond. (call deps$5(m, n, st@))                                    ?:?  valid  U:orb-smt-z3          0.031 ?
? LongestCommonSubsequence.depsLem$5       tact (postcondition)                                                 ?:?  valid  U:orb-smt-z3          0.130 ?
? LongestCommonSubsequence.depsLem$5       tact (precond. (call deps$5(i, j, st@)))                             ?:?  valid  U:orb-smt-z3          0.050 ?
? LongestCommonSubsequence.depsLem$5       tact (precond. (call deps$5(m, n, st@)))                             ?:?  valid  U:orb-smt-z3          0.058 ?
? LongestCommonSubsequence.depsLem$5       tact (precond. (call depsLem-VCTact(i, j, m - BigInt(1), n, s ...))  ?:?  valid  U:orb-smt-z3          0.035 ?
? LongestCommonSubsequence.depsLem$5       tact (precond. (call depsLem-VCTact(i, j, m - BigInt(1), n, s ...))  ?:?  valid  U:orb-smt-z3          0.045 ?
? LongestCommonSubsequence.depsLem$5       tact (precond. (call depsLem-VCTact(i, j, m, n - BigInt(1), s ...))  ?:?  valid  U:orb-smt-z3          0.053 ?
? LongestCommonSubsequence.depsLem$5       tact (precond. (call depsLem-VCTact(i, j, m, n - BigInt(1), s ...))  ?:?  valid  U:orb-smt-z3          0.035 ?
? LongestCommonSubsequence.depsMono$5      precond. (call deps$5(i, j, st1))                                    ?:?  valid  U:orb-smt-z3          0.032 ?
? LongestCommonSubsequence.depsMono$5      precond. (call deps$5(i, j, st2))                                    ?:?  valid  U:orb-smt-orb-cvc4    0.039 ?
? LongestCommonSubsequence.depsMono$5      tact (postcondition)                                                 ?:?  valid  U:orb-smt-z3          0.287 ?
? LongestCommonSubsequence.depsMono$5      tact (precond. (call deps$5(i, j, st1)))                             ?:?  valid  U:orb-smt-z3          0.059 ?
? LongestCommonSubsequence.depsMono$5      tact (precond. (call deps$5(i, j, st2)))                             ?:?  valid  U:orb-smt-orb-cvc4    0.070 ?
? LongestCommonSubsequence.depsMono$5      tact (precond. (call depsMono-VCTact(i - BigInt(1), j, st1, s ...))  ?:?  valid  U:orb-smt-z3          0.034 ?
? LongestCommonSubsequence.depsMono$5      tact (precond. (call depsMono-VCTact(i - BigInt(1), j, st1, s ...))  ?:?  valid  U:orb-smt-z3          0.034 ?
? LongestCommonSubsequence.depsMono$5      tact (precond. (call depsMono-VCTact(i, j - BigInt(1), st1, s ...))  ?:?  valid  U:orb-smt-z3          0.053 ?
? LongestCommonSubsequence.depsMono$5      tact (precond. (call depsMono-VCTact(i, j - BigInt(1), st1, s ...))  ?:?  valid  U:orb-smt-z3          0.035 ?
? LongestCommonSubsequence.invoke$5        postcondition                                                        ?:?  valid  U:orb-smt-z3          0.154 ?
? LongestCommonSubsequence.invoke$5        precond. (call deps$5(i - BigInt(1), j, st@))                        ?:?  valid  U:orb-smt-z3          0.030 ?
? LongestCommonSubsequence.invoke$5        precond. (call deps$5(i, j - BigInt(1), st@))                        ?:?  valid  U:orb-smt-z3          0.039 ?
? LongestCommonSubsequence.invoke$5        precond. (call deps$5(i, j, res._2))                                 ?:?  valid  U:orb-smt-z3          0.066 ?
? LongestCommonSubsequence.invoke$5        precond. (call depsMono$5(i - BigInt(1), j, st@, out$1))             ?:?  valid  U:orb-smt-z3          0.052 ?
? LongestCommonSubsequence.invoke$5        precond. (call depsMono$5(i - BigInt(1), n, st@, out$1))             ?:?  valid  U:orb-smt-z3          0.058 ?
? LongestCommonSubsequence.invoke$5        precond. (call depsMono$5(i, j - BigInt(1), st@, out$1))             ?:?  valid  U:orb-smt-z3          0.058 ?
? LongestCommonSubsequence.invoke$5        precond. (call lcs-mem$3(i, j, st@))                                 ?:?  valid  U:orb-smt-z3          0.041 ?
? LongestCommonSubsequence.lcs-mem$3       match exhaustiveness                                                 ?:?  valid  U:orb-smt-z3          0.028 ?
? LongestCommonSubsequence.lcs-mem$3       postcondition                                                        ?:?  valid  U:orb-smt-z3          0.321 ?
? LongestCommonSubsequence.lcs-mem$3       precond. (call deps$5(i - BigInt(1), j, st@))                        ?:?  valid  U:orb-smt-z3          0.035 ?
? LongestCommonSubsequence.lcs-mem$3       precond. (call deps$5(i, j - BigInt(1), st@))                        ?:?  valid  U:orb-smt-z3          0.047 ?
? LongestCommonSubsequence.lcs-mem$3       precond. (call lcs-mem$3(a$175, j, st@))                             ?:?  valid  U:orb-smt-z3          0.109 ?
? LongestCommonSubsequence.lcs-mem$3       precond. (call lcs-mem$3(a$179, a$178, st@))                         ?:?  valid  U:orb-smt-z3          0.109 ?
? LongestCommonSubsequence.lcs-mem$3       precond. (call lcs-mem$3(i, a$176, dres$0._2 ++ Set[Mem ...)         ?:?  valid  U:orb-smt-z3          0.278 ?
? LongestCommonSubsequence.lcsSols$5       postcondition                                                        ?:?  valid  U:orb-smt-z3          0.117 ?
? LongestCommonSubsequence.lcsSols$5       precond. (call bottomup$5(m, n, n, st@))                             ?:?  valid  U:orb-smt-z3          0.031 ?
?????????????????????????????????????????????????????????????????????????????????????????????????????????????????????????????????????????????????????????
? total: 52     valid: 52     invalid: 0      unknown 0                                                                                           6.123 ?
?????????????????????????????????????????????????????????????????????????????????????????????????????????????????????????????????????????????????????????
[[34m  Info  [0m] - considering function lcs-mem-alloc...
[[34m  Info  [0m] Candidate invariants
[[34m  Info  [0m] lcs-mem-alloc-->1 * x$3$10._2 + 0 <= 0
[[34m  Info  [0m] checked VC inst... in 0.03s
[[34m  Info  [0m] Function: lcs-mem-alloc--Found candidate invariant is not a real invariant! 
[[34m  Info  [0m] # of atomic predicates: 6 + 1
[[34m  Info  [0m] - More unrollings for invariant inference
[[34m  Info  [0m] Candidate invariants
[[34m  Info  [0m] lcs-mem-alloc-->1 * x$3$10._2 + 0 <= 0
[[34m  Info  [0m] checked VC inst... in 0.075s
[[34m  Info  [0m] Function: lcs-mem-alloc--Found candidate invariant is not a real invariant! 
[[34m  Info  [0m] # of atomic predicates: 8 + 1
[[34m  Info  [0m] - More unrollings for invariant inference
[[34m  Info  [0m] Candidate invariants
[[34m  Info  [0m] lcs-mem-alloc-->1 * x$3$10._2 + 0 <= 0
[[34m  Info  [0m] checked VC inst... in 0.067s
[[34m  Info  [0m] Function: lcs-mem-alloc--Found candidate invariant is not a real invariant! 
[[34m  Info  [0m] # of atomic predicates: 8 + 1
[[34m  Info  [0m] - More unrollings for invariant inference
[[34m  Info  [0m] Candidate invariants
[[34m  Info  [0m] lcs-mem-alloc-->1 * x$3$10._2 + 0 <= 0
[[34m  Info  [0m] checked VC inst... in 0.095s
[[34m  Info  [0m] Function: lcs-mem-alloc--Found candidate invariant is not a real invariant! 
[[34m  Info  [0m] # of atomic predicates: 18 + 1
[[34m  Info  [0m] - More unrollings for invariant inference
[[34m  Info  [0m] Candidate invariants
[[34m  Info  [0m] lcs-mem-alloc-->1 * x$3$10._2 + 0 <= 0
[[34m  Info  [0m] checked VC inst... in 0.202s
[[34m  Info  [0m] Function: lcs-mem-alloc--Found candidate invariant is not a real invariant! 
[[34m  Info  [0m] # of atomic predicates: 20 + 1
[[34m  Info  [0m] - More unrollings for invariant inference
[[34m  Info  [0m] Candidate invariants
[[34m  Info  [0m] lcs-mem-alloc-->1 * x$3$10._2 + 0 <= 0
[[34m  Info  [0m] checked VC inst... in 0.161s
[[34m  Info  [0m] minimizing...
[[34m  Info  [0m] Candidate invariants
[[34m  Info  [0m] lcs-mem-alloc-->1 * x$3$10._2 + 99 <= 0
[[34m  Info  [0m] checked VC inst... in 0.041s
[[34m  Info  [0m] Function: lcs-mem-alloc--Found candidate invariant is not a real invariant! 
[[34m  Info  [0m] # of atomic predicates: 6 + 1
[[34m  Info  [0m] Candidate invariants
[[34m  Info  [0m] lcs-mem-alloc-->1 * x$3$10._2 + -2 <= 0
[[34m  Info  [0m] checked VC inst... in 0.234s
[[34m  Info  [0m] minimizing...
[[34m  Info  [0m] Candidate invariants
[[34m  Info  [0m] lcs-mem-alloc-->1 * x$3$10._2 + 0 <= 0
[[34m  Info  [0m] checked VC inst... in 0.172s
[[34m  Info  [0m] - Found inductive invariant: lcs-mem-alloc --> alloc <= BigInt(0)
[[34m  Info  [0m] - Verifying Invariants... 
[[34m  Info  [0m] - Invariant verified
[[34m  Info  [0m] - considering function invoke-alloc...
[[34m  Info  [0m] Candidate invariants
[[34m  Info  [0m] invoke-alloc-->1 * res$203._2 + 0 <= 0
[[34m  Info  [0m] checked VC inst... in 0.005s
[[34m  Info  [0m] Function: invoke-alloc--Found candidate invariant is not a real invariant! 
[[34m  Info  [0m] # of atomic predicates: 7 + 1
[[34m  Info  [0m] Candidate invariants
[[34m  Info  [0m] invoke-alloc-->1 * res$203._2 + -3 <= 0
[[34m  Info  [0m] checked VC inst... in 0.001s
[[34m  Info  [0m] minimizing...
[[34m  Info  [0m] Candidate invariants
[[34m  Info  [0m] invoke-alloc-->1 * res$203._2 + -1 <= 0
[[34m  Info  [0m] checked VC inst... in 0.001s
[[34m  Info  [0m] - Found inductive invariant: invoke-alloc --> alloc + BigInt(-1) <= BigInt(0)
[[34m  Info  [0m] - Verifying Invariants... 
[[34m  Info  [0m] - Invariant verified
[[34m  Info  [0m] - considering function bottomup-alloc...
[[34m  Info  [0m] Candidate invariants
[[34m  Info  [0m] bottomup-alloc-->(((0 * j + 1 * x$4$8._2) + 0 * mult(m, n)) + 0 * m) + 0 <= 0
[[34m  Info  [0m] checked VC inst... in 0.025s
[[34m  Info  [0m] Function: bottomup-alloc--Found candidate invariant is not a real invariant! 
[[34m  Info  [0m] # of atomic predicates: 12 + 1
[[34m  Info  [0m] Candidate invariants
[[34m  Info  [0m] bottomup-alloc-->(((0 * j + 1 * x$4$8._2) + 0 * mult(m, n)) + 0 * m) + -5 <= 0
[[34m  Info  [0m] checked VC inst... in 0.018s
[[34m  Info  [0m] Function: bottomup-alloc--Found candidate invariant is not a real invariant! 
[[34m  Info  [0m] # of atomic predicates: 14 + 13
[[34m  Info  [0m] - More unrollings for invariant inference
[[34m  Info  [0m] Candidate invariants
[[34m  Info  [0m] bottomup-alloc-->(((0 * j + 1 * x$4$8._2) + 0 * mult(m, n)) + 0 * m) + 0 <= 0
[[34m  Info  [0m] checked VC inst... in 0.041s
[[34m  Info  [0m] Function: bottomup-alloc--Found candidate invariant is not a real invariant! 
[[34m  Info  [0m] # of atomic predicates: 18 + 1
[[34m  Info  [0m] Candidate invariants
[[34m  Info  [0m] bottomup-alloc-->(((0 * j + 1 * x$4$8._2) + -1 * mult(m, n)) + 0 * m) + -5 <= 0
[[34m  Info  [0m] checked VC inst... in 0.026s
[[34m  Info  [0m] Function: bottomup-alloc--Found candidate invariant is not a real invariant! 
[[34m  Info  [0m] # of atomic predicates: 25 + 19
[[34m  Info  [0m] Candidate invariants
[[34m  Info  [0m] bottomup-alloc-->(((-5 * j + 1 * x$4$8._2) + -1 * mult(m, n)) + 0 * m) + -5 <= 0
[[34m  Info  [0m] checked VC inst... in 0.034s
[[34m  Info  [0m] Function: bottomup-alloc--Found candidate invariant is not a real invariant! 
[[34m  Info  [0m] # of atomic predicates: 23 + 44
[[34m  Info  [0m] Candidate invariants
[[34m  Info  [0m] bottomup-alloc-->(((-5 * j + 1 * x$4$8._2) + 0 * mult(m, n)) + -4 * m) + -5 <= 0
[[34m  Info  [0m] checked VC inst... in 0.05s
[[34m  Info  [0m] Function: bottomup-alloc--Found candidate invariant is not a real invariant! 
[[34m  Info  [0m] # of atomic predicates: 24 + 67
[[34m  Info  [0m] - More unrollings for invariant inference
[[34m  Info  [0m] Candidate invariants
[[34m  Info  [0m] bottomup-alloc-->(((0 * j + 1 * x$4$8._2) + 0 * mult(m, n)) + 0 * m) + 0 <= 0
[[34m  Info  [0m] checked VC inst... in 0.051s
[[34m  Info  [0m] Function: bottomup-alloc--Found candidate invariant is not a real invariant! 
[[34m  Info  [0m] # of atomic predicates: 18 + 1
[[34m  Info  [0m] Candidate invariants
[[34m  Info  [0m] bottomup-alloc-->(((0 * j + 1 * x$4$8._2) + 0 * mult(m, n)) + 0 * m) + -5 <= 0
[[34m  Info  [0m] checked VC inst... in 0.031s
[[34m  Info  [0m] Function: bottomup-alloc--Found candidate invariant is not a real invariant! 
[[34m  Info  [0m] # of atomic predicates: 27 + 19
[[34m  Info  [0m] Candidate invariants
[[34m  Info  [0m] bottomup-alloc-->(((-5 * j + 1 * x$4$8._2) + 0 * mult(m, n)) + 0 * m) + -5 <= 0
[[34m  Info  [0m] checked VC inst... in 0.034s
[[34m  Info  [0m] Function: bottomup-alloc--Found candidate invariant is not a real invariant! 
[[34m  Info  [0m] # of atomic predicates: 31 + 46
[[34m  Info  [0m] Candidate invariants
[[34m  Info  [0m] bottomup-alloc-->(((-5 * j + 1 * x$4$8._2) + 0 * mult(m, n)) + -6 * m) + -5 <= 0
[[34m  Info  [0m] checked VC inst... in 0.038s
[[34m  Info  [0m] Function: bottomup-alloc--Found candidate invariant is not a real invariant! 
[[34m  Info  [0m] # of atomic predicates: 32 + 77
[[34m  Info  [0m] Candidate invariants
[[34m  Info  [0m] bottomup-alloc-->(((-5 * j + 1 * x$4$8._2) + -7 * mult(m, n)) + -6 * m) + -5 <= 0
[[34m  Info  [0m] checked VC inst... in 0.011s
[[34m  Info  [0m] minimizing...
[[34m  Info  [0m] Candidate invariants
[[34m  Info  [0m] bottomup-alloc-->(((-2 * j + 1 * x$4$8._2) + 99 * mult(m, n)) + -103 * m) + -3 <= 0
[[34m  Info  [0m] checked VC inst... in 0.042s
[[34m  Info  [0m] Function: bottomup-alloc--Found candidate invariant is not a real invariant! 
[[34m  Info  [0m] # of atomic predicates: 36 + 109
[[34m  Info  [0m] Candidate invariants
[[34m  Info  [0m] bottomup-alloc-->(((-3 * j + 1 * x$4$8._2) + -5 * mult(m, n)) + -6 * m) + -5 <= 0
[[34m  Info  [0m] checked VC inst... in 0.017s
[[34m  Info  [0m] minimizing...
[[34m  Info  [0m] Candidate invariants
[[34m  Info  [0m] bottomup-alloc-->(((-2 * j + 1 * x$4$8._2) + -2 * mult(m, n)) + -2 * m) + -3 <= 0
[[34m  Info  [0m] checked VC inst... in 0.014s
[[34m  Info  [0m] - Found inductive invariant: bottomup-alloc --> (((BigInt(-2) * j + alloc) + BigInt(-2) * (m * n)) + BigInt(-2) * m) + BigInt(-3) <= BigInt(0)
[[34m  Info  [0m] - Verifying Invariants... 
[[31m Error  [0m] - Unable to prove or disprove invariant, the invariant is probably true
[[34m  Info  [0m] - considering function lcsSols-alloc...
[[34m  Info  [0m] Candidate invariants
[[34m  Info  [0m] lcsSols-alloc-->(((0 * n + 0 * m) + 0 * mult(m, n)) + 1 * x$5$6._2) + 0 <= 0
[[34m  Info  [0m] checked VC inst... in 0.003s
[[34m  Info  [0m] Function: lcsSols-alloc--Found candidate invariant is not a real invariant! 
[[34m  Info  [0m] # of atomic predicates: 12 + 1
[[34m  Info  [0m] Candidate invariants
[[34m  Info  [0m] lcsSols-alloc-->(((-3 * n + -3 * m) + -2 * mult(m, n)) + 1 * x$5$6._2) + -5 <= 0
[[34m  Info  [0m] checked VC inst... in 0.001s
[[34m  Info  [0m] minimizing...
[[34m  Info  [0m] Candidate invariants
[[34m  Info  [0m] lcsSols-alloc-->(((-2 * n + -2 * m) + -2 * mult(m, n)) + 1 * x$5$6._2) + -3 <= 0
[[34m  Info  [0m] checked VC inst... in 0.001s
[[34m  Info  [0m] - Found inductive invariant: lcsSols-alloc --> (((BigInt(-2) * n + BigInt(-2) * m) + BigInt(-2) * (m * n)) + alloc) + BigInt(-3) <= BigInt(0)
[[34m  Info  [0m] - Verifying Invariants... 
[[34m  Info  [0m] - Invariant verified
Resource Verification Results: 
. ???????????
??? Summary ??????????????????????????????????????????????????????????????
? ???????????                                                            ?
? bottomup        alloc <= ((2 * (m * n) + 2 * m) + 2 * j) + 3    17.638 ?
? invoke          alloc <= 1                                      0.261  ?
? lcs             alloc <= 0                                      3.398  ?
? lcsSols         alloc <= ((2 * (m * n) + 2 * m) + 2 * n) + 3    0.463  ?
??????????????????????????????????????????????????????????????????????????
? total: 4     inferred: 4     unknown: 0     time: 21.760               ?
??????????????????????????????????????????????????????????????????????????
[[34m  Info  [0m] Stats dumped to file: LongestCommonSubsequence-stats.txt
