[[33mWarning [0m] warning: there were two feature warnings; re-run with -feature for details
[[34m  Info  [0m]  - Now considering 'postcondition' VC for depsEval$5 @?:?...
[[34m  Info  [0m]  => VALID
[[34m  Info  [0m]  - Now considering 'precond. (call allEval$5(i - BigInt(1), st@))' VC for depsEval$5 @?:?...
[[34m  Info  [0m]  => VALID
[[34m  Info  [0m]  - Now considering 'postcondition' VC for allEval$5 @?:?...
[[34m  Info  [0m]  => VALID
[[34m  Info  [0m]  - Now considering 'precond. (call allEval$5(i - BigInt(1), st@))' VC for allEval$5 @?:?...
[[34m  Info  [0m]  => VALID
[[34m  Info  [0m]  - Now considering 'tact (postcondition)' VC for evalMono$5 @?:?...
[[34m  Info  [0m]  => VALID
[[34m  Info  [0m]  - Now considering 'tact (precond. (call evalMono-VCTact(i - BigInt(1), st1, st2)))' VC for evalMono$5 @?:?...
[[34m  Info  [0m]  => VALID
[[34m  Info  [0m]  - Now considering 'tact (precond. (call allEval$5(i, st1)))' VC for evalMono$5 @?:?...
[[34m  Info  [0m]  => VALID
[[34m  Info  [0m]  - Now considering 'tact (precond. (call allEval$5(i, st2)))' VC for evalMono$5 @?:?...
[[34m  Info  [0m]  => VALID
[[34m  Info  [0m]  - Now considering 'precond. (call allEval$5(i, st1))' VC for evalMono$5 @?:?...
[[34m  Info  [0m]  => VALID
[[34m  Info  [0m]  - Now considering 'precond. (call allEval$5(i, st2))' VC for evalMono$5 @?:?...
[[34m  Info  [0m]  => VALID
[[34m  Info  [0m]  - Now considering 'tact (postcondition)' VC for evalLem$5 @?:?...
[[34m  Info  [0m]  => VALID
[[34m  Info  [0m]  - Now considering 'tact (precond. (call evalLem-VCTact(x, y - BigInt(1), st@)))' VC for evalLem$5 @?:?...
[[34m  Info  [0m]  => VALID
[[34m  Info  [0m]  - Now considering 'tact (precond. (call allEval$5(y, st@)))' VC for evalLem$5 @?:?...
[[34m  Info  [0m]  => VALID
[[34m  Info  [0m]  - Now considering 'tact (precond. (call allEval$5(x, st@)))' VC for evalLem$5 @?:?...
[[34m  Info  [0m]  => VALID
[[34m  Info  [0m]  - Now considering 'precond. (call allEval$5(y, st@))' VC for evalLem$5 @?:?...
[[34m  Info  [0m]  => VALID
[[34m  Info  [0m]  - Now considering 'precond. (call allEval$5(x, st@))' VC for evalLem$5 @?:?...
[[34m  Info  [0m]  => VALID
[[34m  Info  [0m]  - Now considering 'postcondition' VC for sched-mem$3 @?:?...
[[34m  Info  [0m]  => VALID
[[34m  Info  [0m]  - Now considering 'precond. (call evalLem$5(prevCompatibleJob$4(jobIndex), ...)' VC for sched-mem$3 @?:?...
[[34m  Info  [0m]  => VALID
[[34m  Info  [0m]  - Now considering 'precond. (call sched-mem$3(a$177, st@))' VC for sched-mem$3 @?:?...
[[34m  Info  [0m]  => VALID
[[34m  Info  [0m]  - Now considering 'precond. (call sched-mem$3(a$178, dres$0._2 ++ Set[Memo ...)' VC for sched-mem$3 @?:?...
[[34m  Info  [0m]  => VALID
[[34m  Info  [0m]  - Now considering 'postcondition' VC for invoke$5 @?:?...
[[34m  Info  [0m]  => VALID
[[34m  Info  [0m]  - Now considering 'precond. (call sched-mem$3(jobIndex, st@))' VC for invoke$5 @?:?...
[[34m  Info  [0m]  => VALID
[[34m  Info  [0m]  - Now considering 'precond. (call evalMono$5(jobIndex - BigInt(1), st@, re ...)' VC for invoke$5 @?:?...
[[34m  Info  [0m]  => VALID
[[34m  Info  [0m]  - Now considering 'postcondition' VC for schedBU$5 @?:?...
[[34m  Info  [0m]  => VALID
[[34m  Info  [0m]  - Now considering 'precond. (call invoke$5(jobi, st@))' VC for schedBU$5 @?:?...
[[34m  Info  [0m]  => VALID
[[34m  Info  [0m]  - Now considering 'precond. (call schedBU$5(jobi - BigInt(1), st@))' VC for schedBU$5 @?:?...
[[34m  Info  [0m]  => VALID
[[34m  Info  [0m]  - Now considering 'precond. (call invoke$5(jobi, tailRes$1._2))' VC for schedBU$5 @?:?...
[[34m  Info  [0m]  => VALID
[[34m  Info  [0m]  - Now considering 'precond. (call allEval$5(jobi, x$4$7._2))' VC for schedBU$5 @?:?...
[[34m  Info  [0m]  => VALID
[[34m  Info  [0m]  - Now considering 'postcondition' VC for size$10 @?:?...
[[34m  Info  [0m]  => VALID
[[34m  Info  [0m]  - Now considering 'match exhaustiveness' VC for size$10 @?:?...
[[34m  Info  [0m]  => VALID
  ????????????????????????
??? Verification Summary ??????????????????????????????????????????????????????????????????????????????????????????????????????????????
? ????????????????????????                                                                                                            ?
? WeightedSched.allEval$5    postcondition                                                    ?:?  valid  U:orb-smt-orb-cvc4    0.057 ?
? WeightedSched.allEval$5    precond. (call allEval$5(i - BigInt(1), st@))                    ?:?  valid  U:orb-smt-z3          0.042 ?
? WeightedSched.depsEval$5   postcondition                                                    ?:?  valid  U:orb-smt-orb-cvc4    0.232 ?
? WeightedSched.depsEval$5   precond. (call allEval$5(i - BigInt(1), st@))                    ?:?  valid  U:orb-smt-orb-cvc4    0.046 ?
? WeightedSched.evalLem$5    precond. (call allEval$5(x, st@))                                ?:?  valid  U:orb-smt-z3          0.041 ?
? WeightedSched.evalLem$5    precond. (call allEval$5(y, st@))                                ?:?  valid  U:orb-smt-z3          0.034 ?
? WeightedSched.evalLem$5    tact (postcondition)                                             ?:?  valid  U:orb-smt-z3          0.074 ?
? WeightedSched.evalLem$5    tact (precond. (call allEval$5(x, st@)))                         ?:?  valid  U:orb-smt-z3          0.044 ?
? WeightedSched.evalLem$5    tact (precond. (call allEval$5(y, st@)))                         ?:?  valid  U:orb-smt-z3          0.045 ?
? WeightedSched.evalLem$5    tact (precond. (call evalLem-VCTact(x, y - BigInt(1), st@)))     ?:?  valid  U:orb-smt-z3          0.040 ?
? WeightedSched.evalMono$5   precond. (call allEval$5(i, st1))                                ?:?  valid  U:orb-smt-z3          0.037 ?
? WeightedSched.evalMono$5   precond. (call allEval$5(i, st2))                                ?:?  valid  U:orb-smt-z3          0.041 ?
? WeightedSched.evalMono$5   tact (postcondition)                                             ?:?  valid  U:orb-smt-z3          0.158 ?
? WeightedSched.evalMono$5   tact (precond. (call allEval$5(i, st1)))                         ?:?  valid  U:orb-smt-z3          0.047 ?
? WeightedSched.evalMono$5   tact (precond. (call allEval$5(i, st2)))                         ?:?  valid  U:orb-smt-z3          0.049 ?
? WeightedSched.evalMono$5   tact (precond. (call evalMono-VCTact(i - BigInt(1), st1, st2)))  ?:?  valid  U:orb-smt-z3          0.035 ?
? WeightedSched.invoke$5     postcondition                                                    ?:?  valid  U:orb-smt-z3          0.077 ?
? WeightedSched.invoke$5     precond. (call evalMono$5(jobIndex - BigInt(1), st@, re ...)     ?:?  valid  U:orb-smt-z3          0.076 ?
? WeightedSched.invoke$5     precond. (call sched-mem$3(jobIndex, st@))                       ?:?  valid  U:orb-smt-z3          0.049 ?
? WeightedSched.sched-mem$3  postcondition                                                    ?:?  valid  U:orb-smt-z3          0.230 ?
? WeightedSched.sched-mem$3  precond. (call evalLem$5(prevCompatibleJob$4(jobIndex), ...)     ?:?  valid  U:orb-smt-z3          0.050 ?
? WeightedSched.sched-mem$3  precond. (call sched-mem$3(a$177, st@))                          ?:?  valid  U:orb-smt-z3          0.073 ?
? WeightedSched.sched-mem$3  precond. (call sched-mem$3(a$178, dres$0._2 ++ Set[Memo ...)     ?:?  valid  U:orb-smt-z3          0.128 ?
? WeightedSched.schedBU$5    postcondition                                                    ?:?  valid  U:orb-smt-z3          0.146 ?
? WeightedSched.schedBU$5    precond. (call allEval$5(jobi, x$4$7._2))                        ?:?  valid  U:orb-smt-z3          0.065 ?
? WeightedSched.schedBU$5    precond. (call invoke$5(jobi, st@))                              ?:?  valid  U:orb-smt-z3          0.041 ?
? WeightedSched.schedBU$5    precond. (call invoke$5(jobi, tailRes$1._2))                     ?:?  valid  U:orb-smt-z3          0.070 ?
? WeightedSched.schedBU$5    precond. (call schedBU$5(jobi - BigInt(1), st@))                 ?:?  valid  U:orb-smt-z3          0.034 ?
? IList.size$10              match exhaustiveness                                             ?:?  valid  U:orb-smt-z3          0.112 ?
? IList.size$10              postcondition                                                    ?:?  valid  U:orb-smt-z3          0.058 ?
???????????????????????????????????????????????????????????????????????????????????????????????????????????????????????????????????????
? total: 30     valid: 30     invalid: 0      unknown 0                                                                         2.231 ?
???????????????????????????????????????????????????????????????????????????????????????????????????????????????????????????????????????
[[34m  Info  [0m] - considering function sched-mem-alloc...
[[34m  Info  [0m] Candidate invariants
[[34m  Info  [0m] sched-mem-alloc-->1 * x$3$10._2 + 0 <= 0
[[34m  Info  [0m] checked VC inst... in 0.029s
[[34m  Info  [0m] Function: sched-mem-alloc--Found candidate invariant is not a real invariant! 
[[34m  Info  [0m] # of atomic predicates: 9 + 1
[[34m  Info  [0m] - More unrollings for invariant inference
[[34m  Info  [0m] Candidate invariants
[[34m  Info  [0m] sched-mem-alloc-->1 * x$3$10._2 + 0 <= 0
[[34m  Info  [0m] checked VC inst... in 0.047s
[[34m  Info  [0m] Function: sched-mem-alloc--Found candidate invariant is not a real invariant! 
[[34m  Info  [0m] # of atomic predicates: 12 + 1
[[34m  Info  [0m] - More unrollings for invariant inference
[[34m  Info  [0m] Candidate invariants
[[34m  Info  [0m] sched-mem-alloc-->1 * x$3$10._2 + 0 <= 0
[[34m  Info  [0m] checked VC inst... in 0.04s
[[34m  Info  [0m] minimizing...
[[34m  Info  [0m] Candidate invariants
[[34m  Info  [0m] sched-mem-alloc-->1 * x$3$10._2 + 99 <= 0
[[34m  Info  [0m] checked VC inst... in 0.022s
[[34m  Info  [0m] Function: sched-mem-alloc--Found candidate invariant is not a real invariant! 
[[34m  Info  [0m] # of atomic predicates: 6 + 1
[[34m  Info  [0m] Candidate invariants
[[34m  Info  [0m] sched-mem-alloc-->1 * x$3$10._2 + -2 <= 0
[[34m  Info  [0m] checked VC inst... in 0.022s
[[34m  Info  [0m] minimizing...
[[34m  Info  [0m] Candidate invariants
[[34m  Info  [0m] sched-mem-alloc-->1 * x$3$10._2 + 0 <= 0
[[34m  Info  [0m] checked VC inst... in 0.021s
[[34m  Info  [0m] - Found inductive invariant: sched-mem-alloc --> alloc <= BigInt(0)
[[34m  Info  [0m] - Verifying Invariants... 
[[34m  Info  [0m] - Invariant verified
[[34m  Info  [0m] - considering function invoke-alloc...
[[34m  Info  [0m] Candidate invariants
[[34m  Info  [0m] invoke-alloc-->1 * res$204._2 + 0 <= 0
[[34m  Info  [0m] checked VC inst... in 0.004s
[[34m  Info  [0m] Function: invoke-alloc--Found candidate invariant is not a real invariant! 
[[34m  Info  [0m] # of atomic predicates: 7 + 1
[[34m  Info  [0m] Candidate invariants
[[34m  Info  [0m] invoke-alloc-->1 * res$204._2 + -3 <= 0
[[34m  Info  [0m] checked VC inst... in 0.002s
[[34m  Info  [0m] minimizing...
[[34m  Info  [0m] Candidate invariants
[[34m  Info  [0m] invoke-alloc-->1 * res$204._2 + -1 <= 0
[[34m  Info  [0m] checked VC inst... in 0.001s
[[34m  Info  [0m] - Found inductive invariant: invoke-alloc --> alloc + BigInt(-1) <= BigInt(0)
[[34m  Info  [0m] - Verifying Invariants... 
[[34m  Info  [0m] - Invariant verified
[[34m  Info  [0m] - considering function schedBU-alloc...
[[34m  Info  [0m] Candidate invariants
[[34m  Info  [0m] schedBU-alloc-->(1 * x$4$8._2 + 0 * jobi) + 0 <= 0
[[34m  Info  [0m] checked VC inst... in 0.012s
[[34m  Info  [0m] Function: schedBU-alloc--Found candidate invariant is not a real invariant! 
[[34m  Info  [0m] # of atomic predicates: 9 + 1
[[34m  Info  [0m] Candidate invariants
[[34m  Info  [0m] schedBU-alloc-->(1 * x$4$8._2 + 0 * jobi) + -5 <= 0
[[34m  Info  [0m] checked VC inst... in 0.009s
[[34m  Info  [0m] Function: schedBU-alloc--Found candidate invariant is not a real invariant! 
[[34m  Info  [0m] # of atomic predicates: 11 + 10
[[34m  Info  [0m] - More unrollings for invariant inference
[[34m  Info  [0m] Candidate invariants
[[34m  Info  [0m] schedBU-alloc-->(1 * x$4$8._2 + 0 * jobi) + 0 <= 0
[[34m  Info  [0m] checked VC inst... in 0.026s
[[34m  Info  [0m] Function: schedBU-alloc--Found candidate invariant is not a real invariant! 
[[34m  Info  [0m] # of atomic predicates: 14 + 1
[[34m  Info  [0m] Candidate invariants
[[34m  Info  [0m] schedBU-alloc-->(1 * x$4$8._2 + -5 * jobi) + 0 <= 0
[[34m  Info  [0m] checked VC inst... in 0.012s
[[34m  Info  [0m] Function: schedBU-alloc--Found candidate invariant is not a real invariant! 
[[34m  Info  [0m] # of atomic predicates: 9 + 15
[[34m  Info  [0m] Candidate invariants
[[34m  Info  [0m] schedBU-alloc-->(1 * x$4$8._2 + -5 * jobi) + -5 <= 0
[[34m  Info  [0m] checked VC inst... in 0.003s
[[34m  Info  [0m] minimizing...
[[34m  Info  [0m] Candidate invariants
[[34m  Info  [0m] schedBU-alloc-->(1 * x$4$8._2 + -2 * jobi) + -3 <= 0
[[34m  Info  [0m] checked VC inst... in 0.003s
[[34m  Info  [0m] - Found inductive invariant: schedBU-alloc --> (alloc + BigInt(-2) * jobi) + BigInt(-3) <= BigInt(0)
[[34m  Info  [0m] - Verifying Invariants... 
[[34m  Info  [0m] - Invariant verified
Resource Verification Results: 
. ???????????
??? Summary ???????????????????????????????????????????????
? ???????????                                             ?
? invoke          alloc <= 1               0.214          ?
? sched           alloc <= 0               1.070          ?
? schedBU         alloc <= 2 * jobi + 3    0.611          ?
???????????????????????????????????????????????????????????
? total: 3     inferred: 3     unknown: 0     time: 1.895 ?
???????????????????????????????????????????????????????????
[[34m  Info  [0m] Stats dumped to file: WeightedScheduling-stats.txt
