[[34m  Info  [0m]  - Now considering 'postcondition' VC for mapClient$5 @?:?...
[[34m  Info  [0m]  => VALID
[[34m  Info  [0m]  - Now considering 'precond. (call map$14(ConstFun1L@(), natsFromn$5(BigInt ...)' VC for mapClient$5 @?:?...
[[34m  Info  [0m]  => VALID
[[34m  Info  [0m]  - Now considering 'precond. (call nthElemAfterMap$5(n, a$188._1, a$188._2))' VC for mapClient$5 @?:?...
[[34m  Info  [0m]  => VALID
[[34m  Info  [0m]  - Now considering 'postcondition' VC for nthElemAfterMap$5 @?:?...
[[34m  Info  [0m]  => VALID
[[34m  Info  [0m]  - Now considering 'precond. (call nthElemAfterMap$5(n - BigInt(1), a$172._ ...)' VC for nthElemAfterMap$5 @?:?...
[[34m  Info  [0m]  => VALID
[[34m  Info  [0m]  - Now considering 'match exhaustiveness' VC for nthElemAfterMap$5 @?:?...
[[34m  Info  [0m]  => VALID
[[34m  Info  [0m]  - Now considering 'match exhaustiveness' VC for nthElemAfterMap$5 @?:?...
[[34m  Info  [0m]  => VALID
[[34m  Info  [0m]  - Now considering 'match exhaustiveness' VC for nthElemAfterMap$5 @?:?...
[[34m  Info  [0m]  => VALID
[[34m  Info  [0m]  - Now considering 'postcondition' VC for nthElemInRepeat$5 @?:?...
[[34m  Info  [0m]  => VALID
[[34m  Info  [0m]  - Now considering 'precond. (call nthElemInRepeat$5(n - BigInt(1), a$186._ ...)' VC for nthElemInRepeat$5 @?:?...
[[34m  Info  [0m]  => VALID
[[34m  Info  [0m]  - Now considering 'match exhaustiveness' VC for nthElemInRepeat$5 @?:?...
[[34m  Info  [0m]  => VALID
[[34m  Info  [0m]  - Now considering 'match exhaustiveness' VC for nthElemInRepeat$5 @?:?...
[[34m  Info  [0m]  => VALID
[[34m  Info  [0m]  - Now considering 'match exhaustiveness' VC for nthElemInRepeat$5 @?:?...
[[34m  Info  [0m]  => VALID
[[34m  Info  [0m]  - Now considering 'postcondition' VC for takeWhileClient$5 @?:?...
[[34m  Info  [0m]  => VALID
[[34m  Info  [0m]  - Now considering 'precond. (call takeWhile$7(ConstFun2L@(), natsFromn$5(B ...)' VC for takeWhileClient$5 @?:?...
[[34m  Info  [0m]  => VALID
[[34m  Info  [0m]  - Now considering 'precond. (call nthElemAfterTakeWhile$5(n, a$171._1, a$1 ...)' VC for takeWhileClient$5 @?:?...
[[34m  Info  [0m]  => VALID
[[34m  Info  [0m]  - Now considering 'postcondition' VC for nthElemAfterTakeWhile$5 @?:?...
[[34m  Info  [0m]  => VALID
[[34m  Info  [0m]  - Now considering 'precond. (call nthElemAfterTakeWhile$5(n - BigInt(1), a ...)' VC for nthElemAfterTakeWhile$5 @?:?...
[[34m  Info  [0m]  => VALID
[[34m  Info  [0m]  - Now considering 'match exhaustiveness' VC for nthElemAfterTakeWhile$5 @?:?...
[[34m  Info  [0m]  => VALID
[[34m  Info  [0m]  - Now considering 'match exhaustiveness' VC for nthElemAfterTakeWhile$5 @?:?...
[[34m  Info  [0m]  => VALID
[[34m  Info  [0m]  - Now considering 'match exhaustiveness' VC for nthElemAfterTakeWhile$5 @?:?...
[[34m  Info  [0m]  => VALID
[[34m  Info  [0m]  - Now considering 'postcondition' VC for scanClient$5 @?:?...
[[34m  Info  [0m]  => VALID
[[34m  Info  [0m]  - Now considering 'precond. (call scan$5(ConstFun3L@(), BigInt(0), natsFro ...)' VC for scanClient$5 @?:?...
[[34m  Info  [0m]  => VALID
[[34m  Info  [0m]  - Now considering 'precond. (call nthElemAfterScan$5(n, a$181._1, a$181._2 ...)' VC for scanClient$5 @?:?...
[[34m  Info  [0m]  => VALID
[[34m  Info  [0m]  - Now considering 'postcondition' VC for nthElemAfterScan$5 @?:?...
[[34m  Info  [0m]  => VALID
[[34m  Info  [0m]  - Now considering 'precond. (call nthElemAfterScan$5(n - BigInt(1), a$190. ...)' VC for nthElemAfterScan$5 @?:?...
[[34m  Info  [0m]  => VALID
[[34m  Info  [0m]  - Now considering 'match exhaustiveness' VC for nthElemAfterScan$5 @?:?...
[[34m  Info  [0m]  => VALID
[[34m  Info  [0m]  - Now considering 'match exhaustiveness' VC for nthElemAfterScan$5 @?:?...
[[34m  Info  [0m]  => VALID
[[34m  Info  [0m]  - Now considering 'match exhaustiveness' VC for nthElemAfterScan$5 @?:?...
[[34m  Info  [0m]  => VALID
[[34m  Info  [0m]  - Now considering 'postcondition' VC for unfoldClient$5 @?:?...
[[34m  Info  [0m]  => VALID
[[34m  Info  [0m]  - Now considering 'precond. (call unfold$5(ConstFun4L@(), c, st@))' VC for unfoldClient$5 @?:?...
[[34m  Info  [0m]  => VALID
[[34m  Info  [0m]  - Now considering 'precond. (call nthElemAfterUnfold$5(n, a$173._1, a$173. ...)' VC for unfoldClient$5 @?:?...
[[34m  Info  [0m]  => VALID
[[34m  Info  [0m]  - Now considering 'postcondition' VC for nthElemAfterUnfold$5 @?:?...
[[34m  Info  [0m]  => VALID
[[34m  Info  [0m]  - Now considering 'precond. (call nthElemAfterUnfold$5(n - BigInt(1), a$17 ...)' VC for nthElemAfterUnfold$5 @?:?...
[[34m  Info  [0m]  => VALID
[[34m  Info  [0m]  - Now considering 'match exhaustiveness' VC for nthElemAfterUnfold$5 @?:?...
[[34m  Info  [0m]  => VALID
[[34m  Info  [0m]  - Now considering 'match exhaustiveness' VC for nthElemAfterUnfold$5 @?:?...
[[34m  Info  [0m]  => VALID
[[34m  Info  [0m]  - Now considering 'match exhaustiveness' VC for nthElemAfterUnfold$5 @?:?...
[[34m  Info  [0m]  => VALID
[[34m  Info  [0m]  - Now considering 'postcondition' VC for zipWithClient$5 @?:?...
[[34m  Info  [0m]  => VALID
[[34m  Info  [0m]  - Now considering 'precond. (call zipWith$5(ConstFun3L@(), natsFromn$5(Big ...)' VC for zipWithClient$5 @?:?...
[[34m  Info  [0m]  => VALID
[[34m  Info  [0m]  - Now considering 'precond. (call nthElemAfterZipWith$5(n, a$184._1, a$184 ...)' VC for zipWithClient$5 @?:?...
[[34m  Info  [0m]  => VALID
[[34m  Info  [0m]  - Now considering 'postcondition' VC for nthElemAfterZipWith$5 @?:?...
[[34m  Info  [0m]  => VALID
[[34m  Info  [0m]  - Now considering 'precond. (call nthElemAfterZipWith$5(n - BigInt(1), a$1 ...)' VC for nthElemAfterZipWith$5 @?:?...
[[34m  Info  [0m]  => VALID
[[34m  Info  [0m]  - Now considering 'match exhaustiveness' VC for nthElemAfterZipWith$5 @?:?...
[[34m  Info  [0m]  => VALID
[[34m  Info  [0m]  - Now considering 'match exhaustiveness' VC for nthElemAfterZipWith$5 @?:?...
[[34m  Info  [0m]  => VALID
[[34m  Info  [0m]  - Now considering 'match exhaustiveness' VC for nthElemAfterZipWith$5 @?:?...
[[34m  Info  [0m]  => VALID
[[34m  Info  [0m]  - Now considering 'postcondition' VC for natsFromn$5 @?:?...
[[34m  Info  [0m]  => VALID
[[34m  Info  [0m]  - Now considering 'postcondition' VC for genNextNatFrom$5 @?:?...
[[34m  Info  [0m]  => VALID
[[34m  Info  [0m]  - Now considering 'postcondition' VC for validNatStream$5 @?:?...
[[34m  Info  [0m]  => VALID
[[34m  Info  [0m]  - Now considering 'match exhaustiveness' VC for validNatStream$5 @?:?...
[[34m  Info  [0m]  => VALID
[[34m  Info  [0m]  - Now considering 'match exhaustiveness' VC for validNatStream$5 @?:?...
[[34m  Info  [0m]  => VALID
[[34m  Info  [0m]  - Now considering 'postcondition' VC for map$14 @?:?...
[[34m  Info  [0m]  => VALID
[[34m  Info  [0m]  - Now considering 'match exhaustiveness' VC for map$14 @?:?...
[[34m  Info  [0m]  => VALID
[[34m  Info  [0m]  - Now considering 'postcondition' VC for mapSusp$5 @?:?...
[[34m  Info  [0m]  => VALID
[[34m  Info  [0m]  - Now considering 'precond. (call map$14(f, a$175._1, a$175._2))' VC for mapSusp$5 @?:?...
[[34m  Info  [0m]  => VALID
[[34m  Info  [0m]  - Now considering 'postcondition' VC for appendList$5 @?:?...
[[34m  Info  [0m]  => VALID
[[34m  Info  [0m]  - Now considering 'match exhaustiveness' VC for appendList$5 @?:?...
[[34m  Info  [0m]  => VALID
[[34m  Info  [0m]  - Now considering 'postcondition' VC for repeat$5 @?:?...
[[34m  Info  [0m]  => VALID
[[34m  Info  [0m]  - Now considering 'postcondition' VC for cycle$5 @?:?...
[[34m  Info  [0m]  => VALID
[[34m  Info  [0m]  - Now considering 'match exhaustiveness' VC for cycle$5 @?:?...
[[34m  Info  [0m]  => VALID
[[34m  Info  [0m]  - Now considering 'postcondition' VC for takeWhile$7 @?:?...
[[34m  Info  [0m]  => VALID
[[34m  Info  [0m]  - Now considering 'match exhaustiveness' VC for takeWhile$7 @?:?...
[[34m  Info  [0m]  => VALID
[[34m  Info  [0m]  - Now considering 'postcondition' VC for takeWhileSusp$5 @?:?...
[[34m  Info  [0m]  => VALID
[[34m  Info  [0m]  - Now considering 'precond. (call takeWhile$7(p, a$180._1, a$180._2))' VC for takeWhileSusp$5 @?:?...
[[34m  Info  [0m]  => VALID
[[34m  Info  [0m]  - Now considering 'postcondition' VC for scan$5 @?:?...
[[34m  Info  [0m]  => VALID
[[34m  Info  [0m]  - Now considering 'match exhaustiveness' VC for scan$5 @?:?...
[[34m  Info  [0m]  => VALID
[[34m  Info  [0m]  - Now considering 'postcondition' VC for scanSusp$5 @?:?...
[[34m  Info  [0m]  => VALID
[[34m  Info  [0m]  - Now considering 'precond. (call scan$5(f, z, a$174._1, a$174._2))' VC for scanSusp$5 @?:?...
[[34m  Info  [0m]  => VALID
[[34m  Info  [0m]  - Now considering 'postcondition' VC for unfold$5 @?:?...
[[34m  Info  [0m]  => VALID
[[34m  Info  [0m]  - Now considering 'match exhaustiveness' VC for unfold$5 @?:?...
[[34m  Info  [0m]  => VALID
[[34m  Info  [0m]  - Now considering 'postcondition' VC for ScanSuspL@scanPre$1 @?:?...
[[34m  Info  [0m]  => VALID
[[34m  Info  [0m]  - Now considering 'postcondition' VC for MapSuspL@mapPre$1 @?:?...
[[34m  Info  [0m]  => VALID
[[34m  Info  [0m]  - Now considering 'postcondition' VC for TakeWhileSuspL@takeWhilePre$1 @?:?...
[[34m  Info  [0m]  => VALID
[[34m  Info  [0m]  - Now considering 'postcondition' VC for ZipWithSuspL@zipWithPre$1 @?:?...
[[34m  Info  [0m]  => VALID
[[34m  Info  [0m]  - Now considering 'postcondition' VC for UnfoldL@unfoldPre$1 @?:?...
[[34m  Info  [0m]  => VALID
[[34m  Info  [0m]  - Now considering 'match exhaustiveness' VC for UnfoldL@unfoldPre$1 @?:?...
[[34m  Info  [0m]  => VALID
[[34m  Info  [0m]  - Now considering 'postcondition' VC for isPrefixOf$5 @?:?...
[[34m  Info  [0m]  => VALID
[[34m  Info  [0m]  - Now considering 'precond. (call isPrefixOf$5(tail$22, a$183._1, a$183._2 ...)' VC for isPrefixOf$5 @?:?...
[[34m  Info  [0m]  => VALID
[[34m  Info  [0m]  - Now considering 'match exhaustiveness' VC for isPrefixOf$5 @?:?...
[[34m  Info  [0m]  => VALID
[[34m  Info  [0m]  - Now considering 'match exhaustiveness' VC for isPrefixOf$5 @?:?...
[[34m  Info  [0m]  => VALID
[[34m  Info  [0m]  - Now considering 'match exhaustiveness' VC for isPrefixOf$5 @?:?...
[[34m  Info  [0m]  => VALID
[[34m  Info  [0m]  - Now considering 'postcondition' VC for zipWith$5 @?:?...
[[34m  Info  [0m]  => VALID
[[34m  Info  [0m]  - Now considering 'match exhaustiveness' VC for zipWith$5 @?:?...
[[34m  Info  [0m]  => VALID
[[34m  Info  [0m]  - Now considering 'match exhaustiveness' VC for zipWith$5 @?:?...
[[34m  Info  [0m]  => VALID
[[34m  Info  [0m]  - Now considering 'postcondition' VC for zipWithSusp$5 @?:?...
[[34m  Info  [0m]  => VALID
[[34m  Info  [0m]  - Now considering 'precond. (call zipWith$5(f, a$178._1, a$179._1, a$179._ ...)' VC for zipWithSusp$5 @?:?...
[[34m  Info  [0m]  => VALID
[[34m  Info  [0m]  - Now considering 'postcondition' VC for tail-mem$3 @?:?...
[[34m  Info  [0m]  => VALID
[[34m  Info  [0m]  - Now considering 'match exhaustiveness' VC for tail-mem$3 @?:?...
[[34m  Info  [0m]  => VALID
[[34m  Info  [0m]  - Now considering 'postcondition' VC for tailOrNil$6 @?:?...
[[34m  Info  [0m]  => VALID
[[34m  Info  [0m]  - Now considering 'precond. (call thiss.tail-mem$3(st@))' VC for tailOrNil$6 @?:?...
[[34m  Info  [0m]  => VALID
[[34m  Info  [0m]  - Now considering 'match exhaustiveness' VC for tailOrNil$6 @?:?...
[[34m  Info  [0m]  => VALID
  ????????????????????????
??? Verification Summary ?????????????????????????????????????????????????????????????????????????????????????????????????????????????????????????????
? ????????????????????????                                                                                                                           ?
? StreamLibrary.MapSuspL@mapPre$1              postcondition                                                 ?:?  valid  U:orb-smt-z3          0.060 ?
? StreamLibrary.ScanSuspL@scanPre$1            postcondition                                                 ?:?  valid  U:orb-smt-z3          0.060 ?
? StreamLibrary.TakeWhileSuspL@takeWhilePre$1  postcondition                                                 ?:?  valid  U:orb-smt-z3          0.067 ?
? StreamLibrary.UnfoldL@unfoldPre$1            match exhaustiveness                                          ?:?  valid  U:orb-smt-z3          0.025 ?
? StreamLibrary.UnfoldL@unfoldPre$1            postcondition                                                 ?:?  valid  U:orb-smt-z3          0.044 ?
? StreamLibrary.ZipWithSuspL@zipWithPre$1      postcondition                                                 ?:?  valid  U:orb-smt-z3          0.079 ?
? StreamLibrary.appendList$5                   match exhaustiveness                                          ?:?  valid  U:orb-smt-z3          0.065 ?
? StreamLibrary.appendList$5                   postcondition                                                 ?:?  valid  U:orb-smt-z3          0.036 ?
? StreamLibrary.cycle$5                        match exhaustiveness                                          ?:?  valid  U:orb-smt-z3          0.051 ?
? StreamLibrary.cycle$5                        postcondition                                                 ?:?  valid  U:orb-smt-z3          0.034 ?
? StreamLibrary.genNextNatFrom$5               postcondition                                                 ?:?  valid  U:orb-smt-z3          0.034 ?
? StreamLibrary.isPrefixOf$5                   match exhaustiveness                                          ?:?  valid  U:orb-smt-z3          0.040 ?
? StreamLibrary.isPrefixOf$5                   match exhaustiveness                                          ?:?  valid  U:orb-smt-z3          0.039 ?
? StreamLibrary.isPrefixOf$5                   match exhaustiveness                                          ?:?  valid  U:orb-smt-z3          0.043 ?
? StreamLibrary.isPrefixOf$5                   postcondition                                                 ?:?  valid  U:orb-smt-z3          0.207 ?
? StreamLibrary.isPrefixOf$5                   precond. (call isPrefixOf$5(tail$22, a$183._1, a$183._2 ...)  ?:?  valid  U:orb-smt-z3          0.208 ?
? StreamLibrary.map$14                         match exhaustiveness                                          ?:?  valid  U:orb-smt-z3          0.041 ?
? StreamLibrary.map$14                         postcondition                                                 ?:?  valid  U:orb-smt-z3          0.087 ?
? StreamClient.mapClient$5                     postcondition                                                 ?:?  valid  U:orb-smt-z3          0.371 ?
? StreamClient.mapClient$5                     precond. (call map$14(ConstFun1L@(), natsFromn$5(BigInt ...)  ?:?  valid  U:orb-smt-z3          0.058 ?
? StreamClient.mapClient$5                     precond. (call nthElemAfterMap$5(n, a$188._1, a$188._2))      ?:?  valid  U:orb-smt-z3          0.091 ?
? StreamLibrary.mapSusp$5                      postcondition                                                 ?:?  valid  U:orb-smt-z3          0.130 ?
? StreamLibrary.mapSusp$5                      precond. (call map$14(f, a$175._1, a$175._2))                 ?:?  valid  U:orb-smt-z3          0.184 ?
? StreamLibrary.natsFromn$5                    postcondition                                                 ?:?  valid  U:orb-smt-z3          0.063 ?
? StreamClient.nthElemAfterMap$5               match exhaustiveness                                          ?:?  valid  U:orb-smt-z3          1.295 ?
? StreamClient.nthElemAfterMap$5               match exhaustiveness                                          ?:?  valid  U:orb-smt-z3          0.039 ?
? StreamClient.nthElemAfterMap$5               match exhaustiveness                                          ?:?  valid  U:orb-smt-z3          0.042 ?
? StreamClient.nthElemAfterMap$5               postcondition                                                 ?:?  valid  U:orb-smt-z3          0.204 ?
? StreamClient.nthElemAfterMap$5               precond. (call nthElemAfterMap$5(n - BigInt(1), a$172._ ...)  ?:?  valid  U:orb-smt-z3          0.572 ?
? StreamClient.nthElemAfterScan$5              match exhaustiveness                                          ?:?  valid  U:orb-smt-z3          0.039 ?
? StreamClient.nthElemAfterScan$5              match exhaustiveness                                          ?:?  valid  U:orb-smt-z3          0.035 ?
? StreamClient.nthElemAfterScan$5              match exhaustiveness                                          ?:?  valid  U:orb-smt-z3          0.052 ?
? StreamClient.nthElemAfterScan$5              postcondition                                                 ?:?  valid  U:orb-smt-z3          0.169 ?
? StreamClient.nthElemAfterScan$5              precond. (call nthElemAfterScan$5(n - BigInt(1), a$190. ...)  ?:?  valid  U:orb-smt-z3          0.318 ?
? StreamClient.nthElemAfterTakeWhile$5         match exhaustiveness                                          ?:?  valid  U:orb-smt-z3          0.037 ?
? StreamClient.nthElemAfterTakeWhile$5         match exhaustiveness                                          ?:?  valid  U:orb-smt-z3          0.038 ?
? StreamClient.nthElemAfterTakeWhile$5         match exhaustiveness                                          ?:?  valid  U:orb-smt-z3          0.036 ?
? StreamClient.nthElemAfterTakeWhile$5         postcondition                                                 ?:?  valid  U:orb-smt-z3          0.166 ?
? StreamClient.nthElemAfterTakeWhile$5         precond. (call nthElemAfterTakeWhile$5(n - BigInt(1), a ...)  ?:?  valid  U:orb-smt-orb-cvc4    0.440 ?
? StreamClient.nthElemAfterUnfold$5            match exhaustiveness                                          ?:?  valid  U:orb-smt-z3          0.038 ?
? StreamClient.nthElemAfterUnfold$5            match exhaustiveness                                          ?:?  valid  U:orb-smt-z3          0.047 ?
? StreamClient.nthElemAfterUnfold$5            match exhaustiveness                                          ?:?  valid  U:orb-smt-z3          0.042 ?
? StreamClient.nthElemAfterUnfold$5            postcondition                                                 ?:?  valid  U:orb-smt-z3          0.169 ?
? StreamClient.nthElemAfterUnfold$5            precond. (call nthElemAfterUnfold$5(n - BigInt(1), a$17 ...)  ?:?  valid  U:orb-smt-z3          0.215 ?
? StreamClient.nthElemAfterZipWith$5           match exhaustiveness                                          ?:?  valid  U:orb-smt-z3          0.038 ?
? StreamClient.nthElemAfterZipWith$5           match exhaustiveness                                          ?:?  valid  U:orb-smt-z3          0.037 ?
? StreamClient.nthElemAfterZipWith$5           match exhaustiveness                                          ?:?  valid  U:orb-smt-z3          0.054 ?
? StreamClient.nthElemAfterZipWith$5           postcondition                                                 ?:?  valid  U:orb-smt-z3          0.203 ?
? StreamClient.nthElemAfterZipWith$5           precond. (call nthElemAfterZipWith$5(n - BigInt(1), a$1 ...)  ?:?  valid  U:orb-smt-z3          0.362 ?
? StreamClient.nthElemInRepeat$5               match exhaustiveness                                          ?:?  valid  U:orb-smt-z3          0.037 ?
? StreamClient.nthElemInRepeat$5               match exhaustiveness                                          ?:?  valid  U:orb-smt-z3          0.038 ?
? StreamClient.nthElemInRepeat$5               match exhaustiveness                                          ?:?  valid  U:orb-smt-z3          0.036 ?
? StreamClient.nthElemInRepeat$5               postcondition                                                 ?:?  valid  U:orb-smt-z3          0.200 ?
? StreamClient.nthElemInRepeat$5               precond. (call nthElemInRepeat$5(n - BigInt(1), a$186._ ...)  ?:?  valid  U:orb-smt-z3          0.223 ?
? StreamLibrary.repeat$5                       postcondition                                                 ?:?  valid  U:orb-smt-z3          0.033 ?
? StreamLibrary.scan$5                         match exhaustiveness                                          ?:?  valid  U:orb-smt-z3          0.040 ?
? StreamLibrary.scan$5                         postcondition                                                 ?:?  valid  U:orb-smt-z3          0.083 ?
? StreamClient.scanClient$5                    postcondition                                                 ?:?  valid  U:orb-smt-z3          0.161 ?
? StreamClient.scanClient$5                    precond. (call nthElemAfterScan$5(n, a$181._1, a$181._2 ...)  ?:?  valid  U:orb-smt-z3          0.065 ?
? StreamClient.scanClient$5                    precond. (call scan$5(ConstFun3L@(), BigInt(0), natsFro ...)  ?:?  valid  U:orb-smt-z3          0.046 ?
? StreamLibrary.scanSusp$5                     postcondition                                                 ?:?  valid  U:orb-smt-z3          0.124 ?
? StreamLibrary.scanSusp$5                     precond. (call scan$5(f, z, a$174._1, a$174._2))              ?:?  valid  U:orb-smt-z3          0.184 ?
? LList.tail-mem$3                             match exhaustiveness                                          ?:?  valid  U:orb-smt-z3          0.031 ?
? LList.tail-mem$3                             postcondition                                                 ?:?  valid  U:orb-smt-z3          0.170 ?
? LList.tailOrNil$6                            match exhaustiveness                                          ?:?  valid  U:orb-smt-z3          0.034 ?
? LList.tailOrNil$6                            postcondition                                                 ?:?  valid  U:orb-smt-z3          0.105 ?
? LList.tailOrNil$6                            precond. (call thiss.tail-mem$3(st@))                         ?:?  valid  U:orb-smt-orb-cvc4    0.038 ?
? StreamLibrary.takeWhile$7                    match exhaustiveness                                          ?:?  valid  U:orb-smt-z3          0.039 ?
? StreamLibrary.takeWhile$7                    postcondition                                                 ?:?  valid  U:orb-smt-z3          0.082 ?
? StreamClient.takeWhileClient$5               postcondition                                                 ?:?  valid  U:orb-smt-z3          0.153 ?
? StreamClient.takeWhileClient$5               precond. (call nthElemAfterTakeWhile$5(n, a$171._1, a$1 ...)  ?:?  valid  U:orb-smt-z3          0.074 ?
? StreamClient.takeWhileClient$5               precond. (call takeWhile$7(ConstFun2L@(), natsFromn$5(B ...)  ?:?  valid  U:orb-smt-z3          0.045 ?
? StreamLibrary.takeWhileSusp$5                postcondition                                                 ?:?  valid  U:orb-smt-z3          0.740 ?
? StreamLibrary.takeWhileSusp$5                precond. (call takeWhile$7(p, a$180._1, a$180._2))            ?:?  valid  U:orb-smt-z3          0.203 ?
? StreamLibrary.unfold$5                       match exhaustiveness                                          ?:?  valid  U:orb-smt-z3          0.035 ?
? StreamLibrary.unfold$5                       postcondition                                                 ?:?  valid  U:orb-smt-z3          0.059 ?
? StreamClient.unfoldClient$5                  postcondition                                                 ?:?  valid  U:orb-smt-z3          0.145 ?
? StreamClient.unfoldClient$5                  precond. (call nthElemAfterUnfold$5(n, a$173._1, a$173. ...)  ?:?  valid  U:orb-smt-z3          0.071 ?
? StreamClient.unfoldClient$5                  precond. (call unfold$5(ConstFun4L@(), c, st@))               ?:?  valid  U:orb-smt-z3          0.037 ?
? StreamLibrary.validNatStream$5               match exhaustiveness                                          ?:?  valid  U:orb-smt-z3          0.036 ?
? StreamLibrary.validNatStream$5               match exhaustiveness                                          ?:?  valid  U:orb-smt-z3          0.065 ?
? StreamLibrary.validNatStream$5               postcondition                                                 ?:?  valid  U:orb-smt-z3          0.035 ?
? StreamLibrary.zipWith$5                      match exhaustiveness                                          ?:?  valid  U:orb-smt-z3          0.069 ?
? StreamLibrary.zipWith$5                      match exhaustiveness                                          ?:?  valid  U:orb-smt-z3          0.048 ?
? StreamLibrary.zipWith$5                      postcondition                                                 ?:?  valid  U:orb-smt-z3          0.074 ?
? StreamClient.zipWithClient$5                 postcondition                                                 ?:?  valid  U:orb-smt-z3          0.154 ?
? StreamClient.zipWithClient$5                 precond. (call nthElemAfterZipWith$5(n, a$184._1, a$184 ...)  ?:?  valid  U:orb-smt-z3          0.079 ?
? StreamClient.zipWithClient$5                 precond. (call zipWith$5(ConstFun3L@(), natsFromn$5(Big ...)  ?:?  valid  U:orb-smt-z3          0.043 ?
? StreamLibrary.zipWithSusp$5                  postcondition                                                 ?:?  valid  U:orb-smt-z3          0.133 ?
? StreamLibrary.zipWithSusp$5                  precond. (call zipWith$5(f, a$178._1, a$179._1, a$179._ ...)  ?:?  valid  U:orb-smt-z3          0.307 ?
??????????????????????????????????????????????????????????????????????????????????????????????????????????????????????????????????????????????????????
? total: 90     valid: 90     invalid: 0      unknown 0                                                                                       11.178 ?
??????????????????????????????????????????????????????????????????????????????????????????????????????????????????????????????????????????????????????
[[34m  Info  [0m] - Nothing to solve for uBigIntxBigInttBigInt-alloc
[[34m  Info  [0m] - considering function scan-alloc...
[[34m  Info  [0m] Candidate invariants
[[34m  Info  [0m] scan-alloc-->1 * x$12$3._2 + 0 <= 0
[[34m  Info  [0m] checked VC inst... in 0.008s
[[34m  Info  [0m] Function: scan-alloc--Found candidate invariant is not a real invariant! 
[[34m  Info  [0m] # of atomic predicates: 6 + 1
[[34m  Info  [0m] Candidate invariants
[[34m  Info  [0m] scan-alloc-->1 * x$12$3._2 + -3 <= 0
[[34m  Info  [0m] checked VC inst... in 0.007s
[[34m  Info  [0m] Function: scan-alloc--Found candidate invariant is not a real invariant! 
[[34m  Info  [0m] # of atomic predicates: 7 + 7
[[34m  Info  [0m] - More unrollings for invariant inference
[[34m  Info  [0m] Candidate invariants
[[34m  Info  [0m] scan-alloc-->1 * x$12$3._2 + 0 <= 0
[[34m  Info  [0m] checked VC inst... in 0.014s
[[34m  Info  [0m] Function: scan-alloc--Found candidate invariant is not a real invariant! 
[[34m  Info  [0m] # of atomic predicates: 6 + 1
[[34m  Info  [0m] Candidate invariants
[[34m  Info  [0m] scan-alloc-->1 * x$12$3._2 + -3 <= 0
[[34m  Info  [0m] checked VC inst... in 0.007s
[[34m  Info  [0m] minimizing...
[[34m  Info  [0m] Candidate invariants
[[34m  Info  [0m] scan-alloc-->1 * x$12$3._2 + -1 <= 0
[[34m  Info  [0m] checked VC inst... in 0.011s
[[34m  Info  [0m] Function: scan-alloc--Found candidate invariant is not a real invariant! 
[[34m  Info  [0m] # of atomic predicates: 8 + 7
[[34m  Info  [0m] Candidate invariants
[[34m  Info  [0m] scan-alloc-->1 * x$12$3._2 + -4 <= 0
[[34m  Info  [0m] checked VC inst... in 0.006s
[[34m  Info  [0m] minimizing...
[[34m  Info  [0m] Candidate invariants
[[34m  Info  [0m] scan-alloc-->1 * x$12$3._2 + -3 <= 0
[[34m  Info  [0m] checked VC inst... in 0.005s
[[34m  Info  [0m] - Found inductive invariant: scan-alloc --> alloc + BigInt(-3) <= BigInt(0)
[[34m  Info  [0m] - Verifying Invariants... 
[[34m  Info  [0m] - Invariant verified
[[34m  Info  [0m] - considering function natsFromn-alloc...
[[34m  Info  [0m] Candidate invariants
[[34m  Info  [0m] natsFromn-alloc-->1 * res$233._2 + 0 <= 0
[[34m  Info  [0m] checked VC inst... in 0.002s
[[34m  Info  [0m] Function: natsFromn-alloc--Found candidate invariant is not a real invariant! 
[[34m  Info  [0m] # of atomic predicates: 1 + 1
[[34m  Info  [0m] - More unrollings for invariant inference
[[34m  Info  [0m] Candidate invariants
[[34m  Info  [0m] natsFromn-alloc-->1 * res$233._2 + 0 <= 0
[[34m  Info  [0m] checked VC inst... in 0.002s
[[34m  Info  [0m] Function: natsFromn-alloc--Found candidate invariant is not a real invariant! 
[[34m  Info  [0m] # of atomic predicates: 6 + 1
[[34m  Info  [0m] Candidate invariants
[[34m  Info  [0m] natsFromn-alloc-->1 * res$233._2 + -4 <= 0
[[34m  Info  [0m] checked VC inst... in 0.001s
[[34m  Info  [0m] minimizing...
[[34m  Info  [0m] Candidate invariants
[[34m  Info  [0m] natsFromn-alloc-->1 * res$233._2 + -2 <= 0
[[34m  Info  [0m] checked VC inst... in 0.001s
[[34m  Info  [0m] - Found inductive invariant: natsFromn-alloc --> alloc + BigInt(-2) <= BigInt(0)
[[34m  Info  [0m] - Verifying Invariants... 
[[34m  Info  [0m] - Invariant verified
[[34m  Info  [0m] - Nothing to solve for uBigInttTupBigIntBigInt-alloc
[[34m  Info  [0m] - considering function unfold-alloc...
[[34m  Info  [0m] Candidate invariants
[[34m  Info  [0m] unfold-alloc-->1 * x$16$4._2 + 0 <= 0
[[34m  Info  [0m] checked VC inst... in 0.004s
[[34m  Info  [0m] Function: unfold-alloc--Found candidate invariant is not a real invariant! 
[[34m  Info  [0m] # of atomic predicates: 6 + 1
[[34m  Info  [0m] Candidate invariants
[[34m  Info  [0m] unfold-alloc-->1 * x$16$4._2 + -4 <= 0
[[34m  Info  [0m] checked VC inst... in 0.002s
[[34m  Info  [0m] Function: unfold-alloc--Found candidate invariant is not a real invariant! 
[[34m  Info  [0m] # of atomic predicates: 7 + 7
[[34m  Info  [0m] - More unrollings for invariant inference
[[34m  Info  [0m] Candidate invariants
[[34m  Info  [0m] unfold-alloc-->1 * x$16$4._2 + 0 <= 0
[[34m  Info  [0m] checked VC inst... in 0.005s
[[34m  Info  [0m] Function: unfold-alloc--Found candidate invariant is not a real invariant! 
[[34m  Info  [0m] # of atomic predicates: 6 + 1
[[34m  Info  [0m] Candidate invariants
[[34m  Info  [0m] unfold-alloc-->1 * x$16$4._2 + -4 <= 0
[[34m  Info  [0m] checked VC inst... in 0.001s
[[34m  Info  [0m] minimizing...
[[34m  Info  [0m] Candidate invariants
[[34m  Info  [0m] unfold-alloc-->1 * x$16$4._2 + -2 <= 0
[[34m  Info  [0m] checked VC inst... in 0.003s
[[34m  Info  [0m] Function: unfold-alloc--Found candidate invariant is not a real invariant! 
[[34m  Info  [0m] # of atomic predicates: 8 + 7
[[34m  Info  [0m] Candidate invariants
[[34m  Info  [0m] unfold-alloc-->1 * x$16$4._2 + -3 <= 0
[[34m  Info  [0m] checked VC inst... in 0.002s
[[34m  Info  [0m] minimizing...
[[34m  Info  [0m] - Found inductive invariant: unfold-alloc --> alloc + BigInt(-3) <= BigInt(0)
[[34m  Info  [0m] - Verifying Invariants... 
[[34m  Info  [0m] - Invariant verified
[[34m  Info  [0m] - Nothing to solve for utLList-alloc
[[34m  Info  [0m] - considering function repeat-alloc...
[[34m  Info  [0m] Candidate invariants
[[34m  Info  [0m] repeat-alloc-->1 * x$6$9._2 + 0 <= 0
[[34m  Info  [0m] checked VC inst... in 0.001s
[[34m  Info  [0m] Function: repeat-alloc--Found candidate invariant is not a real invariant! 
[[34m  Info  [0m] # of atomic predicates: 6 + 1
[[34m  Info  [0m] Candidate invariants
[[34m  Info  [0m] repeat-alloc-->1 * x$6$9._2 + -4 <= 0
[[34m  Info  [0m] checked VC inst... in 0.001s
[[34m  Info  [0m] minimizing...
[[34m  Info  [0m] Candidate invariants
[[34m  Info  [0m] repeat-alloc-->1 * x$6$9._2 + -2 <= 0
[[34m  Info  [0m] checked VC inst... in 0.001s
[[34m  Info  [0m] - Found inductive invariant: repeat-alloc --> alloc + BigInt(-2) <= BigInt(0)
[[34m  Info  [0m] - Verifying Invariants... 
[[34m  Info  [0m] - Invariant verified
[[34m  Info  [0m] - considering function cycle-alloc...
[[34m  Info  [0m] Candidate invariants
[[34m  Info  [0m] cycle-alloc-->1 * x$7$8._2 + 0 <= 0
[[34m  Info  [0m] checked VC inst... in 0.003s
[[34m  Info  [0m] Function: cycle-alloc--Found candidate invariant is not a real invariant! 
[[34m  Info  [0m] # of atomic predicates: 6 + 1
[[34m  Info  [0m] Candidate invariants
[[34m  Info  [0m] cycle-alloc-->1 * x$7$8._2 + -3 <= 0
[[34m  Info  [0m] checked VC inst... in 0.002s
[[34m  Info  [0m] minimizing...
[[34m  Info  [0m] Candidate invariants
[[34m  Info  [0m] cycle-alloc-->1 * x$7$8._2 + -1 <= 0
[[34m  Info  [0m] checked VC inst... in 0.003s
[[34m  Info  [0m] Function: cycle-alloc--Found candidate invariant is not a real invariant! 
[[34m  Info  [0m] # of atomic predicates: 6 + 7
[[34m  Info  [0m] Candidate invariants
[[34m  Info  [0m] cycle-alloc-->1 * x$7$8._2 + -2 <= 0
[[34m  Info  [0m] checked VC inst... in 0.002s
[[34m  Info  [0m] minimizing...
[[34m  Info  [0m] - Found inductive invariant: cycle-alloc --> alloc + BigInt(-2) <= BigInt(0)
[[34m  Info  [0m] - Verifying Invariants... 
[[34m  Info  [0m] - Invariant verified
[[34m  Info  [0m] - Nothing to solve for uBigInttBigInt-alloc
[[34m  Info  [0m] - considering function map-alloc...
[[34m  Info  [0m] Candidate invariants
[[34m  Info  [0m] map-alloc-->1 * x$3$12._2 + 0 <= 0
[[34m  Info  [0m] checked VC inst... in 0.007s
[[34m  Info  [0m] Function: map-alloc--Found candidate invariant is not a real invariant! 
[[34m  Info  [0m] # of atomic predicates: 6 + 1
[[34m  Info  [0m] Candidate invariants
[[34m  Info  [0m] map-alloc-->1 * x$3$12._2 + -3 <= 0
[[34m  Info  [0m] checked VC inst... in 0.008s
[[34m  Info  [0m] Function: map-alloc--Found candidate invariant is not a real invariant! 
[[34m  Info  [0m] # of atomic predicates: 7 + 7
[[34m  Info  [0m] - More unrollings for invariant inference
[[34m  Info  [0m] Candidate invariants
[[34m  Info  [0m] map-alloc-->1 * x$3$12._2 + 0 <= 0
[[34m  Info  [0m] checked VC inst... in 0.014s
[[34m  Info  [0m] Function: map-alloc--Found candidate invariant is not a real invariant! 
[[34m  Info  [0m] # of atomic predicates: 6 + 1
[[34m  Info  [0m] Candidate invariants
[[34m  Info  [0m] map-alloc-->1 * x$3$12._2 + -3 <= 0
[[34m  Info  [0m] checked VC inst... in 0.005s
[[34m  Info  [0m] minimizing...
[[34m  Info  [0m] Candidate invariants
[[34m  Info  [0m] map-alloc-->1 * x$3$12._2 + -1 <= 0
[[34m  Info  [0m] checked VC inst... in 0.008s
[[34m  Info  [0m] Function: map-alloc--Found candidate invariant is not a real invariant! 
[[34m  Info  [0m] # of atomic predicates: 8 + 7
[[34m  Info  [0m] Candidate invariants
[[34m  Info  [0m] map-alloc-->1 * x$3$12._2 + -4 <= 0
[[34m  Info  [0m] checked VC inst... in 0.004s
[[34m  Info  [0m] minimizing...
[[34m  Info  [0m] Candidate invariants
[[34m  Info  [0m] map-alloc-->1 * x$3$12._2 + -3 <= 0
[[34m  Info  [0m] checked VC inst... in 0.004s
[[34m  Info  [0m] - Found inductive invariant: map-alloc --> alloc + BigInt(-3) <= BigInt(0)
[[34m  Info  [0m] - Verifying Invariants... 
[[34m  Info  [0m] - Invariant verified
[[34m  Info  [0m] - considering function genNextNatFrom-alloc...
[[34m  Info  [0m] Candidate invariants
[[34m  Info  [0m] genNextNatFrom-alloc-->1 * x$1$35._2 + 0 <= 0
[[34m  Info  [0m] checked VC inst... in 0.002s
[[34m  Info  [0m] Function: genNextNatFrom-alloc--Found candidate invariant is not a real invariant! 
[[34m  Info  [0m] # of atomic predicates: 6 + 1
[[34m  Info  [0m] Candidate invariants
[[34m  Info  [0m] genNextNatFrom-alloc-->1 * x$1$35._2 + -4 <= 0
[[34m  Info  [0m] checked VC inst... in 0.0s
[[34m  Info  [0m] minimizing...
[[34m  Info  [0m] Candidate invariants
[[34m  Info  [0m] genNextNatFrom-alloc-->1 * x$1$35._2 + -2 <= 0
[[34m  Info  [0m] checked VC inst... in 0.0s
[[34m  Info  [0m] - Found inductive invariant: genNextNatFrom-alloc --> alloc + BigInt(-2) <= BigInt(0)
[[34m  Info  [0m] - Verifying Invariants... 
[[34m  Info  [0m] - Invariant verified
[[34m  Info  [0m] - Nothing to solve for uBigInttBoolean-alloc
[[34m  Info  [0m] - considering function takeWhile-alloc...
[[34m  Info  [0m] Candidate invariants
[[34m  Info  [0m] takeWhile-alloc-->1 * x$9$3._2 + 0 <= 0
[[34m  Info  [0m] checked VC inst... in 0.012s
[[34m  Info  [0m] Function: takeWhile-alloc--Found candidate invariant is not a real invariant! 
[[34m  Info  [0m] # of atomic predicates: 6 + 1
[[34m  Info  [0m] Candidate invariants
[[34m  Info  [0m] takeWhile-alloc-->1 * x$9$3._2 + -3 <= 0
[[34m  Info  [0m] checked VC inst... in 0.011s
[[34m  Info  [0m] Function: takeWhile-alloc--Found candidate invariant is not a real invariant! 
[[34m  Info  [0m] # of atomic predicates: 7 + 7
[[34m  Info  [0m] - More unrollings for invariant inference
[[34m  Info  [0m] Candidate invariants
[[34m  Info  [0m] takeWhile-alloc-->1 * x$9$3._2 + 0 <= 0
[[34m  Info  [0m] checked VC inst... in 0.013s
[[34m  Info  [0m] Function: takeWhile-alloc--Found candidate invariant is not a real invariant! 
[[34m  Info  [0m] # of atomic predicates: 6 + 1
[[34m  Info  [0m] Candidate invariants
[[34m  Info  [0m] takeWhile-alloc-->1 * x$9$3._2 + -3 <= 0
[[34m  Info  [0m] checked VC inst... in 0.007s
[[34m  Info  [0m] minimizing...
[[34m  Info  [0m] Candidate invariants
[[34m  Info  [0m] takeWhile-alloc-->1 * x$9$3._2 + -1 <= 0
[[34m  Info  [0m] checked VC inst... in 0.009s
[[34m  Info  [0m] Function: takeWhile-alloc--Found candidate invariant is not a real invariant! 
[[34m  Info  [0m] # of atomic predicates: 8 + 7
[[34m  Info  [0m] Candidate invariants
[[34m  Info  [0m] takeWhile-alloc-->1 * x$9$3._2 + -4 <= 0
[[34m  Info  [0m] checked VC inst... in 0.004s
[[34m  Info  [0m] minimizing...
[[34m  Info  [0m] Candidate invariants
[[34m  Info  [0m] takeWhile-alloc-->1 * x$9$3._2 + -3 <= 0
[[34m  Info  [0m] checked VC inst... in 0.004s
[[34m  Info  [0m] - Found inductive invariant: takeWhile-alloc --> alloc + BigInt(-3) <= BigInt(0)
[[34m  Info  [0m] - Verifying Invariants... 
[[34m  Info  [0m] - Invariant verified
[[34m  Info  [0m] - considering function appendList-alloc...
[[34m  Info  [0m] Candidate invariants
[[34m  Info  [0m] appendList-alloc-->1 * x$5$10._2 + 0 <= 0
[[34m  Info  [0m] checked VC inst... in 0.006s
[[34m  Info  [0m] Function: appendList-alloc--Found candidate invariant is not a real invariant! 
[[34m  Info  [0m] # of atomic predicates: 6 + 1
[[34m  Info  [0m] Candidate invariants
[[34m  Info  [0m] appendList-alloc-->1 * x$5$10._2 + -4 <= 0
[[34m  Info  [0m] checked VC inst... in 0.002s
[[34m  Info  [0m] minimizing...
[[34m  Info  [0m] Candidate invariants
[[34m  Info  [0m] appendList-alloc-->1 * x$5$10._2 + -2 <= 0
[[34m  Info  [0m] checked VC inst... in 0.002s
[[34m  Info  [0m] - Found inductive invariant: appendList-alloc --> alloc + BigInt(-2) <= BigInt(0)
[[34m  Info  [0m] - Verifying Invariants... 
[[34m  Info  [0m] - Invariant verified
[[34m  Info  [0m] - considering function zipWith-alloc...
[[34m  Info  [0m] Candidate invariants
[[34m  Info  [0m] zipWith-alloc-->1 * x$18$4._2 + 0 <= 0
[[34m  Info  [0m] checked VC inst... in 0.012s
[[34m  Info  [0m] Function: zipWith-alloc--Found candidate invariant is not a real invariant! 
[[34m  Info  [0m] # of atomic predicates: 6 + 1
[[34m  Info  [0m] Candidate invariants
[[34m  Info  [0m] zipWith-alloc-->1 * x$18$4._2 + -3 <= 0
[[34m  Info  [0m] checked VC inst... in 0.007s
[[34m  Info  [0m] Function: zipWith-alloc--Found candidate invariant is not a real invariant! 
[[34m  Info  [0m] # of atomic predicates: 7 + 7
[[34m  Info  [0m] - More unrollings for invariant inference
[[34m  Info  [0m] Candidate invariants
[[34m  Info  [0m] zipWith-alloc-->1 * x$18$4._2 + 0 <= 0
[[34m  Info  [0m] checked VC inst... in 0.012s
[[34m  Info  [0m] Function: zipWith-alloc--Found candidate invariant is not a real invariant! 
[[34m  Info  [0m] # of atomic predicates: 6 + 1
[[34m  Info  [0m] Candidate invariants
[[34m  Info  [0m] zipWith-alloc-->1 * x$18$4._2 + -3 <= 0
[[34m  Info  [0m] checked VC inst... in 0.012s
[[34m  Info  [0m] minimizing...
[[34m  Info  [0m] Candidate invariants
[[34m  Info  [0m] zipWith-alloc-->1 * x$18$4._2 + -1 <= 0
[[34m  Info  [0m] checked VC inst... in 0.009s
[[34m  Info  [0m] Function: zipWith-alloc--Found candidate invariant is not a real invariant! 
[[34m  Info  [0m] # of atomic predicates: 8 + 7
[[34m  Info  [0m] Candidate invariants
[[34m  Info  [0m] zipWith-alloc-->1 * x$18$4._2 + -4 <= 0
[[34m  Info  [0m] checked VC inst... in 0.008s
[[34m  Info  [0m] minimizing...
[[34m  Info  [0m] Candidate invariants
[[34m  Info  [0m] zipWith-alloc-->1 * x$18$4._2 + -3 <= 0
[[34m  Info  [0m] checked VC inst... in 0.005s
[[34m  Info  [0m] - Found inductive invariant: zipWith-alloc --> alloc + BigInt(-3) <= BigInt(0)
[[34m  Info  [0m] - Verifying Invariants... 
[[34m  Info  [0m] - Invariant verified
[[34m  Info  [0m] - considering function mapSusp-alloc...
[[34m  Info  [0m] Candidate invariants
[[34m  Info  [0m] mapSusp-alloc-->1 * x$4$10._2 + 0 <= 0
[[34m  Info  [0m] checked VC inst... in 0.004s
[[34m  Info  [0m] Function: mapSusp-alloc--Found candidate invariant is not a real invariant! 
[[34m  Info  [0m] # of atomic predicates: 8 + 1
[[34m  Info  [0m] - More unrollings for invariant inference
[[34m  Info  [0m] Candidate invariants
[[34m  Info  [0m] mapSusp-alloc-->1 * x$4$10._2 + 0 <= 0
[[34m  Info  [0m] checked VC inst... in 0.021s
[[34m  Info  [0m] Function: mapSusp-alloc--Found candidate invariant is not a real invariant! 
[[34m  Info  [0m] # of atomic predicates: 7 + 1
[[34m  Info  [0m] Candidate invariants
[[34m  Info  [0m] mapSusp-alloc-->1 * x$4$10._2 + -5 <= 0
[[34m  Info  [0m] checked VC inst... in 0.016s
[[34m  Info  [0m] Function: mapSusp-alloc--Found candidate invariant is not a real invariant! 
[[34m  Info  [0m] # of atomic predicates: 6 + 8
[[34m  Info  [0m] - More unrollings for invariant inference
[[34m  Info  [0m] Candidate invariants
[[34m  Info  [0m] mapSusp-alloc-->1 * x$4$10._2 + 0 <= 0
[[34m  Info  [0m] checked VC inst... in 0.035s
[[34m  Info  [0m] Function: mapSusp-alloc--Found candidate invariant is not a real invariant! 
[[34m  Info  [0m] # of atomic predicates: 7 + 1
[[34m  Info  [0m] Candidate invariants
[[34m  Info  [0m] mapSusp-alloc-->1 * x$4$10._2 + -5 <= 0
[[34m  Info  [0m] checked VC inst... in 0.029s
[[34m  Info  [0m] Function: mapSusp-alloc--Found candidate invariant is not a real invariant! 
[[34m  Info  [0m] # of atomic predicates: 7 + 8
[[34m  Info  [0m] - More unrollings for invariant inference
[[34m  Info  [0m] Candidate invariants
[[34m  Info  [0m] mapSusp-alloc-->1 * x$4$10._2 + 0 <= 0
[[34m  Info  [0m] checked VC inst... in 0.128s
[[34m  Info  [0m] Function: mapSusp-alloc--Found candidate invariant is not a real invariant! 
[[34m  Info  [0m] # of atomic predicates: 7 + 1
[[34m  Info  [0m] Candidate invariants
[[34m  Info  [0m] mapSusp-alloc-->1 * x$4$10._2 + -5 <= 0
[[34m  Info  [0m] checked VC inst... in 0.192s
[[34m  Info  [0m] Function: mapSusp-alloc--Found candidate invariant is not a real invariant! 
[[34m  Info  [0m] # of atomic predicates: 11 + 8
[[34m  Info  [0m] Candidate invariants
[[34m  Info  [0m] mapSusp-alloc-->1 * x$4$10._2 + -7 <= 0
[[34m  Info  [0m] checked VC inst... in 0.025s
[[34m  Info  [0m] minimizing...
[[34m  Info  [0m] Candidate invariants
[[34m  Info  [0m] mapSusp-alloc-->1 * x$4$10._2 + -6 <= 0
[[34m  Info  [0m] checked VC inst... in 0.011s
[[34m  Info  [0m] - Found inductive invariant: mapSusp-alloc --> alloc + BigInt(-6) <= BigInt(0)
[[34m  Info  [0m] - Verifying Invariants... 
[[34m  Info  [0m] - Invariant verified
[[34m  Info  [0m] - considering function takeWhileSusp-alloc...
[[34m  Info  [0m] Candidate invariants
[[34m  Info  [0m] takeWhileSusp-alloc-->1 * x$10$3._2 + 0 <= 0
[[34m  Info  [0m] checked VC inst... in 0.004s
[[34m  Info  [0m] Function: takeWhileSusp-alloc--Found candidate invariant is not a real invariant! 
[[34m  Info  [0m] # of atomic predicates: 8 + 1
[[34m  Info  [0m] - More unrollings for invariant inference
[[34m  Info  [0m] Candidate invariants
[[34m  Info  [0m] takeWhileSusp-alloc-->1 * x$10$3._2 + 0 <= 0
[[34m  Info  [0m] checked VC inst... in 0.02s
[[34m  Info  [0m] Function: takeWhileSusp-alloc--Found candidate invariant is not a real invariant! 
[[34m  Info  [0m] # of atomic predicates: 7 + 1
[[34m  Info  [0m] Candidate invariants
[[34m  Info  [0m] takeWhileSusp-alloc-->1 * x$10$3._2 + -5 <= 0
[[34m  Info  [0m] checked VC inst... in 0.019s
[[34m  Info  [0m] Function: takeWhileSusp-alloc--Found candidate invariant is not a real invariant! 
[[34m  Info  [0m] # of atomic predicates: 6 + 8
[[34m  Info  [0m] - More unrollings for invariant inference
[[34m  Info  [0m] Candidate invariants
[[34m  Info  [0m] takeWhileSusp-alloc-->1 * x$10$3._2 + 0 <= 0
[[34m  Info  [0m] checked VC inst... in 0.032s
[[34m  Info  [0m] Function: takeWhileSusp-alloc--Found candidate invariant is not a real invariant! 
[[34m  Info  [0m] # of atomic predicates: 7 + 1
[[34m  Info  [0m] Candidate invariants
[[34m  Info  [0m] takeWhileSusp-alloc-->1 * x$10$3._2 + -5 <= 0
[[34m  Info  [0m] checked VC inst... in 0.024s
[[34m  Info  [0m] Function: takeWhileSusp-alloc--Found candidate invariant is not a real invariant! 
[[34m  Info  [0m] # of atomic predicates: 7 + 8
[[34m  Info  [0m] - More unrollings for invariant inference
[[34m  Info  [0m] Candidate invariants
[[34m  Info  [0m] takeWhileSusp-alloc-->1 * x$10$3._2 + 0 <= 0
[[34m  Info  [0m] checked VC inst... in 0.11s
[[34m  Info  [0m] Function: takeWhileSusp-alloc--Found candidate invariant is not a real invariant! 
[[34m  Info  [0m] # of atomic predicates: 7 + 1
[[34m  Info  [0m] Candidate invariants
[[34m  Info  [0m] takeWhileSusp-alloc-->1 * x$10$3._2 + -5 <= 0
[[34m  Info  [0m] checked VC inst... in 0.194s
[[34m  Info  [0m] Function: takeWhileSusp-alloc--Found candidate invariant is not a real invariant! 
[[34m  Info  [0m] # of atomic predicates: 11 + 8
[[34m  Info  [0m] Candidate invariants
[[34m  Info  [0m] takeWhileSusp-alloc-->1 * x$10$3._2 + -7 <= 0
[[34m  Info  [0m] checked VC inst... in 0.008s
[[34m  Info  [0m] minimizing...
[[34m  Info  [0m] Candidate invariants
[[34m  Info  [0m] takeWhileSusp-alloc-->1 * x$10$3._2 + -6 <= 0
[[34m  Info  [0m] checked VC inst... in 0.005s
[[34m  Info  [0m] - Found inductive invariant: takeWhileSusp-alloc --> alloc + BigInt(-6) <= BigInt(0)
[[34m  Info  [0m] - Verifying Invariants... 
[[34m  Info  [0m] - Invariant verified
[[34m  Info  [0m] - considering function scanSusp-alloc...
[[34m  Info  [0m] Candidate invariants
[[34m  Info  [0m] scanSusp-alloc-->1 * x$13$3._2 + 0 <= 0
[[34m  Info  [0m] checked VC inst... in 0.004s
[[34m  Info  [0m] Function: scanSusp-alloc--Found candidate invariant is not a real invariant! 
[[34m  Info  [0m] # of atomic predicates: 8 + 1
[[34m  Info  [0m] - More unrollings for invariant inference
[[34m  Info  [0m] Candidate invariants
[[34m  Info  [0m] scanSusp-alloc-->1 * x$13$3._2 + 0 <= 0
[[34m  Info  [0m] checked VC inst... in 0.018s
[[34m  Info  [0m] Function: scanSusp-alloc--Found candidate invariant is not a real invariant! 
[[34m  Info  [0m] # of atomic predicates: 7 + 1
[[34m  Info  [0m] Candidate invariants
[[34m  Info  [0m] scanSusp-alloc-->1 * x$13$3._2 + -5 <= 0
[[34m  Info  [0m] checked VC inst... in 0.018s
[[34m  Info  [0m] Function: scanSusp-alloc--Found candidate invariant is not a real invariant! 
[[34m  Info  [0m] # of atomic predicates: 6 + 8
[[34m  Info  [0m] - More unrollings for invariant inference
[[34m  Info  [0m] Candidate invariants
[[34m  Info  [0m] scanSusp-alloc-->1 * x$13$3._2 + 0 <= 0
[[34m  Info  [0m] checked VC inst... in 0.034s
[[34m  Info  [0m] Function: scanSusp-alloc--Found candidate invariant is not a real invariant! 
[[34m  Info  [0m] # of atomic predicates: 7 + 1
[[34m  Info  [0m] Candidate invariants
[[34m  Info  [0m] scanSusp-alloc-->1 * x$13$3._2 + -5 <= 0
[[34m  Info  [0m] checked VC inst... in 0.024s
[[34m  Info  [0m] Function: scanSusp-alloc--Found candidate invariant is not a real invariant! 
[[34m  Info  [0m] # of atomic predicates: 7 + 8
[[34m  Info  [0m] - More unrollings for invariant inference
[[34m  Info  [0m] Candidate invariants
[[34m  Info  [0m] scanSusp-alloc-->1 * x$13$3._2 + 0 <= 0
[[34m  Info  [0m] checked VC inst... in 0.097s
[[34m  Info  [0m] Function: scanSusp-alloc--Found candidate invariant is not a real invariant! 
[[34m  Info  [0m] # of atomic predicates: 7 + 1
[[34m  Info  [0m] Candidate invariants
[[34m  Info  [0m] scanSusp-alloc-->1 * x$13$3._2 + -5 <= 0
[[34m  Info  [0m] checked VC inst... in 0.165s
[[34m  Info  [0m] Function: scanSusp-alloc--Found candidate invariant is not a real invariant! 
[[34m  Info  [0m] # of atomic predicates: 11 + 8
[[34m  Info  [0m] Candidate invariants
[[34m  Info  [0m] scanSusp-alloc-->1 * x$13$3._2 + -7 <= 0
[[34m  Info  [0m] checked VC inst... in 0.007s
[[34m  Info  [0m] minimizing...
[[34m  Info  [0m] Candidate invariants
[[34m  Info  [0m] scanSusp-alloc-->1 * x$13$3._2 + -6 <= 0
[[34m  Info  [0m] checked VC inst... in 0.006s
[[34m  Info  [0m] - Found inductive invariant: scanSusp-alloc --> alloc + BigInt(-6) <= BigInt(0)
[[34m  Info  [0m] - Verifying Invariants... 
[[34m  Info  [0m] - Invariant verified
[[34m  Info  [0m] - considering function zipWithSusp-alloc...
[[34m  Info  [0m] Candidate invariants
[[34m  Info  [0m] zipWithSusp-alloc-->1 * x$19$4._2 + 0 <= 0
[[34m  Info  [0m] checked VC inst... in 0.005s
[[34m  Info  [0m] Function: zipWithSusp-alloc--Found candidate invariant is not a real invariant! 
[[34m  Info  [0m] # of atomic predicates: 8 + 1
[[34m  Info  [0m] - More unrollings for invariant inference
[[34m  Info  [0m] Candidate invariants
[[34m  Info  [0m] zipWithSusp-alloc-->1 * x$19$4._2 + 0 <= 0
[[34m  Info  [0m] checked VC inst... in 0.032s
[[34m  Info  [0m] Function: zipWithSusp-alloc--Found candidate invariant is not a real invariant! 
[[34m  Info  [0m] # of atomic predicates: 6 + 1
[[34m  Info  [0m] Candidate invariants
[[34m  Info  [0m] zipWithSusp-alloc-->1 * x$19$4._2 + -3 <= 0
[[34m  Info  [0m] checked VC inst... in 0.046s
[[34m  Info  [0m] Function: zipWithSusp-alloc--Found candidate invariant is not a real invariant! 
[[34m  Info  [0m] # of atomic predicates: 6 + 7
[[34m  Info  [0m] - More unrollings for invariant inference
[[34m  Info  [0m] Candidate invariants
[[34m  Info  [0m] zipWithSusp-alloc-->1 * x$19$4._2 + 0 <= 0
[[34m  Info  [0m] checked VC inst... in 0.04s
[[34m  Info  [0m] Function: zipWithSusp-alloc--Found candidate invariant is not a real invariant! 
[[34m  Info  [0m] # of atomic predicates: 7 + 1
[[34m  Info  [0m] Candidate invariants
[[34m  Info  [0m] zipWithSusp-alloc-->1 * x$19$4._2 + -5 <= 0
[[34m  Info  [0m] checked VC inst... in 0.067s
[[34m  Info  [0m] Function: zipWithSusp-alloc--Found candidate invariant is not a real invariant! 
[[34m  Info  [0m] # of atomic predicates: 6 + 8
[[34m  Info  [0m] - More unrollings for invariant inference
[[34m  Info  [0m] Candidate invariants
[[34m  Info  [0m] zipWithSusp-alloc-->1 * x$19$4._2 + 0 <= 0
[[34m  Info  [0m] checked VC inst... in 0.068s
[[34m  Info  [0m] Function: zipWithSusp-alloc--Found candidate invariant is not a real invariant! 
[[34m  Info  [0m] # of atomic predicates: 7 + 1
[[34m  Info  [0m] Candidate invariants
[[34m  Info  [0m] zipWithSusp-alloc-->1 * x$19$4._2 + -5 <= 0
[[34m  Info  [0m] checked VC inst... in 0.1s
[[34m  Info  [0m] Function: zipWithSusp-alloc--Found candidate invariant is not a real invariant! 
[[34m  Info  [0m] # of atomic predicates: 7 + 8
[[34m  Info  [0m] - More unrollings for invariant inference
[[34m  Info  [0m] Candidate invariants
[[34m  Info  [0m] zipWithSusp-alloc-->1 * x$19$4._2 + 0 <= 0
[[34m  Info  [0m] checked VC inst... in 0.149s
[[34m  Info  [0m] Function: zipWithSusp-alloc--Found candidate invariant is not a real invariant! 
[[34m  Info  [0m] # of atomic predicates: 6 + 1
[[34m  Info  [0m] Candidate invariants
[[34m  Info  [0m] zipWithSusp-alloc-->1 * x$19$4._2 + -3 <= 0
[[34m  Info  [0m] checked VC inst... in 0.637s
[[34m  Info  [0m] Function: zipWithSusp-alloc--Found candidate invariant is not a real invariant! 
[[34m  Info  [0m] # of atomic predicates: 7 + 7
[[34m  Info  [0m] - More unrollings for invariant inference
[[34m  Info  [0m] Candidate invariants
[[34m  Info  [0m] zipWithSusp-alloc-->1 * x$19$4._2 + 0 <= 0
[[34m  Info  [0m] checked VC inst... in 0.293s
[[34m  Info  [0m] Function: zipWithSusp-alloc--Found candidate invariant is not a real invariant! 
[[34m  Info  [0m] # of atomic predicates: 6 + 1
[[34m  Info  [0m] Candidate invariants
[[34m  Info  [0m] zipWithSusp-alloc-->1 * x$19$4._2 + -3 <= 0
[[34m  Info  [0m] checked VC inst... in 2.127s
[[34m  Info  [0m] Function: zipWithSusp-alloc--Found candidate invariant is not a real invariant! 
[[34m  Info  [0m] # of atomic predicates: 8 + 7
[[34m  Info  [0m] Candidate invariants
[[34m  Info  [0m] zipWithSusp-alloc-->1 * x$19$4._2 + -5 <= 0
[[34m  Info  [0m] checked VC inst... in 2.709s
[[34m  Info  [0m] Function: zipWithSusp-alloc--Found candidate invariant is not a real invariant! 
[[34m  Info  [0m] # of atomic predicates: 9 + 15
[[34m  Info  [0m] Candidate invariants
[[34m  Info  [0m] zipWithSusp-alloc-->1 * x$19$4._2 + -8 <= 0
[[34m  Info  [0m] checked VC inst... in 10.312s
[[34m  Info  [0m] Function: zipWithSusp-alloc--Found candidate invariant is not a real invariant! 
[[34m  Info  [0m] # of atomic predicates: 11 + 24
[[34m  Info  [0m] Candidate invariants
[[34m  Info  [0m] zipWithSusp-alloc-->1 * x$19$4._2 + -10 <= 0
[[34m  Info  [0m] checked VC inst... in 0.086s
[[34m  Info  [0m] minimizing...
[[34m  Info  [0m] Candidate invariants
[[34m  Info  [0m] zipWithSusp-alloc-->1 * x$19$4._2 + -9 <= 0
[[34m  Info  [0m] checked VC inst... in 0.02s
[[34m  Info  [0m] - Found inductive invariant: zipWithSusp-alloc --> alloc + BigInt(-9) <= BigInt(0)
[[34m  Info  [0m] - Verifying Invariants... 
[[34m  Info  [0m] - Invariant verified
[[34m  Info  [0m] - considering function tail-mem-alloc...
[[34m  Info  [0m] - considering function tailOrNil-alloc...
[[34m  Info  [0m] - considering function nthElemAfterScan-alloc...
[[34m  Info  [0m] Candidate invariants
[[34m  Info  [0m] nthElemAfterScan-alloc-->(0 * n + 1 * x$4$9._2) + 0 <= 0
[[34m  Info  [0m] checked VC inst... in 0.018s
[[34m  Info  [0m] Function: nthElemAfterScan-alloc--Found candidate invariant is not a real invariant! 
[[34m  Info  [0m] # of atomic predicates: 9 + 1
[[34m  Info  [0m] - More unrollings for invariant inference
[[34m  Info  [0m] Candidate invariants
[[34m  Info  [0m] nthElemAfterScan-alloc-->(0 * n + 1 * x$4$9._2) + 0 <= 0
[[34m  Info  [0m] checked VC inst... in 0.031s
[[34m  Info  [0m] Function: nthElemAfterScan-alloc--Found candidate invariant is not a real invariant! 
[[34m  Info  [0m] # of atomic predicates: 13 + 1
[[34m  Info  [0m] - More unrollings for invariant inference
[[34m  Info  [0m] Candidate invariants
[[34m  Info  [0m] nthElemAfterScan-alloc-->(0 * n + 1 * x$4$9._2) + 0 <= 0
[[34m  Info  [0m] checked VC inst... in 0.028s
[[34m  Info  [0m] Function: nthElemAfterScan-alloc--Found candidate invariant is not a real invariant! 
[[34m  Info  [0m] # of atomic predicates: 14 + 1
[[34m  Info  [0m] - More unrollings for invariant inference
[[34m  Info  [0m] Candidate invariants
[[34m  Info  [0m] nthElemAfterScan-alloc-->(0 * n + 1 * x$4$9._2) + 0 <= 0
[[34m  Info  [0m] checked VC inst... in 0.322s
[[34m  Info  [0m] Function: nthElemAfterScan-alloc--Found candidate invariant is not a real invariant! 
[[34m  Info  [0m] # of atomic predicates: 15 + 1
[[34m  Info  [0m] Candidate invariants
[[34m  Info  [0m] nthElemAfterScan-alloc-->(-15 * n + 1 * x$4$9._2) + 0 <= 0
[[34m  Info  [0m] checked VC inst... in 0.024s
[[34m  Info  [0m] minimizing...
[[34m  Info  [0m] Candidate invariants
[[34m  Info  [0m] nthElemAfterScan-alloc-->(-7 * n + 1 * x$4$9._2) + 99 <= 0
[[34m  Info  [0m] checked VC inst... in 0.083s
[[34m  Info  [0m] Function: nthElemAfterScan-alloc--Found candidate invariant is not a real invariant! 
[[34m  Info  [0m] # of atomic predicates: 8 + 16
[[34m  Info  [0m] Candidate invariants
[[34m  Info  [0m] nthElemAfterScan-alloc-->(-8 * n + 1 * x$4$9._2) + -2 <= 0
[[34m  Info  [0m] checked VC inst... in 0.028s
[[34m  Info  [0m] minimizing...
[[34m  Info  [0m] Candidate invariants
[[34m  Info  [0m] nthElemAfterScan-alloc-->(-7 * n + 1 * x$4$9._2) + 0 <= 0
[[34m  Info  [0m] checked VC inst... in 0.026s
[[34m  Info  [0m] - Found inductive invariant: nthElemAfterScan-alloc --> BigInt(-7) * n + alloc <= BigInt(0)
[[34m  Info  [0m] - Verifying Invariants... 
[[34m  Info  [0m] - Invariant verified
[[34m  Info  [0m] - considering function nthElemAfterTakeWhile-alloc...
[[34m  Info  [0m] Candidate invariants
[[34m  Info  [0m] nthElemAfterTakeWhile-alloc-->(0 * n + 1 * x$3$13._2) + 0 <= 0
[[34m  Info  [0m] checked VC inst... in 0.02s
[[34m  Info  [0m] Function: nthElemAfterTakeWhile-alloc--Found candidate invariant is not a real invariant! 
[[34m  Info  [0m] # of atomic predicates: 9 + 1
[[34m  Info  [0m] - More unrollings for invariant inference
[[34m  Info  [0m] Candidate invariants
[[34m  Info  [0m] nthElemAfterTakeWhile-alloc-->(0 * n + 1 * x$3$13._2) + 0 <= 0
[[34m  Info  [0m] checked VC inst... in 0.02s
[[34m  Info  [0m] Function: nthElemAfterTakeWhile-alloc--Found candidate invariant is not a real invariant! 
[[34m  Info  [0m] # of atomic predicates: 13 + 1
[[34m  Info  [0m] - More unrollings for invariant inference
[[34m  Info  [0m] Candidate invariants
[[34m  Info  [0m] nthElemAfterTakeWhile-alloc-->(0 * n + 1 * x$3$13._2) + 0 <= 0
[[34m  Info  [0m] checked VC inst... in 0.032s
[[34m  Info  [0m] Function: nthElemAfterTakeWhile-alloc--Found candidate invariant is not a real invariant! 
[[34m  Info  [0m] # of atomic predicates: 14 + 1
[[34m  Info  [0m] - More unrollings for invariant inference
[[34m  Info  [0m] Candidate invariants
[[34m  Info  [0m] nthElemAfterTakeWhile-alloc-->(0 * n + 1 * x$3$13._2) + 0 <= 0
[[34m  Info  [0m] checked VC inst... in 0.254s
[[34m  Info  [0m] Function: nthElemAfterTakeWhile-alloc--Found candidate invariant is not a real invariant! 
[[34m  Info  [0m] # of atomic predicates: 15 + 1
[[34m  Info  [0m] Candidate invariants
[[34m  Info  [0m] nthElemAfterTakeWhile-alloc-->(-15 * n + 1 * x$3$13._2) + 0 <= 0
[[34m  Info  [0m] checked VC inst... in 0.019s
[[34m  Info  [0m] minimizing...
[[34m  Info  [0m] Candidate invariants
[[34m  Info  [0m] nthElemAfterTakeWhile-alloc-->(-7 * n + 1 * x$3$13._2) + 99 <= 0
[[34m  Info  [0m] checked VC inst... in 0.161s
[[34m  Info  [0m] Function: nthElemAfterTakeWhile-alloc--Found candidate invariant is not a real invariant! 
[[34m  Info  [0m] # of atomic predicates: 8 + 16
[[34m  Info  [0m] Candidate invariants
[[34m  Info  [0m] nthElemAfterTakeWhile-alloc-->(-15 * n + 1 * x$3$13._2) + -2 <= 0
[[34m  Info  [0m] checked VC inst... in 0.013s
[[34m  Info  [0m] minimizing...
[[34m  Info  [0m] Candidate invariants
[[34m  Info  [0m] nthElemAfterTakeWhile-alloc-->(-7 * n + 1 * x$3$13._2) + 0 <= 0
[[34m  Info  [0m] checked VC inst... in 0.012s
[[34m  Info  [0m] - Found inductive invariant: nthElemAfterTakeWhile-alloc --> BigInt(-7) * n + alloc <= BigInt(0)
[[34m  Info  [0m] - Verifying Invariants... 
[[34m  Info  [0m] - Invariant verified
[[34m  Info  [0m] - considering function nthElemAfterZipWith-alloc...
[[34m  Info  [0m] Candidate invariants
[[34m  Info  [0m] nthElemAfterZipWith-alloc-->(1 * x$7$9._2 + 0 * n) + 0 <= 0
[[34m  Info  [0m] checked VC inst... in 0.012s
[[34m  Info  [0m] Function: nthElemAfterZipWith-alloc--Found candidate invariant is not a real invariant! 
[[34m  Info  [0m] # of atomic predicates: 9 + 1
[[34m  Info  [0m] - More unrollings for invariant inference
[[34m  Info  [0m] Candidate invariants
[[34m  Info  [0m] nthElemAfterZipWith-alloc-->(1 * x$7$9._2 + 0 * n) + 0 <= 0
[[34m  Info  [0m] checked VC inst... in 0.025s
[[34m  Info  [0m] Function: nthElemAfterZipWith-alloc--Found candidate invariant is not a real invariant! 
[[34m  Info  [0m] # of atomic predicates: 13 + 1
[[34m  Info  [0m] - More unrollings for invariant inference
[[34m  Info  [0m] Candidate invariants
[[34m  Info  [0m] nthElemAfterZipWith-alloc-->(1 * x$7$9._2 + 0 * n) + 0 <= 0
[[34m  Info  [0m] checked VC inst... in 0.029s
[[34m  Info  [0m] Function: nthElemAfterZipWith-alloc--Found candidate invariant is not a real invariant! 
[[34m  Info  [0m] # of atomic predicates: 14 + 1
[[34m  Info  [0m] - More unrollings for invariant inference
[[34m  Info  [0m] Candidate invariants
[[34m  Info  [0m] nthElemAfterZipWith-alloc-->(1 * x$7$9._2 + 0 * n) + 0 <= 0
[[34m  Info  [0m] checked VC inst... in 0.216s
[[34m  Info  [0m] Function: nthElemAfterZipWith-alloc--Found candidate invariant is not a real invariant! 
[[34m  Info  [0m] # of atomic predicates: 15 + 1
[[34m  Info  [0m] Candidate invariants
[[34m  Info  [0m] nthElemAfterZipWith-alloc-->(1 * x$7$9._2 + -12 * n) + 0 <= 0
[[34m  Info  [0m] checked VC inst... in 0.03s
[[34m  Info  [0m] minimizing...
[[34m  Info  [0m] Candidate invariants
[[34m  Info  [0m] nthElemAfterZipWith-alloc-->(1 * x$7$9._2 + -10 * n) + 99 <= 0
[[34m  Info  [0m] checked VC inst... in 0.19s
[[34m  Info  [0m] Function: nthElemAfterZipWith-alloc--Found candidate invariant is not a real invariant! 
[[34m  Info  [0m] # of atomic predicates: 8 + 16
[[34m  Info  [0m] Candidate invariants
[[34m  Info  [0m] nthElemAfterZipWith-alloc-->(1 * x$7$9._2 + -12 * n) + -2 <= 0
[[34m  Info  [0m] checked VC inst... in 0.03s
[[34m  Info  [0m] minimizing...
[[34m  Info  [0m] Candidate invariants
[[34m  Info  [0m] nthElemAfterZipWith-alloc-->(1 * x$7$9._2 + -10 * n) + 0 <= 0
[[34m  Info  [0m] checked VC inst... in 0.026s
[[34m  Info  [0m] - Found inductive invariant: nthElemAfterZipWith-alloc --> alloc + BigInt(-10) * n <= BigInt(0)
[[34m  Info  [0m] - Verifying Invariants... 
[[34m  Info  [0m] - Invariant verified
[[34m  Info  [0m] - considering function nthElemAfterUnfold-alloc...
[[34m  Info  [0m] Candidate invariants
[[34m  Info  [0m] nthElemAfterUnfold-alloc-->(1 * x$6$10._2 + 0 * n) + 0 <= 0
[[34m  Info  [0m] checked VC inst... in 0.012s
[[34m  Info  [0m] Function: nthElemAfterUnfold-alloc--Found candidate invariant is not a real invariant! 
[[34m  Info  [0m] # of atomic predicates: 9 + 1
[[34m  Info  [0m] - More unrollings for invariant inference
[[34m  Info  [0m] Candidate invariants
[[34m  Info  [0m] nthElemAfterUnfold-alloc-->(1 * x$6$10._2 + 0 * n) + 0 <= 0
[[34m  Info  [0m] checked VC inst... in 0.017s
[[34m  Info  [0m] Function: nthElemAfterUnfold-alloc--Found candidate invariant is not a real invariant! 
[[34m  Info  [0m] # of atomic predicates: 13 + 1
[[34m  Info  [0m] - More unrollings for invariant inference
[[34m  Info  [0m] Candidate invariants
[[34m  Info  [0m] nthElemAfterUnfold-alloc-->(1 * x$6$10._2 + 0 * n) + 0 <= 0
[[34m  Info  [0m] checked VC inst... in 0.023s
[[34m  Info  [0m] Function: nthElemAfterUnfold-alloc--Found candidate invariant is not a real invariant! 
[[34m  Info  [0m] # of atomic predicates: 14 + 1
[[34m  Info  [0m] - More unrollings for invariant inference
[[34m  Info  [0m] Candidate invariants
[[34m  Info  [0m] nthElemAfterUnfold-alloc-->(1 * x$6$10._2 + 0 * n) + 0 <= 0
[[34m  Info  [0m] checked VC inst... in 0.243s
[[34m  Info  [0m] Function: nthElemAfterUnfold-alloc--Found candidate invariant is not a real invariant! 
[[34m  Info  [0m] # of atomic predicates: 15 + 1
[[34m  Info  [0m] Candidate invariants
[[34m  Info  [0m] nthElemAfterUnfold-alloc-->(1 * x$6$10._2 + -8 * n) + 0 <= 0
[[34m  Info  [0m] checked VC inst... in 0.024s
[[34m  Info  [0m] minimizing...
[[34m  Info  [0m] Candidate invariants
[[34m  Info  [0m] nthElemAfterUnfold-alloc-->(1 * x$6$10._2 + -4 * n) + 99 <= 0
[[34m  Info  [0m] checked VC inst... in 0.089s
[[34m  Info  [0m] Function: nthElemAfterUnfold-alloc--Found candidate invariant is not a real invariant! 
[[34m  Info  [0m] # of atomic predicates: 8 + 16
[[34m  Info  [0m] Candidate invariants
[[34m  Info  [0m] nthElemAfterUnfold-alloc-->(1 * x$6$10._2 + -8 * n) + -2 <= 0
[[34m  Info  [0m] checked VC inst... in 0.018s
[[34m  Info  [0m] minimizing...
[[34m  Info  [0m] Candidate invariants
[[34m  Info  [0m] nthElemAfterUnfold-alloc-->(1 * x$6$10._2 + -4 * n) + 0 <= 0
[[34m  Info  [0m] checked VC inst... in 0.012s
[[34m  Info  [0m] - Found inductive invariant: nthElemAfterUnfold-alloc --> alloc + BigInt(-4) * n <= BigInt(0)
[[34m  Info  [0m] - Verifying Invariants... 
[[34m  Info  [0m] - Invariant verified
[[34m  Info  [0m] - considering function nthElemAfterMap-alloc...
[[34m  Info  [0m] Candidate invariants
[[34m  Info  [0m] nthElemAfterMap-alloc-->(0 * n + 1 * x$1$34._2) + 0 <= 0
[[34m  Info  [0m] checked VC inst... in 0.011s
[[34m  Info  [0m] Function: nthElemAfterMap-alloc--Found candidate invariant is not a real invariant! 
[[34m  Info  [0m] # of atomic predicates: 9 + 1
[[34m  Info  [0m] - More unrollings for invariant inference
[[34m  Info  [0m] Candidate invariants
[[34m  Info  [0m] nthElemAfterMap-alloc-->(0 * n + 1 * x$1$34._2) + 0 <= 0
[[34m  Info  [0m] checked VC inst... in 0.022s
[[34m  Info  [0m] Function: nthElemAfterMap-alloc--Found candidate invariant is not a real invariant! 
[[34m  Info  [0m] # of atomic predicates: 13 + 1
[[34m  Info  [0m] - More unrollings for invariant inference
[[34m  Info  [0m] Candidate invariants
[[34m  Info  [0m] nthElemAfterMap-alloc-->(0 * n + 1 * x$1$34._2) + 0 <= 0
[[34m  Info  [0m] checked VC inst... in 0.024s
[[34m  Info  [0m] Function: nthElemAfterMap-alloc--Found candidate invariant is not a real invariant! 
[[34m  Info  [0m] # of atomic predicates: 14 + 1
[[34m  Info  [0m] - More unrollings for invariant inference
[[34m  Info  [0m] Candidate invariants
[[34m  Info  [0m] nthElemAfterMap-alloc-->(0 * n + 1 * x$1$34._2) + 0 <= 0
[[34m  Info  [0m] checked VC inst... in 0.251s
[[34m  Info  [0m] Function: nthElemAfterMap-alloc--Found candidate invariant is not a real invariant! 
[[34m  Info  [0m] # of atomic predicates: 15 + 1
[[34m  Info  [0m] Candidate invariants
[[34m  Info  [0m] nthElemAfterMap-alloc-->(-15 * n + 1 * x$1$34._2) + 0 <= 0
[[34m  Info  [0m] checked VC inst... in 0.012s
[[34m  Info  [0m] minimizing...
[[34m  Info  [0m] Candidate invariants
[[34m  Info  [0m] nthElemAfterMap-alloc-->(-7 * n + 1 * x$1$34._2) + 99 <= 0
[[34m  Info  [0m] checked VC inst... in 0.169s
[[34m  Info  [0m] Function: nthElemAfterMap-alloc--Found candidate invariant is not a real invariant! 
[[34m  Info  [0m] # of atomic predicates: 8 + 16
[[34m  Info  [0m] Candidate invariants
[[34m  Info  [0m] nthElemAfterMap-alloc-->(-15 * n + 1 * x$1$34._2) + -2 <= 0
[[34m  Info  [0m] checked VC inst... in 0.02s
[[34m  Info  [0m] minimizing...
[[34m  Info  [0m] Candidate invariants
[[34m  Info  [0m] nthElemAfterMap-alloc-->(-7 * n + 1 * x$1$34._2) + 0 <= 0
[[34m  Info  [0m] checked VC inst... in 0.01s
[[34m  Info  [0m] - Found inductive invariant: nthElemAfterMap-alloc --> BigInt(-7) * n + alloc <= BigInt(0)
[[34m  Info  [0m] - Verifying Invariants... 
[[34m  Info  [0m] - Invariant verified
[[34m  Info  [0m] - considering function unfoldClient-alloc...
[[34m  Info  [0m] Candidate invariants
[[34m  Info  [0m] unfoldClient-alloc-->(1 * x$5$9._2 + 0 * n) + 0 <= 0
[[34m  Info  [0m] checked VC inst... in 0.006s
[[34m  Info  [0m] Function: unfoldClient-alloc--Found candidate invariant is not a real invariant! 
[[34m  Info  [0m] # of atomic predicates: 11 + 1
[[34m  Info  [0m] Candidate invariants
[[34m  Info  [0m] unfoldClient-alloc-->(1 * x$5$9._2 + -5 * n) + -6 <= 0
[[34m  Info  [0m] checked VC inst... in 0.001s
[[34m  Info  [0m] minimizing...
[[34m  Info  [0m] Candidate invariants
[[34m  Info  [0m] unfoldClient-alloc-->(1 * x$5$9._2 + -4 * n) + -4 <= 0
[[34m  Info  [0m] checked VC inst... in 0.001s
[[34m  Info  [0m] - Found inductive invariant: unfoldClient-alloc --> (alloc + BigInt(-4) * n) + BigInt(-4) <= BigInt(0)
[[34m  Info  [0m] - Verifying Invariants... 
[[34m  Info  [0m] - Invariant verified
[[34m  Info  [0m] - considering function nthElemInRepeat-alloc...
[[34m  Info  [0m] Candidate invariants
[[34m  Info  [0m] nthElemInRepeat-alloc-->(0 * n + 1 * x$2$22._2) + 0 <= 0
[[34m  Info  [0m] checked VC inst... in 0.011s
[[34m  Info  [0m] Function: nthElemInRepeat-alloc--Found candidate invariant is not a real invariant! 
[[34m  Info  [0m] # of atomic predicates: 9 + 1
[[34m  Info  [0m] - More unrollings for invariant inference
[[34m  Info  [0m] Candidate invariants
[[34m  Info  [0m] nthElemInRepeat-alloc-->(0 * n + 1 * x$2$22._2) + 0 <= 0
[[34m  Info  [0m] checked VC inst... in 0.019s
[[34m  Info  [0m] Function: nthElemInRepeat-alloc--Found candidate invariant is not a real invariant! 
[[34m  Info  [0m] # of atomic predicates: 13 + 1
[[34m  Info  [0m] - More unrollings for invariant inference
[[34m  Info  [0m] Candidate invariants
[[34m  Info  [0m] nthElemInRepeat-alloc-->(0 * n + 1 * x$2$22._2) + 0 <= 0
[[34m  Info  [0m] checked VC inst... in 0.023s
[[34m  Info  [0m] Function: nthElemInRepeat-alloc--Found candidate invariant is not a real invariant! 
[[34m  Info  [0m] # of atomic predicates: 14 + 1
[[34m  Info  [0m] - More unrollings for invariant inference
[[34m  Info  [0m] Candidate invariants
[[34m  Info  [0m] nthElemInRepeat-alloc-->(0 * n + 1 * x$2$22._2) + 0 <= 0
[[34m  Info  [0m] checked VC inst... in 0.22s
[[34m  Info  [0m] Function: nthElemInRepeat-alloc--Found candidate invariant is not a real invariant! 
[[34m  Info  [0m] # of atomic predicates: 15 + 1
[[34m  Info  [0m] Candidate invariants
[[34m  Info  [0m] nthElemInRepeat-alloc-->(-5 * n + 1 * x$2$22._2) + 0 <= 0
[[34m  Info  [0m] checked VC inst... in 0.018s
[[34m  Info  [0m] minimizing...
[[34m  Info  [0m] Candidate invariants
[[34m  Info  [0m] nthElemInRepeat-alloc-->(-3 * n + 1 * x$2$22._2) + 99 <= 0
[[34m  Info  [0m] checked VC inst... in 0.078s
[[34m  Info  [0m] Function: nthElemInRepeat-alloc--Found candidate invariant is not a real invariant! 
[[34m  Info  [0m] # of atomic predicates: 8 + 16
[[34m  Info  [0m] Candidate invariants
[[34m  Info  [0m] nthElemInRepeat-alloc-->(-4 * n + 1 * x$2$22._2) + -2 <= 0
[[34m  Info  [0m] checked VC inst... in 0.023s
[[34m  Info  [0m] minimizing...
[[34m  Info  [0m] Candidate invariants
[[34m  Info  [0m] nthElemInRepeat-alloc-->(-3 * n + 1 * x$2$22._2) + 0 <= 0
[[34m  Info  [0m] checked VC inst... in 0.018s
[[34m  Info  [0m] - Found inductive invariant: nthElemInRepeat-alloc --> BigInt(-3) * n + alloc <= BigInt(0)
[[34m  Info  [0m] - Verifying Invariants... 
[[34m  Info  [0m] - Invariant verified
[[34m  Info  [0m] - considering function isPrefixOf-alloc...
[[34m  Info  [0m] Candidate invariants
[[34m  Info  [0m] isPrefixOf-alloc-->(1 * x$17$4._2 + 0 * l.size) + 0 <= 0
[[34m  Info  [0m] checked VC inst... in 0.021s
[[34m  Info  [0m] Function: isPrefixOf-alloc--Found candidate invariant is not a real invariant! 
[[34m  Info  [0m] # of atomic predicates: 8 + 1
[[34m  Info  [0m] - More unrollings for invariant inference
[[34m  Info  [0m] Candidate invariants
[[34m  Info  [0m] isPrefixOf-alloc-->(1 * x$17$4._2 + 0 * l.size) + 0 <= 0
[[34m  Info  [0m] checked VC inst... in 0.027s
[[34m  Info  [0m] Function: isPrefixOf-alloc--Found candidate invariant is not a real invariant! 
[[34m  Info  [0m] # of atomic predicates: 12 + 1
[[34m  Info  [0m] - More unrollings for invariant inference
[[34m  Info  [0m] Candidate invariants
[[34m  Info  [0m] isPrefixOf-alloc-->(1 * x$17$4._2 + 0 * l.size) + 0 <= 0
[[34m  Info  [0m] checked VC inst... in 0.034s
[[34m  Info  [0m] Function: isPrefixOf-alloc--Found candidate invariant is not a real invariant! 
[[34m  Info  [0m] # of atomic predicates: 13 + 1
[[34m  Info  [0m] - More unrollings for invariant inference
[[34m  Info  [0m] Candidate invariants
[[34m  Info  [0m] isPrefixOf-alloc-->(1 * x$17$4._2 + 0 * l.size) + 0 <= 0
[[34m  Info  [0m] checked VC inst... in 0.327s
[[34m  Info  [0m] Function: isPrefixOf-alloc--Found candidate invariant is not a real invariant! 
[[34m  Info  [0m] # of atomic predicates: 14 + 1
[[34m  Info  [0m] Candidate invariants
[[34m  Info  [0m] isPrefixOf-alloc-->(1 * x$17$4._2 + -7 * l.size) + 0 <= 0
[[34m  Info  [0m] checked VC inst... in 0.023s
[[34m  Info  [0m] minimizing...
[[34m  Info  [0m] Candidate invariants
[[34m  Info  [0m] isPrefixOf-alloc-->(1 * x$17$4._2 + -3 * l.size) + 99 <= 0
[[34m  Info  [0m] checked VC inst... in 0.174s
[[34m  Info  [0m] Function: isPrefixOf-alloc--Found candidate invariant is not a real invariant! 
[[34m  Info  [0m] # of atomic predicates: 8 + 15
[[34m  Info  [0m] Candidate invariants
[[34m  Info  [0m] isPrefixOf-alloc-->(1 * x$17$4._2 + -7 * l.size) + -2 <= 0
[[34m  Info  [0m] checked VC inst... in 0.026s
[[34m  Info  [0m] minimizing...
[[34m  Info  [0m] Candidate invariants
[[34m  Info  [0m] isPrefixOf-alloc-->(1 * x$17$4._2 + -3 * l.size) + 0 <= 0
[[34m  Info  [0m] checked VC inst... in 0.011s
[[34m  Info  [0m] - Found inductive invariant: isPrefixOf-alloc --> alloc + BigInt(-3) * l.size <= BigInt(0)
[[34m  Info  [0m] - Verifying Invariants... 
[[34m  Info  [0m] - Invariant verified
Resource Verification Results: 
. ???????????
??? Summary ????????????????????????????????????????????????
? ???????????                                              ?
? appendList      alloc <= 2                 0.301         ?
? cycle           alloc <= 2                 0.316         ?
? genNextNatFrom  alloc <= 2                 0.259         ?
? isPrefixOf      alloc <= 3 * l.size + 0    3.288         ?
? map             alloc <= 3                 0.479         ?
? mapSusp         alloc <= 6                 1.525         ?
? natsFromn       alloc <= 2                 0.303         ?
? nthElemAfterMap alloc <= 7 * n + 0         1.658         ?
? nthElemAfterSc? alloc <= 7 * n + 0         2.012         ?
? nthElemAfterTa? alloc <= 7 * n + 0         3.370         ?
? nthElemAfterUn? alloc <= 4 * n + 0         2.175         ?
? nthElemAfterZi? alloc <= 10 * n + 0        2.024         ?
? nthElemInRepeat alloc <= 3 * n + 0         1.807         ?
? repeat          alloc <= 2                 0.273         ?
? scan            alloc <= 3                 0.809         ?
? scanSusp        alloc <= 6                 1.371         ?
? takeWhile       alloc <= 3                 0.540         ?
? takeWhileSusp   alloc <= 6                 1.417         ?
? unfold          alloc <= 3                 0.526         ?
? unfoldClient    alloc <= 4 * n + 4         0.372         ?
? zipWith         alloc <= 3                 0.630         ?
? zipWithSusp     alloc <= 9                 19.174        ?
????????????????????????????????????????????????????????????
? total: 22    inferred: 22    unknown: 0     time: 44.629 ?
????????????????????????????????????????????????????????????
[[34m  Info  [0m] Stats dumped to file: StreamClient-stats.txt
