[[33mWarning [0m] warning: there were 33 feature warnings; re-run with -feature for details
[[34m  Info  [0m] Output written on leon.out
[[34m  Info  [0m] Output written on leon.out
[[34m  Info  [0m] Output written on leon.out
[[34m  Info  [0m]  - Now considering 'postcondition' VC for zeroPreceedsLazy4 @?:?...
[[34m  Info  [0m]  => VALID
[[34m  Info  [0m]  - Now considering 'match exhaustiveness' VC for zeroPreceedsLazy4 @?:?...
[[34m  Info  [0m]  => VALID
[[34m  Info  [0m]  - Now considering 'postcondition' VC for zeroPreceedsSuf4 @?:?...
[[34m  Info  [0m]  => VALID
[[34m  Info  [0m]  - Now considering 'match exhaustiveness' VC for zeroPreceedsSuf4 @?:?...
[[34m  Info  [0m]  => VALID
[[34m  Info  [0m]  - Now considering 'postcondition' VC for concreteUntil4 @?:?...
[[34m  Info  [0m]  => VALID
[[34m  Info  [0m]  - Now considering 'match exhaustiveness' VC for concreteUntil4 @?:?...
[[34m  Info  [0m]  => VALID
[[34m  Info  [0m]  - Now considering 'postcondition' VC for isConcrete4 @?:?...
[[34m  Info  [0m]  => VALID
[[34m  Info  [0m]  - Now considering 'match exhaustiveness' VC for isConcrete4 @?:?...
[[34m  Info  [0m]  => VALID
[[34m  Info  [0m]  - Now considering 'postcondition' VC for schedulesProperty4 @?:?...
[[34m  Info  [0m]  => VALID
[[34m  Info  [0m]  - Now considering 'match exhaustiveness' VC for schedulesProperty4 @?:?...
[[34m  Info  [0m]  => VALID
[[34m  Info  [0m]  - Now considering 'match exhaustiveness' VC for schedulesProperty4 @?:?...
[[34m  Info  [0m]  => VALID
[[34m  Info  [0m]  - Now considering 'postcondition' VC for strongSchedsProp4 @?:?...
[[34m  Info  [0m]  => VALID
[[34m  Info  [0m]  - Now considering 'match exhaustiveness' VC for strongSchedsProp4 @?:?...
[[34m  Info  [0m]  => VALID
[[34m  Info  [0m]  - Now considering 'postcondition' VC for pushUntilCarry4 @?:?...
[[34m  Info  [0m]  => VALID
[[34m  Info  [0m]  - Now considering 'match exhaustiveness' VC for pushUntilCarry4 @?:?...
[[34m  Info  [0m]  => VALID
[[34m  Info  [0m]  - Now considering 'postcondition' VC for pushLeft4 @?:?...
[[34m  Info  [0m]  => VALID
[[34m  Info  [0m]  - Now considering 'precond. (call pushLeftLazy4[T](ys, xs, scr6._2))' VC for pushLeft4 @?:?...
[[34m  Info  [0m]  => VALID
[[34m  Info  [0m]  - Now considering 'match exhaustiveness' VC for pushLeft4 @?:?...
[[34m  Info  [0m]  => VALID
[[34m  Info  [0m]  - Now considering 'postcondition' VC for pushLeftLazy4 @?:?...
[[34m  Info  [0m]  => VALID
[[34m  Info  [0m]  - Now considering 'match exhaustiveness' VC for pushLeftLazy4 @?:?...
[[34m  Info  [0m]  => VALID
[[34m  Info  [0m]  - Now considering 'match exhaustiveness' VC for pushLeftLazy4 @?:?...
[[34m  Info  [0m]  => VALID
[[34m  Info  [0m]  - Now considering 'postcondition' VC for PushLeftLazy@pushLeftLazyLem1 @?:?...
[[34m  Info  [0m]  => VALID
[[34m  Info  [0m]  - Now considering 'match exhaustiveness' VC for PushLeftLazy@pushLeftLazyLem1 @?:?...
[[34m  Info  [0m]  => VALID
[[34m  Info  [0m]  - Now considering 'match exhaustiveness' VC for PushLeftLazy@pushLeftLazyLem1 @?:?...
[[34m  Info  [0m]  => VALID
[[34m  Info  [0m]  - Now considering 'tact (postcondition)' VC for pushLeftLazyPreMonotone1 @?:?...
[[34m  Info  [0m]  => VALID
[[34m  Info  [0m]  - Now considering 'tact (match exhaustiveness)' VC for pushLeftLazyPreMonotone1 @?:?...
[[34m  Info  [0m]  => VALID
[[34m  Info  [0m]  - Now considering 'postcondition' VC for pushLeftLazyLemma4 @?:?...
[[34m  Info  [0m]  => VALID
[[34m  Info  [0m]  - Now considering 'precond. (call pushLeftLazyLemma4[T](CC[T](head, ys), r ...)' VC for pushLeftLazyLemma4 @?:?...
[[34m  Info  [0m]  => VALID
[[34m  Info  [0m]  - Now considering 'precond. (call pushLeftLazy4[T](ys, xs, a84._2))' VC for pushLeftLazyLemma4 @?:?...
[[34m  Info  [0m]  => VALID
[[34m  Info  [0m]  - Now considering 'match exhaustiveness' VC for pushLeftLazyLemma4 @?:?...
[[34m  Info  [0m]  => VALID
[[34m  Info  [0m]  - Now considering 'match exhaustiveness' VC for pushLeftLazyLemma4 @?:?...
[[34m  Info  [0m]  => VALID
[[34m  Info  [0m]  - Now considering 'match exhaustiveness' VC for pushLeftLazyLemma4 @?:?...
[[34m  Info  [0m]  => VALID
[[34m  Info  [0m]  - Now considering 'postcondition' VC for pushLeftWrapper4 @?:?...
[[34m  Info  [0m]  => VALID
[[34m  Info  [0m]  - Now considering 'precond. (call pushLeft4[T](ys, w.queue, st@))' VC for pushLeftWrapper4 @?:?...
[[34m  Info  [0m]  => VALID
[[34m  Info  [0m]  - Now considering 'match exhaustiveness' VC for pushLeftWrapper4 @?:?...
[[34m  Info  [0m]  => VALID
[[34m  Info  [0m]  - Now considering 'postcondition' VC for Pay4 @?:?...
[[34m  Info  [0m]  => VALID
[[34m  Info  [0m]  - Now considering 'match exhaustiveness' VC for Pay4 @?:?...
[[34m  Info  [0m]  => VALID
[[34m  Info  [0m]  - Now considering 'match exhaustiveness' VC for Pay4 @?:?...
[[34m  Info  [0m]  => VALID
[[34m  Info  [0m]  - Now considering 'postcondition' VC for schedMonotone4 @?:?...
[[34m  Info  [0m]  => VALID
[[34m  Info  [0m]  - Now considering 'precond. (call schedMonotone4[T](st1, st2, tail, pushUn ...)' VC for schedMonotone4 @?:?...
[[34m  Info  [0m]  => VALID
[[34m  Info  [0m]  - Now considering 'match exhaustiveness' VC for schedMonotone4 @?:?...
[[34m  Info  [0m]  => VALID
[[34m  Info  [0m]  - Now considering 'match exhaustiveness' VC for schedMonotone4 @?:?...
[[34m  Info  [0m]  => VALID
[[34m  Info  [0m]  - Now considering 'tact (postcondition)' VC for concreteMonotone4 @?:?...
[[34m  Info  [0m]  => VALID
[[34m  Info  [0m]  - Now considering 'tact (match exhaustiveness)' VC for concreteMonotone4 @?:?...
[[34m  Info  [0m]  => VALID
[[34m  Info  [0m]  - Now considering 'tact (postcondition)' VC for concUntilMonotone4 @?:?...
[[34m  Info  [0m]  => VALID
[[34m  Info  [0m]  - Now considering 'tact (match exhaustiveness)' VC for concUntilMonotone4 @?:?...
[[34m  Info  [0m]  => VALID
[[34m  Info  [0m]  - Now considering 'postcondition' VC for suffix4 @?:?...
[[34m  Info  [0m]  => VALID
[[34m  Info  [0m]  - Now considering 'match exhaustiveness' VC for suffix4 @?:?...
[[34m  Info  [0m]  => VALID
[[34m  Info  [0m]  - Now considering 'postcondition' VC for properSuffix4 @?:?...
[[34m  Info  [0m]  => VALID
[[34m  Info  [0m]  - Now considering 'match exhaustiveness' VC for properSuffix4 @?:?...
[[34m  Info  [0m]  => VALID
[[34m  Info  [0m]  - Now considering 'tact (postcondition)' VC for suffixTrans4 @?:?...
[[34m  Info  [0m]  => VALID
[[34m  Info  [0m]  - Now considering 'tact (match exhaustiveness)' VC for suffixTrans4 @?:?...
[[34m  Info  [0m]  => VALID
[[34m  Info  [0m]  - Now considering 'tact (match exhaustiveness)' VC for suffixTrans4 @?:?...
[[34m  Info  [0m]  => VALID
[[34m  Info  [0m]  - Now considering 'match exhaustiveness' VC for suffixTrans4 @?:?...
[[34m  Info  [0m]  => VALID
[[34m  Info  [0m]  - Now considering 'postcondition' VC for suffixDisequality4 @?:?...
[[34m  Info  [0m]  => VALID
[[34m  Info  [0m]  - Now considering 'precond. (call suffixDisequality4[T](rear39, sufRear3))' VC for suffixDisequality4 @?:?...
[[34m  Info  [0m]  => VALID
[[34m  Info  [0m]  - Now considering 'match exhaustiveness' VC for suffixDisequality4 @?:?...
[[34m  Info  [0m]  => VALID
[[34m  Info  [0m]  - Now considering 'tact (postcondition)' VC for suffixCompose4 @?:?...
[[34m  Info  [0m]  => VALID
[[34m  Info  [0m]  - Now considering 'tact (match exhaustiveness)' VC for suffixCompose4 @?:?...
[[34m  Info  [0m]  => VALID
[[34m  Info  [0m]  - Now considering 'tact (postcondition)' VC for concreteUntilIsSuffix4 @?:?...
[[34m  Info  [0m]  => VALID
[[34m  Info  [0m]  - Now considering 'tact (match exhaustiveness)' VC for concreteUntilIsSuffix4 @?:?...
[[34m  Info  [0m]  => VALID
[[34m  Info  [0m]  - Now considering 'tact (postcondition)' VC for concUntilExtenLemma4 @?:?...
[[34m  Info  [0m]  => VALID
[[34m  Info  [0m]  - Now considering 'tact (match exhaustiveness)' VC for concUntilExtenLemma4 @?:?...
[[34m  Info  [0m]  => VALID
[[34m  Info  [0m]  - Now considering 'tact (match exhaustiveness)' VC for concUntilExtenLemma4 @?:?...
[[34m  Info  [0m]  => VALID
[[34m  Info  [0m]  - Now considering 'match exhaustiveness' VC for concUntilExtenLemma4 @?:?...
[[34m  Info  [0m]  => VALID
[[34m  Info  [0m]  - Now considering 'tact (postcondition)' VC for concUntilConcreteExten4 @?:?...
[[34m  Info  [0m]  => VALID
[[34m  Info  [0m]  - Now considering 'tact (match exhaustiveness)' VC for concUntilConcreteExten4 @?:?...
[[34m  Info  [0m]  => VALID
[[34m  Info  [0m]  - Now considering 'tact (postcondition)' VC for concUntilCompose4 @?:?...
[[34m  Info  [0m]  => VALID
[[34m  Info  [0m]  - Now considering 'tact (match exhaustiveness)' VC for concUntilCompose4 @?:?...
[[34m  Info  [0m]  => VALID
[[34m  Info  [0m]  - Now considering 'tact (postcondition)' VC for zeroPredSufConcreteUntilLemma4 @?:?...
[[34m  Info  [0m]  => VALID
[[34m  Info  [0m]  - Now considering 'tact (match exhaustiveness)' VC for zeroPredSufConcreteUntilLemma4 @?:?...
[[34m  Info  [0m]  => VALID
[[34m  Info  [0m]  - Now considering 'tact (postcondition)' VC for concreteZeroPredLemma4 @?:?...
[[34m  Info  [0m]  => VALID
[[34m  Info  [0m]  - Now considering 'tact (match exhaustiveness)' VC for concreteZeroPredLemma4 @?:?...
[[34m  Info  [0m]  => VALID
[[34m  Info  [0m]  - Now considering 'postcondition' VC for suffixZeroLemma4 @?:?...
[[34m  Info  [0m]  => VALID
[[34m  Info  [0m]  - Now considering 'precond. (call suffixZeroLemma4[T](tail17, suf, suf2))' VC for suffixZeroLemma4 @?:?...
[[34m  Info  [0m]  => VALID
[[34m  Info  [0m]  - Now considering 'match exhaustiveness' VC for suffixZeroLemma4 @?:?...
[[34m  Info  [0m]  => VALID
[[34m  Info  [0m]  - Now considering 'postcondition' VC for pushLeftAndPay4 @?:?...
[[34m  Info  [0m]  => VALID
[[34m  Info  [0m]  - Now considering 'precond. (call pushLeftWrapper4[T](ys, w, st@))' VC for pushLeftAndPay4 @?:?...
[[34m  Info  [0m]  => VALID
[[34m  Info  [0m]  - Now considering 'precond. (call Pay4[T](q236, x$39._1._2, x$39._2))' VC for pushLeftAndPay4 @?:?...
[[34m  Info  [0m]  => VALID
[[34m  Info  [0m]  - Now considering 'match exhaustiveness' VC for pushLeftAndPay4 @?:?...
[[34m  Info  [0m]  => VALID
[[34m  Info  [0m]  - Now considering 'postcondition' VC for isEmpty9 @?:?...
[[34m  Info  [0m]  => VALID
[[34m  Info  [0m]  - Now considering 'postcondition' VC for level5 @?:?...
[[34m  Info  [0m]  => VALID
[[34m  Info  [0m]  - Now considering 'match exhaustiveness' VC for level5 @?:?...
[[34m  Info  [0m]  => VALID
[[34m  Info  [0m]  - Now considering 'postcondition' VC for isSpine5 @?:?...
[[34m  Info  [0m]  => VALID
[[34m  Info  [0m]  - Now considering 'match exhaustiveness' VC for isSpine5 @?:?...
[[34m  Info  [0m]  => VALID
[[34m  Info  [0m]  - Now considering 'postcondition' VC for isTip5 @?:?...
[[34m  Info  [0m]  => VALID
[[34m  Info  [0m]  - Now considering 'postcondition' VC for valid5 @?:?...
[[34m  Info  [0m]  => VALID
  â”Œâ”€â”€â”€â”€â”€â”€â”€â”€â”€â”€â”€â”€â”€â”€â”€â”€â”€â”€â”€â”€â”€â”€â”
â•”â•â•¡ Verification Summary â•â•â•â•â•â•â•â•â•â•â•â•â•â•â•â•â•â•â•â•â•â•â•â•â•â•â•â•â•â•â•â•â•â•â•â•â•â•â•â•â•â•â•â•â•â•â•â•â•â•â•â•â•â•â•â•â•â•â•â•â•â•â•â•â•â•â•â•â•â•â•â•â•â•â•â•â•â•â•â•â•â•â•â•â•â•â•â•â•â•â•â•â•â•â•â•â•â•â•â•â•â•â•â•â•â•â•â•â•â•â•â•—
â•‘ â””â”€â”€â”€â”€â”€â”€â”€â”€â”€â”€â”€â”€â”€â”€â”€â”€â”€â”€â”€â”€â”€â”€â”˜                                                                                                              â•‘
â•‘ Conqueue.Pay                            match exhaustiveness                                          ?:?  valid  U:smt-z3      0.066 â•‘
â•‘ Conqueue.Pay                            match exhaustiveness                                          ?:?  valid  U:smt-z3      0.011 â•‘
â•‘ Conqueue.Pay                            postcondition                                                 ?:?  valid  U:smt-z3      1.663 â•‘
â•‘ Conqueue.PushLeftLazy@pushLeftLazyLem   match exhaustiveness                                          ?:?  valid  U:smt-z3      0.011 â•‘
â•‘ Conqueue.PushLeftLazy@pushLeftLazyLem   match exhaustiveness                                          ?:?  valid  U:smt-z3      0.017 â•‘
â•‘ Conqueue.PushLeftLazy@pushLeftLazyLem   postcondition                                                 ?:?  valid  U:smt-z3      0.145 â•‘
â•‘ Conqueue.concUntilCompose               tact (match exhaustiveness)                                   ?:?  valid  U:smt-z3      0.009 â•‘
â•‘ Conqueue.concUntilCompose               tact (postcondition)                                          ?:?  valid  U:smt-z3      0.050 â•‘
â•‘ Conqueue.concUntilConcreteExten         tact (match exhaustiveness)                                   ?:?  valid  U:smt-z3      0.011 â•‘
â•‘ Conqueue.concUntilConcreteExten         tact (postcondition)                                          ?:?  valid  U:smt-z3      0.063 â•‘
â•‘ Conqueue.concUntilExtenLemma            match exhaustiveness                                          ?:?  valid  U:smt-z3      0.013 â•‘
â•‘ Conqueue.concUntilExtenLemma            tact (match exhaustiveness)                                   ?:?  valid  U:smt-z3      0.010 â•‘
â•‘ Conqueue.concUntilExtenLemma            tact (match exhaustiveness)                                   ?:?  valid  U:smt-z3      0.013 â•‘
â•‘ Conqueue.concUntilExtenLemma            tact (postcondition)                                          ?:?  valid  U:smt-z3      0.059 â•‘
â•‘ Conqueue.concUntilMonotone              tact (match exhaustiveness)                                   ?:?  valid  U:smt-z3      0.013 â•‘
â•‘ Conqueue.concUntilMonotone              tact (postcondition)                                          ?:?  valid  U:smt-z3      0.057 â•‘
â•‘ Conqueue.concreteMonotone               tact (match exhaustiveness)                                   ?:?  valid  U:smt-z3      0.010 â•‘
â•‘ Conqueue.concreteMonotone               tact (postcondition)                                          ?:?  valid  U:smt-z3      0.067 â•‘
â•‘ Conqueue.concreteUntil                  match exhaustiveness                                          ?:?  valid  U:smt-z3      0.020 â•‘
â•‘ Conqueue.concreteUntil                  postcondition                                                 ?:?  valid  U:smt-z3      0.034 â•‘
â•‘ Conqueue.concreteUntilIsSuffix          tact (match exhaustiveness)                                   ?:?  valid  U:smt-z3      0.009 â•‘
â•‘ Conqueue.concreteUntilIsSuffix          tact (postcondition)                                          ?:?  valid  U:smt-z3      0.049 â•‘
â•‘ Conqueue.concreteZeroPredLemma          tact (match exhaustiveness)                                   ?:?  valid  U:smt-z3      0.010 â•‘
â•‘ Conqueue.concreteZeroPredLemma          tact (postcondition)                                          ?:?  valid  U:smt-z3      0.040 â•‘
â•‘ Conqueue.isConcrete                     match exhaustiveness                                          ?:?  valid  U:smt-z3      0.019 â•‘
â•‘ Conqueue.isConcrete                     postcondition                                                 ?:?  valid  U:smt-z3      0.026 â•‘
â•‘ Conc.isEmpty                            postcondition                                                 ?:?  valid  U:smt-z3      0.007 â•‘
â•‘ ConQ.isSpine                            match exhaustiveness                                          ?:?  valid  U:smt-z3      0.009 â•‘
â•‘ ConQ.isSpine                            postcondition                                                 ?:?  valid  U:smt-z3      0.009 â•‘
â•‘ ConQ.isTip                              postcondition                                                 ?:?  valid  U:smt-z3      0.010 â•‘
â•‘ Conc.level                              match exhaustiveness                                          ?:?  valid  U:smt-z3      0.008 â•‘
â•‘ Conc.level                              postcondition                                                 ?:?  valid  U:smt-z3      0.042 â•‘
â•‘ Conqueue.properSuffix                   match exhaustiveness                                          ?:?  valid  U:smt-z3      0.012 â•‘
â•‘ Conqueue.properSuffix                   postcondition                                                 ?:?  valid  U:smt-z3      0.050 â•‘
â•‘ Conqueue.pushLeft                       match exhaustiveness                                          ?:?  valid  U:smt-z3      0.017 â•‘
â•‘ Conqueue.pushLeft                       postcondition                                                 ?:?  valid  U:smt-z3      0.327 â•‘
â•‘ Conqueue.pushLeft                       precond. (call pushLeftLazy4[T](ys, xs, scr6._2))             ?:?  valid  U:smt-z3      0.144 â•‘
â•‘ Conqueue.pushLeftAndPay                 match exhaustiveness                                          ?:?  valid  U:smt-z3      0.007 â•‘
â•‘ Conqueue.pushLeftAndPay                 postcondition                                                 ?:?  valid  U:smt-z3      0.225 â•‘
â•‘ Conqueue.pushLeftAndPay                 precond. (call Pay4[T](q236, x$39._1._2, x$39._2))            ?:?  valid  U:smt-z3      0.111 â•‘
â•‘ Conqueue.pushLeftAndPay                 precond. (call pushLeftWrapper4[T](ys, w, st@))               ?:?  valid  U:smt-z3      0.042 â•‘
â•‘ Conqueue.pushLeftLazy                   match exhaustiveness                                          ?:?  valid  U:smt-z3      0.073 â•‘
â•‘ Conqueue.pushLeftLazy                   match exhaustiveness                                          ?:?  valid  U:smt-z3      0.015 â•‘
â•‘ Conqueue.pushLeftLazy                   postcondition                                                 ?:?  valid  U:smt-z3      4.156 â•‘
â•‘ Conqueue.pushLeftLazyLemma              match exhaustiveness                                          ?:?  valid  U:smt-z3      0.212 â•‘
â•‘ Conqueue.pushLeftLazyLemma              match exhaustiveness                                          ?:?  valid  U:smt-z3      0.014 â•‘
â•‘ Conqueue.pushLeftLazyLemma              match exhaustiveness                                          ?:?  valid  U:smt-z3      0.015 â•‘
â•‘ Conqueue.pushLeftLazyLemma              postcondition                                                 ?:?  valid  U:smt-z3      0.235 â•‘
â•‘ Conqueue.pushLeftLazyLemma              precond. (call pushLeftLazy4[T](ys, xs, a84._2))              ?:?  valid  U:smt-z3      0.143 â•‘
â•‘ Conqueue.pushLeftLazyLemma              precond. (call pushLeftLazyLemma4[T](CC[T](head, ys), r ...)  ?:?  valid  U:smt-z3      0.076 â•‘
â•‘ Conqueue.pushLeftLazyPreMonotone        tact (match exhaustiveness)                                   ?:?  valid  U:smt-z3      0.014 â•‘
â•‘ Conqueue.pushLeftLazyPreMonotone        tact (postcondition)                                          ?:?  valid  U:smt-z3      0.077 â•‘
â•‘ Conqueue.pushLeftWrapper                match exhaustiveness                                          ?:?  valid  U:smt-z3      0.013 â•‘
â•‘ Conqueue.pushLeftWrapper                postcondition                                                 ?:?  valid  U:smt-cvc4   27.287 â•‘
â•‘ Conqueue.pushLeftWrapper                precond. (call pushLeft4[T](ys, w.queue, st@))                ?:?  valid  U:smt-z3      0.055 â•‘
â•‘ Conqueue.pushUntilCarry                 match exhaustiveness                                          ?:?  valid  U:smt-z3      0.021 â•‘
â•‘ Conqueue.pushUntilCarry                 postcondition                                                 ?:?  valid  U:smt-z3      0.025 â•‘
â•‘ Conqueue.schedMonotone                  match exhaustiveness                                          ?:?  valid  U:smt-z3      0.015 â•‘
â•‘ Conqueue.schedMonotone                  match exhaustiveness                                          ?:?  valid  U:smt-z3      0.020 â•‘
â•‘ Conqueue.schedMonotone                  postcondition                                                 ?:?  valid  U:smt-z3      0.112 â•‘
â•‘ Conqueue.schedMonotone                  precond. (call schedMonotone4[T](st1, st2, tail, pushUn ...)  ?:?  valid  U:smt-z3      0.088 â•‘
â•‘ Conqueue.schedulesProperty              match exhaustiveness                                          ?:?  valid  U:smt-z3      0.020 â•‘
â•‘ Conqueue.schedulesProperty              match exhaustiveness                                          ?:?  valid  U:smt-z3      0.012 â•‘
â•‘ Conqueue.schedulesProperty              postcondition                                                 ?:?  valid  U:smt-z3      0.033 â•‘
â•‘ Conqueue.strongSchedsProp               match exhaustiveness                                          ?:?  valid  U:smt-z3      0.014 â•‘
â•‘ Conqueue.strongSchedsProp               postcondition                                                 ?:?  valid  U:smt-z3      0.024 â•‘
â•‘ Conqueue.suffix                         match exhaustiveness                                          ?:?  valid  U:smt-z3      0.011 â•‘
â•‘ Conqueue.suffix                         postcondition                                                 ?:?  valid  U:smt-z3      0.011 â•‘
â•‘ Conqueue.suffixCompose                  tact (match exhaustiveness)                                   ?:?  valid  U:smt-z3      0.010 â•‘
â•‘ Conqueue.suffixCompose                  tact (postcondition)                                          ?:?  valid  U:smt-z3      0.081 â•‘
â•‘ Conqueue.suffixDisequality              match exhaustiveness                                          ?:?  valid  U:smt-z3      0.015 â•‘
â•‘ Conqueue.suffixDisequality              postcondition                                                 ?:?  valid  U:smt-z3      0.070 â•‘
â•‘ Conqueue.suffixDisequality              precond. (call suffixDisequality4[T](rear39, sufRear3))       ?:?  valid  U:smt-z3      0.068 â•‘
â•‘ Conqueue.suffixTrans                    match exhaustiveness                                          ?:?  valid  U:smt-z3      0.011 â•‘
â•‘ Conqueue.suffixTrans                    tact (match exhaustiveness)                                   ?:?  valid  U:smt-z3      0.010 â•‘
â•‘ Conqueue.suffixTrans                    tact (match exhaustiveness)                                   ?:?  valid  U:smt-z3      0.013 â•‘
â•‘ Conqueue.suffixTrans                    tact (postcondition)                                          ?:?  valid  U:smt-z3      0.079 â•‘
â•‘ Conqueue.suffixZeroLemma                match exhaustiveness                                          ?:?  valid  U:smt-z3      0.014 â•‘
â•‘ Conqueue.suffixZeroLemma                postcondition                                                 ?:?  valid  U:smt-z3      0.086 â•‘
â•‘ Conqueue.suffixZeroLemma                precond. (call suffixZeroLemma4[T](tail17, suf, suf2))        ?:?  valid  U:smt-z3      0.073 â•‘
â•‘ Queue.valid                             postcondition                                                 ?:?  valid  U:smt-z3      0.015 â•‘
â•‘ Conqueue.zeroPreceedsLazy               match exhaustiveness                                          ?:?  valid  U:smt-z3      0.034 â•‘
â•‘ Conqueue.zeroPreceedsLazy               postcondition                                                 ?:?  valid  U:smt-z3      0.126 â•‘
â•‘ Conqueue.zeroPreceedsSuf                match exhaustiveness                                          ?:?  valid  U:smt-z3      0.028 â•‘
â•‘ Conqueue.zeroPreceedsSuf                postcondition                                                 ?:?  valid  U:smt-z3      0.040 â•‘
â•‘ Conqueue.zeroPredSufConcreteUntilLemma  tact (match exhaustiveness)                                   ?:?  valid  U:smt-z3      0.010 â•‘
â•‘ Conqueue.zeroPredSufConcreteUntilLemma  tact (postcondition)                                          ?:?  valid  U:smt-z3      0.062 â•‘
â•Ÿâ”„â”„â”„â”„â”„â”„â”„â”„â”„â”„â”„â”„â”„â”„â”„â”„â”„â”„â”„â”„â”„â”„â”„â”„â”„â”„â”„â”„â”„â”„â”„â”„â”„â”„â”„â”„â”„â”„â”„â”„â”„â”„â”„â”„â”„â”„â”„â”„â”„â”„â”„â”„â”„â”„â”„â”„â”„â”„â”„â”„â”„â”„â”„â”„â”„â”„â”„â”„â”„â”„â”„â”„â”„â”„â”„â”„â”„â”„â”„â”„â”„â”„â”„â”„â”„â”„â”„â”„â”„â”„â”„â”„â”„â”„â”„â”„â”„â”„â”„â”„â”„â”„â”„â”„â”„â”„â”„â”„â”„â”„â”„â”„â”„â”„â”„â”„â”„â”„â”„â”„â”„â”„â”„â”„â”„â”„â”„â”„â”„â”„â”„â”„â”„â”„â”„â•¢
â•‘ total: 87     valid: 87     invalid: 0      unknown 0                                                                          37.151 â•‘
â•šâ•â•â•â•â•â•â•â•â•â•â•â•â•â•â•â•â•â•â•â•â•â•â•â•â•â•â•â•â•â•â•â•â•â•â•â•â•â•â•â•â•â•â•â•â•â•â•â•â•â•â•â•â•â•â•â•â•â•â•â•â•â•â•â•â•â•â•â•â•â•â•â•â•â•â•â•â•â•â•â•â•â•â•â•â•â•â•â•â•â•â•â•â•â•â•â•â•â•â•â•â•â•â•â•â•â•â•â•â•â•â•â•â•â•â•â•â•â•â•â•â•â•â•â•â•â•â•â•â•â•â•â•â•â•â•â•
[[34m  Info  [0m] Output written on leon.out
[[34m  Info  [0m]  - Now considering 'postcondition' VC for pushLeft-time @?:?...
[[34m  Info  [0m]  => VALID
[[34m  Info  [0m]  - Now considering 'postcondition' VC for pushLeftLazy-time @?:?...
[[34m  Info  [0m]  => VALID
[[34m  Info  [0m]  - Now considering 'postcondition' VC for pushLeftWrapper-time @?:?...
[[34m  Info  [0m]  => VALID
[[34m  Info  [0m]  - Now considering 'postcondition' VC for Pay-time @?:?...
[[34m  Info  [0m]  => VALID
[[34m  Info  [0m]  - Now considering 'postcondition' VC for pushLeftAndPay-time @?:?...
[[34m  Info  [0m]  => VALID
Resource Verification Results: 
  â”Œâ”€â”€â”€â”€â”€â”€â”€â”€â”€â”€â”€â”€â”€â”€â”€â”€â”€â”€â”€â”€â”€â”€â”
â•”â•â•¡ Verification Summary â•â•â•â•â•â•â•â•â•â•â•â•â•â•â•â•â•â•â•â•â•â•â•â•â•â•â•â•â•â•â•â•â•â•â•â•â•â•â•â•â•â•â•â•â•â•â•â•â•â•â•â•â•â•â•â•â•â•â•â•â•â•â•â•â•â•â•â•â•—
â•‘ â””â”€â”€â”€â”€â”€â”€â”€â”€â”€â”€â”€â”€â”€â”€â”€â”€â”€â”€â”€â”€â”€â”€â”˜                                                                   â•‘
â•‘ Conqueue.Pay-time                     postcondition     ?:?   valid   U:smt-z3       2.380 â•‘
â•‘ Conqueue.pushLeft-time                postcondition     ?:?   valid   U:smt-z3       0.151 â•‘
â•‘ Conqueue.pushLeftAndPay-time          postcondition     ?:?   valid   U:smt-z3       0.229 â•‘
â•‘ Conqueue.pushLeftLazy-time            postcondition     ?:?   valid   U:smt-z3       0.209 â•‘
â•‘ Conqueue.pushLeftWrapper-time         postcondition     ?:?   valid   U:smt-z3       0.204 â•‘
â•Ÿâ”„â”„â”„â”„â”„â”„â”„â”„â”„â”„â”„â”„â”„â”„â”„â”„â”„â”„â”„â”„â”„â”„â”„â”„â”„â”„â”„â”„â”„â”„â”„â”„â”„â”„â”„â”„â”„â”„â”„â”„â”„â”„â”„â”„â”„â”„â”„â”„â”„â”„â”„â”„â”„â”„â”„â”„â”„â”„â”„â”„â”„â”„â”„â”„â”„â”„â”„â”„â”„â”„â”„â”„â”„â”„â”„â”„â”„â”„â”„â”„â”„â”„â”„â”„â”„â”„â”„â”„â”„â”„â”„â”„â•¢
â•‘ total: 5      valid: 5      invalid: 0      unknown 0                                3.173 â•‘
â•šâ•â•â•â•â•â•â•â•â•â•â•â•â•â•â•â•â•â•â•â•â•â•â•â•â•â•â•â•â•â•â•â•â•â•â•â•â•â•â•â•â•â•â•â•â•â•â•â•â•â•â•â•â•â•â•â•â•â•â•â•â•â•â•â•â•â•â•â•â•â•â•â•â•â•â•â•â•â•â•â•â•â•â•â•â•â•â•â•â•â•â•â•â•
