[[33mWarning [0m] warning: there were 5 feature warnings; re-run with -feature for details
[[34m  Info  [0m] Output written on leon.out
[[34m  Info  [0m] Output written on leon.out
[[34m  Info  [0m] Output written on leon.out
[[34m  Info  [0m]  - Now considering 'postcondition' VC for ssize4 @?:?...
[[34m  Info  [0m]  => VALID
[[34m  Info  [0m]  - Now considering 'postcondition' VC for pairs4 @?:?...
[[34m  Info  [0m]  => VALID
[[34m  Info  [0m]  - Now considering 'precond. (call pairs4(rest, st@))' VC for pairs4 @?:?...
[[34m  Info  [0m]  => VALID
[[34m  Info  [0m]  - Now considering 'match exhaustiveness' VC for pairs4 @?:?...
[[34m  Info  [0m]  => VALID
[[34m  Info  [0m]  - Now considering 'postcondition' VC for constructMergeTree4 @?:?...
[[34m  Info  [0m]  => VALID
[[34m  Info  [0m]  - Now considering 'precond. (call pairs4(l, st@))' VC for constructMergeTree4 @?:?...
[[34m  Info  [0m]  => VALID
[[34m  Info  [0m]  - Now considering 'precond. (call constructMergeTree4(a77._1, a77._2))' VC for constructMergeTree4 @?:?...
[[34m  Info  [0m]  => VALID
[[34m  Info  [0m]  - Now considering 'match exhaustiveness' VC for constructMergeTree4 @?:?...
[[34m  Info  [0m]  => VALID
[[34m  Info  [0m]  - Now considering 'postcondition' VC for merge4 @?:?...
[[34m  Info  [0m]  => VALID
[[34m  Info  [0m]  - Now considering 'match exhaustiveness' VC for merge4 @?:?...
[[34m  Info  [0m]  => VALID
[[34m  Info  [0m]  - Now considering 'match exhaustiveness' VC for merge4 @?:?...
[[34m  Info  [0m]  => VALID
[[34m  Info  [0m]  - Now considering 'postcondition' VC for Merge@pairsLem1 @?:?...
[[34m  Info  [0m]  => VALID
[[34m  Info  [0m]  - Now considering 'precond. (call pairs4(rest, st@))' VC for Merge@pairsLem1 @?:?...
[[34m  Info  [0m]  => VALID
[[34m  Info  [0m]  - Now considering 'postcondition' VC for Merge@mergeLem2 @?:?...
[[34m  Info  [0m]  => VALID
[[34m  Info  [0m]  - Now considering 'postcondition' VC for Merge@mergeLem3 @?:?...
[[34m  Info  [0m]  => VALID
[[34m  Info  [0m]  - Now considering 'tact (postcondition)' VC for mergePreMonotone1 @?:?...
[[34m  Info  [0m]  => VALID
[[34m  Info  [0m]  - Now considering 'postcondition' VC for IListToLList4 @?:?...
[[34m  Info  [0m]  => VALID
[[34m  Info  [0m]  - Now considering 'match exhaustiveness' VC for IListToLList4 @?:?...
[[34m  Info  [0m]  => VALID
[[34m  Info  [0m]  - Now considering 'postcondition' VC for mergeSort4 @?:?...
[[34m  Info  [0m]  => VALID
[[34m  Info  [0m]  - Now considering 'precond. (call constructMergeTree4(IListToLList4(l), st ...)' VC for mergeSort4 @?:?...
[[34m  Info  [0m]  => VALID
[[34m  Info  [0m]  - Now considering 'match exhaustiveness' VC for mergeSort4 @?:?...
[[34m  Info  [0m]  => VALID
[[34m  Info  [0m]  - Now considering 'match exhaustiveness' VC for mergeSort4 @?:?...
[[34m  Info  [0m]  => VALID
[[34m  Info  [0m]  - Now considering 'postcondition' VC for firstMin4 @?:?...
[[34m  Info  [0m]  => VALID
[[34m  Info  [0m]  - Now considering 'match exhaustiveness' VC for firstMin4 @?:?...
[[34m  Info  [0m]  => VALID
[[34m  Info  [0m]  - Now considering 'postcondition' VC for size19 @?:?...
[[34m  Info  [0m]  => VALID
[[34m  Info  [0m]  - Now considering 'match exhaustiveness' VC for size19 @?:?...
[[34m  Info  [0m]  => VALID
[[34m  Info  [0m]  - Now considering 'postcondition' VC for size20 @?:?...
[[34m  Info  [0m]  => VALID
[[34m  Info  [0m]  - Now considering 'match exhaustiveness' VC for size20 @?:?...
[[34m  Info  [0m]  => VALID
[[34m  Info  [0m]  - Now considering 'postcondition' VC for size21 @?:?...
[[34m  Info  [0m]  => VALID
[[34m  Info  [0m]  - Now considering 'match exhaustiveness' VC for size21 @?:?...
[[34m  Info  [0m]  => VALID
[[34m  Info  [0m]  - Now considering 'postcondition' VC for valid5 @?:?...
[[34m  Info  [0m]  => VALID
[[34m  Info  [0m]  - Now considering 'match exhaustiveness' VC for valid5 @?:?...
[[34m  Info  [0m]  => VALID
[[34m  Info  [0m]  - Now considering 'postcondition' VC for fullSize5 @?:?...
[[34m  Info  [0m]  => VALID
[[34m  Info  [0m]  - Now considering 'match exhaustiveness' VC for fullSize5 @?:?...
[[34m  Info  [0m]  => VALID
  â”Œâ”€â”€â”€â”€â”€â”€â”€â”€â”€â”€â”€â”€â”€â”€â”€â”€â”€â”€â”€â”€â”€â”€â”
â•”â•â•¡ Verification Summary â•â•â•â•â•â•â•â•â•â•â•â•â•â•â•â•â•â•â•â•â•â•â•â•â•â•â•â•â•â•â•â•â•â•â•â•â•â•â•â•â•â•â•â•â•â•â•â•â•â•â•â•â•â•â•â•â•â•â•â•â•â•â•â•â•â•â•â•â•â•â•â•â•â•â•â•â•â•â•â•â•â•â•â•â•â•â•â•â•â•â•â•â•â•â•â•â•â•â•â•â•â•â•â•â•â•â•â•â•â•—
â•‘ â””â”€â”€â”€â”€â”€â”€â”€â”€â”€â”€â”€â”€â”€â”€â”€â”€â”€â”€â”€â”€â”€â”€â”˜                                                                                                            â•‘
â•‘ BottomUpMergeSort.IListToLList        match exhaustiveness                                          ?:?  valid  U:smt-z3      0.009 â•‘
â•‘ BottomUpMergeSort.IListToLList        postcondition                                                 ?:?  valid  U:smt-cvc4    1.025 â•‘
â•‘ BottomUpMergeSort.Merge@mergeLem      postcondition                                                 ?:?  valid  U:smt-z3      0.056 â•‘
â•‘ BottomUpMergeSort.Merge@mergeLem      postcondition                                                 ?:?  valid  U:smt-z3      0.062 â•‘
â•‘ BottomUpMergeSort.Merge@pairsLem      postcondition                                                 ?:?  valid  U:smt-z3      0.198 â•‘
â•‘ BottomUpMergeSort.Merge@pairsLem      precond. (call pairs4(rest, st@))                             ?:?  valid  U:smt-z3      0.021 â•‘
â•‘ BottomUpMergeSort.constructMergeTree  match exhaustiveness                                          ?:?  valid  U:smt-z3      0.013 â•‘
â•‘ BottomUpMergeSort.constructMergeTree  postcondition                                                 ?:?  valid  U:smt-z3      0.174 â•‘
â•‘ BottomUpMergeSort.constructMergeTree  precond. (call constructMergeTree4(a77._1, a77._2))           ?:?  valid  U:smt-z3      0.034 â•‘
â•‘ BottomUpMergeSort.constructMergeTree  precond. (call pairs4(l, st@))                                ?:?  valid  U:smt-z3      0.014 â•‘
â•‘ BottomUpMergeSort.firstMin            match exhaustiveness                                          ?:?  valid  U:smt-z3      0.297 â•‘
â•‘ BottomUpMergeSort.firstMin            postcondition                                                 ?:?  valid  U:smt-z3      0.335 â•‘
â•‘ LList.fullSize                        match exhaustiveness                                          ?:?  valid  U:smt-z3      0.009 â•‘
â•‘ LList.fullSize                        postcondition                                                 ?:?  valid  U:smt-z3      0.030 â•‘
â•‘ BottomUpMergeSort.merge               match exhaustiveness                                          ?:?  valid  U:smt-z3      0.022 â•‘
â•‘ BottomUpMergeSort.merge               match exhaustiveness                                          ?:?  valid  U:smt-z3      0.017 â•‘
â•‘ BottomUpMergeSort.merge               postcondition                                                 ?:?  valid  U:smt-cvc4    1.813 â•‘
â•‘ BottomUpMergeSort.mergePreMonotone    tact (postcondition)                                          ?:?  valid  U:smt-z3      0.015 â•‘
â•‘ BottomUpMergeSort.mergeSort           match exhaustiveness                                          ?:?  valid  U:smt-z3      0.148 â•‘
â•‘ BottomUpMergeSort.mergeSort           match exhaustiveness                                          ?:?  valid  U:smt-z3      0.008 â•‘
â•‘ BottomUpMergeSort.mergeSort           postcondition                                                 ?:?  valid  U:smt-z3      0.315 â•‘
â•‘ BottomUpMergeSort.mergeSort           precond. (call constructMergeTree4(IListToLList4(l), st ...)  ?:?  valid  U:smt-z3      0.017 â•‘
â•‘ BottomUpMergeSort.pairs               match exhaustiveness                                          ?:?  valid  U:smt-z3      0.015 â•‘
â•‘ BottomUpMergeSort.pairs               postcondition                                                 ?:?  valid  U:smt-z3      0.779 â•‘
â•‘ BottomUpMergeSort.pairs               precond. (call pairs4(rest, st@))                             ?:?  valid  U:smt-z3      0.035 â•‘
â•‘ LList.size                            match exhaustiveness                                          ?:?  valid  U:smt-z3      0.011 â•‘
â•‘ IList.size                            match exhaustiveness                                          ?:?  valid  U:smt-z3      0.008 â•‘
â•‘ IStream.size                          match exhaustiveness                                          ?:?  valid  U:smt-z3      0.009 â•‘
â•‘ LList.size                            postcondition                                                 ?:?  valid  U:smt-z3      0.017 â•‘
â•‘ IList.size                            postcondition                                                 ?:?  valid  U:smt-z3      0.012 â•‘
â•‘ IStream.size                          postcondition                                                 ?:?  valid  U:smt-z3      0.015 â•‘
â•‘ BottomUpMergeSort.ssize               postcondition                                                 ?:?  valid  U:smt-z3      0.572 â•‘
â•‘ LList.valid                           match exhaustiveness                                          ?:?  valid  U:smt-z3      0.013 â•‘
â•‘ LList.valid                           postcondition                                                 ?:?  valid  U:smt-z3      0.013 â•‘
â•Ÿâ”„â”„â”„â”„â”„â”„â”„â”„â”„â”„â”„â”„â”„â”„â”„â”„â”„â”„â”„â”„â”„â”„â”„â”„â”„â”„â”„â”„â”„â”„â”„â”„â”„â”„â”„â”„â”„â”„â”„â”„â”„â”„â”„â”„â”„â”„â”„â”„â”„â”„â”„â”„â”„â”„â”„â”„â”„â”„â”„â”„â”„â”„â”„â”„â”„â”„â”„â”„â”„â”„â”„â”„â”„â”„â”„â”„â”„â”„â”„â”„â”„â”„â”„â”„â”„â”„â”„â”„â”„â”„â”„â”„â”„â”„â”„â”„â”„â”„â”„â”„â”„â”„â”„â”„â”„â”„â”„â”„â”„â”„â”„â”„â”„â”„â”„â”„â”„â”„â”„â”„â”„â”„â”„â”„â”„â”„â”„â”„â”„â”„â”„â”„â”„â•¢
â•‘ total: 34     valid: 34     invalid: 0      unknown 0                                                                         6.131 â•‘
â•šâ•â•â•â•â•â•â•â•â•â•â•â•â•â•â•â•â•â•â•â•â•â•â•â•â•â•â•â•â•â•â•â•â•â•â•â•â•â•â•â•â•â•â•â•â•â•â•â•â•â•â•â•â•â•â•â•â•â•â•â•â•â•â•â•â•â•â•â•â•â•â•â•â•â•â•â•â•â•â•â•â•â•â•â•â•â•â•â•â•â•â•â•â•â•â•â•â•â•â•â•â•â•â•â•â•â•â•â•â•â•â•â•â•â•â•â•â•â•â•â•â•â•â•â•â•â•â•â•â•â•â•â•â•â•
[[34m  Info  [0m] Output written on leon.out
[[34m  Info  [0m]  - Now considering 'postcondition' VC for pairs-time @?:?...
[[34m  Info  [0m]  => VALID
[[34m  Info  [0m]  - Now considering 'postcondition' VC for constructMergeTree-time @?:?...
[[34m  Info  [0m]  => VALID
[[34m  Info  [0m]  - Now considering 'postcondition' VC for merge-time @?:?...
[[34m  Info  [0m]  => VALID
[[34m  Info  [0m]  - Now considering 'postcondition' VC for IListToLList-time @?:?...
[[34m  Info  [0m]  => VALID
[[34m  Info  [0m]  - Now considering 'postcondition' VC for mergeSort-time @?:?...
[[34m  Info  [0m]  => VALID
[[34m  Info  [0m]  - Now considering 'postcondition' VC for firstMin-time @?:?...
[[34m  Info  [0m]  => VALID
Resource Verification Results: 
  â”Œâ”€â”€â”€â”€â”€â”€â”€â”€â”€â”€â”€â”€â”€â”€â”€â”€â”€â”€â”€â”€â”€â”€â”
â•”â•â•¡ Verification Summary â•â•â•â•â•â•â•â•â•â•â•â•â•â•â•â•â•â•â•â•â•â•â•â•â•â•â•â•â•â•â•â•â•â•â•â•â•â•â•â•â•â•â•â•â•â•â•â•â•â•â•â•â•â•â•â•â•â•â•â•â•â•â•â•â•â•â•â•â•—
â•‘ â””â”€â”€â”€â”€â”€â”€â”€â”€â”€â”€â”€â”€â”€â”€â”€â”€â”€â”€â”€â”€â”€â”€â”˜                                                                   â•‘
â•‘ BottomUpMergeSort.IListToLList-time          postcondition  ?:?  valid   U:smt-z3    0.026 â•‘
â•‘ BottomUpMergeSort.constructMergeTree-time    postcondition  ?:?  valid   U:smt-z3    0.401 â•‘
â•‘ BottomUpMergeSort.firstMin-time              postcondition  ?:?  valid   U:smt-z3    0.717 â•‘
â•‘ BottomUpMergeSort.merge-time                 postcondition  ?:?  valid   U:smt-z3    0.560 â•‘
â•‘ BottomUpMergeSort.mergeSort-time             postcondition  ?:?  valid   U:smt-z3    0.433 â•‘
â•‘ BottomUpMergeSort.pairs-time                 postcondition  ?:?  valid   U:smt-z3    0.077 â•‘
â•Ÿâ”„â”„â”„â”„â”„â”„â”„â”„â”„â”„â”„â”„â”„â”„â”„â”„â”„â”„â”„â”„â”„â”„â”„â”„â”„â”„â”„â”„â”„â”„â”„â”„â”„â”„â”„â”„â”„â”„â”„â”„â”„â”„â”„â”„â”„â”„â”„â”„â”„â”„â”„â”„â”„â”„â”„â”„â”„â”„â”„â”„â”„â”„â”„â”„â”„â”„â”„â”„â”„â”„â”„â”„â”„â”„â”„â”„â”„â”„â”„â”„â”„â”„â”„â”„â”„â”„â”„â”„â”„â”„â”„â”„â•¢
â•‘ total: 6      valid: 6      invalid: 0      unknown 0                                2.214 â•‘
â•šâ•â•â•â•â•â•â•â•â•â•â•â•â•â•â•â•â•â•â•â•â•â•â•â•â•â•â•â•â•â•â•â•â•â•â•â•â•â•â•â•â•â•â•â•â•â•â•â•â•â•â•â•â•â•â•â•â•â•â•â•â•â•â•â•â•â•â•â•â•â•â•â•â•â•â•â•â•â•â•â•â•â•â•â•â•â•â•â•â•â•â•â•â•
