[[33mWarning [0m] warning: there were 33 feature warnings; re-run with -feature for details
[[34m  Info  [0m] Output written on leon.out
[[34m  Info  [0m] Output written on leon.out
[[34m  Info  [0m] Output written on leon.out
[[34m  Info  [0m]  - Now considering 'postcondition' VC for zeroPreceedsLazy4 @?:?...
[[34m  Info  [0m]  => VALID
[[34m  Info  [0m]  - Now considering 'match exhaustiveness' VC for zeroPreceedsLazy4 @?:?...
[[34m  Info  [0m]  => VALID
[[34m  Info  [0m]  - Now considering 'postcondition' VC for zeroPreceedsSuf4 @?:?...
[[34m  Info  [0m]  => VALID
[[34m  Info  [0m]  - Now considering 'match exhaustiveness' VC for zeroPreceedsSuf4 @?:?...
[[34m  Info  [0m]  => VALID
[[34m  Info  [0m]  - Now considering 'postcondition' VC for concreteUntil4 @?:?...
[[34m  Info  [0m]  => VALID
[[34m  Info  [0m]  - Now considering 'match exhaustiveness' VC for concreteUntil4 @?:?...
[[34m  Info  [0m]  => VALID
[[34m  Info  [0m]  - Now considering 'postcondition' VC for isConcrete4 @?:?...
[[34m  Info  [0m]  => VALID
[[34m  Info  [0m]  - Now considering 'match exhaustiveness' VC for isConcrete4 @?:?...
[[34m  Info  [0m]  => VALID
[[34m  Info  [0m]  - Now considering 'postcondition' VC for schedulesProperty4 @?:?...
[[34m  Info  [0m]  => VALID
[[34m  Info  [0m]  - Now considering 'match exhaustiveness' VC for schedulesProperty4 @?:?...
[[34m  Info  [0m]  => VALID
[[34m  Info  [0m]  - Now considering 'match exhaustiveness' VC for schedulesProperty4 @?:?...
[[34m  Info  [0m]  => VALID
[[34m  Info  [0m]  - Now considering 'postcondition' VC for strongSchedsProp4 @?:?...
[[34m  Info  [0m]  => VALID
[[34m  Info  [0m]  - Now considering 'match exhaustiveness' VC for strongSchedsProp4 @?:?...
[[34m  Info  [0m]  => VALID
[[34m  Info  [0m]  - Now considering 'postcondition' VC for pushUntilCarry4 @?:?...
[[34m  Info  [0m]  => VALID
[[34m  Info  [0m]  - Now considering 'match exhaustiveness' VC for pushUntilCarry4 @?:?...
[[34m  Info  [0m]  => VALID
[[34m  Info  [0m]  - Now considering 'postcondition' VC for inc4 @?:?...
[[34m  Info  [0m]  => VALID
[[34m  Info  [0m]  - Now considering 'precond. (call incLazy4(xs, scr6._2))' VC for inc4 @?:?...
[[34m  Info  [0m]  => VALID
[[34m  Info  [0m]  - Now considering 'match exhaustiveness' VC for inc4 @?:?...
[[34m  Info  [0m]  => VALID
[[34m  Info  [0m]  - Now considering 'postcondition' VC for incLazy4 @?:?...
[[34m  Info  [0m]  => VALID
[[34m  Info  [0m]  - Now considering 'match exhaustiveness' VC for incLazy4 @?:?...
[[34m  Info  [0m]  => VALID
[[34m  Info  [0m]  - Now considering 'match exhaustiveness' VC for incLazy4 @?:?...
[[34m  Info  [0m]  => VALID
[[34m  Info  [0m]  - Now considering 'postcondition' VC for IncLazy@incLazyLem1 @?:?...
[[34m  Info  [0m]  => VALID
[[34m  Info  [0m]  - Now considering 'match exhaustiveness' VC for IncLazy@incLazyLem1 @?:?...
[[34m  Info  [0m]  => VALID
[[34m  Info  [0m]  - Now considering 'match exhaustiveness' VC for IncLazy@incLazyLem1 @?:?...
[[34m  Info  [0m]  => VALID
[[34m  Info  [0m]  - Now considering 'tact (postcondition)' VC for incLazyPreMonotone1 @?:?...
[[34m  Info  [0m]  => VALID
[[34m  Info  [0m]  - Now considering 'tact (match exhaustiveness)' VC for incLazyPreMonotone1 @?:?...
[[34m  Info  [0m]  => VALID
[[34m  Info  [0m]  - Now considering 'postcondition' VC for incLazyLemma4 @?:?...
[[34m  Info  [0m]  => VALID
[[34m  Info  [0m]  - Now considering 'precond. (call incLazyLemma4[<untyped>](rear30, suf, st ...)' VC for incLazyLemma4 @?:?...
[[34m  Info  [0m]  => VALID
[[34m  Info  [0m]  - Now considering 'precond. (call incLazy4(xs, a83._2))' VC for incLazyLemma4 @?:?...
[[34m  Info  [0m]  => VALID
[[34m  Info  [0m]  - Now considering 'match exhaustiveness' VC for incLazyLemma4 @?:?...
[[34m  Info  [0m]  => VALID
[[34m  Info  [0m]  - Now considering 'match exhaustiveness' VC for incLazyLemma4 @?:?...
[[34m  Info  [0m]  => VALID
[[34m  Info  [0m]  - Now considering 'match exhaustiveness' VC for incLazyLemma4 @?:?...
[[34m  Info  [0m]  => VALID
[[34m  Info  [0m]  - Now considering 'postcondition' VC for incNum4 @?:?...
[[34m  Info  [0m]  => VALID
[[34m  Info  [0m]  - Now considering 'precond. (call inc4(w.digs, st@))' VC for incNum4 @?:?...
[[34m  Info  [0m]  => VALID
[[34m  Info  [0m]  - Now considering 'match exhaustiveness' VC for incNum4 @?:?...
[[34m  Info  [0m]  => VALID
[[34m  Info  [0m]  - Now considering 'postcondition' VC for Pay4 @?:?...
[[34m  Info  [0m]  => VALID
[[34m  Info  [0m]  - Now considering 'match exhaustiveness' VC for Pay4 @?:?...
[[34m  Info  [0m]  => VALID
[[34m  Info  [0m]  - Now considering 'match exhaustiveness' VC for Pay4 @?:?...
[[34m  Info  [0m]  => VALID
[[34m  Info  [0m]  - Now considering 'postcondition' VC for schedMonotone4 @?:?...
[[34m  Info  [0m]  => VALID
[[34m  Info  [0m]  - Now considering 'precond. (call schedMonotone4[<untyped>](st1, st2, tail ...)' VC for schedMonotone4 @?:?...
[[34m  Info  [0m]  => VALID
[[34m  Info  [0m]  - Now considering 'match exhaustiveness' VC for schedMonotone4 @?:?...
[[34m  Info  [0m]  => VALID
[[34m  Info  [0m]  - Now considering 'match exhaustiveness' VC for schedMonotone4 @?:?...
[[34m  Info  [0m]  => VALID
[[34m  Info  [0m]  - Now considering 'tact (postcondition)' VC for concreteMonotone4 @?:?...
[[34m  Info  [0m]  => VALID
[[34m  Info  [0m]  - Now considering 'tact (match exhaustiveness)' VC for concreteMonotone4 @?:?...
[[34m  Info  [0m]  => VALID
[[34m  Info  [0m]  - Now considering 'tact (postcondition)' VC for concUntilMonotone4 @?:?...
[[34m  Info  [0m]  => VALID
[[34m  Info  [0m]  - Now considering 'tact (match exhaustiveness)' VC for concUntilMonotone4 @?:?...
[[34m  Info  [0m]  => VALID
[[34m  Info  [0m]  - Now considering 'postcondition' VC for suffix4 @?:?...
[[34m  Info  [0m]  => VALID
[[34m  Info  [0m]  - Now considering 'match exhaustiveness' VC for suffix4 @?:?...
[[34m  Info  [0m]  => VALID
[[34m  Info  [0m]  - Now considering 'postcondition' VC for properSuffix4 @?:?...
[[34m  Info  [0m]  => VALID
[[34m  Info  [0m]  - Now considering 'match exhaustiveness' VC for properSuffix4 @?:?...
[[34m  Info  [0m]  => VALID
[[34m  Info  [0m]  - Now considering 'tact (postcondition)' VC for suffixTrans4 @?:?...
[[34m  Info  [0m]  => VALID
[[34m  Info  [0m]  - Now considering 'tact (match exhaustiveness)' VC for suffixTrans4 @?:?...
[[34m  Info  [0m]  => VALID
[[34m  Info  [0m]  - Now considering 'tact (match exhaustiveness)' VC for suffixTrans4 @?:?...
[[34m  Info  [0m]  => VALID
[[34m  Info  [0m]  - Now considering 'match exhaustiveness' VC for suffixTrans4 @?:?...
[[34m  Info  [0m]  => VALID
[[34m  Info  [0m]  - Now considering 'postcondition' VC for suffixDisequality4 @?:?...
[[34m  Info  [0m]  => VALID
[[34m  Info  [0m]  - Now considering 'precond. (call suffixDisequality4[<untyped>](rear39, su ...)' VC for suffixDisequality4 @?:?...
[[34m  Info  [0m]  => VALID
[[34m  Info  [0m]  - Now considering 'match exhaustiveness' VC for suffixDisequality4 @?:?...
[[34m  Info  [0m]  => VALID
[[34m  Info  [0m]  - Now considering 'tact (postcondition)' VC for suffixCompose4 @?:?...
[[34m  Info  [0m]  => VALID
[[34m  Info  [0m]  - Now considering 'tact (match exhaustiveness)' VC for suffixCompose4 @?:?...
[[34m  Info  [0m]  => VALID
[[34m  Info  [0m]  - Now considering 'tact (postcondition)' VC for concreteUntilIsSuffix4 @?:?...
[[34m  Info  [0m]  => VALID
[[34m  Info  [0m]  - Now considering 'tact (match exhaustiveness)' VC for concreteUntilIsSuffix4 @?:?...
[[34m  Info  [0m]  => VALID
[[34m  Info  [0m]  - Now considering 'tact (postcondition)' VC for concUntilExtenLemma4 @?:?...
[[34m  Info  [0m]  => VALID
[[34m  Info  [0m]  - Now considering 'tact (match exhaustiveness)' VC for concUntilExtenLemma4 @?:?...
[[34m  Info  [0m]  => VALID
[[34m  Info  [0m]  - Now considering 'tact (match exhaustiveness)' VC for concUntilExtenLemma4 @?:?...
[[34m  Info  [0m]  => VALID
[[34m  Info  [0m]  - Now considering 'match exhaustiveness' VC for concUntilExtenLemma4 @?:?...
[[34m  Info  [0m]  => VALID
[[34m  Info  [0m]  - Now considering 'tact (postcondition)' VC for concUntilConcreteExten4 @?:?...
[[34m  Info  [0m]  => VALID
[[34m  Info  [0m]  - Now considering 'tact (match exhaustiveness)' VC for concUntilConcreteExten4 @?:?...
[[34m  Info  [0m]  => VALID
[[34m  Info  [0m]  - Now considering 'tact (postcondition)' VC for concUntilCompose4 @?:?...
[[34m  Info  [0m]  => VALID
[[34m  Info  [0m]  - Now considering 'tact (match exhaustiveness)' VC for concUntilCompose4 @?:?...
[[34m  Info  [0m]  => VALID
[[34m  Info  [0m]  - Now considering 'tact (postcondition)' VC for zeroPredSufConcreteUntilLemma4 @?:?...
[[34m  Info  [0m]  => VALID
[[34m  Info  [0m]  - Now considering 'tact (match exhaustiveness)' VC for zeroPredSufConcreteUntilLemma4 @?:?...
[[34m  Info  [0m]  => VALID
[[34m  Info  [0m]  - Now considering 'tact (postcondition)' VC for concreteZeroPredLemma4 @?:?...
[[34m  Info  [0m]  => VALID
[[34m  Info  [0m]  - Now considering 'tact (match exhaustiveness)' VC for concreteZeroPredLemma4 @?:?...
[[34m  Info  [0m]  => VALID
[[34m  Info  [0m]  - Now considering 'postcondition' VC for suffixZeroLemma4 @?:?...
[[34m  Info  [0m]  => VALID
[[34m  Info  [0m]  - Now considering 'precond. (call suffixZeroLemma4[<untyped>](tail17, suf, ...)' VC for suffixZeroLemma4 @?:?...
[[34m  Info  [0m]  => VALID
[[34m  Info  [0m]  - Now considering 'match exhaustiveness' VC for suffixZeroLemma4 @?:?...
[[34m  Info  [0m]  => VALID
[[34m  Info  [0m]  - Now considering 'postcondition' VC for incAndPay4 @?:?...
[[34m  Info  [0m]  => VALID
[[34m  Info  [0m]  - Now considering 'precond. (call incNum4[<untyped>](w, st@))' VC for incAndPay4 @?:?...
[[34m  Info  [0m]  => VALID
[[34m  Info  [0m]  - Now considering 'precond. (call Pay4[<untyped>](q175, x$218._1._2, x$218 ...)' VC for incAndPay4 @?:?...
[[34m  Info  [0m]  => VALID
[[34m  Info  [0m]  - Now considering 'match exhaustiveness' VC for incAndPay4 @?:?...
[[34m  Info  [0m]  => VALID
[[34m  Info  [0m]  - Now considering 'postcondition' VC for isSpine5 @?:?...
[[34m  Info  [0m]  => VALID
[[34m  Info  [0m]  - Now considering 'match exhaustiveness' VC for isSpine5 @?:?...
[[34m  Info  [0m]  => VALID
[[34m  Info  [0m]  - Now considering 'postcondition' VC for isTip5 @?:?...
[[34m  Info  [0m]  => VALID
[[34m  Info  [0m]  - Now considering 'postcondition' VC for valid5 @?:?...
[[34m  Info  [0m]  => VALID
  â”Œâ”€â”€â”€â”€â”€â”€â”€â”€â”€â”€â”€â”€â”€â”€â”€â”€â”€â”€â”€â”€â”€â”€â”
â•”â•â•¡ Verification Summary â•â•â•â•â•â•â•â•â•â•â•â•â•â•â•â•â•â•â•â•â•â•â•â•â•â•â•â•â•â•â•â•â•â•â•â•â•â•â•â•â•â•â•â•â•â•â•â•â•â•â•â•â•â•â•â•â•â•â•â•â•â•â•â•â•â•â•â•â•â•â•â•â•â•â•â•â•â•â•â•â•â•â•â•â•â•â•â•â•â•â•â•â•â•â•â•â•â•â•â•â•â•â•â•â•â•â•â•â•â•â•â•â•â•â•â•â•â•â•â•—
â•‘ â””â”€â”€â”€â”€â”€â”€â”€â”€â”€â”€â”€â”€â”€â”€â”€â”€â”€â”€â”€â”€â”€â”€â”˜                                                                                                                      â•‘
â•‘ LazyNumericalRep.IncLazy@incLazyLem             match exhaustiveness                                          ?:?  valid  U:smt-z3      0.016 â•‘
â•‘ LazyNumericalRep.IncLazy@incLazyLem             match exhaustiveness                                          ?:?  valid  U:smt-z3      0.010 â•‘
â•‘ LazyNumericalRep.IncLazy@incLazyLem             postcondition                                                 ?:?  valid  U:smt-z3      0.119 â•‘
â•‘ LazyNumericalRep.Pay                            match exhaustiveness                                          ?:?  valid  U:smt-z3      0.063 â•‘
â•‘ LazyNumericalRep.Pay                            match exhaustiveness                                          ?:?  valid  U:smt-z3      0.011 â•‘
â•‘ LazyNumericalRep.Pay                            postcondition                                                 ?:?  valid  U:smt-z3      1.498 â•‘
â•‘ LazyNumericalRep.concUntilCompose               tact (match exhaustiveness)                                   ?:?  valid  U:smt-z3      0.008 â•‘
â•‘ LazyNumericalRep.concUntilCompose               tact (postcondition)                                          ?:?  valid  U:smt-z3      0.066 â•‘
â•‘ LazyNumericalRep.concUntilConcreteExten         tact (match exhaustiveness)                                   ?:?  valid  U:smt-z3      0.014 â•‘
â•‘ LazyNumericalRep.concUntilConcreteExten         tact (postcondition)                                          ?:?  valid  U:smt-z3      0.046 â•‘
â•‘ LazyNumericalRep.concUntilExtenLemma            match exhaustiveness                                          ?:?  valid  U:smt-z3      0.012 â•‘
â•‘ LazyNumericalRep.concUntilExtenLemma            tact (match exhaustiveness)                                   ?:?  valid  U:smt-z3      0.011 â•‘
â•‘ LazyNumericalRep.concUntilExtenLemma            tact (match exhaustiveness)                                   ?:?  valid  U:smt-z3      0.014 â•‘
â•‘ LazyNumericalRep.concUntilExtenLemma            tact (postcondition)                                          ?:?  valid  U:smt-z3      0.066 â•‘
â•‘ LazyNumericalRep.concUntilMonotone              tact (match exhaustiveness)                                   ?:?  valid  U:smt-z3      0.009 â•‘
â•‘ LazyNumericalRep.concUntilMonotone              tact (postcondition)                                          ?:?  valid  U:smt-z3      0.040 â•‘
â•‘ LazyNumericalRep.concreteMonotone               tact (match exhaustiveness)                                   ?:?  valid  U:smt-z3      0.009 â•‘
â•‘ LazyNumericalRep.concreteMonotone               tact (postcondition)                                          ?:?  valid  U:smt-z3      0.049 â•‘
â•‘ LazyNumericalRep.concreteUntil                  match exhaustiveness                                          ?:?  valid  U:smt-z3      0.027 â•‘
â•‘ LazyNumericalRep.concreteUntil                  postcondition                                                 ?:?  valid  U:smt-z3      0.029 â•‘
â•‘ LazyNumericalRep.concreteUntilIsSuffix          tact (match exhaustiveness)                                   ?:?  valid  U:smt-z3      0.010 â•‘
â•‘ LazyNumericalRep.concreteUntilIsSuffix          tact (postcondition)                                          ?:?  valid  U:smt-z3      0.067 â•‘
â•‘ LazyNumericalRep.concreteZeroPredLemma          tact (match exhaustiveness)                                   ?:?  valid  U:smt-z3      0.009 â•‘
â•‘ LazyNumericalRep.concreteZeroPredLemma          tact (postcondition)                                          ?:?  valid  U:smt-z3      0.054 â•‘
â•‘ LazyNumericalRep.inc                            match exhaustiveness                                          ?:?  valid  U:smt-z3      0.013 â•‘
â•‘ LazyNumericalRep.inc                            postcondition                                                 ?:?  valid  U:smt-z3      0.250 â•‘
â•‘ LazyNumericalRep.inc                            precond. (call incLazy4(xs, scr6._2))                         ?:?  valid  U:smt-z3      0.122 â•‘
â•‘ LazyNumericalRep.incAndPay                      match exhaustiveness                                          ?:?  valid  U:smt-z3      0.007 â•‘
â•‘ LazyNumericalRep.incAndPay                      postcondition                                                 ?:?  valid  U:smt-z3      0.158 â•‘
â•‘ LazyNumericalRep.incAndPay                      precond. (call Pay4[<untyped>](q175, x$218._1._2, x$218 ...)  ?:?  valid  U:smt-z3      0.113 â•‘
â•‘ LazyNumericalRep.incAndPay                      precond. (call incNum4[<untyped>](w, st@))                    ?:?  valid  U:smt-z3      0.032 â•‘
â•‘ LazyNumericalRep.incLazy                        match exhaustiveness                                          ?:?  valid  U:smt-z3      0.017 â•‘
â•‘ LazyNumericalRep.incLazy                        match exhaustiveness                                          ?:?  valid  U:smt-z3      0.062 â•‘
â•‘ LazyNumericalRep.incLazy                        postcondition                                                 ?:?  valid  U:smt-cvc4    4.550 â•‘
â•‘ LazyNumericalRep.incLazyLemma                   match exhaustiveness                                          ?:?  valid  U:smt-z3      0.186 â•‘
â•‘ LazyNumericalRep.incLazyLemma                   match exhaustiveness                                          ?:?  valid  U:smt-z3      0.013 â•‘
â•‘ LazyNumericalRep.incLazyLemma                   match exhaustiveness                                          ?:?  valid  U:smt-z3      0.019 â•‘
â•‘ LazyNumericalRep.incLazyLemma                   postcondition                                                 ?:?  valid  U:smt-z3      0.214 â•‘
â•‘ LazyNumericalRep.incLazyLemma                   precond. (call incLazy4(xs, a83._2))                          ?:?  valid  U:smt-z3      0.133 â•‘
â•‘ LazyNumericalRep.incLazyLemma                   precond. (call incLazyLemma4[<untyped>](rear30, suf, st ...)  ?:?  valid  U:smt-z3      0.082 â•‘
â•‘ LazyNumericalRep.incLazyPreMonotone             tact (match exhaustiveness)                                   ?:?  valid  U:smt-z3      0.013 â•‘
â•‘ LazyNumericalRep.incLazyPreMonotone             tact (postcondition)                                          ?:?  valid  U:smt-z3      0.079 â•‘
â•‘ LazyNumericalRep.incNum                         match exhaustiveness                                          ?:?  valid  U:smt-z3      0.016 â•‘
â•‘ LazyNumericalRep.incNum                         postcondition                                                 ?:?  valid  U:smt-cvc4   19.158 â•‘
â•‘ LazyNumericalRep.incNum                         precond. (call inc4(w.digs, st@))                             ?:?  valid  U:smt-z3      0.043 â•‘
â•‘ LazyNumericalRep.isConcrete                     match exhaustiveness                                          ?:?  valid  U:smt-z3      0.017 â•‘
â•‘ LazyNumericalRep.isConcrete                     postcondition                                                 ?:?  valid  U:smt-z3      0.031 â•‘
â•‘ NumStream.isSpine                               match exhaustiveness                                          ?:?  valid  U:smt-z3      0.008 â•‘
â•‘ NumStream.isSpine                               postcondition                                                 ?:?  valid  U:smt-z3      0.008 â•‘
â•‘ NumStream.isTip                                 postcondition                                                 ?:?  valid  U:smt-z3      0.008 â•‘
â•‘ LazyNumericalRep.properSuffix                   match exhaustiveness                                          ?:?  valid  U:smt-z3      0.012 â•‘
â•‘ LazyNumericalRep.properSuffix                   postcondition                                                 ?:?  valid  U:smt-z3      0.055 â•‘
â•‘ LazyNumericalRep.pushUntilCarry                 match exhaustiveness                                          ?:?  valid  U:smt-z3      0.018 â•‘
â•‘ LazyNumericalRep.pushUntilCarry                 postcondition                                                 ?:?  valid  U:smt-z3      0.024 â•‘
â•‘ LazyNumericalRep.schedMonotone                  match exhaustiveness                                          ?:?  valid  U:smt-z3      0.015 â•‘
â•‘ LazyNumericalRep.schedMonotone                  match exhaustiveness                                          ?:?  valid  U:smt-z3      0.017 â•‘
â•‘ LazyNumericalRep.schedMonotone                  postcondition                                                 ?:?  valid  U:smt-z3      0.093 â•‘
â•‘ LazyNumericalRep.schedMonotone                  precond. (call schedMonotone4[<untyped>](st1, st2, tail ...)  ?:?  valid  U:smt-z3      0.079 â•‘
â•‘ LazyNumericalRep.schedulesProperty              match exhaustiveness                                          ?:?  valid  U:smt-z3      0.012 â•‘
â•‘ LazyNumericalRep.schedulesProperty              match exhaustiveness                                          ?:?  valid  U:smt-z3      0.020 â•‘
â•‘ LazyNumericalRep.schedulesProperty              postcondition                                                 ?:?  valid  U:smt-z3      0.045 â•‘
â•‘ LazyNumericalRep.strongSchedsProp               match exhaustiveness                                          ?:?  valid  U:smt-z3      0.013 â•‘
â•‘ LazyNumericalRep.strongSchedsProp               postcondition                                                 ?:?  valid  U:smt-z3      0.023 â•‘
â•‘ LazyNumericalRep.suffix                         match exhaustiveness                                          ?:?  valid  U:smt-z3      0.011 â•‘
â•‘ LazyNumericalRep.suffix                         postcondition                                                 ?:?  valid  U:smt-z3      0.010 â•‘
â•‘ LazyNumericalRep.suffixCompose                  tact (match exhaustiveness)                                   ?:?  valid  U:smt-z3      0.010 â•‘
â•‘ LazyNumericalRep.suffixCompose                  tact (postcondition)                                          ?:?  valid  U:smt-z3      0.079 â•‘
â•‘ LazyNumericalRep.suffixDisequality              match exhaustiveness                                          ?:?  valid  U:smt-z3      0.012 â•‘
â•‘ LazyNumericalRep.suffixDisequality              postcondition                                                 ?:?  valid  U:smt-z3      0.067 â•‘
â•‘ LazyNumericalRep.suffixDisequality              precond. (call suffixDisequality4[<untyped>](rear39, su ...)  ?:?  valid  U:smt-z3      0.049 â•‘
â•‘ LazyNumericalRep.suffixTrans                    match exhaustiveness                                          ?:?  valid  U:smt-z3      0.017 â•‘
â•‘ LazyNumericalRep.suffixTrans                    tact (match exhaustiveness)                                   ?:?  valid  U:smt-z3      0.009 â•‘
â•‘ LazyNumericalRep.suffixTrans                    tact (match exhaustiveness)                                   ?:?  valid  U:smt-z3      0.016 â•‘
â•‘ LazyNumericalRep.suffixTrans                    tact (postcondition)                                          ?:?  valid  U:smt-z3      0.070 â•‘
â•‘ LazyNumericalRep.suffixZeroLemma                match exhaustiveness                                          ?:?  valid  U:smt-z3      0.011 â•‘
â•‘ LazyNumericalRep.suffixZeroLemma                postcondition                                                 ?:?  valid  U:smt-z3      0.082 â•‘
â•‘ LazyNumericalRep.suffixZeroLemma                precond. (call suffixZeroLemma4[<untyped>](tail17, suf, ...)  ?:?  valid  U:smt-z3      0.067 â•‘
â•‘ Number.valid                                    postcondition                                                 ?:?  valid  U:smt-z3      0.009 â•‘
â•‘ LazyNumericalRep.zeroPreceedsLazy               match exhaustiveness                                          ?:?  valid  U:smt-z3      0.037 â•‘
â•‘ LazyNumericalRep.zeroPreceedsLazy               postcondition                                                 ?:?  valid  U:smt-z3      0.270 â•‘
â•‘ LazyNumericalRep.zeroPreceedsSuf                match exhaustiveness                                          ?:?  valid  U:smt-z3      0.027 â•‘
â•‘ LazyNumericalRep.zeroPreceedsSuf                postcondition                                                 ?:?  valid  U:smt-z3      0.035 â•‘
â•‘ LazyNumericalRep.zeroPredSufConcreteUntilLemma  tact (match exhaustiveness)                                   ?:?  valid  U:smt-z3      0.011 â•‘
â•‘ LazyNumericalRep.zeroPredSufConcreteUntilLemma  tact (postcondition)                                          ?:?  valid  U:smt-z3      0.067 â•‘
â•Ÿâ”„â”„â”„â”„â”„â”„â”„â”„â”„â”„â”„â”„â”„â”„â”„â”„â”„â”„â”„â”„â”„â”„â”„â”„â”„â”„â”„â”„â”„â”„â”„â”„â”„â”„â”„â”„â”„â”„â”„â”„â”„â”„â”„â”„â”„â”„â”„â”„â”„â”„â”„â”„â”„â”„â”„â”„â”„â”„â”„â”„â”„â”„â”„â”„â”„â”„â”„â”„â”„â”„â”„â”„â”„â”„â”„â”„â”„â”„â”„â”„â”„â”„â”„â”„â”„â”„â”„â”„â”„â”„â”„â”„â”„â”„â”„â”„â”„â”„â”„â”„â”„â”„â”„â”„â”„â”„â”„â”„â”„â”„â”„â”„â”„â”„â”„â”„â”„â”„â”„â”„â”„â”„â”„â”„â”„â”„â”„â”„â”„â”„â”„â”„â”„â”„â”„â”„â”„â”„â”„â”„â”„â”„â”„â•¢
â•‘ total: 84     valid: 84     invalid: 0      unknown 0                                                                                  29.001 â•‘
â•šâ•â•â•â•â•â•â•â•â•â•â•â•â•â•â•â•â•â•â•â•â•â•â•â•â•â•â•â•â•â•â•â•â•â•â•â•â•â•â•â•â•â•â•â•â•â•â•â•â•â•â•â•â•â•â•â•â•â•â•â•â•â•â•â•â•â•â•â•â•â•â•â•â•â•â•â•â•â•â•â•â•â•â•â•â•â•â•â•â•â•â•â•â•â•â•â•â•â•â•â•â•â•â•â•â•â•â•â•â•â•â•â•â•â•â•â•â•â•â•â•â•â•â•â•â•â•â•â•â•â•â•â•â•â•â•â•â•â•â•â•â•â•â•â•
[[34m  Info  [0m] Output written on leon.out
[[34m  Info  [0m]  - Now considering 'postcondition' VC for inc-time @?:?...
[[34m  Info  [0m]  => VALID
[[34m  Info  [0m]  - Now considering 'postcondition' VC for incLazy-time @?:?...
[[34m  Info  [0m]  => VALID
[[34m  Info  [0m]  - Now considering 'postcondition' VC for incNum-time @?:?...
[[34m  Info  [0m]  => VALID
[[34m  Info  [0m]  - Now considering 'postcondition' VC for Pay-time @?:?...
[[34m  Info  [0m]  => VALID
[[34m  Info  [0m]  - Now considering 'postcondition' VC for incAndPay-time @?:?...
[[34m  Info  [0m]  => VALID
Resource Verification Results: 
  â”Œâ”€â”€â”€â”€â”€â”€â”€â”€â”€â”€â”€â”€â”€â”€â”€â”€â”€â”€â”€â”€â”€â”€â”
â•”â•â•¡ Verification Summary â•â•â•â•â•â•â•â•â•â•â•â•â•â•â•â•â•â•â•â•â•â•â•â•â•â•â•â•â•â•â•â•â•â•â•â•â•â•â•â•â•â•â•â•â•â•â•â•â•â•â•â•â•â•â•â•â•â•â•â•â•â•â•â•â•â•â•â•â•—
â•‘ â””â”€â”€â”€â”€â”€â”€â”€â”€â”€â”€â”€â”€â”€â”€â”€â”€â”€â”€â”€â”€â”€â”€â”˜                                                                   â•‘
â•‘ LazyNumericalRep.Pay-time              postcondition     ?:?   valid   U:smt-z3      0.230 â•‘
â•‘ LazyNumericalRep.inc-time              postcondition     ?:?   valid   U:smt-z3      0.135 â•‘
â•‘ LazyNumericalRep.incAndPay-time        postcondition     ?:?   valid   U:smt-z3      0.200 â•‘
â•‘ LazyNumericalRep.incLazy-time          postcondition     ?:?   valid   U:smt-z3      0.153 â•‘
â•‘ LazyNumericalRep.incNum-time           postcondition     ?:?   valid   U:smt-z3      0.230 â•‘
â•Ÿâ”„â”„â”„â”„â”„â”„â”„â”„â”„â”„â”„â”„â”„â”„â”„â”„â”„â”„â”„â”„â”„â”„â”„â”„â”„â”„â”„â”„â”„â”„â”„â”„â”„â”„â”„â”„â”„â”„â”„â”„â”„â”„â”„â”„â”„â”„â”„â”„â”„â”„â”„â”„â”„â”„â”„â”„â”„â”„â”„â”„â”„â”„â”„â”„â”„â”„â”„â”„â”„â”„â”„â”„â”„â”„â”„â”„â”„â”„â”„â”„â”„â”„â”„â”„â”„â”„â”„â”„â”„â”„â”„â”„â•¢
â•‘ total: 5      valid: 5      invalid: 0      unknown 0                                0.948 â•‘
â•šâ•â•â•â•â•â•â•â•â•â•â•â•â•â•â•â•â•â•â•â•â•â•â•â•â•â•â•â•â•â•â•â•â•â•â•â•â•â•â•â•â•â•â•â•â•â•â•â•â•â•â•â•â•â•â•â•â•â•â•â•â•â•â•â•â•â•â•â•â•â•â•â•â•â•â•â•â•â•â•â•â•â•â•â•â•â•â•â•â•â•â•â•â•
