[[33mWarning [0m] warning: there were 15 feature warnings; re-run with -feature for details
[[34m  Info  [0m] Output written on leon.out
[[34m  Info  [0m] Output written on leon.out
[[34m  Info  [0m] Output written on leon.out
[[34m  Info  [0m]  - Now considering 'postcondition' VC for isConcrete4 @?:?...
[[34m  Info  [0m]  => VALID
[[34m  Info  [0m]  - Now considering 'match exhaustiveness' VC for isConcrete4 @?:?...
[[34m  Info  [0m]  => VALID
[[34m  Info  [0m]  - Now considering 'postcondition' VC for revAppend4 @?:?...
[[34m  Info  [0m]  => VALID
[[34m  Info  [0m]  - Now considering 'precond. (call revAppend4[T](tail21, EagerStream[T](SCo ...)' VC for revAppend4 @?:?...
[[34m  Info  [0m]  => VALID
[[34m  Info  [0m]  - Now considering 'match exhaustiveness' VC for revAppend4 @?:?...
[[34m  Info  [0m]  => VALID
[[34m  Info  [0m]  - Now considering 'postcondition' VC for drop6 @?:?...
[[34m  Info  [0m]  => VALID
[[34m  Info  [0m]  - Now considering 'precond. (call drop6[T](n - BigInt(1), tail22, scr11._2 ...)' VC for drop6 @?:?...
[[34m  Info  [0m]  => VALID
[[34m  Info  [0m]  - Now considering 'match exhaustiveness' VC for drop6 @?:?...
[[34m  Info  [0m]  => VALID
[[34m  Info  [0m]  - Now considering 'postcondition' VC for take6 @?:?...
[[34m  Info  [0m]  => VALID
[[34m  Info  [0m]  - Now considering 'precond. (call take6[T](n - BigInt(1), tail23, scr12._2 ...)' VC for take6 @?:?...
[[34m  Info  [0m]  => VALID
[[34m  Info  [0m]  - Now considering 'match exhaustiveness' VC for take6 @?:?...
[[34m  Info  [0m]  => VALID
[[34m  Info  [0m]  - Now considering 'postcondition' VC for takeLazy4 @?:?...
[[34m  Info  [0m]  => VALID
[[34m  Info  [0m]  - Now considering 'match exhaustiveness' VC for takeLazy4 @?:?...
[[34m  Info  [0m]  => VALID
[[34m  Info  [0m]  - Now considering 'postcondition' VC for rotateRev4 @?:?...
[[34m  Info  [0m]  => VALID
[[34m  Info  [0m]  - Now considering 'precond. (call revAppend4[T](f, a, scr14._2))' VC for rotateRev4 @?:?...
[[34m  Info  [0m]  => VALID
[[34m  Info  [0m]  - Now considering 'precond. (call drop6[T](BigInt(2), f, scr14._2))' VC for rotateRev4 @?:?...
[[34m  Info  [0m]  => VALID
[[34m  Info  [0m]  - Now considering 'precond. (call take6[T](BigInt(2), f, a108._2))' VC for rotateRev4 @?:?...
[[34m  Info  [0m]  => VALID
[[34m  Info  [0m]  - Now considering 'precond. (call revAppend4[T](a109._1, a, a109._2))' VC for rotateRev4 @?:?...
[[34m  Info  [0m]  => VALID
[[34m  Info  [0m]  - Now considering 'match exhaustiveness' VC for rotateRev4 @?:?...
[[34m  Info  [0m]  => VALID
[[34m  Info  [0m]  - Now considering 'postcondition' VC for rotateDrop4 @?:?...
[[34m  Info  [0m]  => VALID
[[34m  Info  [0m]  - Now considering 'precond. (call drop6[T](i, f, rval2._2))' VC for rotateDrop4 @?:?...
[[34m  Info  [0m]  => VALID
[[34m  Info  [0m]  - Now considering 'precond. (call rotateRev4[T](r, a113._1, EagerStream[T] ...)' VC for rotateDrop4 @?:?...
[[34m  Info  [0m]  => VALID
[[34m  Info  [0m]  - Now considering 'precond. (call drop6[T](BigInt(2), f, rval2._2))' VC for rotateDrop4 @?:?...
[[34m  Info  [0m]  => VALID
[[34m  Info  [0m]  - Now considering 'match exhaustiveness' VC for rotateDrop4 @?:?...
[[34m  Info  [0m]  => VALID
[[34m  Info  [0m]  - Now considering 'postcondition' VC for TakeLazy@takeLazyLem1 @?:?...
[[34m  Info  [0m]  => VALID
[[34m  Info  [0m]  - Now considering 'postcondition' VC for RotateRev@rotateRevLem1 @?:?...
[[34m  Info  [0m]  => VALID
[[34m  Info  [0m]  - Now considering 'precond. (call drop6[T](BigInt(2), f, scr14._2))' VC for RotateRev@rotateRevLem1 @?:?...
[[34m  Info  [0m]  => VALID
[[34m  Info  [0m]  - Now considering 'precond. (call take6[T](BigInt(2), f, a108._2))' VC for RotateRev@rotateRevLem1 @?:?...
[[34m  Info  [0m]  => VALID
[[34m  Info  [0m]  - Now considering 'precond. (call revAppend4[T](a109._1, a, a109._2))' VC for RotateRev@rotateRevLem1 @?:?...
[[34m  Info  [0m]  => VALID
[[34m  Info  [0m]  - Now considering 'postcondition' VC for RotateDrop@rotateDropLem1 @?:?...
[[34m  Info  [0m]  => VALID
[[34m  Info  [0m]  - Now considering 'precond. (call drop6[T](BigInt(2), f, rval2._2))' VC for RotateDrop@rotateDropLem1 @?:?...
[[34m  Info  [0m]  => VALID
[[34m  Info  [0m]  - Now considering 'tact (postcondition)' VC for takeLazyPreMonotone1 @?:?...
[[34m  Info  [0m]  => VALID
[[34m  Info  [0m]  - Now considering 'tact (match exhaustiveness)' VC for takeLazyPreMonotone1 @?:?...
[[34m  Info  [0m]  => VALID
[[34m  Info  [0m]  - Now considering 'postcondition' VC for firstUneval4 @?:?...
[[34m  Info  [0m]  => VALID
[[34m  Info  [0m]  - Now considering 'match exhaustiveness' VC for firstUneval4 @?:?...
[[34m  Info  [0m]  => VALID
[[34m  Info  [0m]  - Now considering 'postcondition' VC for createQueue4 @?:?...
[[34m  Info  [0m]  => VALID
[[34m  Info  [0m]  - Now considering 'precond. (call rotateDrop4[T](r, i, f, st@))' VC for createQueue4 @?:?...
[[34m  Info  [0m]  => VALID
[[34m  Info  [0m]  - Now considering 'precond. (call takeLazy4[T](i, f, nr4._2))' VC for createQueue4 @?:?...
[[34m  Info  [0m]  => VALID
[[34m  Info  [0m]  - Now considering 'precond. (call rotateDrop4[T](f, j, r, st@))' VC for createQueue4 @?:?...
[[34m  Info  [0m]  => VALID
[[34m  Info  [0m]  - Now considering 'precond. (call takeLazy4[T](j, r, nf7._2))' VC for createQueue4 @?:?...
[[34m  Info  [0m]  => VALID
[[34m  Info  [0m]  - Now considering 'division by zero' VC for createQueue4 @?:?...
[[34m  Info  [0m]  => VALID
[[34m  Info  [0m]  - Now considering 'division by zero' VC for createQueue4 @?:?...
[[34m  Info  [0m]  => VALID
[[34m  Info  [0m]  - Now considering 'postcondition' VC for force4 @?:?...
[[34m  Info  [0m]  => VALID
[[34m  Info  [0m]  - Now considering 'match exhaustiveness' VC for force4 @?:?...
[[34m  Info  [0m]  => VALID
[[34m  Info  [0m]  - Now considering 'postcondition' VC for forceTwice4 @?:?...
[[34m  Info  [0m]  => VALID
[[34m  Info  [0m]  - Now considering 'precond. (call force4[T](q.sf, q.f, q.r, q.sr, st@))' VC for forceTwice4 @?:?...
[[34m  Info  [0m]  => VALID
[[34m  Info  [0m]  - Now considering 'precond. (call force4[T](a118._1, q.f, q.r, q.sr, a118. ...)' VC for forceTwice4 @?:?...
[[34m  Info  [0m]  => VALID
[[34m  Info  [0m]  - Now considering 'precond. (call force4[T](q.sr, q.r, q.f, nsf6._1, nsf6. ...)' VC for forceTwice4 @?:?...
[[34m  Info  [0m]  => VALID
[[34m  Info  [0m]  - Now considering 'precond. (call force4[T](a119._1, q.r, q.f, nsf6._1, a1 ...)' VC for forceTwice4 @?:?...
[[34m  Info  [0m]  => VALID
[[34m  Info  [0m]  - Now considering 'postcondition' VC for empty6 @?:?...
[[34m  Info  [0m]  => VALID
[[34m  Info  [0m]  - Now considering 'postcondition' VC for cons4 @?:?...
[[34m  Info  [0m]  => VALID
[[34m  Info  [0m]  - Now considering 'precond. (call force4[T](q.sf, q.f, q.r, q.sr, st@))' VC for cons4 @?:?...
[[34m  Info  [0m]  => VALID
[[34m  Info  [0m]  - Now considering 'precond. (call force4[T](q.sr, q.r, q.f, nsf7._1, nsf7. ...)' VC for cons4 @?:?...
[[34m  Info  [0m]  => VALID
[[34m  Info  [0m]  - Now considering 'precond. (call createQueue4[T](EagerStream[T](SCons[T]( ...)' VC for cons4 @?:?...
[[34m  Info  [0m]  => VALID
[[34m  Info  [0m]  - Now considering 'postcondition' VC for tail29 @?:?...
[[34m  Info  [0m]  => VALID
[[34m  Info  [0m]  - Now considering 'precond. (call force4[T](q.f, q.sf, q.r, q.sr, st@))' VC for tail29 @?:?...
[[34m  Info  [0m]  => VALID
[[34m  Info  [0m]  - Now considering 'precond. (call tailSub4[T](q, scr17._2))' VC for tail29 @?:?...
[[34m  Info  [0m]  => VALID
[[34m  Info  [0m]  - Now considering 'match exhaustiveness' VC for tail29 @?:?...
[[34m  Info  [0m]  => VALID
[[34m  Info  [0m]  - Now considering 'postcondition' VC for tailSub4 @?:?...
[[34m  Info  [0m]  => VALID
[[34m  Info  [0m]  - Now considering 'precond. (call forceTwice4[T](q, scr18._2))' VC for tailSub4 @?:?...
[[34m  Info  [0m]  => VALID
[[34m  Info  [0m]  - Now considering 'precond. (call createQueue4[T](nf8, q.lenf - BigInt(1), ...)' VC for tailSub4 @?:?...
[[34m  Info  [0m]  => VALID
[[34m  Info  [0m]  - Now considering 'match exhaustiveness' VC for tailSub4 @?:?...
[[34m  Info  [0m]  => VALID
[[34m  Info  [0m]  - Now considering 'match exhaustiveness' VC for tailSub4 @?:?...
[[34m  Info  [0m]  => VALID
[[34m  Info  [0m]  - Now considering 'postcondition' VC for reverse6 @?:?...
[[34m  Info  [0m]  => VALID
[[34m  Info  [0m]  - Now considering 'tact (postcondition)' VC for funeCompose4 @?:?...
[[34m  Info  [0m]  => VALID
[[34m  Info  [0m]  - Now considering 'tact (precond. (call funeCompose-VCTact[T](tail, st1, st2)))' VC for funeCompose4 @?:?...
[[34m  Info  [0m]  => VALID
[[34m  Info  [0m]  - Now considering 'tact (match exhaustiveness)' VC for funeCompose4 @?:?...
[[34m  Info  [0m]  => VALID
[[34m  Info  [0m]  - Now considering 'postcondition' VC for funeMonotone4 @?:?...
[[34m  Info  [0m]  => VALID
[[34m  Info  [0m]  - Now considering 'precond. (call funeCompose4[T](l1, st1, st2))' VC for funeMonotone4 @?:?...
[[34m  Info  [0m]  => VALID
[[34m  Info  [0m]  - Now considering 'precond. (call funeCompose4[T](l2, st1, st2))' VC for funeMonotone4 @?:?...
[[34m  Info  [0m]  => VALID
[[34m  Info  [0m]  - Now considering 'precond. (call funeMonotone4[T](tail28, l2, st1, st2, s ...)' VC for funeMonotone4 @?:?...
[[34m  Info  [0m]  => VALID
[[34m  Info  [0m]  - Now considering 'match exhaustiveness' VC for funeMonotone4 @?:?...
[[34m  Info  [0m]  => VALID
[[34m  Info  [0m]  - Now considering 'postcondition' VC for size9 @?:?...
[[34m  Info  [0m]  => VALID
[[34m  Info  [0m]  - Now considering 'match exhaustiveness' VC for size9 @?:?...
[[34m  Info  [0m]  => VALID
[[34m  Info  [0m]  - Now considering 'postcondition' VC for isEmpty11 @?:?...
[[34m  Info  [0m]  => VALID
[[34m  Info  [0m]  - Now considering 'postcondition' VC for valid5 @?:?...
[[34m  Info  [0m]  => VALID
  â”Œâ”€â”€â”€â”€â”€â”€â”€â”€â”€â”€â”€â”€â”€â”€â”€â”€â”€â”€â”€â”€â”€â”€â”
â•”â•â•¡ Verification Summary â•â•â•â•â•â•â•â•â•â•â•â•â•â•â•â•â•â•â•â•â•â•â•â•â•â•â•â•â•â•â•â•â•â•â•â•â•â•â•â•â•â•â•â•â•â•â•â•â•â•â•â•â•â•â•â•â•â•â•â•â•â•â•â•â•â•â•â•â•â•â•â•â•â•â•â•â•â•â•â•â•â•â•â•â•â•â•â•â•â•â•â•â•â•â•â•â•â•â•â•â•â•â•â•â•â•â•â•â•â•â•â•—
â•‘ â””â”€â”€â”€â”€â”€â”€â”€â”€â”€â”€â”€â”€â”€â”€â”€â”€â”€â”€â”€â”€â”€â”€â”˜                                                                                                              â•‘
â•‘ RealTimeDeque.RotateDrop@rotateDropLem  postcondition                                                 ?:?  valid  U:smt-z3      0.192 â•‘
â•‘ RealTimeDeque.RotateDrop@rotateDropLem  precond. (call drop6[T](BigInt(2), f, rval2._2))              ?:?  valid  U:smt-z3      0.159 â•‘
â•‘ RealTimeDeque.RotateRev@rotateRevLem    postcondition                                                 ?:?  valid  U:smt-cvc4    0.554 â•‘
â•‘ RealTimeDeque.RotateRev@rotateRevLem    precond. (call drop6[T](BigInt(2), f, scr14._2))              ?:?  valid  U:smt-z3      0.211 â•‘
â•‘ RealTimeDeque.RotateRev@rotateRevLem    precond. (call revAppend4[T](a109._1, a, a109._2))            ?:?  valid  U:smt-z3      0.257 â•‘
â•‘ RealTimeDeque.RotateRev@rotateRevLem    precond. (call take6[T](BigInt(2), f, a108._2))               ?:?  valid  U:smt-z3      0.097 â•‘
â•‘ RealTimeDeque.TakeLazy@takeLazyLem      postcondition                                                 ?:?  valid  U:smt-z3      0.124 â•‘
â•‘ RealTimeDeque.cons                      postcondition                                                 ?:?  valid  U:smt-z3      0.210 â•‘
â•‘ RealTimeDeque.cons                      precond. (call createQueue4[T](EagerStream[T](SCons[T]( ...)  ?:?  valid  U:smt-z3      0.196 â•‘
â•‘ RealTimeDeque.cons                      precond. (call force4[T](q.sf, q.f, q.r, q.sr, st@))          ?:?  valid  U:smt-z3      0.098 â•‘
â•‘ RealTimeDeque.cons                      precond. (call force4[T](q.sr, q.r, q.f, nsf7._1, nsf7. ...)  ?:?  valid  U:smt-z3      0.146 â•‘
â•‘ RealTimeDeque.createQueue               division by zero                                              ?:?  valid  U:smt-z3      0.014 â•‘
â•‘ RealTimeDeque.createQueue               division by zero                                              ?:?  valid  U:smt-z3      0.013 â•‘
â•‘ RealTimeDeque.createQueue               postcondition                                                 ?:?  valid  U:smt-z3      6.033 â•‘
â•‘ RealTimeDeque.createQueue               precond. (call rotateDrop4[T](f, j, r, st@))                  ?:?  valid  U:smt-z3      0.138 â•‘
â•‘ RealTimeDeque.createQueue               precond. (call rotateDrop4[T](r, i, f, st@))                  ?:?  valid  U:smt-z3      0.120 â•‘
â•‘ RealTimeDeque.createQueue               precond. (call takeLazy4[T](i, f, nr4._2))                    ?:?  valid  U:smt-z3      0.143 â•‘
â•‘ RealTimeDeque.createQueue               precond. (call takeLazy4[T](j, r, nf7._2))                    ?:?  valid  U:smt-z3      0.133 â•‘
â•‘ RealTimeDeque.drop                      match exhaustiveness                                          ?:?  valid  U:smt-z3      0.013 â•‘
â•‘ RealTimeDeque.drop                      postcondition                                                 ?:?  valid  U:smt-z3      0.104 â•‘
â•‘ RealTimeDeque.drop                      precond. (call drop6[T](n - BigInt(1), tail22, scr11._2 ...)  ?:?  valid  U:smt-z3      0.141 â•‘
â•‘ RealTimeDeque.empty                     postcondition                                                 ?:?  valid  U:smt-z3      0.009 â•‘
â•‘ RealTimeDeque.firstUneval               match exhaustiveness                                          ?:?  valid  U:smt-z3      0.011 â•‘
â•‘ RealTimeDeque.firstUneval               postcondition                                                 ?:?  valid  U:smt-z3      0.136 â•‘
â•‘ RealTimeDeque.force                     match exhaustiveness                                          ?:?  valid  U:smt-z3      0.011 â•‘
â•‘ RealTimeDeque.force                     postcondition                                                 ?:?  valid  U:smt-z3      0.200 â•‘
â•‘ RealTimeDeque.forceTwice                postcondition                                                 ?:?  valid  U:smt-z3      0.174 â•‘
â•‘ RealTimeDeque.forceTwice                precond. (call force4[T](a118._1, q.f, q.r, q.sr, a118. ...)  ?:?  valid  U:smt-z3      0.122 â•‘
â•‘ RealTimeDeque.forceTwice                precond. (call force4[T](a119._1, q.r, q.f, nsf6._1, a1 ...)  ?:?  valid  U:smt-z3      0.192 â•‘
â•‘ RealTimeDeque.forceTwice                precond. (call force4[T](q.sf, q.f, q.r, q.sr, st@))          ?:?  valid  U:smt-z3      0.090 â•‘
â•‘ RealTimeDeque.forceTwice                precond. (call force4[T](q.sr, q.r, q.f, nsf6._1, nsf6. ...)  ?:?  valid  U:smt-z3      0.180 â•‘
â•‘ RealTimeDeque.funeCompose               tact (match exhaustiveness)                                   ?:?  valid  U:smt-z3      0.015 â•‘
â•‘ RealTimeDeque.funeCompose               tact (postcondition)                                          ?:?  valid  U:smt-z3      0.080 â•‘
â•‘ RealTimeDeque.funeCompose               tact (precond. (call funeCompose-VCTact[T](tail, st1, st2)))  ?:?  valid  U:smt-z3      0.013 â•‘
â•‘ RealTimeDeque.funeMonotone              match exhaustiveness                                          ?:?  valid  U:smt-z3      0.015 â•‘
â•‘ RealTimeDeque.funeMonotone              postcondition                                                 ?:?  valid  U:smt-z3      0.101 â•‘
â•‘ RealTimeDeque.funeMonotone              precond. (call funeCompose4[T](l1, st1, st2))                 ?:?  valid  U:smt-z3      0.010 â•‘
â•‘ RealTimeDeque.funeMonotone              precond. (call funeCompose4[T](l2, st1, st2))                 ?:?  valid  U:smt-z3      0.010 â•‘
â•‘ RealTimeDeque.funeMonotone              precond. (call funeMonotone4[T](tail28, l2, st1, st2, s ...)  ?:?  valid  U:smt-z3      0.119 â•‘
â•‘ RealTimeDeque.isConcrete                match exhaustiveness                                          ?:?  valid  U:smt-z3      0.025 â•‘
â•‘ RealTimeDeque.isConcrete                postcondition                                                 ?:?  valid  U:smt-z3      0.127 â•‘
â•‘ Queue.isEmpty                           postcondition                                                 ?:?  valid  U:smt-z3      0.014 â•‘
â•‘ RealTimeDeque.revAppend                 match exhaustiveness                                          ?:?  valid  U:smt-z3      0.011 â•‘
â•‘ RealTimeDeque.revAppend                 postcondition                                                 ?:?  valid  U:smt-z3      3.212 â•‘
â•‘ RealTimeDeque.revAppend                 precond. (call revAppend4[T](tail21, EagerStream[T](SCo ...)  ?:?  valid  U:smt-cvc4    3.497 â•‘
â•‘ RealTimeDeque.reverse                   postcondition                                                 ?:?  valid  U:smt-z3      0.043 â•‘
â•‘ RealTimeDeque.rotateDrop                match exhaustiveness                                          ?:?  valid  U:smt-z3      0.013 â•‘
â•‘ RealTimeDeque.rotateDrop                postcondition                                                 ?:?  valid  U:smt-z3      5.993 â•‘
â•‘ RealTimeDeque.rotateDrop                precond. (call drop6[T](BigInt(2), f, rval2._2))              ?:?  valid  U:smt-z3      0.135 â•‘
â•‘ RealTimeDeque.rotateDrop                precond. (call drop6[T](i, f, rval2._2))                      ?:?  valid  U:smt-z3      0.134 â•‘
â•‘ RealTimeDeque.rotateDrop                precond. (call rotateRev4[T](r, a113._1, EagerStream[T] ...)  ?:?  valid  U:smt-cvc4   13.052 â•‘
â•‘ RealTimeDeque.rotateRev                 match exhaustiveness                                          ?:?  valid  U:smt-z3      0.012 â•‘
â•‘ RealTimeDeque.rotateRev                 postcondition                                                 ?:?  valid  U:smt-cvc4   26.796 â•‘
â•‘ RealTimeDeque.rotateRev                 precond. (call drop6[T](BigInt(2), f, scr14._2))              ?:?  valid  U:smt-cvc4    0.188 â•‘
â•‘ RealTimeDeque.rotateRev                 precond. (call revAppend4[T](a109._1, a, a109._2))            ?:?  valid  U:smt-z3      0.328 â•‘
â•‘ RealTimeDeque.rotateRev                 precond. (call revAppend4[T](f, a, scr14._2))                 ?:?  valid  U:smt-z3      0.069 â•‘
â•‘ RealTimeDeque.rotateRev                 precond. (call take6[T](BigInt(2), f, a108._2))               ?:?  valid  U:smt-z3      0.069 â•‘
â•‘ Stream.size                             match exhaustiveness                                          ?:?  valid  U:smt-z3      0.009 â•‘
â•‘ Stream.size                             postcondition                                                 ?:?  valid  U:smt-z3      0.030 â•‘
â•‘ RealTimeDeque.tail                      match exhaustiveness                                          ?:?  valid  U:smt-z3      0.008 â•‘
â•‘ RealTimeDeque.tail                      postcondition                                                 ?:?  valid  U:smt-z3      0.128 â•‘
â•‘ RealTimeDeque.tail                      precond. (call force4[T](q.f, q.sf, q.r, q.sr, st@))          ?:?  valid  U:smt-z3      0.098 â•‘
â•‘ RealTimeDeque.tail                      precond. (call tailSub4[T](q, scr17._2))                      ?:?  valid  U:smt-z3      1.410 â•‘
â•‘ RealTimeDeque.tailSub                   match exhaustiveness                                          ?:?  valid  U:smt-z3      0.008 â•‘
â•‘ RealTimeDeque.tailSub                   match exhaustiveness                                          ?:?  valid  U:smt-z3      0.012 â•‘
â•‘ RealTimeDeque.tailSub                   postcondition                                                 ?:?  valid  U:smt-z3      4.914 â•‘
â•‘ RealTimeDeque.tailSub                   precond. (call createQueue4[T](nf8, q.lenf - BigInt(1), ...)  ?:?  valid  U:smt-z3      9.632 â•‘
â•‘ RealTimeDeque.tailSub                   precond. (call forceTwice4[T](q, scr18._2))                   ?:?  valid  U:smt-z3      0.200 â•‘
â•‘ RealTimeDeque.take                      match exhaustiveness                                          ?:?  valid  U:smt-z3      0.013 â•‘
â•‘ RealTimeDeque.take                      postcondition                                                 ?:?  valid  U:smt-z3      0.111 â•‘
â•‘ RealTimeDeque.take                      precond. (call take6[T](n - BigInt(1), tail23, scr12._2 ...)  ?:?  valid  U:smt-z3      0.180 â•‘
â•‘ RealTimeDeque.takeLazy                  match exhaustiveness                                          ?:?  valid  U:smt-z3      0.051 â•‘
â•‘ RealTimeDeque.takeLazy                  postcondition                                                 ?:?  valid  U:smt-z3      0.534 â•‘
â•‘ RealTimeDeque.takeLazyPreMonotone       tact (match exhaustiveness)                                   ?:?  valid  U:smt-z3      0.010 â•‘
â•‘ RealTimeDeque.takeLazyPreMonotone       tact (postcondition)                                          ?:?  valid  U:smt-z3      0.046 â•‘
â•‘ Queue.valid                             postcondition                                                 ?:?  valid  U:smt-z3      0.024 â•‘
â•Ÿâ”„â”„â”„â”„â”„â”„â”„â”„â”„â”„â”„â”„â”„â”„â”„â”„â”„â”„â”„â”„â”„â”„â”„â”„â”„â”„â”„â”„â”„â”„â”„â”„â”„â”„â”„â”„â”„â”„â”„â”„â”„â”„â”„â”„â”„â”„â”„â”„â”„â”„â”„â”„â”„â”„â”„â”„â”„â”„â”„â”„â”„â”„â”„â”„â”„â”„â”„â”„â”„â”„â”„â”„â”„â”„â”„â”„â”„â”„â”„â”„â”„â”„â”„â”„â”„â”„â”„â”„â”„â”„â”„â”„â”„â”„â”„â”„â”„â”„â”„â”„â”„â”„â”„â”„â”„â”„â”„â”„â”„â”„â”„â”„â”„â”„â”„â”„â”„â”„â”„â”„â”„â”„â”„â”„â”„â”„â”„â”„â”„â”„â”„â”„â”„â”„â”„â•¢
â•‘ total: 76     valid: 76     invalid: 0      unknown 0                                                                          81.720 â•‘
â•šâ•â•â•â•â•â•â•â•â•â•â•â•â•â•â•â•â•â•â•â•â•â•â•â•â•â•â•â•â•â•â•â•â•â•â•â•â•â•â•â•â•â•â•â•â•â•â•â•â•â•â•â•â•â•â•â•â•â•â•â•â•â•â•â•â•â•â•â•â•â•â•â•â•â•â•â•â•â•â•â•â•â•â•â•â•â•â•â•â•â•â•â•â•â•â•â•â•â•â•â•â•â•â•â•â•â•â•â•â•â•â•â•â•â•â•â•â•â•â•â•â•â•â•â•â•â•â•â•â•â•â•â•â•â•â•â•
[[34m  Info  [0m] Output written on leon.out
[[34m  Info  [0m]  - Now considering 'postcondition' VC for revAppend-time @?:?...
[[34m  Info  [0m]  => VALID
[[34m  Info  [0m]  - Now considering 'postcondition' VC for drop-time @?:?...
[[34m  Info  [0m]  => VALID
[[34m  Info  [0m]  - Now considering 'postcondition' VC for take-time @?:?...
[[34m  Info  [0m]  => VALID
[[34m  Info  [0m]  - Now considering 'postcondition' VC for takeLazy-time @?:?...
[[34m  Info  [0m]  => VALID
[[34m  Info  [0m]  - Now considering 'postcondition' VC for rotateRev-time @?:?...
[[34m  Info  [0m]  => VALID
[[34m  Info  [0m]  - Now considering 'postcondition' VC for rotateDrop-time @?:?...
[[34m  Info  [0m]  => VALID
[[34m  Info  [0m]  - Now considering 'postcondition' VC for createQueue-time @?:?...
[[34m  Info  [0m]  => VALID
[[34m  Info  [0m]  - Now considering 'postcondition' VC for force-time @?:?...
[[34m  Info  [0m]  => VALID
[[34m  Info  [0m]  - Now considering 'postcondition' VC for cons-time @?:?...
[[34m  Info  [0m]  => VALID
[[34m  Info  [0m]  - Now considering 'postcondition' VC for tail-time @?:?...
[[34m  Info  [0m]  => VALID
[[34m  Info  [0m]  - Now considering 'postcondition' VC for tailSub-time @?:?...
[[34m  Info  [0m]  => VALID
[[34m  Info  [0m]  - Now considering 'postcondition' VC for reverse-time @?:?...
[[34m  Info  [0m]  => VALID
Resource Verification Results: 
  â”Œâ”€â”€â”€â”€â”€â”€â”€â”€â”€â”€â”€â”€â”€â”€â”€â”€â”€â”€â”€â”€â”€â”€â”
â•”â•â•¡ Verification Summary â•â•â•â•â•â•â•â•â•â•â•â•â•â•â•â•â•â•â•â•â•â•â•â•â•â•â•â•â•â•â•â•â•â•â•â•â•â•â•â•â•â•â•â•â•â•â•â•â•â•â•â•â•â•â•â•â•â•â•â•â•â•â•â•â•â•â•â•â•—
â•‘ â””â”€â”€â”€â”€â”€â”€â”€â”€â”€â”€â”€â”€â”€â”€â”€â”€â”€â”€â”€â”€â”€â”€â”˜                                                                   â•‘
â•‘ RealTimeDeque.cons-time              postcondition    ?:?   valid   U:smt-z3         0.221 â•‘
â•‘ RealTimeDeque.createQueue-time       postcondition    ?:?   valid   U:smt-z3         0.232 â•‘
â•‘ RealTimeDeque.drop-time              postcondition    ?:?   valid   U:smt-z3         0.088 â•‘
â•‘ RealTimeDeque.force-time             postcondition    ?:?   valid   U:smt-z3         0.236 â•‘
â•‘ RealTimeDeque.revAppend-time         postcondition    ?:?   valid   U:smt-z3         0.116 â•‘
â•‘ RealTimeDeque.reverse-time           postcondition    ?:?   valid   U:smt-z3         0.010 â•‘
â•‘ RealTimeDeque.rotateDrop-time        postcondition    ?:?   valid   U:smt-cvc4       5.778 â•‘
â•‘ RealTimeDeque.rotateRev-time         postcondition    ?:?   valid   U:smt-z3         0.175 â•‘
â•‘ RealTimeDeque.tail-time              postcondition    ?:?   valid   U:smt-z3         2.948 â•‘
â•‘ RealTimeDeque.tailSub-time           postcondition    ?:?   valid   U:smt-z3         0.168 â•‘
â•‘ RealTimeDeque.take-time              postcondition    ?:?   valid   U:smt-z3         0.096 â•‘
â•‘ RealTimeDeque.takeLazy-time          postcondition    ?:?   valid   U:smt-z3         0.075 â•‘
â•Ÿâ”„â”„â”„â”„â”„â”„â”„â”„â”„â”„â”„â”„â”„â”„â”„â”„â”„â”„â”„â”„â”„â”„â”„â”„â”„â”„â”„â”„â”„â”„â”„â”„â”„â”„â”„â”„â”„â”„â”„â”„â”„â”„â”„â”„â”„â”„â”„â”„â”„â”„â”„â”„â”„â”„â”„â”„â”„â”„â”„â”„â”„â”„â”„â”„â”„â”„â”„â”„â”„â”„â”„â”„â”„â”„â”„â”„â”„â”„â”„â”„â”„â”„â”„â”„â”„â”„â”„â”„â”„â”„â”„â”„â•¢
â•‘ total: 12     valid: 12     invalid: 0      unknown 0                               10.143 â•‘
â•šâ•â•â•â•â•â•â•â•â•â•â•â•â•â•â•â•â•â•â•â•â•â•â•â•â•â•â•â•â•â•â•â•â•â•â•â•â•â•â•â•â•â•â•â•â•â•â•â•â•â•â•â•â•â•â•â•â•â•â•â•â•â•â•â•â•â•â•â•â•â•â•â•â•â•â•â•â•â•â•â•â•â•â•â•â•â•â•â•â•â•â•â•â•
