[[33mWarning [0m] warning: there were 8 feature warnings; re-run with -feature for details
[[34m  Info  [0m] Output written on leon.out
[[34m  Info  [0m] Output written on leon.out
[[34m  Info  [0m] Output written on leon.out
[[34m  Info  [0m]  - Now considering 'postcondition' VC for ssize4 @?:?...
[[34m  Info  [0m]  => VALID
[[34m  Info  [0m]  - Now considering 'postcondition' VC for isConcrete4 @?:?...
[[34m  Info  [0m]  => VALID
[[34m  Info  [0m]  - Now considering 'match exhaustiveness' VC for isConcrete4 @?:?...
[[34m  Info  [0m]  => VALID
[[34m  Info  [0m]  - Now considering 'postcondition' VC for rotate6 @?:?...
[[34m  Info  [0m]  => VALID
[[34m  Info  [0m]  - Now considering 'match exhaustiveness' VC for rotate6 @?:?...
[[34m  Info  [0m]  => VALID
[[34m  Info  [0m]  - Now considering 'postcondition' VC for firstUnevaluated4 @?:?...
[[34m  Info  [0m]  => VALID
[[34m  Info  [0m]  - Now considering 'match exhaustiveness' VC for firstUnevaluated4 @?:?...
[[34m  Info  [0m]  => VALID
[[34m  Info  [0m]  - Now considering 'postcondition' VC for enqueue4 @?:?...
[[34m  Info  [0m]  => VALID
[[34m  Info  [0m]  - Now considering 'match exhaustiveness' VC for enqueue4 @?:?...
[[34m  Info  [0m]  => VALID
[[34m  Info  [0m]  - Now considering 'postcondition' VC for dequeue4 @?:?...
[[34m  Info  [0m]  => VALID
[[34m  Info  [0m]  - Now considering 'match exhaustiveness' VC for dequeue4 @?:?...
[[34m  Info  [0m]  => VALID
[[34m  Info  [0m]  - Now considering 'match exhaustiveness' VC for dequeue4 @?:?...
[[34m  Info  [0m]  => VALID
[[34m  Info  [0m]  - Now considering 'postcondition' VC for Rotate@rotateLem1 @?:?...
[[34m  Info  [0m]  => VALID
[[34m  Info  [0m]  - Now considering 'postcondition' VC for Rotate@enqueueLem1 @?:?...
[[34m  Info  [0m]  => VALID
[[34m  Info  [0m]  - Now considering 'postcondition' VC for Rotate@dequeueLem1 @?:?...
[[34m  Info  [0m]  => VALID
[[34m  Info  [0m]  - Now considering 'tact (postcondition)' VC for rotatePreMonotone1 @?:?...
[[34m  Info  [0m]  => VALID
[[34m  Info  [0m]  - Now considering 'tact (match exhaustiveness)' VC for rotatePreMonotone1 @?:?...
[[34m  Info  [0m]  => VALID
[[34m  Info  [0m]  - Now considering 'postcondition' VC for isEmpty14 @?:?...
[[34m  Info  [0m]  => VALID
[[34m  Info  [0m]  - Now considering 'match exhaustiveness' VC for isEmpty14 @?:?...
[[34m  Info  [0m]  => VALID
[[34m  Info  [0m]  - Now considering 'postcondition' VC for isCons5 @?:?...
[[34m  Info  [0m]  => VALID
[[34m  Info  [0m]  - Now considering 'match exhaustiveness' VC for isCons5 @?:?...
[[34m  Info  [0m]  => VALID
[[34m  Info  [0m]  - Now considering 'postcondition' VC for size9 @?:?...
[[34m  Info  [0m]  => VALID
[[34m  Info  [0m]  - Now considering 'match exhaustiveness' VC for size9 @?:?...
[[34m  Info  [0m]  => VALID
[[34m  Info  [0m]  - Now considering 'postcondition' VC for isEmpty15 @?:?...
[[34m  Info  [0m]  => VALID
[[34m  Info  [0m]  - Now considering 'postcondition' VC for valid5 @?:?...
[[34m  Info  [0m]  => VALID
  â”Œâ”€â”€â”€â”€â”€â”€â”€â”€â”€â”€â”€â”€â”€â”€â”€â”€â”€â”€â”€â”€â”€â”€â”
â•”â•â•¡ Verification Summary â•â•â•â•â•â•â•â•â•â•â•â•â•â•â•â•â•â•â•â•â•â•â•â•â•â•â•â•â•â•â•â•â•â•â•â•â•â•â•â•â•â•â•â•â•â•â•â•â•â•â•â•â•â•â•â•â•â•â•â•â•â•â•â•â•â•â•â•â•â•â•â•—
â•‘ â””â”€â”€â”€â”€â”€â”€â”€â”€â”€â”€â”€â”€â”€â”€â”€â”€â”€â”€â”€â”€â”€â”€â”˜                                                                      â•‘
â•‘ RealTimeQueue.Rotate@dequeueLem  postcondition                ?:?  valid  U:smt-z3      0.456 â•‘
â•‘ RealTimeQueue.Rotate@enqueueLem  postcondition                ?:?  valid  U:smt-z3      0.217 â•‘
â•‘ RealTimeQueue.Rotate@rotateLem   postcondition                ?:?  valid  U:smt-z3      0.069 â•‘
â•‘ RealTimeQueue.dequeue            match exhaustiveness         ?:?  valid  U:smt-z3      0.015 â•‘
â•‘ RealTimeQueue.dequeue            match exhaustiveness         ?:?  valid  U:smt-z3      0.090 â•‘
â•‘ RealTimeQueue.dequeue            postcondition                ?:?  valid  U:smt-z3      4.931 â•‘
â•‘ RealTimeQueue.enqueue            match exhaustiveness         ?:?  valid  U:smt-z3      0.012 â•‘
â•‘ RealTimeQueue.enqueue            postcondition                ?:?  valid  U:smt-z3      3.215 â•‘
â•‘ RealTimeQueue.firstUnevaluated   match exhaustiveness         ?:?  valid  U:smt-z3      0.013 â•‘
â•‘ RealTimeQueue.firstUnevaluated   postcondition                ?:?  valid  U:smt-z3      0.418 â•‘
â•‘ RealTimeQueue.isConcrete         match exhaustiveness         ?:?  valid  U:smt-z3      0.027 â•‘
â•‘ RealTimeQueue.isConcrete         postcondition                ?:?  valid  U:smt-z3      0.098 â•‘
â•‘ Stream.isCons                    match exhaustiveness         ?:?  valid  U:smt-z3      0.018 â•‘
â•‘ Stream.isCons                    postcondition                ?:?  valid  U:smt-z3      0.019 â•‘
â•‘ Stream.isEmpty                   match exhaustiveness         ?:?  valid  U:smt-z3      0.011 â•‘
â•‘ Queue.isEmpty                    postcondition                ?:?  valid  U:smt-z3      0.010 â•‘
â•‘ Stream.isEmpty                   postcondition                ?:?  valid  U:smt-z3      0.009 â•‘
â•‘ RealTimeQueue.rotate             match exhaustiveness         ?:?  valid  U:smt-z3      0.069 â•‘
â•‘ RealTimeQueue.rotate             postcondition                ?:?  valid  U:smt-cvc4  129.792 â•‘
â•‘ RealTimeQueue.rotatePreMonotone  tact (match exhaustiveness)  ?:?  valid  U:smt-z3      0.011 â•‘
â•‘ RealTimeQueue.rotatePreMonotone  tact (postcondition)         ?:?  valid  U:smt-z3      0.025 â•‘
â•‘ Stream.size                      match exhaustiveness         ?:?  valid  U:smt-z3      0.009 â•‘
â•‘ Stream.size                      postcondition                ?:?  valid  U:smt-z3      0.026 â•‘
â•‘ RealTimeQueue.ssize              postcondition                ?:?  valid  U:smt-z3      0.599 â•‘
â•‘ Queue.valid                      postcondition                ?:?  valid  U:smt-z3      0.013 â•‘
â•Ÿâ”„â”„â”„â”„â”„â”„â”„â”„â”„â”„â”„â”„â”„â”„â”„â”„â”„â”„â”„â”„â”„â”„â”„â”„â”„â”„â”„â”„â”„â”„â”„â”„â”„â”„â”„â”„â”„â”„â”„â”„â”„â”„â”„â”„â”„â”„â”„â”„â”„â”„â”„â”„â”„â”„â”„â”„â”„â”„â”„â”„â”„â”„â”„â”„â”„â”„â”„â”„â”„â”„â”„â”„â”„â”„â”„â”„â”„â”„â”„â”„â”„â”„â”„â”„â”„â”„â”„â”„â”„â”„â”„â”„â”„â”„â”„â•¢
â•‘ total: 25     valid: 25     invalid: 0      unknown 0                                 140.172 â•‘
â•šâ•â•â•â•â•â•â•â•â•â•â•â•â•â•â•â•â•â•â•â•â•â•â•â•â•â•â•â•â•â•â•â•â•â•â•â•â•â•â•â•â•â•â•â•â•â•â•â•â•â•â•â•â•â•â•â•â•â•â•â•â•â•â•â•â•â•â•â•â•â•â•â•â•â•â•â•â•â•â•â•â•â•â•â•â•â•â•â•â•â•â•â•â•â•â•â•
[[34m  Info  [0m] Output written on leon.out
[[34m  Info  [0m]  - Now considering 'postcondition' VC for rotate-time @?:?...
[[34m  Info  [0m]  => VALID
[[34m  Info  [0m]  - Now considering 'postcondition' VC for enqueue-time @?:?...
[[34m  Info  [0m]  => VALID
[[34m  Info  [0m]  - Now considering 'postcondition' VC for dequeue-time @?:?...
[[34m  Info  [0m]  => VALID
Resource Verification Results: 
  â”Œâ”€â”€â”€â”€â”€â”€â”€â”€â”€â”€â”€â”€â”€â”€â”€â”€â”€â”€â”€â”€â”€â”€â”
â•”â•â•¡ Verification Summary â•â•â•â•â•â•â•â•â•â•â•â•â•â•â•â•â•â•â•â•â•â•â•â•â•â•â•â•â•â•â•â•â•â•â•â•â•â•â•â•â•â•â•â•â•â•â•â•â•â•â•â•â•â•â•â•â•â•â•â•â•â•â•â•â•â•â•â•â•—
â•‘ â””â”€â”€â”€â”€â”€â”€â”€â”€â”€â”€â”€â”€â”€â”€â”€â”€â”€â”€â”€â”€â”€â”€â”˜                                                                   â•‘
â•‘ RealTimeQueue.dequeue-time         postcondition      ?:?   valid   U:smt-z3         0.394 â•‘
â•‘ RealTimeQueue.enqueue-time         postcondition      ?:?   valid   U:smt-z3         0.160 â•‘
â•‘ RealTimeQueue.rotate-time          postcondition      ?:?   valid   U:smt-z3         0.078 â•‘
â•Ÿâ”„â”„â”„â”„â”„â”„â”„â”„â”„â”„â”„â”„â”„â”„â”„â”„â”„â”„â”„â”„â”„â”„â”„â”„â”„â”„â”„â”„â”„â”„â”„â”„â”„â”„â”„â”„â”„â”„â”„â”„â”„â”„â”„â”„â”„â”„â”„â”„â”„â”„â”„â”„â”„â”„â”„â”„â”„â”„â”„â”„â”„â”„â”„â”„â”„â”„â”„â”„â”„â”„â”„â”„â”„â”„â”„â”„â”„â”„â”„â”„â”„â”„â”„â”„â”„â”„â”„â”„â”„â”„â”„â”„â•¢
â•‘ total: 3      valid: 3      invalid: 0      unknown 0                                0.632 â•‘
â•šâ•â•â•â•â•â•â•â•â•â•â•â•â•â•â•â•â•â•â•â•â•â•â•â•â•â•â•â•â•â•â•â•â•â•â•â•â•â•â•â•â•â•â•â•â•â•â•â•â•â•â•â•â•â•â•â•â•â•â•â•â•â•â•â•â•â•â•â•â•â•â•â•â•â•â•â•â•â•â•â•â•â•â•â•â•â•â•â•â•â•â•â•â•
