[[34m  Info  [0m] Output written on leon.out
[[34m  Info  [0m] Output written on leon.out
[[34m  Info  [0m] Output written on leon.out
[[34m  Info  [0m]  - Now considering 'postcondition' VC for zipWith4 @?:?...
[[34m  Info  [0m]  => VALID
[[34m  Info  [0m]  - Now considering 'match exhaustiveness' VC for zipWith4 @?:?...
[[34m  Info  [0m]  => VALID
[[34m  Info  [0m]  - Now considering 'postcondition' VC for nextFib4 @?:?...
[[34m  Info  [0m]  => VALID
[[34m  Info  [0m]  - Now considering 'postcondition' VC for fibStream4 @?:?...
[[34m  Info  [0m]  => VALID
[[34m  Info  [0m]  - Now considering 'postcondition' VC for nthFib4 @?:?...
[[34m  Info  [0m]  => VALID
[[34m  Info  [0m]  - Now considering 'precond. (call nthFib4(n - BigInt(1), tail9, scr3._2))' VC for nthFib4 @?:?...
[[34m  Info  [0m]  => VALID
[[34m  Info  [0m]  - Now considering 'match exhaustiveness' VC for nthFib4 @?:?...
[[34m  Info  [0m]  => VALID
  ????????????????????????
??? Verification Summary ????????????????????????????????????????????????????????????????????????????????????????????
? ????????????????????????                                                                                          ?
? Esop15Benchmarks.fibStream  postcondition                                           ?:?  valid  U:smt-z3    0.026 ?
? Esop15Benchmarks.nextFib    postcondition                                           ?:?  valid  U:smt-z3    0.035 ?
? Esop15Benchmarks.nthFib     match exhaustiveness                                    ?:?  valid  U:smt-z3    0.019 ?
? Esop15Benchmarks.nthFib     postcondition                                           ?:?  valid  U:smt-z3    0.115 ?
? Esop15Benchmarks.nthFib     precond. (call nthFib4(n - BigInt(1), tail9, scr3._2))  ?:?  valid  U:smt-z3    0.022 ?
? Esop15Benchmarks.zipWith    match exhaustiveness                                    ?:?  valid  U:smt-z3    0.024 ?
? Esop15Benchmarks.zipWith    postcondition                                           ?:?  valid  U:smt-z3    0.409 ?
?????????????????????????????????????????????????????????????????????????????????????????????????????????????????????
? total: 7      valid: 7      invalid: 0      unknown 0                                                       0.650 ?
?????????????????????????????????????????????????????????????????????????????????????????????????????????????????????
[[34m  Info  [0m] Output written on leon.out
[[34m  Info  [0m]  - Now considering 'postcondition' VC for zipWith-time @?:?...
[[34m  Info  [0m]  => VALID
[[34m  Info  [0m]  - Now considering 'postcondition' VC for nextFib-time @?:?...
[[34m  Info  [0m]  => VALID
[[34m  Info  [0m]  - Now considering 'postcondition' VC for nthFib-time @?:?...
[[34m  Info  [0m]  => VALID
Resource Verification Results: 
  ????????????????????????
??? Verification Summary ?????????????????????????????????????????????????????????????????????
? ????????????????????????                                                                   ?
? Esop15Benchmarks.nextFib-time         postcondition     ?:?   valid   U:smt-z3       0.030 ?
? Esop15Benchmarks.nthFib-time          postcondition     ?:?   valid   U:smt-z3       0.137 ?
? Esop15Benchmarks.zipWith-time         postcondition     ?:?   valid   U:smt-z3       0.088 ?
??????????????????????????????????????????????????????????????????????????????????????????????
? total: 3      valid: 3      invalid: 0      unknown 0                                0.255 ?
??????????????????????????????????????????????????????????????????????????????????????????????
