[[33mWarning [0m] warning: there were two feature warnings; re-run with -feature for details
[[34m  Info  [0m] Output written on leon.out
[[34m  Info  [0m] Output written on leon.out
[[34m  Info  [0m] Output written on leon.out
[[34m  Info  [0m]  - Now considering 'postcondition' VC for depsEval4 @?:?...
[[34m  Info  [0m]  => VALID
[[34m  Info  [0m]  - Now considering 'precond. (call depsEval4(i - BigInt(1), items, st@))' VC for depsEval4 @?:?...
[[34m  Info  [0m]  => VALID
[[34m  Info  [0m]  - Now considering 'tact (postcondition)' VC for depsEvalMono4 @?:?...
[[34m  Info  [0m]  => VALID
[[34m  Info  [0m]  - Now considering 'tact (precond. (call depsEvalMono-VCTact(i - BigInt(1), items ...))' VC for depsEvalMono4 @?:?...
[[34m  Info  [0m]  => VALID
[[34m  Info  [0m]  - Now considering 'tact (precond. (call depsEval4(i, items, State@(st1))))' VC for depsEvalMono4 @?:?...
[[34m  Info  [0m]  => VALID
[[34m  Info  [0m]  - Now considering 'tact (precond. (call depsEval4(i, items, State@(st2))))' VC for depsEvalMono4 @?:?...
[[34m  Info  [0m]  => VALID
[[34m  Info  [0m]  - Now considering 'precond. (call depsEval4(i, items, State@(st1)))' VC for depsEvalMono4 @?:?...
[[34m  Info  [0m]  => VALID
[[34m  Info  [0m]  - Now considering 'precond. (call depsEval4(i, items, State@(st2)))' VC for depsEvalMono4 @?:?...
[[34m  Info  [0m]  => VALID
[[34m  Info  [0m]  - Now considering 'tact (postcondition)' VC for depsLem4 @?:?...
[[34m  Info  [0m]  => VALID
[[34m  Info  [0m]  - Now considering 'tact (precond. (call depsLem-VCTact(x, y - BigInt(1), items,  ...))' VC for depsLem4 @?:?...
[[34m  Info  [0m]  => VALID
[[34m  Info  [0m]  - Now considering 'tact (precond. (call depsEval4(y, items, st@)))' VC for depsLem4 @?:?...
[[34m  Info  [0m]  => VALID
[[34m  Info  [0m]  - Now considering 'tact (precond. (call depsEval4(x, items, st@)))' VC for depsLem4 @?:?...
[[34m  Info  [0m]  => VALID
[[34m  Info  [0m]  - Now considering 'precond. (call depsEval4(y, items, st@))' VC for depsLem4 @?:?...
[[34m  Info  [0m]  => VALID
[[34m  Info  [0m]  - Now considering 'precond. (call depsEval4(x, items, st@))' VC for depsLem4 @?:?...
[[34m  Info  [0m]  => VALID
[[34m  Info  [0m]  - Now considering 'postcondition' VC for maxValue4 @?:?...
[[34m  Info  [0m]  => VALID
[[34m  Info  [0m]  - Now considering 'precond. (call depsEval4(w - BigInt(1), items, st@))' VC for maxValue4 @?:?...
[[34m  Info  [0m]  => VALID
[[34m  Info  [0m]  - Now considering 'precond. (call depsLem4(w - wi, w - BigInt(1), items, s ...)' VC for maxValue4 @?:?...
[[34m  Info  [0m]  => VALID
[[34m  Info  [0m]  - Now considering 'precond. (call maxValue4(items, w, tail, st@))' VC for maxValue4 @?:?...
[[34m  Info  [0m]  => VALID
[[34m  Info  [0m]  - Now considering 'match exhaustiveness' VC for maxValue4 @?:?...
[[34m  Info  [0m]  => VALID
[[34m  Info  [0m]  - Now considering 'postcondition' VC for knapSack4 @?:?...
[[34m  Info  [0m]  => VALID
[[34m  Info  [0m]  - Now considering 'precond. (call depsEval4(w - BigInt(1), items, st@))' VC for knapSack4 @?:?...
[[34m  Info  [0m]  => VALID
[[34m  Info  [0m]  - Now considering 'precond. (call maxValue4(items, w, items, st@))' VC for knapSack4 @?:?...
[[34m  Info  [0m]  => VALID
[[34m  Info  [0m]  - Now considering 'postcondition' VC for invoke4 @?:?...
[[34m  Info  [0m]  => VALID
[[34m  Info  [0m]  - Now considering 'precond. (call depsEval4(i - BigInt(1), items, st@))' VC for invoke4 @?:?...
[[34m  Info  [0m]  => VALID
[[34m  Info  [0m]  - Now considering 'precond. (call depsEvalMono4(i - BigInt(1), items, st@. ...)' VC for invoke4 @?:?...
[[34m  Info  [0m]  => VALID
[[34m  Info  [0m]  - Now considering 'precond. (call depsEval4(i - BigInt(1), items, res._2))' VC for invoke4 @?:?...
[[34m  Info  [0m]  => VALID
[[34m  Info  [0m]  - Now considering 'postcondition' VC for KnapSack@maxValueLem1 @?:?...
[[34m  Info  [0m]  => VALID
[[34m  Info  [0m]  - Now considering 'precond. (call depsEval4(w - BigInt(1), items, st@))' VC for KnapSack@maxValueLem1 @?:?...
[[34m  Info  [0m]  => VALID
[[34m  Info  [0m]  - Now considering 'precond. (call depsLem4(w - wi, w - BigInt(1), items, s ...)' VC for KnapSack@maxValueLem1 @?:?...
[[34m  Info  [0m]  => VALID
[[34m  Info  [0m]  - Now considering 'precond. (call maxValue4(items, w, tail, st@))' VC for KnapSack@maxValueLem1 @?:?...
[[34m  Info  [0m]  => VALID
[[34m  Info  [0m]  - Now considering 'precond. (call depsEval4((w - wi) - BigInt(1), items, o ...)' VC for KnapSack@maxValueLem1 @?:?...
[[34m  Info  [0m]  => VALID
[[34m  Info  [0m]  - Now considering 'match exhaustiveness' VC for KnapSack@maxValueLem1 @?:?...
[[34m  Info  [0m]  => VALID
[[34m  Info  [0m]  - Now considering 'postcondition' VC for KnapSack@invokeLem1 @?:?...
[[34m  Info  [0m]  => VALID
[[34m  Info  [0m]  - Now considering 'precond. (call depsEval4(i - BigInt(1), items, st@))' VC for KnapSack@invokeLem1 @?:?...
[[34m  Info  [0m]  => VALID
[[34m  Info  [0m]  - Now considering 'precond. (call depsEval4(i - BigInt(1), items, st@))' VC for KnapSack@invokeLem1 @?:?...
[[34m  Info  [0m]  => VALID
[[34m  Info  [0m]  - Now considering 'postcondition' VC for bottomup4 @?:?...
[[33mWarning [0m] Unexpected error from cvc4 solver: Parse Error: Illegal argument detected
[[33mWarning [0m] std::vector<CVC4::DatatypeType> CVC4::ExprManager::mkMutualDatatypeTypes(const std::vector<CVC4::Datatype>&, const std::set<CVC4::Type>&)
[[33mWarning [0m] 
[[33mWarning [0m]   `unresolvedTypes' is a bad argument; expected resolver != nameResolutions.end() to hold
[[33mWarning [0m] cannot resolve type `IList!56'; it's not among the datatypes being defined
[[34m  Info  [0m]  => VALID
[[34m  Info  [0m]  - Now considering 'precond. (call depsEval4(i - BigInt(1), items, st@))' VC for bottomup4 @?:?...
[[34m  Info  [0m]  => VALID
[[34m  Info  [0m]  - Now considering 'precond. (call invoke4(i, items, st@))' VC for bottomup4 @?:?...
[[34m  Info  [0m]  => VALID
[[34m  Info  [0m]  - Now considering 'precond. (call bottomup4(i + BigInt(1), w, items, ri1._ ...)' VC for bottomup4 @?:?...
[[34m  Info  [0m]  => VALID
[[34m  Info  [0m]  - Now considering 'postcondition' VC for knapSackSol4 @?:?...
[[34m  Info  [0m]  => VALID
[[34m  Info  [0m]  - Now considering 'precond. (call bottomup4(BigInt(0), w, items, st@))' VC for knapSackSol4 @?:?...
[[34m  Info  [0m]  => VALID
[[34m  Info  [0m]  - Now considering 'postcondition' VC for size9 @?:?...
[[34m  Info  [0m]  => VALID
[[34m  Info  [0m]  - Now considering 'match exhaustiveness' VC for size9 @?:?...
[[34m  Info  [0m]  => VALID
  ????????????????????????
??? Verification Summary ????????????????????????????????????????????????????????????????????????????????????????????????????????????
? ????????????????????????                                                                                                          ?
? Knapscak.KnapSack@invokeLem    postcondition                                                        ?:?  valid  U:smt-z3    0.016 ?
? Knapscak.KnapSack@invokeLem    precond. (call depsEval4(i - BigInt(1), items, st@))                 ?:?  valid  U:smt-z3    0.012 ?
? Knapscak.KnapSack@invokeLem    precond. (call depsEval4(i - BigInt(1), items, st@))                 ?:?  valid  U:smt-z3    0.008 ?
? Knapscak.KnapSack@maxValueLem  match exhaustiveness                                                 ?:?  valid  U:smt-z3    0.014 ?
? Knapscak.KnapSack@maxValueLem  postcondition                                                        ?:?  valid  U:smt-z3    0.092 ?
? Knapscak.KnapSack@maxValueLem  precond. (call depsEval4((w - wi) - BigInt(1), items, o ...)         ?:?  valid  U:smt-z3    0.022 ?
? Knapscak.KnapSack@maxValueLem  precond. (call depsEval4(w - BigInt(1), items, st@))                 ?:?  valid  U:smt-z3    0.008 ?
? Knapscak.KnapSack@maxValueLem  precond. (call depsLem4(w - wi, w - BigInt(1), items, s ...)         ?:?  valid  U:smt-z3    0.023 ?
? Knapscak.KnapSack@maxValueLem  precond. (call maxValue4(items, w, tail, st@))                       ?:?  valid  U:smt-z3    0.053 ?
? Knapscak.bottomup              postcondition                                                        ?:?  valid  U:smt-z3    0.055 ?
? Knapscak.bottomup              precond. (call bottomup4(i + BigInt(1), w, items, ri1._ ...)         ?:?  valid  U:smt-z3    0.090 ?
? Knapscak.bottomup              precond. (call depsEval4(i - BigInt(1), items, st@))                 ?:?  valid  U:smt-z3    0.008 ?
? Knapscak.bottomup              precond. (call invoke4(i, items, st@))                               ?:?  valid  U:smt-z3    0.016 ?
? Knapscak.depsEval              postcondition                                                        ?:?  valid  U:smt-z3    0.124 ?
? Knapscak.depsEval              precond. (call depsEval4(i - BigInt(1), items, st@))                 ?:?  valid  U:smt-z3    0.017 ?
? Knapscak.depsEvalMono          precond. (call depsEval4(i, items, State@(st1)))                     ?:?  valid  U:smt-z3    0.013 ?
? Knapscak.depsEvalMono          precond. (call depsEval4(i, items, State@(st2)))                     ?:?  valid  U:smt-z3    0.019 ?
? Knapscak.depsEvalMono          tact (postcondition)                                                 ?:?  valid  U:smt-z3    0.092 ?
? Knapscak.depsEvalMono          tact (precond. (call depsEval4(i, items, State@(st1))))              ?:?  valid  U:smt-z3    0.025 ?
? Knapscak.depsEvalMono          tact (precond. (call depsEval4(i, items, State@(st2))))              ?:?  valid  U:smt-z3    0.026 ?
? Knapscak.depsEvalMono          tact (precond. (call depsEvalMono-VCTact(i - BigInt(1), items ...))  ?:?  valid  U:smt-z3    0.010 ?
? Knapscak.depsLem               precond. (call depsEval4(x, items, st@))                             ?:?  valid  U:smt-z3    0.016 ?
? Knapscak.depsLem               precond. (call depsEval4(y, items, st@))                             ?:?  valid  U:smt-z3    0.009 ?
? Knapscak.depsLem               tact (postcondition)                                                 ?:?  valid  U:smt-z3    0.066 ?
? Knapscak.depsLem               tact (precond. (call depsEval4(x, items, st@)))                      ?:?  valid  U:smt-z3    0.020 ?
? Knapscak.depsLem               tact (precond. (call depsEval4(y, items, st@)))                      ?:?  valid  U:smt-z3    0.023 ?
? Knapscak.depsLem               tact (precond. (call depsLem-VCTact(x, y - BigInt(1), items,  ...))  ?:?  valid  U:smt-z3    0.012 ?
? Knapscak.invoke                postcondition                                                        ?:?  valid  U:smt-z3    0.088 ?
? Knapscak.invoke                precond. (call depsEval4(i - BigInt(1), items, res._2))              ?:?  valid  U:smt-z3    0.022 ?
? Knapscak.invoke                precond. (call depsEval4(i - BigInt(1), items, st@))                 ?:?  valid  U:smt-z3    0.011 ?
? Knapscak.invoke                precond. (call depsEvalMono4(i - BigInt(1), items, st@. ...)         ?:?  valid  U:smt-z3    0.019 ?
? Knapscak.knapSack              postcondition                                                        ?:?  valid  U:smt-z3    0.048 ?
? Knapscak.knapSack              precond. (call depsEval4(w - BigInt(1), items, st@))                 ?:?  valid  U:smt-z3    0.009 ?
? Knapscak.knapSack              precond. (call maxValue4(items, w, items, st@))                      ?:?  valid  U:smt-z3    0.039 ?
? Knapscak.knapSackSol           postcondition                                                        ?:?  valid  U:smt-z3    0.029 ?
? Knapscak.knapSackSol           precond. (call bottomup4(BigInt(0), w, items, st@))                  ?:?  valid  U:smt-z3    0.010 ?
? Knapscak.maxValue              match exhaustiveness                                                 ?:?  valid  U:smt-z3    0.021 ?
? Knapscak.maxValue              postcondition                                                        ?:?  valid  U:smt-z3    0.256 ?
? Knapscak.maxValue              precond. (call depsEval4(w - BigInt(1), items, st@))                 ?:?  valid  U:smt-z3    0.009 ?
? Knapscak.maxValue              precond. (call depsLem4(w - wi, w - BigInt(1), items, s ...)         ?:?  valid  U:smt-z3    0.018 ?
? Knapscak.maxValue              precond. (call maxValue4(items, w, tail, st@))                       ?:?  valid  U:smt-z3    0.053 ?
? IList.size                     match exhaustiveness                                                 ?:?  valid  U:smt-z3    0.007 ?
? IList.size                     postcondition                                                        ?:?  valid  U:smt-z3    0.015 ?
?????????????????????????????????????????????????????????????????????????????????????????????????????????????????????????????????????
? total: 43     valid: 43     invalid: 0      unknown 0                                                                       1.543 ?
?????????????????????????????????????????????????????????????????????????????????????????????????????????????????????????????????????
[[34m  Info  [0m] Output written on leon.out
[[34m  Info  [0m]  - Now considering 'postcondition' VC for maxValue-time @?:?...
[[34m  Info  [0m]  => VALID
[[34m  Info  [0m]  - Now considering 'postcondition' VC for knapSack-time @?:?...
[[34m  Info  [0m]  => VALID
[[34m  Info  [0m]  - Now considering 'postcondition' VC for invoke-time @?:?...
[[34m  Info  [0m]  => VALID
[[34m  Info  [0m]  - Now considering 'postcondition' VC for bottomup-time @?:?...
[[34m  Info  [0m]  => VALID
[[34m  Info  [0m]  - Now considering 'postcondition' VC for knapSackSol-time @?:?...
[[34m  Info  [0m]  => VALID
Resource Verification Results: 
  ????????????????????????
??? Verification Summary ?????????????????????????????????????????????????????????????????????
? ????????????????????????                                                                   ?
? Knapscak.bottomup-time             postcondition      ?:?   valid   U:smt-z3         0.050 ?
? Knapscak.invoke-time               postcondition      ?:?   valid   U:smt-z3         0.058 ?
? Knapscak.knapSack-time             postcondition      ?:?   valid   U:smt-z3         0.043 ?
? Knapscak.knapSackSol-time          postcondition      ?:?   valid   U:smt-z3         0.029 ?
? Knapscak.maxValue-time             postcondition      ?:?   valid   U:smt-z3         0.110 ?
??????????????????????????????????????????????????????????????????????????????????????????????
? total: 5      valid: 5      invalid: 0      unknown 0                                0.290 ?
??????????????????????????????????????????????????????????????????????????????????????????????
