[[33mWarning [0m] warning: there were 5 feature warnings; re-run with -feature for details
[[34m  Info  [0m] Output written on leon.out
[[34m  Info  [0m] Output written on leon.out
[[34m  Info  [0m] Output written on leon.out
[[34m  Info  [0m]  - Now considering 'postcondition' VC for ssize4 @?:?...
[[34m  Info  [0m]  => VALID
[[34m  Info  [0m]  - Now considering 'postcondition' VC for pairs4 @?:?...
[[34m  Info  [0m]  => VALID
[[34m  Info  [0m]  - Now considering 'precond. (call pairs4(rest, st@))' VC for pairs4 @?:?...
[[34m  Info  [0m]  => VALID
[[34m  Info  [0m]  - Now considering 'match exhaustiveness' VC for pairs4 @?:?...
[[34m  Info  [0m]  => VALID
[[34m  Info  [0m]  - Now considering 'postcondition' VC for constructMergeTree4 @?:?...
[[34m  Info  [0m]  => VALID
[[34m  Info  [0m]  - Now considering 'precond. (call pairs4(l, st@))' VC for constructMergeTree4 @?:?...
[[34m  Info  [0m]  => VALID
[[34m  Info  [0m]  - Now considering 'precond. (call constructMergeTree4(a77._1, a77._2))' VC for constructMergeTree4 @?:?...
[[34m  Info  [0m]  => VALID
[[34m  Info  [0m]  - Now considering 'match exhaustiveness' VC for constructMergeTree4 @?:?...
[[34m  Info  [0m]  => VALID
[[34m  Info  [0m]  - Now considering 'postcondition' VC for merge4 @?:?...
[[34m  Info  [0m]  => VALID
[[34m  Info  [0m]  - Now considering 'match exhaustiveness' VC for merge4 @?:?...
[[34m  Info  [0m]  => VALID
[[34m  Info  [0m]  - Now considering 'match exhaustiveness' VC for merge4 @?:?...
[[34m  Info  [0m]  => VALID
[[34m  Info  [0m]  - Now considering 'postcondition' VC for Merge@pairsLem1 @?:?...
[[34m  Info  [0m]  => VALID
[[34m  Info  [0m]  - Now considering 'precond. (call pairs4(rest, st@))' VC for Merge@pairsLem1 @?:?...
[[34m  Info  [0m]  => VALID
[[34m  Info  [0m]  - Now considering 'postcondition' VC for Merge@mergeLem2 @?:?...
[[34m  Info  [0m]  => VALID
[[34m  Info  [0m]  - Now considering 'postcondition' VC for Merge@mergeLem3 @?:?...
[[34m  Info  [0m]  => VALID
[[34m  Info  [0m]  - Now considering 'tact (postcondition)' VC for mergePreMonotone1 @?:?...
[[34m  Info  [0m]  => VALID
[[34m  Info  [0m]  - Now considering 'postcondition' VC for IListToLList4 @?:?...
[[34m  Info  [0m]  => VALID
[[34m  Info  [0m]  - Now considering 'match exhaustiveness' VC for IListToLList4 @?:?...
[[34m  Info  [0m]  => VALID
[[34m  Info  [0m]  - Now considering 'postcondition' VC for mergeSort4 @?:?...
[[34m  Info  [0m]  => VALID
[[34m  Info  [0m]  - Now considering 'precond. (call constructMergeTree4(IListToLList4(l), st ...)' VC for mergeSort4 @?:?...
[[34m  Info  [0m]  => VALID
[[34m  Info  [0m]  - Now considering 'match exhaustiveness' VC for mergeSort4 @?:?...
[[34m  Info  [0m]  => VALID
[[34m  Info  [0m]  - Now considering 'match exhaustiveness' VC for mergeSort4 @?:?...
[[34m  Info  [0m]  => VALID
[[34m  Info  [0m]  - Now considering 'postcondition' VC for firstMin4 @?:?...
[[34m  Info  [0m]  => VALID
[[34m  Info  [0m]  - Now considering 'match exhaustiveness' VC for firstMin4 @?:?...
[[34m  Info  [0m]  => VALID
[[34m  Info  [0m]  - Now considering 'postcondition' VC for size19 @?:?...
[[34m  Info  [0m]  => VALID
[[34m  Info  [0m]  - Now considering 'match exhaustiveness' VC for size19 @?:?...
[[34m  Info  [0m]  => VALID
[[34m  Info  [0m]  - Now considering 'postcondition' VC for size20 @?:?...
[[34m  Info  [0m]  => VALID
[[34m  Info  [0m]  - Now considering 'match exhaustiveness' VC for size20 @?:?...
[[34m  Info  [0m]  => VALID
[[34m  Info  [0m]  - Now considering 'postcondition' VC for size21 @?:?...
[[34m  Info  [0m]  => VALID
[[34m  Info  [0m]  - Now considering 'match exhaustiveness' VC for size21 @?:?...
[[34m  Info  [0m]  => VALID
[[34m  Info  [0m]  - Now considering 'postcondition' VC for valid5 @?:?...
[[34m  Info  [0m]  => VALID
[[34m  Info  [0m]  - Now considering 'match exhaustiveness' VC for valid5 @?:?...
[[34m  Info  [0m]  => VALID
[[34m  Info  [0m]  - Now considering 'postcondition' VC for fullSize5 @?:?...
[[34m  Info  [0m]  => VALID
[[34m  Info  [0m]  - Now considering 'match exhaustiveness' VC for fullSize5 @?:?...
[[34m  Info  [0m]  => VALID
  ????????????????????????
??? Verification Summary ??????????????????????????????????????????????????????????????????????????????????????????????????????????????
? ????????????????????????                                                                                                            ?
? BottomUpMergeSort.IListToLList        match exhaustiveness                                          ?:?  valid  U:smt-z3      0.008 ?
? BottomUpMergeSort.IListToLList        postcondition                                                 ?:?  valid  U:smt-z3      0.230 ?
? BottomUpMergeSort.Merge@mergeLem      postcondition                                                 ?:?  valid  U:smt-z3      0.062 ?
? BottomUpMergeSort.Merge@mergeLem      postcondition                                                 ?:?  valid  U:smt-z3      0.075 ?
? BottomUpMergeSort.Merge@pairsLem      postcondition                                                 ?:?  valid  U:smt-z3      0.267 ?
? BottomUpMergeSort.Merge@pairsLem      precond. (call pairs4(rest, st@))                             ?:?  valid  U:smt-z3      0.022 ?
? BottomUpMergeSort.constructMergeTree  match exhaustiveness                                          ?:?  valid  U:smt-z3      0.011 ?
? BottomUpMergeSort.constructMergeTree  postcondition                                                 ?:?  valid  U:smt-z3      0.157 ?
? BottomUpMergeSort.constructMergeTree  precond. (call constructMergeTree4(a77._1, a77._2))           ?:?  valid  U:smt-z3      0.034 ?
? BottomUpMergeSort.constructMergeTree  precond. (call pairs4(l, st@))                                ?:?  valid  U:smt-z3      0.013 ?
? BottomUpMergeSort.firstMin            match exhaustiveness                                          ?:?  valid  U:smt-z3      0.269 ?
? BottomUpMergeSort.firstMin            postcondition                                                 ?:?  valid  U:smt-z3      0.444 ?
? LList.fullSize                        match exhaustiveness                                          ?:?  valid  U:smt-z3      0.008 ?
? LList.fullSize                        postcondition                                                 ?:?  valid  U:smt-z3      0.034 ?
? BottomUpMergeSort.merge               match exhaustiveness                                          ?:?  valid  U:smt-z3      0.020 ?
? BottomUpMergeSort.merge               match exhaustiveness                                          ?:?  valid  U:smt-z3      0.016 ?
? BottomUpMergeSort.merge               postcondition                                                 ?:?  valid  U:smt-cvc4    1.832 ?
? BottomUpMergeSort.mergePreMonotone    tact (postcondition)                                          ?:?  valid  U:smt-z3      0.016 ?
? BottomUpMergeSort.mergeSort           match exhaustiveness                                          ?:?  valid  U:smt-z3      0.170 ?
? BottomUpMergeSort.mergeSort           match exhaustiveness                                          ?:?  valid  U:smt-z3      0.009 ?
? BottomUpMergeSort.mergeSort           postcondition                                                 ?:?  valid  U:smt-z3      0.270 ?
? BottomUpMergeSort.mergeSort           precond. (call constructMergeTree4(IListToLList4(l), st ...)  ?:?  valid  U:smt-z3      0.018 ?
? BottomUpMergeSort.pairs               match exhaustiveness                                          ?:?  valid  U:smt-z3      0.013 ?
? BottomUpMergeSort.pairs               postcondition                                                 ?:?  valid  U:smt-z3      0.632 ?
? BottomUpMergeSort.pairs               precond. (call pairs4(rest, st@))                             ?:?  valid  U:smt-z3      0.034 ?
? LList.size                            match exhaustiveness                                          ?:?  valid  U:smt-z3      0.013 ?
? IList.size                            match exhaustiveness                                          ?:?  valid  U:smt-z3      0.011 ?
? IStream.size                          match exhaustiveness                                          ?:?  valid  U:smt-z3      0.008 ?
? LList.size                            postcondition                                                 ?:?  valid  U:smt-z3      0.015 ?
? IList.size                            postcondition                                                 ?:?  valid  U:smt-z3      0.013 ?
? IStream.size                          postcondition                                                 ?:?  valid  U:smt-z3      0.019 ?
? BottomUpMergeSort.ssize               postcondition                                                 ?:?  valid  U:smt-z3      0.099 ?
? LList.valid                           match exhaustiveness                                          ?:?  valid  U:smt-z3      0.010 ?
? LList.valid                           postcondition                                                 ?:?  valid  U:smt-z3      0.022 ?
???????????????????????????????????????????????????????????????????????????????????????????????????????????????????????????????????????
? total: 34     valid: 34     invalid: 0      unknown 0                                                                         4.874 ?
???????????????????????????????????????????????????????????????????????????????????????????????????????????????????????????????????????
[[34m  Info  [0m] Output written on leon.out
[[34m  Info  [0m]  - Now considering 'postcondition' VC for pairs-time @?:?...
[[34m  Info  [0m]  => VALID
[[34m  Info  [0m]  - Now considering 'postcondition' VC for constructMergeTree-time @?:?...
[[34m  Info  [0m]  => VALID
[[34m  Info  [0m]  - Now considering 'postcondition' VC for merge-time @?:?...
[[34m  Info  [0m]  => VALID
[[34m  Info  [0m]  - Now considering 'postcondition' VC for IListToLList-time @?:?...
[[34m  Info  [0m]  => VALID
[[34m  Info  [0m]  - Now considering 'postcondition' VC for mergeSort-time @?:?...
[[34m  Info  [0m]  => VALID
[[34m  Info  [0m]  - Now considering 'postcondition' VC for firstMin-time @?:?...
[[34m  Info  [0m]  => VALID
Resource Verification Results: 
  ????????????????????????
??? Verification Summary ?????????????????????????????????????????????????????????????????????
? ????????????????????????                                                                   ?
? BottomUpMergeSort.IListToLList-time         postcondition  ?:?  valid  U:smt-z3      0.029 ?
? BottomUpMergeSort.constructMergeTree-time   postcondition  ?:?  valid  U:smt-z3      0.432 ?
? BottomUpMergeSort.firstMin-time             postcondition  ?:?  valid  U:smt-z3      0.517 ?
? BottomUpMergeSort.merge-time                postcondition  ?:?  valid  U:smt-cvc4    2.286 ?
? BottomUpMergeSort.mergeSort-time            postcondition  ?:?  valid  U:smt-z3      0.793 ?
? BottomUpMergeSort.pairs-time                postcondition  ?:?  valid  U:smt-z3      0.075 ?
??????????????????????????????????????????????????????????????????????????????????????????????
? total: 6      valid: 6      invalid: 0      unknown 0                                4.132 ?
??????????????????????????????????????????????????????????????????????????????????????????????
