[[33mWarning [0m] warning: there were two feature warnings; re-run with -feature for details
[[33mWarning [0m] Refusing to inline recursive function 'depsEval'!
[[33mWarning [0m] Refusing to inline recursive function 'resEval'!
[[34m  Info  [0m] Output written on leon.out
[[34m  Info  [0m] Output written on leon.out
[[34m  Info  [0m] Output written on leon.out
[[34m  Info  [0m]  - Now considering 'postcondition' VC for lookup4 @?:?...
[[34m  Info  [0m]  => VALID
[[34m  Info  [0m]  - Now considering 'postcondition' VC for pAdd4 @?:?...
[[34m  Info  [0m]  => VALID
[[34m  Info  [0m]  - Now considering 'match exhaustiveness' VC for pAdd4 @?:?...
[[34m  Info  [0m]  => VALID
[[34m  Info  [0m]  - Now considering 'match exhaustiveness' VC for pAdd4 @?:?...
[[34m  Info  [0m]  => VALID
[[34m  Info  [0m]  - Now considering 'postcondition' VC for pMul4 @?:?...
[[34m  Info  [0m]  => VALID
[[34m  Info  [0m]  - Now considering 'match exhaustiveness' VC for pMul4 @?:?...
[[34m  Info  [0m]  => VALID
[[34m  Info  [0m]  - Now considering 'match exhaustiveness' VC for pMul4 @?:?...
[[34m  Info  [0m]  => VALID
[[34m  Info  [0m]  - Now considering 'postcondition' VC for pPrim4 @?:?...
[[34m  Info  [0m]  => VALID
[[34m  Info  [0m]  - Now considering 'match exhaustiveness' VC for pPrim4 @?:?...
[[34m  Info  [0m]  => VALID
[[34m  Info  [0m]  - Now considering 'postcondition' VC for depsEval4 @?:?...
[[34m  Info  [0m]  => VALID
[[34m  Info  [0m]  - Now considering 'precond. (call allEval4(i - BigInt(1), st@))' VC for depsEval4 @?:?...
[[34m  Info  [0m]  => VALID
[[34m  Info  [0m]  - Now considering 'postcondition' VC for allEval4 @?:?...
[[34m  Info  [0m]  => VALID
[[34m  Info  [0m]  - Now considering 'precond. (call allEval4(i - BigInt(1), st@))' VC for allEval4 @?:?...
[[34m  Info  [0m]  => VALID
[[34m  Info  [0m]  - Now considering 'tact (postcondition)' VC for evalMono4 @?:?...
[[34m  Info  [0m]  => VALID
[[34m  Info  [0m]  - Now considering 'tact (precond. (call evalMono-VCTact(i - BigInt(1), st1, st2)))' VC for evalMono4 @?:?...
[[34m  Info  [0m]  => VALID
[[34m  Info  [0m]  - Now considering 'tact (precond. (call allEval4(i, State@(st1))))' VC for evalMono4 @?:?...
[[34m  Info  [0m]  => VALID
[[34m  Info  [0m]  - Now considering 'tact (precond. (call allEval4(i, State@(st2))))' VC for evalMono4 @?:?...
[[34m  Info  [0m]  => VALID
[[34m  Info  [0m]  - Now considering 'precond. (call allEval4(i, State@(st1)))' VC for evalMono4 @?:?...
[[34m  Info  [0m]  => VALID
[[34m  Info  [0m]  - Now considering 'precond. (call allEval4(i, State@(st2)))' VC for evalMono4 @?:?...
[[34m  Info  [0m]  => VALID
[[34m  Info  [0m]  - Now considering 'tact (postcondition)' VC for depsLem4 @?:?...
[[34m  Info  [0m]  => VALID
[[34m  Info  [0m]  - Now considering 'tact (precond. (call depsLem-VCTact(x, y - BigInt(1), st@)))' VC for depsLem4 @?:?...
[[34m  Info  [0m]  => VALID
[[34m  Info  [0m]  - Now considering 'tact (precond. (call allEval4(y, st@)))' VC for depsLem4 @?:?...
[[34m  Info  [0m]  => VALID
[[34m  Info  [0m]  - Now considering 'tact (precond. (call allEval4(x, st@)))' VC for depsLem4 @?:?...
[[34m  Info  [0m]  => VALID
[[34m  Info  [0m]  - Now considering 'precond. (call allEval4(y, st@))' VC for depsLem4 @?:?...
[[34m  Info  [0m]  => VALID
[[34m  Info  [0m]  - Now considering 'precond. (call allEval4(x, st@))' VC for depsLem4 @?:?...
[[34m  Info  [0m]  => VALID
[[34m  Info  [0m]  - Now considering 'postcondition' VC for resEval4 @?:?...
[[34m  Info  [0m]  => VALID
[[34m  Info  [0m]  - Now considering 'precond. (call depsLem4(j, i - BigInt(1), st@))' VC for resEval4 @?:?...
[[34m  Info  [0m]  => VALID
[[34m  Info  [0m]  - Now considering 'match exhaustiveness' VC for resEval4 @?:?...
[[34m  Info  [0m]  => VALID
[[34m  Info  [0m]  - Now considering 'postcondition' VC for invoke4 @?:?...
[[34m  Info  [0m]  => VALID
[[34m  Info  [0m]  - Now considering 'precond. (call allEval4(i - BigInt(1), st@))' VC for invoke4 @?:?...
[[34m  Info  [0m]  => VALID
[[34m  Info  [0m]  - Now considering 'precond. (call evalMono4(i - BigInt(1), st@.result, res ...)' VC for invoke4 @?:?...
[[34m  Info  [0m]  => VALID
[[34m  Info  [0m]  - Now considering 'precond. (call allEval4(i, res._2))' VC for invoke4 @?:?...
[[34m  Info  [0m]  => VALID
[[34m  Info  [0m]  - Now considering 'postcondition' VC for PMul@pAddLem4 @?:?...
[[34m  Info  [0m]  => VALID
[[34m  Info  [0m]  - Now considering 'postcondition' VC for PAdd@pAddLem1 @?:?...
[[34m  Info  [0m]  => VALID
[[34m  Info  [0m]  - Now considering 'postcondition' VC for PMul@pAddLem5 @?:?...
[[34m  Info  [0m]  => VALID
[[34m  Info  [0m]  - Now considering 'postcondition' VC for PMul@pAddLem6 @?:?...
[[34m  Info  [0m]  => VALID
[[34m  Info  [0m]  - Now considering 'postcondition' VC for PMul@pAddLem7 @?:?...
[[34m  Info  [0m]  => VALID
[[34m  Info  [0m]  - Now considering 'postcondition' VC for PPrim@pMulLem4 @?:?...
[[34m  Info  [0m]  => VALID
[[34m  Info  [0m]  - Now considering 'postcondition' VC for PMul@pMulLem1 @?:?...
[[34m  Info  [0m]  => VALID
[[34m  Info  [0m]  - Now considering 'postcondition' VC for PPrim@pMulLem5 @?:?...
[[34m  Info  [0m]  => VALID
[[34m  Info  [0m]  - Now considering 'postcondition' VC for PPrim@pMulLem6 @?:?...
[[34m  Info  [0m]  => VALID
[[34m  Info  [0m]  - Now considering 'postcondition' VC for PPrim@pMulLem7 @?:?...
[[34m  Info  [0m]  => VALID
[[34m  Info  [0m]  - Now considering 'postcondition' VC for PAdd@pPrimLem1 @?:?...
[[34m  Info  [0m]  => VALID
[[34m  Info  [0m]  - Now considering 'postcondition' VC for PPrim@invokeLem1 @?:?...
[[34m  Info  [0m]  => VALID
[[34m  Info  [0m]  - Now considering 'precond. (call allEval4(i - BigInt(1), st@))' VC for PPrim@invokeLem1 @?:?...
[[34m  Info  [0m]  => VALID
[[34m  Info  [0m]  - Now considering 'postcondition' VC for PMul@invokeLem1 @?:?...
[[34m  Info  [0m]  => VALID
[[34m  Info  [0m]  - Now considering 'precond. (call allEval4(i - BigInt(1), st@))' VC for PMul@invokeLem1 @?:?...
[[34m  Info  [0m]  => VALID
[[34m  Info  [0m]  - Now considering 'postcondition' VC for PAdd@invokeLem1 @?:?...
[[34m  Info  [0m]  => VALID
[[34m  Info  [0m]  - Now considering 'precond. (call allEval4(i - BigInt(1), st@))' VC for PAdd@invokeLem1 @?:?...
[[34m  Info  [0m]  => VALID
[[34m  Info  [0m]  - Now considering 'postcondition' VC for parse4 @?:?...
[[34m  Info  [0m]  => VALID
[[34m  Info  [0m]  - Now considering 'precond. (call invoke4(n, st@))' VC for parse4 @?:?...
[[34m  Info  [0m]  => VALID
[[34m  Info  [0m]  - Now considering 'precond. (call invoke4(n, parse4(n - BigInt(1), st@)._2 ...)' VC for parse4 @?:?...
[[34m  Info  [0m]  => VALID
[[34m  Info  [0m]  - Now considering 'precond. (call parse4(n - BigInt(1), st@))' VC for parse4 @?:?...
[[34m  Info  [0m]  => VALID
[[34m  Info  [0m]  - Now considering 'precond. (call allEval4(n, x$1._2))' VC for parse4 @?:?...
[[34m  Info  [0m]  => VALID
  ????????????????????????
??? Verification Summary ???????????????????????????????????????????????????????????????????????????????????????????????????????????
? ????????????????????????                                                                                                         ?
? PackratParsing.PAdd@invokeLem   postcondition                                                    ?:?  valid  U:smt-z3      0.078 ?
? PackratParsing.PAdd@invokeLem   precond. (call allEval4(i - BigInt(1), st@))                     ?:?  valid  U:smt-z3      0.007 ?
? PackratParsing.PAdd@pAddLem     postcondition                                                    ?:?  valid  U:smt-cvc4    5.438 ?
? PackratParsing.PAdd@pPrimLem    postcondition                                                    ?:?  valid  U:smt-z3      0.031 ?
? PackratParsing.PMul@invokeLem   postcondition                                                    ?:?  valid  U:smt-z3      0.076 ?
? PackratParsing.PMul@invokeLem   precond. (call allEval4(i - BigInt(1), st@))                     ?:?  valid  U:smt-z3      0.007 ?
? PackratParsing.PMul@pAddLem     postcondition                                                    ?:?  valid  U:smt-z3      0.066 ?
? PackratParsing.PMul@pAddLem     postcondition                                                    ?:?  valid  U:smt-z3      0.095 ?
? PackratParsing.PMul@pAddLem     postcondition                                                    ?:?  valid  U:smt-z3      0.105 ?
? PackratParsing.PMul@pAddLem     postcondition                                                    ?:?  valid  U:smt-z3      0.086 ?
? PackratParsing.PMul@pMulLem     postcondition                                                    ?:?  valid  U:smt-cvc4    0.687 ?
? PackratParsing.PPrim@invokeLem  postcondition                                                    ?:?  valid  U:smt-z3      0.018 ?
? PackratParsing.PPrim@invokeLem  precond. (call allEval4(i - BigInt(1), st@))                     ?:?  valid  U:smt-z3      0.010 ?
? PackratParsing.PPrim@pMulLem    postcondition                                                    ?:?  valid  U:smt-z3      0.066 ?
? PackratParsing.PPrim@pMulLem    postcondition                                                    ?:?  valid  U:smt-z3      0.886 ?
? PackratParsing.PPrim@pMulLem    postcondition                                                    ?:?  valid  U:smt-z3      0.012 ?
? PackratParsing.PPrim@pMulLem    postcondition                                                    ?:?  valid  U:smt-z3      0.078 ?
? PackratParsing.allEval          postcondition                                                    ?:?  valid  U:smt-z3      0.013 ?
? PackratParsing.allEval          precond. (call allEval4(i - BigInt(1), st@))                     ?:?  valid  U:smt-z3      0.009 ?
? PackratParsing.depsEval         postcondition                                                    ?:?  valid  U:smt-z3      0.011 ?
? PackratParsing.depsEval         precond. (call allEval4(i - BigInt(1), st@))                     ?:?  valid  U:smt-z3      0.008 ?
? PackratParsing.depsLem          precond. (call allEval4(x, st@))                                 ?:?  valid  U:smt-z3      0.010 ?
? PackratParsing.depsLem          precond. (call allEval4(y, st@))                                 ?:?  valid  U:smt-z3      0.007 ?
? PackratParsing.depsLem          tact (postcondition)                                             ?:?  valid  U:smt-z3      0.027 ?
? PackratParsing.depsLem          tact (precond. (call allEval4(x, st@)))                          ?:?  valid  U:smt-z3      0.012 ?
? PackratParsing.depsLem          tact (precond. (call allEval4(y, st@)))                          ?:?  valid  U:smt-z3      0.011 ?
? PackratParsing.depsLem          tact (precond. (call depsLem-VCTact(x, y - BigInt(1), st@)))     ?:?  valid  U:smt-z3      0.008 ?
? PackratParsing.evalMono         precond. (call allEval4(i, State@(st1)))                         ?:?  valid  U:smt-z3      0.008 ?
? PackratParsing.evalMono         precond. (call allEval4(i, State@(st2)))                         ?:?  valid  U:smt-z3      0.010 ?
? PackratParsing.evalMono         tact (postcondition)                                             ?:?  valid  U:smt-z3      0.036 ?
? PackratParsing.evalMono         tact (precond. (call allEval4(i, State@(st1))))                  ?:?  valid  U:smt-z3      0.012 ?
? PackratParsing.evalMono         tact (precond. (call allEval4(i, State@(st2))))                  ?:?  valid  U:smt-z3      0.013 ?
? PackratParsing.evalMono         tact (precond. (call evalMono-VCTact(i - BigInt(1), st1, st2)))  ?:?  valid  U:smt-z3      0.008 ?
? PackratParsing.invoke           postcondition                                                    ?:?  valid  U:smt-z3      0.137 ?
? PackratParsing.invoke           precond. (call allEval4(i - BigInt(1), st@))                     ?:?  valid  U:smt-z3      0.008 ?
? PackratParsing.invoke           precond. (call allEval4(i, res._2))                              ?:?  valid  U:smt-z3      0.018 ?
? PackratParsing.invoke           precond. (call evalMono4(i - BigInt(1), st@.result, res ...)     ?:?  valid  U:smt-z3      0.017 ?
? PackratParsing.lookup           postcondition                                                    ?:?  valid  U:smt-z3      0.243 ?
? PackratParsing.pAdd             match exhaustiveness                                             ?:?  valid  U:smt-z3      0.018 ?
? PackratParsing.pAdd             match exhaustiveness                                             ?:?  valid  U:smt-z3      0.019 ?
? PackratParsing.pAdd             postcondition                                                    ?:?  valid  U:smt-cvc4   11.458 ?
? PackratParsing.pMul             match exhaustiveness                                             ?:?  valid  U:smt-z3      0.016 ?
? PackratParsing.pMul             match exhaustiveness                                             ?:?  valid  U:smt-z3      0.013 ?
? PackratParsing.pMul             postcondition                                                    ?:?  valid  U:smt-cvc4    2.651 ?
? PackratParsing.pPrim            match exhaustiveness                                             ?:?  valid  U:smt-z3      0.013 ?
? PackratParsing.pPrim            postcondition                                                    ?:?  valid  U:smt-z3      0.034 ?
? PackratParsing.parse            postcondition                                                    ?:?  valid  U:smt-z3      0.039 ?
? PackratParsing.parse            precond. (call allEval4(n, x$1._2))                              ?:?  valid  U:smt-z3      0.012 ?
? PackratParsing.parse            precond. (call invoke4(n, parse4(n - BigInt(1), st@)._2 ...)     ?:?  valid  U:smt-z3      0.019 ?
? PackratParsing.parse            precond. (call invoke4(n, st@))                                  ?:?  valid  U:smt-z3      0.011 ?
? PackratParsing.parse            precond. (call parse4(n - BigInt(1), st@))                       ?:?  valid  U:smt-z3      0.008 ?
? PackratParsing.resEval          match exhaustiveness                                             ?:?  valid  U:smt-z3      0.009 ?
? PackratParsing.resEval          postcondition                                                    ?:?  valid  U:smt-z3      0.016 ?
? PackratParsing.resEval          precond. (call depsLem4(j, i - BigInt(1), st@))                  ?:?  valid  U:smt-z3      0.010 ?
????????????????????????????????????????????????????????????????????????????????????????????????????????????????????????????????????
? total: 54     valid: 54     invalid: 0      unknown 0                                                                     22.718 ?
????????????????????????????????????????????????????????????????????????????????????????????????????????????????????????????????????
[[34m  Info  [0m] Output written on leon.out
[[34m  Info  [0m]  - Now considering 'postcondition' VC for pAdd-time @?:?...
[[34m  Info  [0m]  => VALID
[[34m  Info  [0m]  - Now considering 'postcondition' VC for pMul-time @?:?...
[[34m  Info  [0m]  => VALID
[[34m  Info  [0m]  - Now considering 'postcondition' VC for pPrim-time @?:?...
[[34m  Info  [0m]  => VALID
[[34m  Info  [0m]  - Now considering 'postcondition' VC for invoke-time @?:?...
[[34m  Info  [0m]  => VALID
[[34m  Info  [0m]  - Now considering 'postcondition' VC for parse-time @?:?...
[[34m  Info  [0m]  => VALID
Resource Verification Results: 
  ????????????????????????
??? Verification Summary ?????????????????????????????????????????????????????????????????????
? ????????????????????????                                                                   ?
? PackratParsing.invoke-time         postcondition      ?:?   valid   U:smt-z3         0.100 ?
? PackratParsing.pAdd-time           postcondition      ?:?   valid   U:smt-z3         0.285 ?
? PackratParsing.pMul-time           postcondition      ?:?   valid   U:smt-z3         0.236 ?
? PackratParsing.pPrim-time          postcondition      ?:?   valid   U:smt-z3         0.030 ?
? PackratParsing.parse-time          postcondition      ?:?   valid   U:smt-z3         0.038 ?
??????????????????????????????????????????????????????????????????????????????????????????????
? total: 5      valid: 5      invalid: 0      unknown 0                                0.689 ?
??????????????????????????????????????????????????????????????????????????????????????????????
