[[33mWarning [0m] warning: there were 8 feature warnings; re-run with -feature for details
[[34m  Info  [0m] Output written on leon.out
[[34m  Info  [0m] Output written on leon.out
[[34m  Info  [0m] Output written on leon.out
[[34m  Info  [0m]  - Now considering 'postcondition' VC for ssize4 @?:?...
[[34m  Info  [0m]  => VALID
[[34m  Info  [0m]  - Now considering 'postcondition' VC for isConcrete4 @?:?...
[[34m  Info  [0m]  => VALID
[[34m  Info  [0m]  - Now considering 'match exhaustiveness' VC for isConcrete4 @?:?...
[[34m  Info  [0m]  => VALID
[[34m  Info  [0m]  - Now considering 'postcondition' VC for rotate6 @?:?...
[[34m  Info  [0m]  => VALID
[[34m  Info  [0m]  - Now considering 'match exhaustiveness' VC for rotate6 @?:?...
[[34m  Info  [0m]  => VALID
[[34m  Info  [0m]  - Now considering 'postcondition' VC for firstUnevaluated4 @?:?...
[[34m  Info  [0m]  => VALID
[[34m  Info  [0m]  - Now considering 'match exhaustiveness' VC for firstUnevaluated4 @?:?...
[[34m  Info  [0m]  => VALID
[[34m  Info  [0m]  - Now considering 'postcondition' VC for enqueue4 @?:?...
[[34m  Info  [0m]  => VALID
[[34m  Info  [0m]  - Now considering 'match exhaustiveness' VC for enqueue4 @?:?...
[[34m  Info  [0m]  => VALID
[[34m  Info  [0m]  - Now considering 'postcondition' VC for dequeue4 @?:?...
[[34m  Info  [0m]  => VALID
[[34m  Info  [0m]  - Now considering 'match exhaustiveness' VC for dequeue4 @?:?...
[[34m  Info  [0m]  => VALID
[[34m  Info  [0m]  - Now considering 'match exhaustiveness' VC for dequeue4 @?:?...
[[34m  Info  [0m]  => VALID
[[34m  Info  [0m]  - Now considering 'postcondition' VC for Rotate@rotateLem1 @?:?...
[[34m  Info  [0m]  => VALID
[[34m  Info  [0m]  - Now considering 'postcondition' VC for Rotate@enqueueLem1 @?:?...
[[34m  Info  [0m]  => VALID
[[34m  Info  [0m]  - Now considering 'postcondition' VC for Rotate@dequeueLem1 @?:?...
[[34m  Info  [0m]  => VALID
[[34m  Info  [0m]  - Now considering 'tact (postcondition)' VC for rotatePreMonotone1 @?:?...
[[34m  Info  [0m]  => VALID
[[34m  Info  [0m]  - Now considering 'tact (match exhaustiveness)' VC for rotatePreMonotone1 @?:?...
[[34m  Info  [0m]  => VALID
[[34m  Info  [0m]  - Now considering 'postcondition' VC for isEmpty14 @?:?...
[[34m  Info  [0m]  => VALID
[[34m  Info  [0m]  - Now considering 'match exhaustiveness' VC for isEmpty14 @?:?...
[[34m  Info  [0m]  => VALID
[[34m  Info  [0m]  - Now considering 'postcondition' VC for isCons5 @?:?...
[[34m  Info  [0m]  => VALID
[[34m  Info  [0m]  - Now considering 'match exhaustiveness' VC for isCons5 @?:?...
[[34m  Info  [0m]  => VALID
[[34m  Info  [0m]  - Now considering 'postcondition' VC for size9 @?:?...
[[34m  Info  [0m]  => VALID
[[34m  Info  [0m]  - Now considering 'match exhaustiveness' VC for size9 @?:?...
[[34m  Info  [0m]  => VALID
[[34m  Info  [0m]  - Now considering 'postcondition' VC for isEmpty15 @?:?...
[[34m  Info  [0m]  => VALID
[[34m  Info  [0m]  - Now considering 'postcondition' VC for valid5 @?:?...
[[34m  Info  [0m]  => VALID
  ????????????????????????
??? Verification Summary ????????????????????????????????????????????????????????????????????????
? ????????????????????????                                                                      ?
? RealTimeQueue.Rotate@dequeueLem  postcondition                ?:?  valid  U:smt-z3      0.980 ?
? RealTimeQueue.Rotate@enqueueLem  postcondition                ?:?  valid  U:smt-z3      0.236 ?
? RealTimeQueue.Rotate@rotateLem   postcondition                ?:?  valid  U:smt-z3      0.075 ?
? RealTimeQueue.dequeue            match exhaustiveness         ?:?  valid  U:smt-z3      0.017 ?
? RealTimeQueue.dequeue            match exhaustiveness         ?:?  valid  U:smt-z3      0.101 ?
? RealTimeQueue.dequeue            postcondition                ?:?  valid  U:smt-cvc4   11.215 ?
? RealTimeQueue.enqueue            match exhaustiveness         ?:?  valid  U:smt-z3      0.012 ?
? RealTimeQueue.enqueue            postcondition                ?:?  valid  U:smt-z3      3.371 ?
? RealTimeQueue.firstUnevaluated   match exhaustiveness         ?:?  valid  U:smt-z3      0.012 ?
? RealTimeQueue.firstUnevaluated   postcondition                ?:?  valid  U:smt-z3      0.378 ?
? RealTimeQueue.isConcrete         match exhaustiveness         ?:?  valid  U:smt-z3      0.023 ?
? RealTimeQueue.isConcrete         postcondition                ?:?  valid  U:smt-z3      0.095 ?
? Stream.isCons                    match exhaustiveness         ?:?  valid  U:smt-z3      0.008 ?
? Stream.isCons                    postcondition                ?:?  valid  U:smt-z3      0.009 ?
? Stream.isEmpty                   match exhaustiveness         ?:?  valid  U:smt-z3      0.009 ?
? Queue.isEmpty                    postcondition                ?:?  valid  U:smt-z3      0.009 ?
? Stream.isEmpty                   postcondition                ?:?  valid  U:smt-z3      0.008 ?
? RealTimeQueue.rotate             match exhaustiveness         ?:?  valid  U:smt-z3      0.055 ?
? RealTimeQueue.rotate             postcondition                ?:?  valid  U:smt-cvc4    5.755 ?
? RealTimeQueue.rotatePreMonotone  tact (match exhaustiveness)  ?:?  valid  U:smt-z3      0.010 ?
? RealTimeQueue.rotatePreMonotone  tact (postcondition)         ?:?  valid  U:smt-z3      0.025 ?
? Stream.size                      match exhaustiveness         ?:?  valid  U:smt-z3      0.008 ?
? Stream.size                      postcondition                ?:?  valid  U:smt-z3      0.025 ?
? RealTimeQueue.ssize              postcondition                ?:?  valid  U:smt-z3      0.638 ?
? Queue.valid                      postcondition                ?:?  valid  U:smt-z3      0.010 ?
?????????????????????????????????????????????????????????????????????????????????????????????????
? total: 25     valid: 25     invalid: 0      unknown 0                                  23.084 ?
?????????????????????????????????????????????????????????????????????????????????????????????????
[[34m  Info  [0m] Output written on leon.out
[[34m  Info  [0m]  - Now considering 'postcondition' VC for rotate-time @?:?...
[[34m  Info  [0m]  => VALID
[[34m  Info  [0m]  - Now considering 'postcondition' VC for enqueue-time @?:?...
[[34m  Info  [0m]  => VALID
[[34m  Info  [0m]  - Now considering 'postcondition' VC for dequeue-time @?:?...
[[34m  Info  [0m]  => VALID
Resource Verification Results: 
  ????????????????????????
??? Verification Summary ?????????????????????????????????????????????????????????????????????
? ????????????????????????                                                                   ?
? RealTimeQueue.dequeue-time         postcondition      ?:?   valid   U:smt-z3         0.219 ?
? RealTimeQueue.enqueue-time         postcondition      ?:?   valid   U:smt-z3         0.138 ?
? RealTimeQueue.rotate-time          postcondition      ?:?   valid   U:smt-z3         0.052 ?
??????????????????????????????????????????????????????????????????????????????????????????????
? total: 3      valid: 3      invalid: 0      unknown 0                                0.409 ?
??????????????????????????????????????????????????????????????????????????????????????????????
